INFO: [SIM 2] *************** CSIM start ***************
INFO: [SIM 4] CSIM will launch GCC as the compiler.
   Compiling ../../../sysArray_tb.cpp in debug mode
   Generating csim.exe
------------------------------
The input matrices are:
36	16	16	33	
29	23	28	20	
5	4	14	2	
39	18	24	19	

14	5	12	5	
19	1	6	16	
19	9	11	5	
1	5	5	9	
------------------------------
******************************
cycle 0:
a_vec is:36	0	0	0	
b_vec is:14	0	0	0	
current pe val:
504	0	0	0	
0	0	0	0	
0	0	0	0	
0	0	0	0	
******************************
******************************
cycle 1:
a_vec is:16	29	0	0	
b_vec is:19	5	0	0	
current pe val:
808	180	0	0	
406	0	0	0	
0	0	0	0	
0	0	0	0	
******************************
******************************
cycle 2:
a_vec is:16	23	5	0	
b_vec is:19	1	12	0	
current pe val:
1112	196	432	0	
843	145	0	0	
70	0	0	0	
0	0	0	0	
******************************
******************************
cycle 3:
a_vec is:33	28	4	39	
b_vec is:1	9	6	5	
current pe val:
1145	340	528	180	
1375	168	348	0	
146	25	0	0	
546	0	0	0	
******************************
******************************
cycle 4:
a_vec is:0	20	14	18	
b_vec is:0	5	11	16	
current pe val:
1145	505	704	436	
1395	420	486	145	
412	29	60	0	
888	195	0	0	
******************************
******************************
cycle 5:
a_vec is:0	0	2	24	
b_vec is:0	0	5	5	
current pe val:
1145	505	869	516	
1395	520	794	513	
414	155	84	25	
1344	213	468	0	
******************************
******************************
cycle 6:
a_vec is:0	0	0	19	
b_vec is:0	0	0	9	
current pe val:
1145	505	869	813	
1395	520	894	653	
414	165	238	89	
1363	429	576	195	
******************************
******************************
cycle 7:
a_vec is:0	0	0	0	
b_vec is:0	0	0	0	
current pe val:
1145	505	869	813	
1395	520	894	833	
414	165	248	159	
1363	524	840	483	
******************************
******************************
cycle 8:
a_vec is:0	0	0	0	
b_vec is:0	0	0	0	
current pe val:
1145	505	869	813	
1395	520	894	833	
414	165	248	177	
1363	524	935	603	
******************************
******************************
cycle 9:
a_vec is:0	0	0	0	
b_vec is:0	0	0	0	
current pe val:
1145	505	869	813	
1395	520	894	833	
414	165	248	177	
1363	524	935	774	
******************************
------------------------------
The res from CMM function is:
1145	505	869	813	
1395	520	894	833	
414	165	248	177	
1363	524	935	774	

The res from sysArray is:
1145	505	869	813	
1395	520	894	833	
414	165	248	177	
1363	524	935	774	
------------------------------

TEST PASSED!

INFO: [SIM 1] CSim done with 0 errors.
INFO: [SIM 3] *************** CSIM finish ***************
