

================================================================
== Vitis HLS Report for 'systolic_array_Pipeline_VITIS_LOOP_168_5_VITIS_LOOP_169_6'
================================================================
* Date:           Wed Sep 28 10:01:36 2022

* Version:        2021.1 (Build 3247384 on Thu Jun 10 19:36:07 MDT 2021)
* Project:        sysArray_simple
* Solution:       solution1 (Vivado IP Flow Target)
* Product family: virtexuplus
* Target device:  xcu50-fsvh2104-2-e


================================================================
== Performance Estimates
================================================================
+ Timing: 
    * Summary: 
    +--------+---------+----------+------------+
    |  Clock |  Target | Estimated| Uncertainty|
    +--------+---------+----------+------------+
    |ap_clk  |  3.00 ns|  2.190 ns|     0.81 ns|
    +--------+---------+----------+------------+

+ Latency: 
    * Summary: 
    +---------+---------+-----------+-----------+-----+-----+---------+
    |  Latency (cycles) |   Latency (absolute)  |  Interval | Pipeline|
    |   min   |   max   |    min    |    max    | min | max |   Type  |
    +---------+---------+-----------+-----------+-----+-----+---------+
    |       18|       18|  54.000 ns|  54.000 ns|   18|   18|       no|
    +---------+---------+-----------+-----------+-----+-----+---------+

    + Detail: 
        * Instance: 
        N/A

        * Loop: 
        +-------------------------------------+---------+---------+----------+-----------+-----------+------+----------+
        |                                     |  Latency (cycles) | Iteration|  Initiation Interval  | Trip |          |
        |              Loop Name              |   min   |   max   |  Latency |  achieved |   target  | Count| Pipelined|
        +-------------------------------------+---------+---------+----------+-----------+-----------+------+----------+
        |- VITIS_LOOP_168_5_VITIS_LOOP_169_6  |       16|       16|         2|          1|          1|    16|       yes|
        +-------------------------------------+---------+---------+----------+-----------+-----------+------+----------+



================================================================
== Utilization Estimates
================================================================
* Summary: 
+---------------------+---------+------+---------+--------+-----+
|         Name        | BRAM_18K|  DSP |    FF   |   LUT  | URAM|
+---------------------+---------+------+---------+--------+-----+
|DSP                  |        -|     -|        -|       -|    -|
|Expression           |        -|     -|        0|      61|    -|
|FIFO                 |        -|     -|        -|       -|    -|
|Instance             |        -|     -|        0|      65|    -|
|Memory               |        -|     -|        -|       -|    -|
|Multiplexer          |        -|     -|        -|      81|    -|
|Register             |        -|     -|       46|       -|    -|
+---------------------+---------+------+---------+--------+-----+
|Total                |        0|     0|       46|     207|    0|
+---------------------+---------+------+---------+--------+-----+
|Available SLR        |     1344|  2976|   871680|  435840|  320|
+---------------------+---------+------+---------+--------+-----+
|Utilization SLR (%)  |        0|     0|       ~0|      ~0|    0|
+---------------------+---------+------+---------+--------+-----+
|Available            |     2688|  5952|  1743360|  871680|  640|
+---------------------+---------+------+---------+--------+-----+
|Utilization (%)      |        0|     0|       ~0|      ~0|    0|
+---------------------+---------+------+---------+--------+-----+

+ Detail: 
    * Instance: 
    +---------------------+----------------+---------+----+---+----+-----+
    |       Instance      |     Module     | BRAM_18K| DSP| FF| LUT| URAM|
    +---------------------+----------------+---------+----+---+----+-----+
    |mux_165_32_1_1_U287  |mux_165_32_1_1  |        0|   0|  0|  65|    0|
    +---------------------+----------------+---------+----+---+----+-----+
    |Total                |                |        0|   0|  0|  65|    0|
    +---------------------+----------------+---------+----+---+----+-----+

    * DSP: 
    N/A

    * Memory: 
    N/A

    * FIFO: 
    N/A

    * Expression: 
    +---------------------------+----------+----+---+----+------------+------------+
    |       Variable Name       | Operation| DSP| FF| LUT| Bitwidth P0| Bitwidth P1|
    +---------------------------+----------+----+---+----+------------+------------+
    |add_ln168_1_fu_276_p2      |         +|   0|  0|  10|           3|           1|
    |add_ln168_fu_250_p2        |         +|   0|  0|  12|           5|           1|
    |add_ln169_fu_348_p2        |         +|   0|  0|  10|           3|           1|
    |ap_block_pp0_stage0_11001  |       and|   0|  0|   2|           1|           1|
    |icmp_ln168_fu_244_p2       |      icmp|   0|  0|  10|           5|           6|
    |icmp_ln169_fu_262_p2       |      icmp|   0|  0|   9|           3|           4|
    |select_ln168_1_fu_282_p3   |    select|   0|  0|   3|           1|           3|
    |select_ln168_fu_268_p3     |    select|   0|  0|   3|           1|           1|
    |ap_enable_pp0              |       xor|   0|  0|   2|           1|           2|
    +---------------------------+----------+----+---+----+------------+------------+
    |Total                      |          |   0|  0|  61|          23|          20|
    +---------------------------+----------+----+---+----+------------+------------+

    * Multiplexer: 
    +----------------------------------------+----+-----------+-----+-----------+
    |                  Name                  | LUT| Input Size| Bits| Total Bits|
    +----------------------------------------+----+-----------+-----+-----------+
    |ap_done_int                             |   9|          2|    1|          2|
    |ap_enable_reg_pp0_iter1                 |   9|          2|    1|          2|
    |ap_sig_allocacmp_i_load                 |   9|          2|    3|          6|
    |ap_sig_allocacmp_indvar_flatten23_load  |   9|          2|    5|         10|
    |ap_sig_allocacmp_j_load                 |   9|          2|    3|          6|
    |gmem_blk_n_W                            |   9|          2|    1|          2|
    |i_fu_98                                 |   9|          2|    3|          6|
    |indvar_flatten23_fu_102                 |   9|          2|    5|         10|
    |j_fu_94                                 |   9|          2|    3|          6|
    +----------------------------------------+----+-----------+-----+-----------+
    |Total                                   |  81|         18|   25|         50|
    +----------------------------------------+----+-----------+-----+-----------+

    * Register: 
    +-------------------------+----+----+-----+-----------+
    |           Name          | FF | LUT| Bits| Const Bits|
    +-------------------------+----+----+-----+-----------+
    |ap_CS_fsm                |   1|   0|    1|          0|
    |ap_done_reg              |   1|   0|    1|          0|
    |ap_enable_reg_pp0_iter1  |   1|   0|    1|          0|
    |i_fu_98                  |   3|   0|    3|          0|
    |indvar_flatten23_fu_102  |   5|   0|    5|          0|
    |j_fu_94                  |   3|   0|    3|          0|
    |tmp_reg_398              |  32|   0|   32|          0|
    +-------------------------+----+----+-----+-----------+
    |Total                    |  46|   0|   46|          0|
    +-------------------------+----+----+-----+-----------+



================================================================
== Interface
================================================================
* Summary: 
+------------------------------+-----+-----+------------+-----------------------------------------------------------+--------------+
|           RTL Ports          | Dir | Bits|  Protocol  |                       Source Object                       |    C Type    |
+------------------------------+-----+-----+------------+-----------------------------------------------------------+--------------+
|ap_clk                        |   in|    1|  ap_ctrl_hs|  systolic_array_Pipeline_VITIS_LOOP_168_5_VITIS_LOOP_169_6|  return value|
|ap_rst                        |   in|    1|  ap_ctrl_hs|  systolic_array_Pipeline_VITIS_LOOP_168_5_VITIS_LOOP_169_6|  return value|
|ap_start                      |   in|    1|  ap_ctrl_hs|  systolic_array_Pipeline_VITIS_LOOP_168_5_VITIS_LOOP_169_6|  return value|
|ap_done                       |  out|    1|  ap_ctrl_hs|  systolic_array_Pipeline_VITIS_LOOP_168_5_VITIS_LOOP_169_6|  return value|
|ap_idle                       |  out|    1|  ap_ctrl_hs|  systolic_array_Pipeline_VITIS_LOOP_168_5_VITIS_LOOP_169_6|  return value|
|ap_ready                      |  out|    1|  ap_ctrl_hs|  systolic_array_Pipeline_VITIS_LOOP_168_5_VITIS_LOOP_169_6|  return value|
|m_axi_gmem_AWVALID            |  out|    1|       m_axi|                                                       gmem|       pointer|
|m_axi_gmem_AWREADY            |   in|    1|       m_axi|                                                       gmem|       pointer|
|m_axi_gmem_AWADDR             |  out|   64|       m_axi|                                                       gmem|       pointer|
|m_axi_gmem_AWID               |  out|    1|       m_axi|                                                       gmem|       pointer|
|m_axi_gmem_AWLEN              |  out|   32|       m_axi|                                                       gmem|       pointer|
|m_axi_gmem_AWSIZE             |  out|    3|       m_axi|                                                       gmem|       pointer|
|m_axi_gmem_AWBURST            |  out|    2|       m_axi|                                                       gmem|       pointer|
|m_axi_gmem_AWLOCK             |  out|    2|       m_axi|                                                       gmem|       pointer|
|m_axi_gmem_AWCACHE            |  out|    4|       m_axi|                                                       gmem|       pointer|
|m_axi_gmem_AWPROT             |  out|    3|       m_axi|                                                       gmem|       pointer|
|m_axi_gmem_AWQOS              |  out|    4|       m_axi|                                                       gmem|       pointer|
|m_axi_gmem_AWREGION           |  out|    4|       m_axi|                                                       gmem|       pointer|
|m_axi_gmem_AWUSER             |  out|    1|       m_axi|                                                       gmem|       pointer|
|m_axi_gmem_WVALID             |  out|    1|       m_axi|                                                       gmem|       pointer|
|m_axi_gmem_WREADY             |   in|    1|       m_axi|                                                       gmem|       pointer|
|m_axi_gmem_WDATA              |  out|   32|       m_axi|                                                       gmem|       pointer|
|m_axi_gmem_WSTRB              |  out|    4|       m_axi|                                                       gmem|       pointer|
|m_axi_gmem_WLAST              |  out|    1|       m_axi|                                                       gmem|       pointer|
|m_axi_gmem_WID                |  out|    1|       m_axi|                                                       gmem|       pointer|
|m_axi_gmem_WUSER              |  out|    1|       m_axi|                                                       gmem|       pointer|
|m_axi_gmem_ARVALID            |  out|    1|       m_axi|                                                       gmem|       pointer|
|m_axi_gmem_ARREADY            |   in|    1|       m_axi|                                                       gmem|       pointer|
|m_axi_gmem_ARADDR             |  out|   64|       m_axi|                                                       gmem|       pointer|
|m_axi_gmem_ARID               |  out|    1|       m_axi|                                                       gmem|       pointer|
|m_axi_gmem_ARLEN              |  out|   32|       m_axi|                                                       gmem|       pointer|
|m_axi_gmem_ARSIZE             |  out|    3|       m_axi|                                                       gmem|       pointer|
|m_axi_gmem_ARBURST            |  out|    2|       m_axi|                                                       gmem|       pointer|
|m_axi_gmem_ARLOCK             |  out|    2|       m_axi|                                                       gmem|       pointer|
|m_axi_gmem_ARCACHE            |  out|    4|       m_axi|                                                       gmem|       pointer|
|m_axi_gmem_ARPROT             |  out|    3|       m_axi|                                                       gmem|       pointer|
|m_axi_gmem_ARQOS              |  out|    4|       m_axi|                                                       gmem|       pointer|
|m_axi_gmem_ARREGION           |  out|    4|       m_axi|                                                       gmem|       pointer|
|m_axi_gmem_ARUSER             |  out|    1|       m_axi|                                                       gmem|       pointer|
|m_axi_gmem_RVALID             |   in|    1|       m_axi|                                                       gmem|       pointer|
|m_axi_gmem_RREADY             |  out|    1|       m_axi|                                                       gmem|       pointer|
|m_axi_gmem_RDATA              |   in|   32|       m_axi|                                                       gmem|       pointer|
|m_axi_gmem_RLAST              |   in|    1|       m_axi|                                                       gmem|       pointer|
|m_axi_gmem_RID                |   in|    1|       m_axi|                                                       gmem|       pointer|
|m_axi_gmem_RUSER              |   in|    1|       m_axi|                                                       gmem|       pointer|
|m_axi_gmem_RRESP              |   in|    2|       m_axi|                                                       gmem|       pointer|
|m_axi_gmem_BVALID             |   in|    1|       m_axi|                                                       gmem|       pointer|
|m_axi_gmem_BREADY             |  out|    1|       m_axi|                                                       gmem|       pointer|
|m_axi_gmem_BRESP              |   in|    2|       m_axi|                                                       gmem|       pointer|
|m_axi_gmem_BID                |   in|    1|       m_axi|                                                       gmem|       pointer|
|m_axi_gmem_BUSER              |   in|    1|       m_axi|                                                       gmem|       pointer|
|sext_ln168                    |   in|   62|     ap_none|                                                 sext_ln168|        scalar|
|pe_array_pe_val_0_0_5_reload  |   in|   32|     ap_none|                               pe_array_pe_val_0_0_5_reload|        scalar|
|pe_array_pe_val_0_1_5_reload  |   in|   32|     ap_none|                               pe_array_pe_val_0_1_5_reload|        scalar|
|pe_array_pe_val_0_2_5_reload  |   in|   32|     ap_none|                               pe_array_pe_val_0_2_5_reload|        scalar|
|pe_array_pe_val_0_3_5_reload  |   in|   32|     ap_none|                               pe_array_pe_val_0_3_5_reload|        scalar|
|pe_array_pe_val_1_0_5_reload  |   in|   32|     ap_none|                               pe_array_pe_val_1_0_5_reload|        scalar|
|pe_array_pe_val_1_1_5_reload  |   in|   32|     ap_none|                               pe_array_pe_val_1_1_5_reload|        scalar|
|pe_array_pe_val_1_2_5_reload  |   in|   32|     ap_none|                               pe_array_pe_val_1_2_5_reload|        scalar|
|pe_array_pe_val_1_3_5_reload  |   in|   32|     ap_none|                               pe_array_pe_val_1_3_5_reload|        scalar|
|pe_array_pe_val_2_0_5_reload  |   in|   32|     ap_none|                               pe_array_pe_val_2_0_5_reload|        scalar|
|pe_array_pe_val_2_1_5_reload  |   in|   32|     ap_none|                               pe_array_pe_val_2_1_5_reload|        scalar|
|pe_array_pe_val_2_2_5_reload  |   in|   32|     ap_none|                               pe_array_pe_val_2_2_5_reload|        scalar|
|pe_array_pe_val_2_3_5_reload  |   in|   32|     ap_none|                               pe_array_pe_val_2_3_5_reload|        scalar|
|pe_array_pe_val_3_0_5_reload  |   in|   32|     ap_none|                               pe_array_pe_val_3_0_5_reload|        scalar|
|pe_array_pe_val_3_1_5_reload  |   in|   32|     ap_none|                               pe_array_pe_val_3_1_5_reload|        scalar|
|pe_array_pe_val_3_2_5_reload  |   in|   32|     ap_none|                               pe_array_pe_val_3_2_5_reload|        scalar|
|pe_array_pe_val_3_3_5_reload  |   in|   32|     ap_none|                               pe_array_pe_val_3_3_5_reload|        scalar|
+------------------------------+-----+-----+------------+-----------------------------------------------------------+--------------+

