

================================================================
== Vitis HLS Report for 'systolic_array_Pipeline_VITIS_LOOP_41_1_VITIS_LOOP_42_2'
================================================================
* Date:           Wed Sep 28 10:01:34 2022

* Version:        2021.1 (Build 3247384 on Thu Jun 10 19:36:07 MDT 2021)
* Project:        sysArray_simple
* Solution:       solution1 (Vivado IP Flow Target)
* Product family: virtexuplus
* Target device:  xcu50-fsvh2104-2-e


================================================================
== Performance Estimates
================================================================
+ Timing: 
    * Summary: 
    +--------+---------+----------+------------+
    |  Clock |  Target | Estimated| Uncertainty|
    +--------+---------+----------+------------+
    |ap_clk  |  3.00 ns|  1.736 ns|     0.81 ns|
    +--------+---------+----------+------------+

+ Latency: 
    * Summary: 
    +---------+---------+-----------+-----------+-----+-----+---------+
    |  Latency (cycles) |   Latency (absolute)  |  Interval | Pipeline|
    |   min   |   max   |    min    |    max    | min | max |   Type  |
    +---------+---------+-----------+-----------+-----+-----+---------+
    |       18|       18|  54.000 ns|  54.000 ns|   18|   18|       no|
    +---------+---------+-----------+-----------+-----+-----+---------+

    + Detail: 
        * Instance: 
        N/A

        * Loop: 
        +-----------------------------------+---------+---------+----------+-----------+-----------+------+----------+
        |                                   |  Latency (cycles) | Iteration|  Initiation Interval  | Trip |          |
        |             Loop Name             |   min   |   max   |  Latency |  achieved |   target  | Count| Pipelined|
        +-----------------------------------+---------+---------+----------+-----------+-----------+------+----------+
        |- VITIS_LOOP_41_1_VITIS_LOOP_42_2  |       16|       16|         1|          1|          1|    16|       yes|
        +-----------------------------------+---------+---------+----------+-----------+-----------+------+----------+



================================================================
== Utilization Estimates
================================================================
* Summary: 
+---------------------+---------+------+---------+--------+-----+
|         Name        | BRAM_18K|  DSP |    FF   |   LUT  | URAM|
+---------------------+---------+------+---------+--------+-----+
|DSP                  |        -|     -|        -|       -|    -|
|Expression           |        -|     -|        0|      89|    -|
|FIFO                 |        -|     -|        -|       -|    -|
|Instance             |        -|     -|        -|       -|    -|
|Memory               |        -|     -|        -|       -|    -|
|Multiplexer          |        -|     -|        -|     423|    -|
|Register             |        -|     -|     1293|       -|    -|
+---------------------+---------+------+---------+--------+-----+
|Total                |        0|     0|     1293|     512|    0|
+---------------------+---------+------+---------+--------+-----+
|Available SLR        |     1344|  2976|   871680|  435840|  320|
+---------------------+---------+------+---------+--------+-----+
|Utilization SLR (%)  |        0|     0|       ~0|      ~0|    0|
+---------------------+---------+------+---------+--------+-----+
|Available            |     2688|  5952|  1743360|  871680|  640|
+---------------------+---------+------+---------+--------+-----+
|Utilization (%)      |        0|     0|       ~0|      ~0|    0|
+---------------------+---------+------+---------+--------+-----+

+ Detail: 
    * Instance: 
    N/A

    * DSP: 
    N/A

    * Memory: 
    N/A

    * FIFO: 
    N/A

    * Expression: 
    +--------------------------+----------+----+---+----+------------+------------+
    |       Variable Name      | Operation| DSP| FF| LUT| Bitwidth P0| Bitwidth P1|
    +--------------------------+----------+----+---+----+------------+------------+
    |add_ln41_1_fu_1144_p2     |         +|   0|  0|  10|           3|           1|
    |add_ln41_fu_1118_p2       |         +|   0|  0|  12|           5|           1|
    |add_ln42_fu_1366_p2       |         +|   0|  0|  10|           3|           1|
    |ap_condition_182          |       and|   0|  0|   2|           1|           1|
    |ap_condition_191          |       and|   0|  0|   2|           1|           1|
    |ap_condition_199          |       and|   0|  0|   2|           1|           1|
    |ap_condition_207          |       and|   0|  0|   2|           1|           1|
    |ap_condition_213          |       and|   0|  0|   2|           1|           1|
    |ap_condition_219          |       and|   0|  0|   2|           1|           1|
    |ap_condition_227          |       and|   0|  0|   2|           1|           1|
    |ap_condition_233          |       and|   0|  0|   2|           1|           1|
    |ap_condition_239          |       and|   0|  0|   2|           1|           1|
    |ap_condition_248          |       and|   0|  0|   2|           1|           1|
    |ap_condition_254          |       and|   0|  0|   2|           1|           1|
    |ap_condition_260          |       and|   0|  0|   2|           1|           1|
    |ap_condition_279          |       and|   0|  0|   2|           1|           1|
    |ap_condition_297          |       and|   0|  0|   2|           1|           1|
    |ap_condition_315          |       and|   0|  0|   2|           1|           1|
    |ap_condition_333          |       and|   0|  0|   2|           1|           1|
    |icmp_ln41_fu_1112_p2      |      icmp|   0|  0|  10|           5|           6|
    |icmp_ln42_fu_1130_p2      |      icmp|   0|  0|   9|           3|           4|
    |select_ln41_1_fu_1150_p3  |    select|   0|  0|   3|           1|           3|
    |select_ln41_fu_1136_p3    |    select|   0|  0|   3|           1|           1|
    +--------------------------+----------+----+---+----+------------+------------+
    |Total                     |          |   0|  0|  89|          37|          33|
    +--------------------------+----------+----+---+----+------------+------------+

    * Multiplexer: 
    +--------------------------------------+----+-----------+-----+-----------+
    |                 Name                 | LUT| Input Size| Bits| Total Bits|
    +--------------------------------------+----+-----------+-----+-----------+
    |ap_done_int                           |   9|          2|    1|          2|
    |ap_sig_allocacmp_c_load               |   9|          2|    3|          6|
    |ap_sig_allocacmp_indvar_flatten_load  |   9|          2|    5|         10|
    |ap_sig_allocacmp_r_load               |   9|          2|    3|          6|
    |c_fu_202                              |   9|          2|    3|          6|
    |indvar_flatten_fu_210                 |   9|          2|    5|         10|
    |pe_array_pe_a_pass_0_0_3_fu_214       |   9|          2|   32|         64|
    |pe_array_pe_a_pass_0_1_3_fu_218       |   9|          2|   32|         64|
    |pe_array_pe_a_pass_0_2_3_fu_222       |   9|          2|   32|         64|
    |pe_array_pe_a_pass_1_0_3_fu_226       |   9|          2|   32|         64|
    |pe_array_pe_a_pass_1_1_3_fu_230       |   9|          2|   32|         64|
    |pe_array_pe_a_pass_1_2_3_fu_234       |   9|          2|   32|         64|
    |pe_array_pe_a_pass_2_0_3_fu_238       |   9|          2|   32|         64|
    |pe_array_pe_a_pass_2_1_3_fu_242       |   9|          2|   32|         64|
    |pe_array_pe_a_pass_2_2_3_fu_246       |   9|          2|   32|         64|
    |pe_array_pe_a_pass_3_0_3_fu_250       |   9|          2|   32|         64|
    |pe_array_pe_a_pass_3_1_3_fu_254       |   9|          2|   32|         64|
    |pe_array_pe_a_pass_3_2_3_fu_258       |   9|          2|   32|         64|
    |pe_array_pe_b_pass_0_0_3_fu_326       |   9|          2|   32|         64|
    |pe_array_pe_b_pass_0_1_3_fu_330       |   9|          2|   32|         64|
    |pe_array_pe_b_pass_0_2_3_fu_334       |   9|          2|   32|         64|
    |pe_array_pe_b_pass_0_3_3_fu_338       |   9|          2|   32|         64|
    |pe_array_pe_b_pass_1_0_3_fu_342       |   9|          2|   32|         64|
    |pe_array_pe_b_pass_1_1_3_fu_346       |   9|          2|   32|         64|
    |pe_array_pe_b_pass_1_2_3_fu_350       |   9|          2|   32|         64|
    |pe_array_pe_b_pass_1_3_3_fu_354       |   9|          2|   32|         64|
    |pe_array_pe_b_pass_2_0_3_fu_358       |   9|          2|   32|         64|
    |pe_array_pe_b_pass_2_1_3_fu_362       |   9|          2|   32|         64|
    |pe_array_pe_b_pass_2_2_3_fu_366       |   9|          2|   32|         64|
    |pe_array_pe_b_pass_2_3_3_fu_370       |   9|          2|   32|         64|
    |pe_array_pe_val_0_0_3_fu_262          |   9|          2|   32|         64|
    |pe_array_pe_val_0_1_3_fu_266          |   9|          2|   32|         64|
    |pe_array_pe_val_0_2_3_fu_270          |   9|          2|   32|         64|
    |pe_array_pe_val_0_3_3_fu_274          |   9|          2|   32|         64|
    |pe_array_pe_val_1_0_3_fu_278          |   9|          2|   32|         64|
    |pe_array_pe_val_1_1_3_fu_282          |   9|          2|   32|         64|
    |pe_array_pe_val_1_2_3_fu_286          |   9|          2|   32|         64|
    |pe_array_pe_val_1_3_3_fu_290          |   9|          2|   32|         64|
    |pe_array_pe_val_2_0_3_fu_294          |   9|          2|   32|         64|
    |pe_array_pe_val_2_1_3_fu_298          |   9|          2|   32|         64|
    |pe_array_pe_val_2_2_3_fu_302          |   9|          2|   32|         64|
    |pe_array_pe_val_2_3_3_fu_306          |   9|          2|   32|         64|
    |pe_array_pe_val_3_0_3_fu_310          |   9|          2|   32|         64|
    |pe_array_pe_val_3_1_3_fu_314          |   9|          2|   32|         64|
    |pe_array_pe_val_3_2_3_fu_318          |   9|          2|   32|         64|
    |pe_array_pe_val_3_3_3_fu_322          |   9|          2|   32|         64|
    |r_fu_206                              |   9|          2|    3|          6|
    +--------------------------------------+----+-----------+-----+-----------+
    |Total                                 | 423|         94| 1303|       2606|
    +--------------------------------------+----+-----------+-----+-----------+

    * Register: 
    +---------------------------------+----+----+-----+-----------+
    |               Name              | FF | LUT| Bits| Const Bits|
    +---------------------------------+----+----+-----+-----------+
    |ap_CS_fsm                        |   1|   0|    1|          0|
    |ap_done_reg                      |   1|   0|    1|          0|
    |c_fu_202                         |   3|   0|    3|          0|
    |indvar_flatten_fu_210            |   5|   0|    5|          0|
    |pe_array_pe_a_pass_0_0_3_fu_214  |  32|   0|   32|          0|
    |pe_array_pe_a_pass_0_1_3_fu_218  |  32|   0|   32|          0|
    |pe_array_pe_a_pass_0_2_3_fu_222  |  32|   0|   32|          0|
    |pe_array_pe_a_pass_1_0_3_fu_226  |  32|   0|   32|          0|
    |pe_array_pe_a_pass_1_1_3_fu_230  |  32|   0|   32|          0|
    |pe_array_pe_a_pass_1_2_3_fu_234  |  32|   0|   32|          0|
    |pe_array_pe_a_pass_2_0_3_fu_238  |  32|   0|   32|          0|
    |pe_array_pe_a_pass_2_1_3_fu_242  |  32|   0|   32|          0|
    |pe_array_pe_a_pass_2_2_3_fu_246  |  32|   0|   32|          0|
    |pe_array_pe_a_pass_3_0_3_fu_250  |  32|   0|   32|          0|
    |pe_array_pe_a_pass_3_1_3_fu_254  |  32|   0|   32|          0|
    |pe_array_pe_a_pass_3_2_3_fu_258  |  32|   0|   32|          0|
    |pe_array_pe_b_pass_0_0_3_fu_326  |  32|   0|   32|          0|
    |pe_array_pe_b_pass_0_1_3_fu_330  |  32|   0|   32|          0|
    |pe_array_pe_b_pass_0_2_3_fu_334  |  32|   0|   32|          0|
    |pe_array_pe_b_pass_0_3_3_fu_338  |  32|   0|   32|          0|
    |pe_array_pe_b_pass_1_0_3_fu_342  |  32|   0|   32|          0|
    |pe_array_pe_b_pass_1_1_3_fu_346  |  32|   0|   32|          0|
    |pe_array_pe_b_pass_1_2_3_fu_350  |  32|   0|   32|          0|
    |pe_array_pe_b_pass_1_3_3_fu_354  |  32|   0|   32|          0|
    |pe_array_pe_b_pass_2_0_3_fu_358  |  32|   0|   32|          0|
    |pe_array_pe_b_pass_2_1_3_fu_362  |  32|   0|   32|          0|
    |pe_array_pe_b_pass_2_2_3_fu_366  |  32|   0|   32|          0|
    |pe_array_pe_b_pass_2_3_3_fu_370  |  32|   0|   32|          0|
    |pe_array_pe_val_0_0_3_fu_262     |  32|   0|   32|          0|
    |pe_array_pe_val_0_1_3_fu_266     |  32|   0|   32|          0|
    |pe_array_pe_val_0_2_3_fu_270     |  32|   0|   32|          0|
    |pe_array_pe_val_0_3_3_fu_274     |  32|   0|   32|          0|
    |pe_array_pe_val_1_0_3_fu_278     |  32|   0|   32|          0|
    |pe_array_pe_val_1_1_3_fu_282     |  32|   0|   32|          0|
    |pe_array_pe_val_1_2_3_fu_286     |  32|   0|   32|          0|
    |pe_array_pe_val_1_3_3_fu_290     |  32|   0|   32|          0|
    |pe_array_pe_val_2_0_3_fu_294     |  32|   0|   32|          0|
    |pe_array_pe_val_2_1_3_fu_298     |  32|   0|   32|          0|
    |pe_array_pe_val_2_2_3_fu_302     |  32|   0|   32|          0|
    |pe_array_pe_val_2_3_3_fu_306     |  32|   0|   32|          0|
    |pe_array_pe_val_3_0_3_fu_310     |  32|   0|   32|          0|
    |pe_array_pe_val_3_1_3_fu_314     |  32|   0|   32|          0|
    |pe_array_pe_val_3_2_3_fu_318     |  32|   0|   32|          0|
    |pe_array_pe_val_3_3_3_fu_322     |  32|   0|   32|          0|
    |r_fu_206                         |   3|   0|    3|          0|
    +---------------------------------+----+----+-----+-----------+
    |Total                            |1293|   0| 1293|          0|
    +---------------------------------+----+----+-----+-----------+



================================================================
== Interface
================================================================
* Summary: 
+-------------------------------------+-----+-----+------------+---------------------------------------------------------+--------------+
|              RTL Ports              | Dir | Bits|  Protocol  |                      Source Object                      |    C Type    |
+-------------------------------------+-----+-----+------------+---------------------------------------------------------+--------------+
|ap_clk                               |   in|    1|  ap_ctrl_hs|  systolic_array_Pipeline_VITIS_LOOP_41_1_VITIS_LOOP_42_2|  return value|
|ap_rst                               |   in|    1|  ap_ctrl_hs|  systolic_array_Pipeline_VITIS_LOOP_41_1_VITIS_LOOP_42_2|  return value|
|ap_start                             |   in|    1|  ap_ctrl_hs|  systolic_array_Pipeline_VITIS_LOOP_41_1_VITIS_LOOP_42_2|  return value|
|ap_done                              |  out|    1|  ap_ctrl_hs|  systolic_array_Pipeline_VITIS_LOOP_41_1_VITIS_LOOP_42_2|  return value|
|ap_idle                              |  out|    1|  ap_ctrl_hs|  systolic_array_Pipeline_VITIS_LOOP_41_1_VITIS_LOOP_42_2|  return value|
|ap_ready                             |  out|    1|  ap_ctrl_hs|  systolic_array_Pipeline_VITIS_LOOP_41_1_VITIS_LOOP_42_2|  return value|
|select_ln14_2_reload                 |   in|   32|     ap_none|                                     select_ln14_2_reload|        scalar|
|select_ln14_5_reload                 |   in|   32|     ap_none|                                     select_ln14_5_reload|        scalar|
|select_ln14_8_reload                 |   in|   32|     ap_none|                                     select_ln14_8_reload|        scalar|
|select_ln14_11_reload                |   in|   32|     ap_none|                                    select_ln14_11_reload|        scalar|
|select_ln14_14_reload                |   in|   32|     ap_none|                                    select_ln14_14_reload|        scalar|
|select_ln14_17_reload                |   in|   32|     ap_none|                                    select_ln14_17_reload|        scalar|
|select_ln14_20_reload                |   in|   32|     ap_none|                                    select_ln14_20_reload|        scalar|
|select_ln14_23_reload                |   in|   32|     ap_none|                                    select_ln14_23_reload|        scalar|
|select_ln14_25_reload                |   in|   32|     ap_none|                                    select_ln14_25_reload|        scalar|
|select_ln14_27_reload                |   in|   32|     ap_none|                                    select_ln14_27_reload|        scalar|
|select_ln14_29_reload                |   in|   32|     ap_none|                                    select_ln14_29_reload|        scalar|
|select_ln14_31_reload                |   in|   32|     ap_none|                                    select_ln14_31_reload|        scalar|
|select_ln14_32_reload                |   in|   32|     ap_none|                                    select_ln14_32_reload|        scalar|
|select_ln14_33_reload                |   in|   32|     ap_none|                                    select_ln14_33_reload|        scalar|
|select_ln14_34_reload                |   in|   32|     ap_none|                                    select_ln14_34_reload|        scalar|
|select_ln14_35_reload                |   in|   32|     ap_none|                                    select_ln14_35_reload|        scalar|
|pe_array_pe_b_pass_2_3_1_reload      |   in|   32|     ap_none|                          pe_array_pe_b_pass_2_3_1_reload|        scalar|
|pe_array_pe_b_pass_2_2_1_reload      |   in|   32|     ap_none|                          pe_array_pe_b_pass_2_2_1_reload|        scalar|
|pe_array_pe_b_pass_2_1_1_reload      |   in|   32|     ap_none|                          pe_array_pe_b_pass_2_1_1_reload|        scalar|
|pe_array_pe_b_pass_2_0_1_reload      |   in|   32|     ap_none|                          pe_array_pe_b_pass_2_0_1_reload|        scalar|
|pe_array_pe_b_pass_1_3_1_reload      |   in|   32|     ap_none|                          pe_array_pe_b_pass_1_3_1_reload|        scalar|
|pe_array_pe_b_pass_1_2_1_reload      |   in|   32|     ap_none|                          pe_array_pe_b_pass_1_2_1_reload|        scalar|
|pe_array_pe_b_pass_1_1_1_reload      |   in|   32|     ap_none|                          pe_array_pe_b_pass_1_1_1_reload|        scalar|
|pe_array_pe_b_pass_1_0_1_reload      |   in|   32|     ap_none|                          pe_array_pe_b_pass_1_0_1_reload|        scalar|
|pe_array_pe_b_pass_0_3_1_reload      |   in|   32|     ap_none|                          pe_array_pe_b_pass_0_3_1_reload|        scalar|
|pe_array_pe_b_pass_0_2_1_reload      |   in|   32|     ap_none|                          pe_array_pe_b_pass_0_2_1_reload|        scalar|
|pe_array_pe_b_pass_0_1_1_reload      |   in|   32|     ap_none|                          pe_array_pe_b_pass_0_1_1_reload|        scalar|
|pe_array_pe_b_pass_0_0_1_reload      |   in|   32|     ap_none|                          pe_array_pe_b_pass_0_0_1_reload|        scalar|
|pe_array_pe_a_pass_3_2_1_reload      |   in|   32|     ap_none|                          pe_array_pe_a_pass_3_2_1_reload|        scalar|
|pe_array_pe_a_pass_3_1_1_reload      |   in|   32|     ap_none|                          pe_array_pe_a_pass_3_1_1_reload|        scalar|
|pe_array_pe_a_pass_3_0_1_reload      |   in|   32|     ap_none|                          pe_array_pe_a_pass_3_0_1_reload|        scalar|
|pe_array_pe_a_pass_2_2_1_reload      |   in|   32|     ap_none|                          pe_array_pe_a_pass_2_2_1_reload|        scalar|
|pe_array_pe_a_pass_2_1_1_reload      |   in|   32|     ap_none|                          pe_array_pe_a_pass_2_1_1_reload|        scalar|
|pe_array_pe_a_pass_2_0_1_reload      |   in|   32|     ap_none|                          pe_array_pe_a_pass_2_0_1_reload|        scalar|
|pe_array_pe_a_pass_1_2_1_reload      |   in|   32|     ap_none|                          pe_array_pe_a_pass_1_2_1_reload|        scalar|
|pe_array_pe_a_pass_1_1_1_reload      |   in|   32|     ap_none|                          pe_array_pe_a_pass_1_1_1_reload|        scalar|
|pe_array_pe_a_pass_1_0_1_reload      |   in|   32|     ap_none|                          pe_array_pe_a_pass_1_0_1_reload|        scalar|
|pe_array_pe_a_pass_0_2_1_reload      |   in|   32|     ap_none|                          pe_array_pe_a_pass_0_2_1_reload|        scalar|
|pe_array_pe_a_pass_0_1_1_reload      |   in|   32|     ap_none|                          pe_array_pe_a_pass_0_1_1_reload|        scalar|
|pe_array_pe_a_pass_0_0_1_reload      |   in|   32|     ap_none|                          pe_array_pe_a_pass_0_0_1_reload|        scalar|
|pe_array_pe_val_3_3_3_out            |  out|   32|      ap_vld|                                pe_array_pe_val_3_3_3_out|       pointer|
|pe_array_pe_val_3_3_3_out_ap_vld     |  out|    1|      ap_vld|                                pe_array_pe_val_3_3_3_out|       pointer|
|pe_array_pe_val_3_2_3_out            |  out|   32|      ap_vld|                                pe_array_pe_val_3_2_3_out|       pointer|
|pe_array_pe_val_3_2_3_out_ap_vld     |  out|    1|      ap_vld|                                pe_array_pe_val_3_2_3_out|       pointer|
|pe_array_pe_val_3_1_3_out            |  out|   32|      ap_vld|                                pe_array_pe_val_3_1_3_out|       pointer|
|pe_array_pe_val_3_1_3_out_ap_vld     |  out|    1|      ap_vld|                                pe_array_pe_val_3_1_3_out|       pointer|
|pe_array_pe_val_3_0_3_out            |  out|   32|      ap_vld|                                pe_array_pe_val_3_0_3_out|       pointer|
|pe_array_pe_val_3_0_3_out_ap_vld     |  out|    1|      ap_vld|                                pe_array_pe_val_3_0_3_out|       pointer|
|pe_array_pe_val_2_3_3_out            |  out|   32|      ap_vld|                                pe_array_pe_val_2_3_3_out|       pointer|
|pe_array_pe_val_2_3_3_out_ap_vld     |  out|    1|      ap_vld|                                pe_array_pe_val_2_3_3_out|       pointer|
|pe_array_pe_val_2_2_3_out            |  out|   32|      ap_vld|                                pe_array_pe_val_2_2_3_out|       pointer|
|pe_array_pe_val_2_2_3_out_ap_vld     |  out|    1|      ap_vld|                                pe_array_pe_val_2_2_3_out|       pointer|
|pe_array_pe_val_2_1_3_out            |  out|   32|      ap_vld|                                pe_array_pe_val_2_1_3_out|       pointer|
|pe_array_pe_val_2_1_3_out_ap_vld     |  out|    1|      ap_vld|                                pe_array_pe_val_2_1_3_out|       pointer|
|pe_array_pe_val_2_0_3_out            |  out|   32|      ap_vld|                                pe_array_pe_val_2_0_3_out|       pointer|
|pe_array_pe_val_2_0_3_out_ap_vld     |  out|    1|      ap_vld|                                pe_array_pe_val_2_0_3_out|       pointer|
|pe_array_pe_val_1_3_3_out            |  out|   32|      ap_vld|                                pe_array_pe_val_1_3_3_out|       pointer|
|pe_array_pe_val_1_3_3_out_ap_vld     |  out|    1|      ap_vld|                                pe_array_pe_val_1_3_3_out|       pointer|
|pe_array_pe_val_1_2_3_out            |  out|   32|      ap_vld|                                pe_array_pe_val_1_2_3_out|       pointer|
|pe_array_pe_val_1_2_3_out_ap_vld     |  out|    1|      ap_vld|                                pe_array_pe_val_1_2_3_out|       pointer|
|pe_array_pe_val_1_1_3_out            |  out|   32|      ap_vld|                                pe_array_pe_val_1_1_3_out|       pointer|
|pe_array_pe_val_1_1_3_out_ap_vld     |  out|    1|      ap_vld|                                pe_array_pe_val_1_1_3_out|       pointer|
|pe_array_pe_val_1_0_3_out            |  out|   32|      ap_vld|                                pe_array_pe_val_1_0_3_out|       pointer|
|pe_array_pe_val_1_0_3_out_ap_vld     |  out|    1|      ap_vld|                                pe_array_pe_val_1_0_3_out|       pointer|
|pe_array_pe_val_0_3_3_out            |  out|   32|      ap_vld|                                pe_array_pe_val_0_3_3_out|       pointer|
|pe_array_pe_val_0_3_3_out_ap_vld     |  out|    1|      ap_vld|                                pe_array_pe_val_0_3_3_out|       pointer|
|pe_array_pe_val_0_2_3_out            |  out|   32|      ap_vld|                                pe_array_pe_val_0_2_3_out|       pointer|
|pe_array_pe_val_0_2_3_out_ap_vld     |  out|    1|      ap_vld|                                pe_array_pe_val_0_2_3_out|       pointer|
|pe_array_pe_val_0_1_3_out            |  out|   32|      ap_vld|                                pe_array_pe_val_0_1_3_out|       pointer|
|pe_array_pe_val_0_1_3_out_ap_vld     |  out|    1|      ap_vld|                                pe_array_pe_val_0_1_3_out|       pointer|
|pe_array_pe_val_0_0_3_out            |  out|   32|      ap_vld|                                pe_array_pe_val_0_0_3_out|       pointer|
|pe_array_pe_val_0_0_3_out_ap_vld     |  out|    1|      ap_vld|                                pe_array_pe_val_0_0_3_out|       pointer|
|pe_array_pe_b_pass_2_3_3_out         |  out|   32|      ap_vld|                             pe_array_pe_b_pass_2_3_3_out|       pointer|
|pe_array_pe_b_pass_2_3_3_out_ap_vld  |  out|    1|      ap_vld|                             pe_array_pe_b_pass_2_3_3_out|       pointer|
|pe_array_pe_b_pass_2_2_3_out         |  out|   32|      ap_vld|                             pe_array_pe_b_pass_2_2_3_out|       pointer|
|pe_array_pe_b_pass_2_2_3_out_ap_vld  |  out|    1|      ap_vld|                             pe_array_pe_b_pass_2_2_3_out|       pointer|
|pe_array_pe_b_pass_2_1_3_out         |  out|   32|      ap_vld|                             pe_array_pe_b_pass_2_1_3_out|       pointer|
|pe_array_pe_b_pass_2_1_3_out_ap_vld  |  out|    1|      ap_vld|                             pe_array_pe_b_pass_2_1_3_out|       pointer|
|pe_array_pe_b_pass_2_0_3_out         |  out|   32|      ap_vld|                             pe_array_pe_b_pass_2_0_3_out|       pointer|
|pe_array_pe_b_pass_2_0_3_out_ap_vld  |  out|    1|      ap_vld|                             pe_array_pe_b_pass_2_0_3_out|       pointer|
|pe_array_pe_b_pass_1_3_3_out         |  out|   32|      ap_vld|                             pe_array_pe_b_pass_1_3_3_out|       pointer|
|pe_array_pe_b_pass_1_3_3_out_ap_vld  |  out|    1|      ap_vld|                             pe_array_pe_b_pass_1_3_3_out|       pointer|
|pe_array_pe_b_pass_1_2_3_out         |  out|   32|      ap_vld|                             pe_array_pe_b_pass_1_2_3_out|       pointer|
|pe_array_pe_b_pass_1_2_3_out_ap_vld  |  out|    1|      ap_vld|                             pe_array_pe_b_pass_1_2_3_out|       pointer|
|pe_array_pe_b_pass_1_1_3_out         |  out|   32|      ap_vld|                             pe_array_pe_b_pass_1_1_3_out|       pointer|
|pe_array_pe_b_pass_1_1_3_out_ap_vld  |  out|    1|      ap_vld|                             pe_array_pe_b_pass_1_1_3_out|       pointer|
|pe_array_pe_b_pass_1_0_3_out         |  out|   32|      ap_vld|                             pe_array_pe_b_pass_1_0_3_out|       pointer|
|pe_array_pe_b_pass_1_0_3_out_ap_vld  |  out|    1|      ap_vld|                             pe_array_pe_b_pass_1_0_3_out|       pointer|
|pe_array_pe_b_pass_0_3_3_out         |  out|   32|      ap_vld|                             pe_array_pe_b_pass_0_3_3_out|       pointer|
|pe_array_pe_b_pass_0_3_3_out_ap_vld  |  out|    1|      ap_vld|                             pe_array_pe_b_pass_0_3_3_out|       pointer|
|pe_array_pe_b_pass_0_2_3_out         |  out|   32|      ap_vld|                             pe_array_pe_b_pass_0_2_3_out|       pointer|
|pe_array_pe_b_pass_0_2_3_out_ap_vld  |  out|    1|      ap_vld|                             pe_array_pe_b_pass_0_2_3_out|       pointer|
|pe_array_pe_b_pass_0_1_3_out         |  out|   32|      ap_vld|                             pe_array_pe_b_pass_0_1_3_out|       pointer|
|pe_array_pe_b_pass_0_1_3_out_ap_vld  |  out|    1|      ap_vld|                             pe_array_pe_b_pass_0_1_3_out|       pointer|
|pe_array_pe_b_pass_0_0_3_out         |  out|   32|      ap_vld|                             pe_array_pe_b_pass_0_0_3_out|       pointer|
|pe_array_pe_b_pass_0_0_3_out_ap_vld  |  out|    1|      ap_vld|                             pe_array_pe_b_pass_0_0_3_out|       pointer|
|pe_array_pe_a_pass_3_2_3_out         |  out|   32|      ap_vld|                             pe_array_pe_a_pass_3_2_3_out|       pointer|
|pe_array_pe_a_pass_3_2_3_out_ap_vld  |  out|    1|      ap_vld|                             pe_array_pe_a_pass_3_2_3_out|       pointer|
|pe_array_pe_a_pass_3_1_3_out         |  out|   32|      ap_vld|                             pe_array_pe_a_pass_3_1_3_out|       pointer|
|pe_array_pe_a_pass_3_1_3_out_ap_vld  |  out|    1|      ap_vld|                             pe_array_pe_a_pass_3_1_3_out|       pointer|
|pe_array_pe_a_pass_3_0_3_out         |  out|   32|      ap_vld|                             pe_array_pe_a_pass_3_0_3_out|       pointer|
|pe_array_pe_a_pass_3_0_3_out_ap_vld  |  out|    1|      ap_vld|                             pe_array_pe_a_pass_3_0_3_out|       pointer|
|pe_array_pe_a_pass_2_2_3_out         |  out|   32|      ap_vld|                             pe_array_pe_a_pass_2_2_3_out|       pointer|
|pe_array_pe_a_pass_2_2_3_out_ap_vld  |  out|    1|      ap_vld|                             pe_array_pe_a_pass_2_2_3_out|       pointer|
|pe_array_pe_a_pass_2_1_3_out         |  out|   32|      ap_vld|                             pe_array_pe_a_pass_2_1_3_out|       pointer|
|pe_array_pe_a_pass_2_1_3_out_ap_vld  |  out|    1|      ap_vld|                             pe_array_pe_a_pass_2_1_3_out|       pointer|
|pe_array_pe_a_pass_2_0_3_out         |  out|   32|      ap_vld|                             pe_array_pe_a_pass_2_0_3_out|       pointer|
|pe_array_pe_a_pass_2_0_3_out_ap_vld  |  out|    1|      ap_vld|                             pe_array_pe_a_pass_2_0_3_out|       pointer|
|pe_array_pe_a_pass_1_2_3_out         |  out|   32|      ap_vld|                             pe_array_pe_a_pass_1_2_3_out|       pointer|
|pe_array_pe_a_pass_1_2_3_out_ap_vld  |  out|    1|      ap_vld|                             pe_array_pe_a_pass_1_2_3_out|       pointer|
|pe_array_pe_a_pass_1_1_3_out         |  out|   32|      ap_vld|                             pe_array_pe_a_pass_1_1_3_out|       pointer|
|pe_array_pe_a_pass_1_1_3_out_ap_vld  |  out|    1|      ap_vld|                             pe_array_pe_a_pass_1_1_3_out|       pointer|
|pe_array_pe_a_pass_1_0_3_out         |  out|   32|      ap_vld|                             pe_array_pe_a_pass_1_0_3_out|       pointer|
|pe_array_pe_a_pass_1_0_3_out_ap_vld  |  out|    1|      ap_vld|                             pe_array_pe_a_pass_1_0_3_out|       pointer|
|pe_array_pe_a_pass_0_2_3_out         |  out|   32|      ap_vld|                             pe_array_pe_a_pass_0_2_3_out|       pointer|
|pe_array_pe_a_pass_0_2_3_out_ap_vld  |  out|    1|      ap_vld|                             pe_array_pe_a_pass_0_2_3_out|       pointer|
|pe_array_pe_a_pass_0_1_3_out         |  out|   32|      ap_vld|                             pe_array_pe_a_pass_0_1_3_out|       pointer|
|pe_array_pe_a_pass_0_1_3_out_ap_vld  |  out|    1|      ap_vld|                             pe_array_pe_a_pass_0_1_3_out|       pointer|
|pe_array_pe_a_pass_0_0_3_out         |  out|   32|      ap_vld|                             pe_array_pe_a_pass_0_0_3_out|       pointer|
|pe_array_pe_a_pass_0_0_3_out_ap_vld  |  out|    1|      ap_vld|                             pe_array_pe_a_pass_0_0_3_out|       pointer|
+-------------------------------------+-----+-----+------------+---------------------------------------------------------+--------------+

