#-----------------------------------------------------------
# Vivado v2021.1 (64-bit)
# SW Build 3247384 on Thu Jun 10 19:36:07 MDT 2021
# IP Build 3246043 on Fri Jun 11 00:30:35 MDT 2021
# Start of session at: Tue Sep 20 16:18:38 2022
# Process ID: 1710873
# Current directory: /home/handengke/HLS/sysArray_simple
# Command line: vivado
# Log file: /home/handengke/HLS/sysArray_simple/vivado.log
# Journal file: /home/handengke/HLS/sysArray_simple/vivado.jou
#-----------------------------------------------------------
start_gui
open_project /home/handengke/VivadoProjs/sysArray_simple/sysArray_simple.xpr
Scanning sources...
Finished scanning sources
INFO: [IP_Flow 19-234] Refreshing IP repositories
INFO: [IP_Flow 19-1700] Loaded user IP repository '/home/handengke/HLS/sysArray_simple'.
INFO: [IP_Flow 19-2313] Loaded Vivado IP repository '/tools/Xilinx/Vivado/2021.1/data/ip'.
INFO: [IP_Flow 19-3899] Cannot get the environment domain name variable for the component vendor name. Setting the vendor name to 'user.org'.
open_project: Time (s): cpu = 00:00:18 ; elapsed = 00:00:07 . Memory (MB): peak = 7621.434 ; gain = 44.113 ; free physical = 30243 ; free virtual = 225033
update_compile_order -fileset sources_1
open_bd_design {/home/handengke/VivadoProjs/sysArray_simple/sysArray_simple.srcs/sources_1/bd/design_1/design_1.bd}
Reading block design file </home/handengke/VivadoProjs/sysArray_simple/sysArray_simple.srcs/sources_1/bd/design_1/design_1.bd>...
Successfully read diagram <design_1> from block design file </home/handengke/VivadoProjs/sysArray_simple/sysArray_simple.srcs/sources_1/bd/design_1/design_1.bd>
open_bd_design: Time (s): cpu = 00:00:09 ; elapsed = 00:00:06 . Memory (MB): peak = 7663.098 ; gain = 4.645 ; free physical = 30167 ; free virtual = 224957
startgroup
create_bd_cell -type ip -vlnv xilinx.com:hls:systolic_array:1.0 systolic_array_0
endgroup
WARNING: [BD 41-1282] Ignoring parameter MAX_READ_BURST_LENGTH
WARNING: [BD 41-1282] Ignoring parameter MAX_WRITE_BURST_LENGTH
WARNING: [BD 41-1282] Ignoring parameter MAX_READ_BURST_LENGTH
WARNING: [BD 41-1282] Ignoring parameter MAX_WRITE_BURST_LENGTH
exit
INFO: [Common 17-206] Exiting Vivado at Tue Sep 20 16:44:00 2022...
