

================================================================
== Vitis HLS Report for 'Loop_1_proc1_Pipeline_1'
================================================================
* Date:           Wed Sep 28 12:33:51 2022

* Version:        2021.1 (Build 3247384 on Thu Jun 10 19:36:07 MDT 2021)
* Project:        sysArray_complex
* Solution:       solution1 (Vivado IP Flow Target)
* Product family: virtexuplus
* Target device:  xcu50-fsvh2104-2-e


================================================================
== Performance Estimates
================================================================
+ Timing: 
    * Summary: 
    +--------+---------+----------+------------+
    |  Clock |  Target | Estimated| Uncertainty|
    +--------+---------+----------+------------+
    |ap_clk  |  3.00 ns|  0.730 ns|     0.81 ns|
    +--------+---------+----------+------------+

+ Latency: 
    * Summary: 
    +---------+---------+-----------+-----------+-----+-----+---------+
    |  Latency (cycles) |   Latency (absolute)  |  Interval | Pipeline|
    |   min   |   max   |    min    |    max    | min | max |   Type  |
    +---------+---------+-----------+-----------+-----+-----+---------+
    |       11|       11|  33.000 ns|  33.000 ns|   11|   11|       no|
    +---------+---------+-----------+-----------+-----+-----+---------+

    + Detail: 
        * Instance: 
        N/A

        * Loop: 
        +----------+---------+---------+----------+-----------+-----------+------+----------+
        |          |  Latency (cycles) | Iteration|  Initiation Interval  | Trip |          |
        | Loop Name|   min   |   max   |  Latency |  achieved |   target  | Count| Pipelined|
        +----------+---------+---------+----------+-----------+-----------+------+----------+
        |- Loop 1  |        9|        9|         2|          2|          1|     4|       yes|
        +----------+---------+---------+----------+-----------+-----------+------+----------+

============================================================
+ Verbose Summary: Synthesis Manager
============================================================
InlineROM: 1
ExposeGlobal: 0
============================================================
+ Verbose Summary: CDFG Model
============================================================
IsTopModel: 0
ResetActiveHigh: 1
IsCombinational: 0
IsDatapathOnly: 0
HasWiredReturn: 1
HasMFsm: 2
HasVarLatency: 1
IsPipeline: 0
IsRtlPipelined: 0
IsInstanceOverlapped: 0
IsDontTouch: 0
HasImplIP: 0
IsGatedGlobalClock: 0

+ Individual pipeline summary: 
  * Pipeline-0: initiation interval (II) = 2, depth = 2


============================================================
+ Verbose Summary: Schedule
============================================================
* Number of FSM states : 2
* Pipeline : 1
  Pipeline-0 : II = 2, D = 2, States = { 1 2 }
* Dataflow Pipeline: 0

* FSM state transitions: 
1 --> 2 
2 --> 

* FSM state operations: 

State 1 <SV = 0> <Delay = 0.69>
ST_1 : Operation 5 [1/1] (0.00ns)   --->   "%phi_ln35 = alloca i32 1"   --->   Operation 5 'alloca' 'phi_ln35' <Predicate = true> <Delay = 0.00>
ST_1 : Operation 6 [1/1] (0.38ns)   --->   "%store_ln0 = store i2 0, i2 %phi_ln35"   --->   Operation 6 'store' 'store_ln0' <Predicate = true> <Delay = 0.38>
ST_1 : Operation 7 [1/1] (0.00ns)   --->   "%br_ln0 = br void %arrayctor.loop.i.i"   --->   Operation 7 'br' 'br_ln0' <Predicate = true> <Delay = 0.00>
ST_1 : Operation 8 [1/1] (0.00ns)   --->   "%phi_ln35_load = load i2 %phi_ln35" [sysArray_complex/sysArray.cpp:35->sysArray_complex/sysArray.cpp:101]   --->   Operation 8 'load' 'phi_ln35_load' <Predicate = true> <Delay = 0.00>
ST_1 : Operation 9 [1/1] (0.00ns)   --->   "%pe_array_pe_val_3_addr = getelementptr i32 %pe_array_pe_val_3, i64 0, i64 3" [sysArray_complex/sysArray.cpp:35->sysArray_complex/sysArray.cpp:101]   --->   Operation 9 'getelementptr' 'pe_array_pe_val_3_addr' <Predicate = true> <Delay = 0.00>
ST_1 : Operation 10 [1/1] (0.00ns)   --->   "%pe_array_pe_val_2_addr = getelementptr i32 %pe_array_pe_val_2, i64 0, i64 3" [sysArray_complex/sysArray.cpp:35->sysArray_complex/sysArray.cpp:101]   --->   Operation 10 'getelementptr' 'pe_array_pe_val_2_addr' <Predicate = true> <Delay = 0.00>
ST_1 : Operation 11 [1/1] (0.00ns)   --->   "%pe_array_pe_val_1_addr = getelementptr i32 %pe_array_pe_val_1, i64 0, i64 3" [sysArray_complex/sysArray.cpp:35->sysArray_complex/sysArray.cpp:101]   --->   Operation 11 'getelementptr' 'pe_array_pe_val_1_addr' <Predicate = true> <Delay = 0.00>
ST_1 : Operation 12 [1/1] (0.00ns)   --->   "%pe_array_pe_b_pass_0_addr = getelementptr i32 %pe_array_pe_b_pass_0, i64 0, i64 3" [sysArray_complex/sysArray.cpp:35->sysArray_complex/sysArray.cpp:101]   --->   Operation 12 'getelementptr' 'pe_array_pe_b_pass_0_addr' <Predicate = true> <Delay = 0.00>
ST_1 : Operation 13 [1/1] (0.00ns)   --->   "%pe_array_pe_b_pass_1_addr = getelementptr i32 %pe_array_pe_b_pass_1, i64 0, i64 3" [sysArray_complex/sysArray.cpp:35->sysArray_complex/sysArray.cpp:101]   --->   Operation 13 'getelementptr' 'pe_array_pe_b_pass_1_addr' <Predicate = true> <Delay = 0.00>
ST_1 : Operation 14 [1/1] (0.00ns)   --->   "%pe_array_pe_b_pass_2_addr = getelementptr i32 %pe_array_pe_b_pass_2, i64 0, i64 3" [sysArray_complex/sysArray.cpp:35->sysArray_complex/sysArray.cpp:101]   --->   Operation 14 'getelementptr' 'pe_array_pe_b_pass_2_addr' <Predicate = true> <Delay = 0.00>
ST_1 : Operation 15 [1/1] (0.00ns)   --->   "%pe_array_pe_a_pass_3_addr = getelementptr i32 %pe_array_pe_a_pass_3, i64 0, i64 3" [sysArray_complex/sysArray.cpp:35->sysArray_complex/sysArray.cpp:101]   --->   Operation 15 'getelementptr' 'pe_array_pe_a_pass_3_addr' <Predicate = true> <Delay = 0.00>
ST_1 : Operation 16 [1/1] (0.00ns)   --->   "%pe_array_pe_val_3_addr_7 = getelementptr i32 %pe_array_pe_val_3, i64 0, i64 2" [sysArray_complex/sysArray.cpp:35->sysArray_complex/sysArray.cpp:101]   --->   Operation 16 'getelementptr' 'pe_array_pe_val_3_addr_7' <Predicate = true> <Delay = 0.00>
ST_1 : Operation 17 [1/1] (0.00ns)   --->   "%pe_array_pe_a_pass_2_addr = getelementptr i32 %pe_array_pe_a_pass_2, i64 0, i64 3" [sysArray_complex/sysArray.cpp:35->sysArray_complex/sysArray.cpp:101]   --->   Operation 17 'getelementptr' 'pe_array_pe_a_pass_2_addr' <Predicate = true> <Delay = 0.00>
ST_1 : Operation 18 [1/1] (0.00ns)   --->   "%pe_array_pe_val_2_addr_7 = getelementptr i32 %pe_array_pe_val_2, i64 0, i64 2" [sysArray_complex/sysArray.cpp:35->sysArray_complex/sysArray.cpp:101]   --->   Operation 18 'getelementptr' 'pe_array_pe_val_2_addr_7' <Predicate = true> <Delay = 0.00>
ST_1 : Operation 19 [1/1] (0.00ns)   --->   "%pe_array_pe_a_pass_1_addr = getelementptr i32 %pe_array_pe_a_pass_1, i64 0, i64 3" [sysArray_complex/sysArray.cpp:35->sysArray_complex/sysArray.cpp:101]   --->   Operation 19 'getelementptr' 'pe_array_pe_a_pass_1_addr' <Predicate = true> <Delay = 0.00>
ST_1 : Operation 20 [1/1] (0.00ns)   --->   "%pe_array_pe_val_1_addr_7 = getelementptr i32 %pe_array_pe_val_1, i64 0, i64 2" [sysArray_complex/sysArray.cpp:35->sysArray_complex/sysArray.cpp:101]   --->   Operation 20 'getelementptr' 'pe_array_pe_val_1_addr_7' <Predicate = true> <Delay = 0.00>
ST_1 : Operation 21 [1/1] (0.00ns)   --->   "%pe_array_pe_b_pass_0_addr_4 = getelementptr i32 %pe_array_pe_b_pass_0, i64 0, i64 2" [sysArray_complex/sysArray.cpp:35->sysArray_complex/sysArray.cpp:101]   --->   Operation 21 'getelementptr' 'pe_array_pe_b_pass_0_addr_4' <Predicate = true> <Delay = 0.00>
ST_1 : Operation 22 [1/1] (0.00ns)   --->   "%pe_array_pe_b_pass_1_addr_4 = getelementptr i32 %pe_array_pe_b_pass_1, i64 0, i64 2" [sysArray_complex/sysArray.cpp:35->sysArray_complex/sysArray.cpp:101]   --->   Operation 22 'getelementptr' 'pe_array_pe_b_pass_1_addr_4' <Predicate = true> <Delay = 0.00>
ST_1 : Operation 23 [1/1] (0.00ns)   --->   "%pe_array_pe_b_pass_2_addr_4 = getelementptr i32 %pe_array_pe_b_pass_2, i64 0, i64 2" [sysArray_complex/sysArray.cpp:35->sysArray_complex/sysArray.cpp:101]   --->   Operation 23 'getelementptr' 'pe_array_pe_b_pass_2_addr_4' <Predicate = true> <Delay = 0.00>
ST_1 : Operation 24 [1/1] (0.00ns)   --->   "%pe_array_pe_a_pass_3_addr_4 = getelementptr i32 %pe_array_pe_a_pass_3, i64 0, i64 2" [sysArray_complex/sysArray.cpp:35->sysArray_complex/sysArray.cpp:101]   --->   Operation 24 'getelementptr' 'pe_array_pe_a_pass_3_addr_4' <Predicate = true> <Delay = 0.00>
ST_1 : Operation 25 [1/1] (0.00ns)   --->   "%pe_array_pe_val_3_addr_8 = getelementptr i32 %pe_array_pe_val_3, i64 0, i64 1" [sysArray_complex/sysArray.cpp:35->sysArray_complex/sysArray.cpp:101]   --->   Operation 25 'getelementptr' 'pe_array_pe_val_3_addr_8' <Predicate = true> <Delay = 0.00>
ST_1 : Operation 26 [1/1] (0.00ns)   --->   "%pe_array_pe_a_pass_2_addr_4 = getelementptr i32 %pe_array_pe_a_pass_2, i64 0, i64 2" [sysArray_complex/sysArray.cpp:35->sysArray_complex/sysArray.cpp:101]   --->   Operation 26 'getelementptr' 'pe_array_pe_a_pass_2_addr_4' <Predicate = true> <Delay = 0.00>
ST_1 : Operation 27 [1/1] (0.00ns)   --->   "%pe_array_pe_val_2_addr_8 = getelementptr i32 %pe_array_pe_val_2, i64 0, i64 1" [sysArray_complex/sysArray.cpp:35->sysArray_complex/sysArray.cpp:101]   --->   Operation 27 'getelementptr' 'pe_array_pe_val_2_addr_8' <Predicate = true> <Delay = 0.00>
ST_1 : Operation 28 [1/1] (0.00ns)   --->   "%pe_array_pe_a_pass_1_addr_4 = getelementptr i32 %pe_array_pe_a_pass_1, i64 0, i64 2" [sysArray_complex/sysArray.cpp:35->sysArray_complex/sysArray.cpp:101]   --->   Operation 28 'getelementptr' 'pe_array_pe_a_pass_1_addr_4' <Predicate = true> <Delay = 0.00>
ST_1 : Operation 29 [1/1] (0.00ns)   --->   "%pe_array_pe_val_1_addr_8 = getelementptr i32 %pe_array_pe_val_1, i64 0, i64 1" [sysArray_complex/sysArray.cpp:35->sysArray_complex/sysArray.cpp:101]   --->   Operation 29 'getelementptr' 'pe_array_pe_val_1_addr_8' <Predicate = true> <Delay = 0.00>
ST_1 : Operation 30 [1/1] (0.00ns)   --->   "%pe_array_pe_b_pass_0_addr_5 = getelementptr i32 %pe_array_pe_b_pass_0, i64 0, i64 1" [sysArray_complex/sysArray.cpp:35->sysArray_complex/sysArray.cpp:101]   --->   Operation 30 'getelementptr' 'pe_array_pe_b_pass_0_addr_5' <Predicate = true> <Delay = 0.00>
ST_1 : Operation 31 [1/1] (0.00ns)   --->   "%pe_array_pe_b_pass_1_addr_5 = getelementptr i32 %pe_array_pe_b_pass_1, i64 0, i64 1" [sysArray_complex/sysArray.cpp:35->sysArray_complex/sysArray.cpp:101]   --->   Operation 31 'getelementptr' 'pe_array_pe_b_pass_1_addr_5' <Predicate = true> <Delay = 0.00>
ST_1 : Operation 32 [1/1] (0.00ns)   --->   "%pe_array_pe_b_pass_2_addr_5 = getelementptr i32 %pe_array_pe_b_pass_2, i64 0, i64 1" [sysArray_complex/sysArray.cpp:35->sysArray_complex/sysArray.cpp:101]   --->   Operation 32 'getelementptr' 'pe_array_pe_b_pass_2_addr_5' <Predicate = true> <Delay = 0.00>
ST_1 : Operation 33 [1/1] (0.00ns)   --->   "%pe_array_pe_a_pass_3_addr_5 = getelementptr i32 %pe_array_pe_a_pass_3, i64 0, i64 1" [sysArray_complex/sysArray.cpp:35->sysArray_complex/sysArray.cpp:101]   --->   Operation 33 'getelementptr' 'pe_array_pe_a_pass_3_addr_5' <Predicate = true> <Delay = 0.00>
ST_1 : Operation 34 [1/1] (0.00ns)   --->   "%pe_array_pe_val_3_addr_9 = getelementptr i32 %pe_array_pe_val_3, i64 0, i64 0" [sysArray_complex/sysArray.cpp:35->sysArray_complex/sysArray.cpp:101]   --->   Operation 34 'getelementptr' 'pe_array_pe_val_3_addr_9' <Predicate = true> <Delay = 0.00>
ST_1 : Operation 35 [1/1] (0.00ns)   --->   "%pe_array_pe_a_pass_2_addr_5 = getelementptr i32 %pe_array_pe_a_pass_2, i64 0, i64 1" [sysArray_complex/sysArray.cpp:35->sysArray_complex/sysArray.cpp:101]   --->   Operation 35 'getelementptr' 'pe_array_pe_a_pass_2_addr_5' <Predicate = true> <Delay = 0.00>
ST_1 : Operation 36 [1/1] (0.00ns)   --->   "%pe_array_pe_val_2_addr_9 = getelementptr i32 %pe_array_pe_val_2, i64 0, i64 0" [sysArray_complex/sysArray.cpp:35->sysArray_complex/sysArray.cpp:101]   --->   Operation 36 'getelementptr' 'pe_array_pe_val_2_addr_9' <Predicate = true> <Delay = 0.00>
ST_1 : Operation 37 [1/1] (0.00ns)   --->   "%pe_array_pe_a_pass_1_addr_5 = getelementptr i32 %pe_array_pe_a_pass_1, i64 0, i64 1" [sysArray_complex/sysArray.cpp:35->sysArray_complex/sysArray.cpp:101]   --->   Operation 37 'getelementptr' 'pe_array_pe_a_pass_1_addr_5' <Predicate = true> <Delay = 0.00>
ST_1 : Operation 38 [1/1] (0.00ns)   --->   "%pe_array_pe_val_1_addr_9 = getelementptr i32 %pe_array_pe_val_1, i64 0, i64 0" [sysArray_complex/sysArray.cpp:35->sysArray_complex/sysArray.cpp:101]   --->   Operation 38 'getelementptr' 'pe_array_pe_val_1_addr_9' <Predicate = true> <Delay = 0.00>
ST_1 : Operation 39 [1/1] (0.00ns)   --->   "%pe_array_pe_b_pass_0_addr_6 = getelementptr i32 %pe_array_pe_b_pass_0, i64 0, i64 0" [sysArray_complex/sysArray.cpp:35->sysArray_complex/sysArray.cpp:101]   --->   Operation 39 'getelementptr' 'pe_array_pe_b_pass_0_addr_6' <Predicate = true> <Delay = 0.00>
ST_1 : Operation 40 [1/1] (0.00ns)   --->   "%pe_array_pe_b_pass_1_addr_6 = getelementptr i32 %pe_array_pe_b_pass_1, i64 0, i64 0" [sysArray_complex/sysArray.cpp:35->sysArray_complex/sysArray.cpp:101]   --->   Operation 40 'getelementptr' 'pe_array_pe_b_pass_1_addr_6' <Predicate = true> <Delay = 0.00>
ST_1 : Operation 41 [1/1] (0.00ns)   --->   "%pe_array_pe_b_pass_2_addr_6 = getelementptr i32 %pe_array_pe_b_pass_2, i64 0, i64 0" [sysArray_complex/sysArray.cpp:35->sysArray_complex/sysArray.cpp:101]   --->   Operation 41 'getelementptr' 'pe_array_pe_b_pass_2_addr_6' <Predicate = true> <Delay = 0.00>
ST_1 : Operation 42 [1/1] (0.00ns)   --->   "%pe_array_pe_a_pass_0_addr = getelementptr i32 %pe_array_pe_a_pass_0, i64 0, i64 0" [sysArray_complex/sysArray.cpp:35->sysArray_complex/sysArray.cpp:101]   --->   Operation 42 'getelementptr' 'pe_array_pe_a_pass_0_addr' <Predicate = true> <Delay = 0.00>
ST_1 : Operation 43 [1/1] (0.00ns)   --->   "%pe_array_pe_a_pass_1_addr_6 = getelementptr i32 %pe_array_pe_a_pass_1, i64 0, i64 0" [sysArray_complex/sysArray.cpp:35->sysArray_complex/sysArray.cpp:101]   --->   Operation 43 'getelementptr' 'pe_array_pe_a_pass_1_addr_6' <Predicate = true> <Delay = 0.00>
ST_1 : Operation 44 [1/1] (0.00ns)   --->   "%pe_array_pe_a_pass_2_addr_6 = getelementptr i32 %pe_array_pe_a_pass_2, i64 0, i64 0" [sysArray_complex/sysArray.cpp:35->sysArray_complex/sysArray.cpp:101]   --->   Operation 44 'getelementptr' 'pe_array_pe_a_pass_2_addr_6' <Predicate = true> <Delay = 0.00>
ST_1 : Operation 45 [1/1] (0.00ns)   --->   "%pe_array_pe_a_pass_3_addr_6 = getelementptr i32 %pe_array_pe_a_pass_3, i64 0, i64 0" [sysArray_complex/sysArray.cpp:35->sysArray_complex/sysArray.cpp:101]   --->   Operation 45 'getelementptr' 'pe_array_pe_a_pass_3_addr_6' <Predicate = true> <Delay = 0.00>
ST_1 : Operation 46 [1/1] (0.00ns)   --->   "%pe_array_pe_a_pass_0_addr_4 = getelementptr i32 %pe_array_pe_a_pass_0, i64 0, i64 1" [sysArray_complex/sysArray.cpp:35->sysArray_complex/sysArray.cpp:101]   --->   Operation 46 'getelementptr' 'pe_array_pe_a_pass_0_addr_4' <Predicate = true> <Delay = 0.00>
ST_1 : Operation 47 [1/1] (0.00ns)   --->   "%pe_array_pe_val_0_addr = getelementptr i32 %pe_array_pe_val_0, i64 0, i64 0" [sysArray_complex/sysArray.cpp:35->sysArray_complex/sysArray.cpp:101]   --->   Operation 47 'getelementptr' 'pe_array_pe_val_0_addr' <Predicate = true> <Delay = 0.00>
ST_1 : Operation 48 [1/1] (0.00ns)   --->   "%pe_array_pe_a_pass_0_addr_5 = getelementptr i32 %pe_array_pe_a_pass_0, i64 0, i64 2" [sysArray_complex/sysArray.cpp:35->sysArray_complex/sysArray.cpp:101]   --->   Operation 48 'getelementptr' 'pe_array_pe_a_pass_0_addr_5' <Predicate = true> <Delay = 0.00>
ST_1 : Operation 49 [1/1] (0.00ns)   --->   "%pe_array_pe_val_0_addr_7 = getelementptr i32 %pe_array_pe_val_0, i64 0, i64 1" [sysArray_complex/sysArray.cpp:35->sysArray_complex/sysArray.cpp:101]   --->   Operation 49 'getelementptr' 'pe_array_pe_val_0_addr_7' <Predicate = true> <Delay = 0.00>
ST_1 : Operation 50 [1/1] (0.00ns)   --->   "%pe_array_pe_a_pass_0_addr_6 = getelementptr i32 %pe_array_pe_a_pass_0, i64 0, i64 3" [sysArray_complex/sysArray.cpp:35->sysArray_complex/sysArray.cpp:101]   --->   Operation 50 'getelementptr' 'pe_array_pe_a_pass_0_addr_6' <Predicate = true> <Delay = 0.00>
ST_1 : Operation 51 [1/1] (0.00ns)   --->   "%pe_array_pe_val_0_addr_8 = getelementptr i32 %pe_array_pe_val_0, i64 0, i64 2" [sysArray_complex/sysArray.cpp:35->sysArray_complex/sysArray.cpp:101]   --->   Operation 51 'getelementptr' 'pe_array_pe_val_0_addr_8' <Predicate = true> <Delay = 0.00>
ST_1 : Operation 52 [1/1] (0.00ns)   --->   "%pe_array_pe_val_0_addr_9 = getelementptr i32 %pe_array_pe_val_0, i64 0, i64 3" [sysArray_complex/sysArray.cpp:35->sysArray_complex/sysArray.cpp:101]   --->   Operation 52 'getelementptr' 'pe_array_pe_val_0_addr_9' <Predicate = true> <Delay = 0.00>
ST_1 : Operation 53 [1/1] (0.00ns)   --->   "%specpipeline_ln0 = specpipeline void @_ssdm_op_SpecPipeline, i32 4294967295, i32 0, i32 1, i32 0, void @p_str"   --->   Operation 53 'specpipeline' 'specpipeline_ln0' <Predicate = true> <Delay = 0.00>
ST_1 : Operation 54 [1/1] (0.00ns)   --->   "%empty = speclooptripcount i32 @_ssdm_op_SpecLoopTripCount, i64 4, i64 4, i64 4"   --->   Operation 54 'speclooptripcount' 'empty' <Predicate = true> <Delay = 0.00>
ST_1 : Operation 55 [1/1] (0.43ns)   --->   "%add_ln35 = add i2 %phi_ln35_load, i2 1" [sysArray_complex/sysArray.cpp:35->sysArray_complex/sysArray.cpp:101]   --->   Operation 55 'add' 'add_ln35' <Predicate = true> <Delay = 0.43> <CoreInst = "Adder">   --->   Core 1 'Adder' <Latency = 0> <II = 1> <Delay = 0.43> <FuncUnit> <Opcode : 'add' 'sub'> <InPorts = 2> <OutPorts = 1>
ST_1 : Operation 56 [1/1] (0.65ns)   --->   "%switch_ln12 = switch i2 %phi_ln35_load, void %branch15, i2 0, void %branch12, i2 1, void %branch13, i2 2, void %branch14" [sysArray_complex/sysArray.cpp:12]   --->   Operation 56 'switch' 'switch_ln12' <Predicate = true> <Delay = 0.65>
ST_1 : Operation 57 [1/1] (0.69ns)   --->   "%store_ln12 = store i32 0, i2 %pe_array_pe_a_pass_2_addr_6" [sysArray_complex/sysArray.cpp:12]   --->   Operation 57 'store' 'store_ln12' <Predicate = (phi_ln35_load == 2)> <Delay = 0.69> <CoreInst = "RAM">   --->   Core 83 'RAM' <Latency = 1> <II = 1> <Delay = 0.69> <Storage> <Opcode : 'load' 'store'> <Ports = 2> <Width = 32> <Depth = 4> <RAM>
ST_1 : Operation 58 [1/1] (0.00ns)   --->   "%br_ln12 = br void %arrayctor.loop.i.i147377" [sysArray_complex/sysArray.cpp:12]   --->   Operation 58 'br' 'br_ln12' <Predicate = (phi_ln35_load == 2)> <Delay = 0.00>
ST_1 : Operation 59 [1/1] (0.69ns)   --->   "%store_ln12 = store i32 0, i2 %pe_array_pe_a_pass_1_addr_6" [sysArray_complex/sysArray.cpp:12]   --->   Operation 59 'store' 'store_ln12' <Predicate = (phi_ln35_load == 1)> <Delay = 0.69> <CoreInst = "RAM">   --->   Core 83 'RAM' <Latency = 1> <II = 1> <Delay = 0.69> <Storage> <Opcode : 'load' 'store'> <Ports = 2> <Width = 32> <Depth = 4> <RAM>
ST_1 : Operation 60 [1/1] (0.00ns)   --->   "%br_ln12 = br void %arrayctor.loop.i.i147377" [sysArray_complex/sysArray.cpp:12]   --->   Operation 60 'br' 'br_ln12' <Predicate = (phi_ln35_load == 1)> <Delay = 0.00>
ST_1 : Operation 61 [1/1] (0.69ns)   --->   "%store_ln12 = store i32 0, i2 %pe_array_pe_a_pass_0_addr" [sysArray_complex/sysArray.cpp:12]   --->   Operation 61 'store' 'store_ln12' <Predicate = (phi_ln35_load == 0)> <Delay = 0.69> <CoreInst = "RAM">   --->   Core 83 'RAM' <Latency = 1> <II = 1> <Delay = 0.69> <Storage> <Opcode : 'load' 'store'> <Ports = 2> <Width = 32> <Depth = 4> <RAM>
ST_1 : Operation 62 [1/1] (0.00ns)   --->   "%br_ln12 = br void %arrayctor.loop.i.i147377" [sysArray_complex/sysArray.cpp:12]   --->   Operation 62 'br' 'br_ln12' <Predicate = (phi_ln35_load == 0)> <Delay = 0.00>
ST_1 : Operation 63 [1/1] (0.69ns)   --->   "%store_ln12 = store i32 0, i2 %pe_array_pe_a_pass_3_addr_6" [sysArray_complex/sysArray.cpp:12]   --->   Operation 63 'store' 'store_ln12' <Predicate = (phi_ln35_load == 3)> <Delay = 0.69> <CoreInst = "RAM">   --->   Core 83 'RAM' <Latency = 1> <II = 1> <Delay = 0.69> <Storage> <Opcode : 'load' 'store'> <Ports = 2> <Width = 32> <Depth = 4> <RAM>
ST_1 : Operation 64 [1/1] (0.00ns)   --->   "%br_ln12 = br void %arrayctor.loop.i.i147377" [sysArray_complex/sysArray.cpp:12]   --->   Operation 64 'br' 'br_ln12' <Predicate = (phi_ln35_load == 3)> <Delay = 0.00>
ST_1 : Operation 65 [1/1] (0.65ns)   --->   "%switch_ln13 = switch i2 %phi_ln35_load, void %arrayctor.loop.i.i147261493, i2 0, void %branch36, i2 1, void %branch37, i2 2, void %branch38" [sysArray_complex/sysArray.cpp:13]   --->   Operation 65 'switch' 'switch_ln13' <Predicate = true> <Delay = 0.65>
ST_1 : Operation 66 [1/1] (0.69ns)   --->   "%store_ln13 = store i32 0, i2 %pe_array_pe_b_pass_2_addr_6" [sysArray_complex/sysArray.cpp:13]   --->   Operation 66 'store' 'store_ln13' <Predicate = (phi_ln35_load == 2)> <Delay = 0.69> <CoreInst = "RAM">   --->   Core 83 'RAM' <Latency = 1> <II = 1> <Delay = 0.69> <Storage> <Opcode : 'load' 'store'> <Ports = 2> <Width = 32> <Depth = 4> <RAM>
ST_1 : Operation 67 [1/1] (0.00ns)   --->   "%br_ln13 = br void %arrayctor.loop.i.i147261493" [sysArray_complex/sysArray.cpp:13]   --->   Operation 67 'br' 'br_ln13' <Predicate = (phi_ln35_load == 2)> <Delay = 0.00>
ST_1 : Operation 68 [1/1] (0.69ns)   --->   "%store_ln13 = store i32 0, i2 %pe_array_pe_b_pass_1_addr_6" [sysArray_complex/sysArray.cpp:13]   --->   Operation 68 'store' 'store_ln13' <Predicate = (phi_ln35_load == 1)> <Delay = 0.69> <CoreInst = "RAM">   --->   Core 83 'RAM' <Latency = 1> <II = 1> <Delay = 0.69> <Storage> <Opcode : 'load' 'store'> <Ports = 2> <Width = 32> <Depth = 4> <RAM>
ST_1 : Operation 69 [1/1] (0.00ns)   --->   "%br_ln13 = br void %arrayctor.loop.i.i147261493" [sysArray_complex/sysArray.cpp:13]   --->   Operation 69 'br' 'br_ln13' <Predicate = (phi_ln35_load == 1)> <Delay = 0.00>
ST_1 : Operation 70 [1/1] (0.69ns)   --->   "%store_ln13 = store i32 0, i2 %pe_array_pe_b_pass_0_addr_6" [sysArray_complex/sysArray.cpp:13]   --->   Operation 70 'store' 'store_ln13' <Predicate = (phi_ln35_load == 0)> <Delay = 0.69> <CoreInst = "RAM">   --->   Core 83 'RAM' <Latency = 1> <II = 1> <Delay = 0.69> <Storage> <Opcode : 'load' 'store'> <Ports = 2> <Width = 32> <Depth = 4> <RAM>
ST_1 : Operation 71 [1/1] (0.00ns)   --->   "%br_ln13 = br void %arrayctor.loop.i.i147261493" [sysArray_complex/sysArray.cpp:13]   --->   Operation 71 'br' 'br_ln13' <Predicate = (phi_ln35_load == 0)> <Delay = 0.00>
ST_1 : Operation 72 [1/1] (0.65ns)   --->   "%switch_ln14 = switch i2 %phi_ln35_load, void %branch111, i2 0, void %branch108, i2 1, void %branch109, i2 2, void %branch110" [sysArray_complex/sysArray.cpp:14]   --->   Operation 72 'switch' 'switch_ln14' <Predicate = true> <Delay = 0.65>
ST_1 : Operation 73 [1/1] (0.69ns)   --->   "%store_ln14 = store i32 0, i2 %pe_array_pe_val_2_addr_9" [sysArray_complex/sysArray.cpp:14]   --->   Operation 73 'store' 'store_ln14' <Predicate = (phi_ln35_load == 2)> <Delay = 0.69> <CoreInst = "RAM">   --->   Core 83 'RAM' <Latency = 1> <II = 1> <Delay = 0.69> <Storage> <Opcode : 'load' 'store'> <Ports = 2> <Width = 32> <Depth = 4> <RAM>
ST_1 : Operation 74 [1/1] (0.69ns)   --->   "%store_ln12 = store i32 0, i2 %pe_array_pe_a_pass_2_addr_5" [sysArray_complex/sysArray.cpp:12]   --->   Operation 74 'store' 'store_ln12' <Predicate = (phi_ln35_load == 2)> <Delay = 0.69> <CoreInst = "RAM">   --->   Core 83 'RAM' <Latency = 1> <II = 1> <Delay = 0.69> <Storage> <Opcode : 'load' 'store'> <Ports = 2> <Width = 32> <Depth = 4> <RAM>
ST_1 : Operation 75 [1/1] (0.00ns)   --->   "%br_ln0 = br void %arrayctor.loop.i.i141371"   --->   Operation 75 'br' 'br_ln0' <Predicate = (phi_ln35_load == 2)> <Delay = 0.00>
ST_1 : Operation 76 [1/1] (0.69ns)   --->   "%store_ln14 = store i32 0, i2 %pe_array_pe_val_1_addr_9" [sysArray_complex/sysArray.cpp:14]   --->   Operation 76 'store' 'store_ln14' <Predicate = (phi_ln35_load == 1)> <Delay = 0.69> <CoreInst = "RAM">   --->   Core 83 'RAM' <Latency = 1> <II = 1> <Delay = 0.69> <Storage> <Opcode : 'load' 'store'> <Ports = 2> <Width = 32> <Depth = 4> <RAM>
ST_1 : Operation 77 [1/1] (0.69ns)   --->   "%store_ln12 = store i32 0, i2 %pe_array_pe_a_pass_1_addr_5" [sysArray_complex/sysArray.cpp:12]   --->   Operation 77 'store' 'store_ln12' <Predicate = (phi_ln35_load == 1)> <Delay = 0.69> <CoreInst = "RAM">   --->   Core 83 'RAM' <Latency = 1> <II = 1> <Delay = 0.69> <Storage> <Opcode : 'load' 'store'> <Ports = 2> <Width = 32> <Depth = 4> <RAM>
ST_1 : Operation 78 [1/1] (0.00ns)   --->   "%br_ln0 = br void %arrayctor.loop.i.i141371"   --->   Operation 78 'br' 'br_ln0' <Predicate = (phi_ln35_load == 1)> <Delay = 0.00>
ST_1 : Operation 79 [1/1] (0.69ns)   --->   "%store_ln14 = store i32 0, i2 %pe_array_pe_val_0_addr" [sysArray_complex/sysArray.cpp:14]   --->   Operation 79 'store' 'store_ln14' <Predicate = (phi_ln35_load == 0)> <Delay = 0.69> <CoreInst = "RAM">   --->   Core 83 'RAM' <Latency = 1> <II = 1> <Delay = 0.69> <Storage> <Opcode : 'load' 'store'> <Ports = 2> <Width = 32> <Depth = 4> <RAM>
ST_1 : Operation 80 [1/1] (0.69ns)   --->   "%store_ln12 = store i32 0, i2 %pe_array_pe_a_pass_0_addr_4" [sysArray_complex/sysArray.cpp:12]   --->   Operation 80 'store' 'store_ln12' <Predicate = (phi_ln35_load == 0)> <Delay = 0.69> <CoreInst = "RAM">   --->   Core 83 'RAM' <Latency = 1> <II = 1> <Delay = 0.69> <Storage> <Opcode : 'load' 'store'> <Ports = 2> <Width = 32> <Depth = 4> <RAM>
ST_1 : Operation 81 [1/1] (0.00ns)   --->   "%br_ln0 = br void %arrayctor.loop.i.i141371"   --->   Operation 81 'br' 'br_ln0' <Predicate = (phi_ln35_load == 0)> <Delay = 0.00>
ST_1 : Operation 82 [1/1] (0.69ns)   --->   "%store_ln14 = store i32 0, i2 %pe_array_pe_val_3_addr_9" [sysArray_complex/sysArray.cpp:14]   --->   Operation 82 'store' 'store_ln14' <Predicate = (phi_ln35_load == 3)> <Delay = 0.69> <CoreInst = "RAM">   --->   Core 83 'RAM' <Latency = 1> <II = 1> <Delay = 0.69> <Storage> <Opcode : 'load' 'store'> <Ports = 2> <Width = 32> <Depth = 4> <RAM>
ST_1 : Operation 83 [1/1] (0.69ns)   --->   "%store_ln12 = store i32 0, i2 %pe_array_pe_a_pass_3_addr_5" [sysArray_complex/sysArray.cpp:12]   --->   Operation 83 'store' 'store_ln12' <Predicate = (phi_ln35_load == 3)> <Delay = 0.69> <CoreInst = "RAM">   --->   Core 83 'RAM' <Latency = 1> <II = 1> <Delay = 0.69> <Storage> <Opcode : 'load' 'store'> <Ports = 2> <Width = 32> <Depth = 4> <RAM>
ST_1 : Operation 84 [1/1] (0.00ns)   --->   "%br_ln0 = br void %arrayctor.loop.i.i141371"   --->   Operation 84 'br' 'br_ln0' <Predicate = (phi_ln35_load == 3)> <Delay = 0.00>
ST_1 : Operation 85 [1/1] (0.65ns)   --->   "%switch_ln13 = switch i2 %phi_ln35_load, void %arrayctor.loop.i.i141255487, i2 0, void %branch32, i2 1, void %branch33, i2 2, void %branch34" [sysArray_complex/sysArray.cpp:13]   --->   Operation 85 'switch' 'switch_ln13' <Predicate = true> <Delay = 0.65>
ST_1 : Operation 86 [1/1] (0.69ns)   --->   "%store_ln13 = store i32 0, i2 %pe_array_pe_b_pass_2_addr_5" [sysArray_complex/sysArray.cpp:13]   --->   Operation 86 'store' 'store_ln13' <Predicate = (phi_ln35_load == 2)> <Delay = 0.69> <CoreInst = "RAM">   --->   Core 83 'RAM' <Latency = 1> <II = 1> <Delay = 0.69> <Storage> <Opcode : 'load' 'store'> <Ports = 2> <Width = 32> <Depth = 4> <RAM>
ST_1 : Operation 87 [1/1] (0.00ns)   --->   "%br_ln13 = br void %arrayctor.loop.i.i141255487" [sysArray_complex/sysArray.cpp:13]   --->   Operation 87 'br' 'br_ln13' <Predicate = (phi_ln35_load == 2)> <Delay = 0.00>
ST_1 : Operation 88 [1/1] (0.69ns)   --->   "%store_ln13 = store i32 0, i2 %pe_array_pe_b_pass_1_addr_5" [sysArray_complex/sysArray.cpp:13]   --->   Operation 88 'store' 'store_ln13' <Predicate = (phi_ln35_load == 1)> <Delay = 0.69> <CoreInst = "RAM">   --->   Core 83 'RAM' <Latency = 1> <II = 1> <Delay = 0.69> <Storage> <Opcode : 'load' 'store'> <Ports = 2> <Width = 32> <Depth = 4> <RAM>
ST_1 : Operation 89 [1/1] (0.00ns)   --->   "%br_ln13 = br void %arrayctor.loop.i.i141255487" [sysArray_complex/sysArray.cpp:13]   --->   Operation 89 'br' 'br_ln13' <Predicate = (phi_ln35_load == 1)> <Delay = 0.00>
ST_1 : Operation 90 [1/1] (0.69ns)   --->   "%store_ln13 = store i32 0, i2 %pe_array_pe_b_pass_0_addr_5" [sysArray_complex/sysArray.cpp:13]   --->   Operation 90 'store' 'store_ln13' <Predicate = (phi_ln35_load == 0)> <Delay = 0.69> <CoreInst = "RAM">   --->   Core 83 'RAM' <Latency = 1> <II = 1> <Delay = 0.69> <Storage> <Opcode : 'load' 'store'> <Ports = 2> <Width = 32> <Depth = 4> <RAM>
ST_1 : Operation 91 [1/1] (0.00ns)   --->   "%br_ln13 = br void %arrayctor.loop.i.i141255487" [sysArray_complex/sysArray.cpp:13]   --->   Operation 91 'br' 'br_ln13' <Predicate = (phi_ln35_load == 0)> <Delay = 0.00>
ST_1 : Operation 92 [1/1] (0.65ns)   --->   "%switch_ln14 = switch i2 %phi_ln35_load, void %branch107, i2 0, void %branch104, i2 1, void %branch105, i2 2, void %branch106" [sysArray_complex/sysArray.cpp:14]   --->   Operation 92 'switch' 'switch_ln14' <Predicate = true> <Delay = 0.65>
ST_1 : Operation 93 [1/1] (0.69ns)   --->   "%store_ln14 = store i32 0, i2 %pe_array_pe_val_2_addr_8" [sysArray_complex/sysArray.cpp:14]   --->   Operation 93 'store' 'store_ln14' <Predicate = (phi_ln35_load == 2)> <Delay = 0.69> <CoreInst = "RAM">   --->   Core 83 'RAM' <Latency = 1> <II = 1> <Delay = 0.69> <Storage> <Opcode : 'load' 'store'> <Ports = 2> <Width = 32> <Depth = 4> <RAM>
ST_1 : Operation 94 [1/1] (0.69ns)   --->   "%store_ln14 = store i32 0, i2 %pe_array_pe_val_1_addr_8" [sysArray_complex/sysArray.cpp:14]   --->   Operation 94 'store' 'store_ln14' <Predicate = (phi_ln35_load == 1)> <Delay = 0.69> <CoreInst = "RAM">   --->   Core 83 'RAM' <Latency = 1> <II = 1> <Delay = 0.69> <Storage> <Opcode : 'load' 'store'> <Ports = 2> <Width = 32> <Depth = 4> <RAM>
ST_1 : Operation 95 [1/1] (0.69ns)   --->   "%store_ln14 = store i32 0, i2 %pe_array_pe_val_0_addr_7" [sysArray_complex/sysArray.cpp:14]   --->   Operation 95 'store' 'store_ln14' <Predicate = (phi_ln35_load == 0)> <Delay = 0.69> <CoreInst = "RAM">   --->   Core 83 'RAM' <Latency = 1> <II = 1> <Delay = 0.69> <Storage> <Opcode : 'load' 'store'> <Ports = 2> <Width = 32> <Depth = 4> <RAM>
ST_1 : Operation 96 [1/1] (0.69ns)   --->   "%store_ln14 = store i32 0, i2 %pe_array_pe_val_3_addr_8" [sysArray_complex/sysArray.cpp:14]   --->   Operation 96 'store' 'store_ln14' <Predicate = (phi_ln35_load == 3)> <Delay = 0.69> <CoreInst = "RAM">   --->   Core 83 'RAM' <Latency = 1> <II = 1> <Delay = 0.69> <Storage> <Opcode : 'load' 'store'> <Ports = 2> <Width = 32> <Depth = 4> <RAM>

State 2 <SV = 1> <Delay = 0.73>
ST_2 : Operation 97 [1/1] (0.69ns)   --->   "%store_ln12 = store i32 0, i2 %pe_array_pe_a_pass_2_addr_4" [sysArray_complex/sysArray.cpp:12]   --->   Operation 97 'store' 'store_ln12' <Predicate = (phi_ln35_load == 2)> <Delay = 0.69> <CoreInst = "RAM">   --->   Core 83 'RAM' <Latency = 1> <II = 1> <Delay = 0.69> <Storage> <Opcode : 'load' 'store'> <Ports = 2> <Width = 32> <Depth = 4> <RAM>
ST_2 : Operation 98 [1/1] (0.00ns)   --->   "%br_ln0 = br void %arrayctor.loop.i.i135365"   --->   Operation 98 'br' 'br_ln0' <Predicate = (phi_ln35_load == 2)> <Delay = 0.00>
ST_2 : Operation 99 [1/1] (0.69ns)   --->   "%store_ln12 = store i32 0, i2 %pe_array_pe_a_pass_1_addr_4" [sysArray_complex/sysArray.cpp:12]   --->   Operation 99 'store' 'store_ln12' <Predicate = (phi_ln35_load == 1)> <Delay = 0.69> <CoreInst = "RAM">   --->   Core 83 'RAM' <Latency = 1> <II = 1> <Delay = 0.69> <Storage> <Opcode : 'load' 'store'> <Ports = 2> <Width = 32> <Depth = 4> <RAM>
ST_2 : Operation 100 [1/1] (0.00ns)   --->   "%br_ln0 = br void %arrayctor.loop.i.i135365"   --->   Operation 100 'br' 'br_ln0' <Predicate = (phi_ln35_load == 1)> <Delay = 0.00>
ST_2 : Operation 101 [1/1] (0.69ns)   --->   "%store_ln12 = store i32 0, i2 %pe_array_pe_a_pass_0_addr_5" [sysArray_complex/sysArray.cpp:12]   --->   Operation 101 'store' 'store_ln12' <Predicate = (phi_ln35_load == 0)> <Delay = 0.69> <CoreInst = "RAM">   --->   Core 83 'RAM' <Latency = 1> <II = 1> <Delay = 0.69> <Storage> <Opcode : 'load' 'store'> <Ports = 2> <Width = 32> <Depth = 4> <RAM>
ST_2 : Operation 102 [1/1] (0.00ns)   --->   "%br_ln0 = br void %arrayctor.loop.i.i135365"   --->   Operation 102 'br' 'br_ln0' <Predicate = (phi_ln35_load == 0)> <Delay = 0.00>
ST_2 : Operation 103 [1/1] (0.69ns)   --->   "%store_ln12 = store i32 0, i2 %pe_array_pe_a_pass_3_addr_4" [sysArray_complex/sysArray.cpp:12]   --->   Operation 103 'store' 'store_ln12' <Predicate = (phi_ln35_load == 3)> <Delay = 0.69> <CoreInst = "RAM">   --->   Core 83 'RAM' <Latency = 1> <II = 1> <Delay = 0.69> <Storage> <Opcode : 'load' 'store'> <Ports = 2> <Width = 32> <Depth = 4> <RAM>
ST_2 : Operation 104 [1/1] (0.00ns)   --->   "%br_ln0 = br void %arrayctor.loop.i.i135365"   --->   Operation 104 'br' 'br_ln0' <Predicate = (phi_ln35_load == 3)> <Delay = 0.00>
ST_2 : Operation 105 [1/1] (0.65ns)   --->   "%switch_ln13 = switch i2 %phi_ln35_load, void %arrayctor.loop.i.i135249481, i2 0, void %branch28, i2 1, void %branch29, i2 2, void %branch30" [sysArray_complex/sysArray.cpp:13]   --->   Operation 105 'switch' 'switch_ln13' <Predicate = true> <Delay = 0.65>
ST_2 : Operation 106 [1/1] (0.69ns)   --->   "%store_ln13 = store i32 0, i2 %pe_array_pe_b_pass_2_addr_4" [sysArray_complex/sysArray.cpp:13]   --->   Operation 106 'store' 'store_ln13' <Predicate = (phi_ln35_load == 2)> <Delay = 0.69> <CoreInst = "RAM">   --->   Core 83 'RAM' <Latency = 1> <II = 1> <Delay = 0.69> <Storage> <Opcode : 'load' 'store'> <Ports = 2> <Width = 32> <Depth = 4> <RAM>
ST_2 : Operation 107 [1/1] (0.00ns)   --->   "%br_ln13 = br void %arrayctor.loop.i.i135249481" [sysArray_complex/sysArray.cpp:13]   --->   Operation 107 'br' 'br_ln13' <Predicate = (phi_ln35_load == 2)> <Delay = 0.00>
ST_2 : Operation 108 [1/1] (0.69ns)   --->   "%store_ln13 = store i32 0, i2 %pe_array_pe_b_pass_1_addr_4" [sysArray_complex/sysArray.cpp:13]   --->   Operation 108 'store' 'store_ln13' <Predicate = (phi_ln35_load == 1)> <Delay = 0.69> <CoreInst = "RAM">   --->   Core 83 'RAM' <Latency = 1> <II = 1> <Delay = 0.69> <Storage> <Opcode : 'load' 'store'> <Ports = 2> <Width = 32> <Depth = 4> <RAM>
ST_2 : Operation 109 [1/1] (0.00ns)   --->   "%br_ln13 = br void %arrayctor.loop.i.i135249481" [sysArray_complex/sysArray.cpp:13]   --->   Operation 109 'br' 'br_ln13' <Predicate = (phi_ln35_load == 1)> <Delay = 0.00>
ST_2 : Operation 110 [1/1] (0.69ns)   --->   "%store_ln13 = store i32 0, i2 %pe_array_pe_b_pass_0_addr_4" [sysArray_complex/sysArray.cpp:13]   --->   Operation 110 'store' 'store_ln13' <Predicate = (phi_ln35_load == 0)> <Delay = 0.69> <CoreInst = "RAM">   --->   Core 83 'RAM' <Latency = 1> <II = 1> <Delay = 0.69> <Storage> <Opcode : 'load' 'store'> <Ports = 2> <Width = 32> <Depth = 4> <RAM>
ST_2 : Operation 111 [1/1] (0.00ns)   --->   "%br_ln13 = br void %arrayctor.loop.i.i135249481" [sysArray_complex/sysArray.cpp:13]   --->   Operation 111 'br' 'br_ln13' <Predicate = (phi_ln35_load == 0)> <Delay = 0.00>
ST_2 : Operation 112 [1/1] (0.65ns)   --->   "%switch_ln14 = switch i2 %phi_ln35_load, void %branch103, i2 0, void %branch100, i2 1, void %branch101, i2 2, void %branch102" [sysArray_complex/sysArray.cpp:14]   --->   Operation 112 'switch' 'switch_ln14' <Predicate = true> <Delay = 0.65>
ST_2 : Operation 113 [1/1] (0.69ns)   --->   "%store_ln14 = store i32 0, i2 %pe_array_pe_val_2_addr_7" [sysArray_complex/sysArray.cpp:14]   --->   Operation 113 'store' 'store_ln14' <Predicate = (phi_ln35_load == 2)> <Delay = 0.69> <CoreInst = "RAM">   --->   Core 83 'RAM' <Latency = 1> <II = 1> <Delay = 0.69> <Storage> <Opcode : 'load' 'store'> <Ports = 2> <Width = 32> <Depth = 4> <RAM>
ST_2 : Operation 114 [1/1] (0.69ns)   --->   "%store_ln12 = store i32 0, i2 %pe_array_pe_a_pass_2_addr" [sysArray_complex/sysArray.cpp:12]   --->   Operation 114 'store' 'store_ln12' <Predicate = (phi_ln35_load == 2)> <Delay = 0.69> <CoreInst = "RAM">   --->   Core 83 'RAM' <Latency = 1> <II = 1> <Delay = 0.69> <Storage> <Opcode : 'load' 'store'> <Ports = 2> <Width = 32> <Depth = 4> <RAM>
ST_2 : Operation 115 [1/1] (0.00ns)   --->   "%br_ln0 = br void %arrayctor.loop.i.i129359"   --->   Operation 115 'br' 'br_ln0' <Predicate = (phi_ln35_load == 2)> <Delay = 0.00>
ST_2 : Operation 116 [1/1] (0.69ns)   --->   "%store_ln14 = store i32 0, i2 %pe_array_pe_val_1_addr_7" [sysArray_complex/sysArray.cpp:14]   --->   Operation 116 'store' 'store_ln14' <Predicate = (phi_ln35_load == 1)> <Delay = 0.69> <CoreInst = "RAM">   --->   Core 83 'RAM' <Latency = 1> <II = 1> <Delay = 0.69> <Storage> <Opcode : 'load' 'store'> <Ports = 2> <Width = 32> <Depth = 4> <RAM>
ST_2 : Operation 117 [1/1] (0.69ns)   --->   "%store_ln12 = store i32 0, i2 %pe_array_pe_a_pass_1_addr" [sysArray_complex/sysArray.cpp:12]   --->   Operation 117 'store' 'store_ln12' <Predicate = (phi_ln35_load == 1)> <Delay = 0.69> <CoreInst = "RAM">   --->   Core 83 'RAM' <Latency = 1> <II = 1> <Delay = 0.69> <Storage> <Opcode : 'load' 'store'> <Ports = 2> <Width = 32> <Depth = 4> <RAM>
ST_2 : Operation 118 [1/1] (0.00ns)   --->   "%br_ln0 = br void %arrayctor.loop.i.i129359"   --->   Operation 118 'br' 'br_ln0' <Predicate = (phi_ln35_load == 1)> <Delay = 0.00>
ST_2 : Operation 119 [1/1] (0.69ns)   --->   "%store_ln14 = store i32 0, i2 %pe_array_pe_val_0_addr_8" [sysArray_complex/sysArray.cpp:14]   --->   Operation 119 'store' 'store_ln14' <Predicate = (phi_ln35_load == 0)> <Delay = 0.69> <CoreInst = "RAM">   --->   Core 83 'RAM' <Latency = 1> <II = 1> <Delay = 0.69> <Storage> <Opcode : 'load' 'store'> <Ports = 2> <Width = 32> <Depth = 4> <RAM>
ST_2 : Operation 120 [1/1] (0.69ns)   --->   "%store_ln12 = store i32 0, i2 %pe_array_pe_a_pass_0_addr_6" [sysArray_complex/sysArray.cpp:12]   --->   Operation 120 'store' 'store_ln12' <Predicate = (phi_ln35_load == 0)> <Delay = 0.69> <CoreInst = "RAM">   --->   Core 83 'RAM' <Latency = 1> <II = 1> <Delay = 0.69> <Storage> <Opcode : 'load' 'store'> <Ports = 2> <Width = 32> <Depth = 4> <RAM>
ST_2 : Operation 121 [1/1] (0.00ns)   --->   "%br_ln0 = br void %arrayctor.loop.i.i129359"   --->   Operation 121 'br' 'br_ln0' <Predicate = (phi_ln35_load == 0)> <Delay = 0.00>
ST_2 : Operation 122 [1/1] (0.69ns)   --->   "%store_ln14 = store i32 0, i2 %pe_array_pe_val_3_addr_7" [sysArray_complex/sysArray.cpp:14]   --->   Operation 122 'store' 'store_ln14' <Predicate = (phi_ln35_load == 3)> <Delay = 0.69> <CoreInst = "RAM">   --->   Core 83 'RAM' <Latency = 1> <II = 1> <Delay = 0.69> <Storage> <Opcode : 'load' 'store'> <Ports = 2> <Width = 32> <Depth = 4> <RAM>
ST_2 : Operation 123 [1/1] (0.69ns)   --->   "%store_ln12 = store i32 0, i2 %pe_array_pe_a_pass_3_addr" [sysArray_complex/sysArray.cpp:12]   --->   Operation 123 'store' 'store_ln12' <Predicate = (phi_ln35_load == 3)> <Delay = 0.69> <CoreInst = "RAM">   --->   Core 83 'RAM' <Latency = 1> <II = 1> <Delay = 0.69> <Storage> <Opcode : 'load' 'store'> <Ports = 2> <Width = 32> <Depth = 4> <RAM>
ST_2 : Operation 124 [1/1] (0.00ns)   --->   "%br_ln0 = br void %arrayctor.loop.i.i129359"   --->   Operation 124 'br' 'br_ln0' <Predicate = (phi_ln35_load == 3)> <Delay = 0.00>
ST_2 : Operation 125 [1/1] (0.65ns)   --->   "%switch_ln13 = switch i2 %phi_ln35_load, void %arrayctor.loop.i.i129243475, i2 0, void %branch24, i2 1, void %branch25, i2 2, void %branch26" [sysArray_complex/sysArray.cpp:13]   --->   Operation 125 'switch' 'switch_ln13' <Predicate = true> <Delay = 0.65>
ST_2 : Operation 126 [1/1] (0.69ns)   --->   "%store_ln13 = store i32 0, i2 %pe_array_pe_b_pass_2_addr" [sysArray_complex/sysArray.cpp:13]   --->   Operation 126 'store' 'store_ln13' <Predicate = (phi_ln35_load == 2)> <Delay = 0.69> <CoreInst = "RAM">   --->   Core 83 'RAM' <Latency = 1> <II = 1> <Delay = 0.69> <Storage> <Opcode : 'load' 'store'> <Ports = 2> <Width = 32> <Depth = 4> <RAM>
ST_2 : Operation 127 [1/1] (0.00ns)   --->   "%br_ln13 = br void %arrayctor.loop.i.i129243475" [sysArray_complex/sysArray.cpp:13]   --->   Operation 127 'br' 'br_ln13' <Predicate = (phi_ln35_load == 2)> <Delay = 0.00>
ST_2 : Operation 128 [1/1] (0.69ns)   --->   "%store_ln13 = store i32 0, i2 %pe_array_pe_b_pass_1_addr" [sysArray_complex/sysArray.cpp:13]   --->   Operation 128 'store' 'store_ln13' <Predicate = (phi_ln35_load == 1)> <Delay = 0.69> <CoreInst = "RAM">   --->   Core 83 'RAM' <Latency = 1> <II = 1> <Delay = 0.69> <Storage> <Opcode : 'load' 'store'> <Ports = 2> <Width = 32> <Depth = 4> <RAM>
ST_2 : Operation 129 [1/1] (0.00ns)   --->   "%br_ln13 = br void %arrayctor.loop.i.i129243475" [sysArray_complex/sysArray.cpp:13]   --->   Operation 129 'br' 'br_ln13' <Predicate = (phi_ln35_load == 1)> <Delay = 0.00>
ST_2 : Operation 130 [1/1] (0.69ns)   --->   "%store_ln13 = store i32 0, i2 %pe_array_pe_b_pass_0_addr" [sysArray_complex/sysArray.cpp:13]   --->   Operation 130 'store' 'store_ln13' <Predicate = (phi_ln35_load == 0)> <Delay = 0.69> <CoreInst = "RAM">   --->   Core 83 'RAM' <Latency = 1> <II = 1> <Delay = 0.69> <Storage> <Opcode : 'load' 'store'> <Ports = 2> <Width = 32> <Depth = 4> <RAM>
ST_2 : Operation 131 [1/1] (0.00ns)   --->   "%br_ln13 = br void %arrayctor.loop.i.i129243475" [sysArray_complex/sysArray.cpp:13]   --->   Operation 131 'br' 'br_ln13' <Predicate = (phi_ln35_load == 0)> <Delay = 0.00>
ST_2 : Operation 132 [1/1] (0.65ns)   --->   "%switch_ln14 = switch i2 %phi_ln35_load, void %branch99, i2 0, void %branch96, i2 1, void %branch97, i2 2, void %branch98" [sysArray_complex/sysArray.cpp:14]   --->   Operation 132 'switch' 'switch_ln14' <Predicate = true> <Delay = 0.65>
ST_2 : Operation 133 [1/1] (0.69ns)   --->   "%store_ln14 = store i32 0, i2 %pe_array_pe_val_2_addr" [sysArray_complex/sysArray.cpp:14]   --->   Operation 133 'store' 'store_ln14' <Predicate = (phi_ln35_load == 2)> <Delay = 0.69> <CoreInst = "RAM">   --->   Core 83 'RAM' <Latency = 1> <II = 1> <Delay = 0.69> <Storage> <Opcode : 'load' 'store'> <Ports = 2> <Width = 32> <Depth = 4> <RAM>
ST_2 : Operation 134 [1/1] (0.00ns)   --->   "%br_ln14 = br void %arrayctor.loop.i.i129243475610" [sysArray_complex/sysArray.cpp:14]   --->   Operation 134 'br' 'br_ln14' <Predicate = (phi_ln35_load == 2)> <Delay = 0.00>
ST_2 : Operation 135 [1/1] (0.69ns)   --->   "%store_ln14 = store i32 0, i2 %pe_array_pe_val_1_addr" [sysArray_complex/sysArray.cpp:14]   --->   Operation 135 'store' 'store_ln14' <Predicate = (phi_ln35_load == 1)> <Delay = 0.69> <CoreInst = "RAM">   --->   Core 83 'RAM' <Latency = 1> <II = 1> <Delay = 0.69> <Storage> <Opcode : 'load' 'store'> <Ports = 2> <Width = 32> <Depth = 4> <RAM>
ST_2 : Operation 136 [1/1] (0.00ns)   --->   "%br_ln14 = br void %arrayctor.loop.i.i129243475610" [sysArray_complex/sysArray.cpp:14]   --->   Operation 136 'br' 'br_ln14' <Predicate = (phi_ln35_load == 1)> <Delay = 0.00>
ST_2 : Operation 137 [1/1] (0.69ns)   --->   "%store_ln14 = store i32 0, i2 %pe_array_pe_val_0_addr_9" [sysArray_complex/sysArray.cpp:14]   --->   Operation 137 'store' 'store_ln14' <Predicate = (phi_ln35_load == 0)> <Delay = 0.69> <CoreInst = "RAM">   --->   Core 83 'RAM' <Latency = 1> <II = 1> <Delay = 0.69> <Storage> <Opcode : 'load' 'store'> <Ports = 2> <Width = 32> <Depth = 4> <RAM>
ST_2 : Operation 138 [1/1] (0.00ns)   --->   "%br_ln14 = br void %arrayctor.loop.i.i129243475610" [sysArray_complex/sysArray.cpp:14]   --->   Operation 138 'br' 'br_ln14' <Predicate = (phi_ln35_load == 0)> <Delay = 0.00>
ST_2 : Operation 139 [1/1] (0.69ns)   --->   "%store_ln14 = store i32 0, i2 %pe_array_pe_val_3_addr" [sysArray_complex/sysArray.cpp:14]   --->   Operation 139 'store' 'store_ln14' <Predicate = (phi_ln35_load == 3)> <Delay = 0.69> <CoreInst = "RAM">   --->   Core 83 'RAM' <Latency = 1> <II = 1> <Delay = 0.69> <Storage> <Opcode : 'load' 'store'> <Ports = 2> <Width = 32> <Depth = 4> <RAM>
ST_2 : Operation 140 [1/1] (0.00ns)   --->   "%br_ln14 = br void %arrayctor.loop.i.i129243475610" [sysArray_complex/sysArray.cpp:14]   --->   Operation 140 'br' 'br_ln14' <Predicate = (phi_ln35_load == 3)> <Delay = 0.00>
ST_2 : Operation 141 [1/1] (0.34ns)   --->   "%icmp_ln35 = icmp_eq  i2 %phi_ln35_load, i2 3" [sysArray_complex/sysArray.cpp:35->sysArray_complex/sysArray.cpp:101]   --->   Operation 141 'icmp' 'icmp_ln35' <Predicate = true> <Delay = 0.34> <CoreInst = "Cmp">   --->   Core 9 'Cmp' <Latency = 0> <II = 1> <Delay = 0.34> <FuncUnit> <Opcode : 'icmp'> <InPorts = 2> <OutPorts = 1>
ST_2 : Operation 142 [1/1] (0.00ns)   --->   "%br_ln35 = br i1 %icmp_ln35, void %arrayctor.loop.i.i129243475610.arrayctor.loop.i.i_crit_edge, void %.preheader.i.preheader.preheader.exitStub" [sysArray_complex/sysArray.cpp:35->sysArray_complex/sysArray.cpp:101]   --->   Operation 142 'br' 'br_ln35' <Predicate = true> <Delay = 0.00>
ST_2 : Operation 143 [1/1] (0.38ns)   --->   "%store_ln35 = store i2 %add_ln35, i2 %phi_ln35" [sysArray_complex/sysArray.cpp:35->sysArray_complex/sysArray.cpp:101]   --->   Operation 143 'store' 'store_ln35' <Predicate = (!icmp_ln35)> <Delay = 0.38>
ST_2 : Operation 144 [1/1] (0.00ns)   --->   "%br_ln35 = br void %arrayctor.loop.i.i" [sysArray_complex/sysArray.cpp:35->sysArray_complex/sysArray.cpp:101]   --->   Operation 144 'br' 'br_ln35' <Predicate = (!icmp_ln35)> <Delay = 0.00>
ST_2 : Operation 145 [1/1] (0.00ns)   --->   "%ret_ln0 = ret"   --->   Operation 145 'ret' 'ret_ln0' <Predicate = (icmp_ln35)> <Delay = 0.00>


============================================================
+ Verbose Summary: Timing violations
============================================================
Target clock period: 3ns, clock uncertainty: 0.81ns.

 <State 1>: 0.699ns
The critical path consists of the following:
	'getelementptr' operation ('pe_array_pe_b_pass_2_addr_5', sysArray_complex/sysArray.cpp:35->sysArray_complex/sysArray.cpp:101) [40]  (0 ns)
	'store' operation ('store_ln13', sysArray_complex/sysArray.cpp:13) of constant 0 on array 'pe_array_pe_b_pass_2' [109]  (0.699 ns)

 <State 2>: 0.73ns
The critical path consists of the following:
	'store' operation ('store_ln14', sysArray_complex/sysArray.cpp:14) of constant 0 on array 'pe_array_pe_val_3' [187]  (0.699 ns)
	blocking operation 0.031 ns on control path)


============================================================
+ Verbose Summary: Binding
============================================================
N/A
* FSMD analyzer results:
  - Output states:
 - Input state : 
  - Chain level:
	State 1
	State 2


============================================================
+ Verbose Summary: Datapath Resource usage 
============================================================
N/A
