

================================================================
== Vitis HLS Report for 'Loop_1_proc1_Pipeline_VITIS_LOOP_210_6'
================================================================
* Date:           Wed Sep 28 12:35:26 2022

* Version:        2021.1 (Build 3247384 on Thu Jun 10 19:36:07 MDT 2021)
* Project:        sysArray_complex
* Solution:       solution1 (Vivado IP Flow Target)
* Product family: virtexuplus
* Target device:  xcu50-fsvh2104-2-e


================================================================
== Performance Estimates
================================================================
+ Timing: 
    * Summary: 
    +--------+---------+----------+------------+
    |  Clock |  Target | Estimated| Uncertainty|
    +--------+---------+----------+------------+
    |ap_clk  |  3.00 ns|  2.190 ns|     0.81 ns|
    +--------+---------+----------+------------+

+ Latency: 
    * Summary: 
    +---------+---------+-----------+-----------+-----+-----+---------+
    |  Latency (cycles) |   Latency (absolute)  |  Interval | Pipeline|
    |   min   |   max   |    min    |    max    | min | max |   Type  |
    +---------+---------+-----------+-----------+-----+-----+---------+
    |       24|       24|  72.000 ns|  72.000 ns|   24|   24|       no|
    +---------+---------+-----------+-----------+-----+-----+---------+

    + Detail: 
        * Instance: 
        N/A

        * Loop: 
        +--------------------+---------+---------+----------+-----------+-----------+------+----------+
        |                    |  Latency (cycles) | Iteration|  Initiation Interval  | Trip |          |
        |      Loop Name     |   min   |   max   |  Latency |  achieved |   target  | Count| Pipelined|
        +--------------------+---------+---------+----------+-----------+-----------+------+----------+
        |- VITIS_LOOP_210_6  |       22|       22|        11|          4|          1|     4|       yes|
        +--------------------+---------+---------+----------+-----------+-----------+------+----------+

============================================================
+ Verbose Summary: Synthesis Manager
============================================================
InlineROM: 1
ExposeGlobal: 0
============================================================
+ Verbose Summary: CDFG Model
============================================================
IsTopModel: 0
ResetActiveHigh: 1
IsCombinational: 0
IsDatapathOnly: 0
HasWiredReturn: 1
HasMFsm: 2
HasVarLatency: 1
IsPipeline: 0
IsRtlPipelined: 0
IsInstanceOverlapped: 0
IsDontTouch: 0
HasImplIP: 0
IsGatedGlobalClock: 0

+ Individual pipeline summary: 
  * Pipeline-0: initiation interval (II) = 4, depth = 12


============================================================
+ Verbose Summary: Schedule
============================================================
* Number of FSM states : 12
* Pipeline : 1
  Pipeline-0 : II = 4, D = 12, States = { 1 2 3 4 5 6 7 8 9 10 11 12 }
* Dataflow Pipeline: 0

* FSM state transitions: 
1 --> 2 
2 --> 3 
3 --> 4 
4 --> 5 
5 --> 6 
6 --> 7 
7 --> 8 
8 --> 9 
9 --> 10 
10 --> 11 
11 --> 12 
12 --> 

* FSM state operations: 

State 1 <SV = 0> <Delay = 0.38>
ST_1 : Operation 14 [1/1] (0.00ns)   --->   "%phi_mul426 = alloca i32 1"   --->   Operation 14 'alloca' 'phi_mul426' <Predicate = true> <Delay = 0.00>
ST_1 : Operation 15 [1/1] (0.00ns)   --->   "%r = alloca i32 1"   --->   Operation 15 'alloca' 'r' <Predicate = true> <Delay = 0.00>
ST_1 : Operation 16 [1/1] (0.00ns)   --->   "%specinterface_ln0 = specinterface void @_ssdm_op_SpecInterface, i32 %gmem, void @empty_7, i32 0, i32 0, void @empty_8, i32 0, i32 64, void @empty_13, void @empty_15, void @empty_8, i32 16, i32 16, i32 16, i32 16, void @empty_8, void @empty_8"   --->   Operation 16 'specinterface' 'specinterface_ln0' <Predicate = true> <Delay = 0.00>
ST_1 : Operation 17 [1/1] (0.00ns)   --->   "%out_read = read i64 @_ssdm_op_Read.ap_auto.i64, i64 %out_r"   --->   Operation 17 'read' 'out_read' <Predicate = true> <Delay = 0.00>
ST_1 : Operation 18 [1/1] (0.00ns)   --->   "%shl_ln2_read = read i32 @_ssdm_op_Read.ap_auto.i32, i32 %shl_ln2"   --->   Operation 18 'read' 'shl_ln2_read' <Predicate = true> <Delay = 0.00>
ST_1 : Operation 19 [1/1] (0.00ns)   --->   "%shl_ln139_mid2_read = read i32 @_ssdm_op_Read.ap_auto.i32, i32 %shl_ln139_mid2"   --->   Operation 19 'read' 'shl_ln139_mid2_read' <Predicate = true> <Delay = 0.00>
ST_1 : Operation 20 [1/1] (0.00ns)   --->   "%cb_read = read i32 @_ssdm_op_Read.ap_auto.i32, i32 %cb"   --->   Operation 20 'read' 'cb_read' <Predicate = true> <Delay = 0.00>
ST_1 : Operation 21 [1/1] (0.38ns)   --->   "%store_ln0 = store i3 0, i3 %r"   --->   Operation 21 'store' 'store_ln0' <Predicate = true> <Delay = 0.38>
ST_1 : Operation 22 [1/1] (0.38ns)   --->   "%store_ln0 = store i32 0, i32 %phi_mul426"   --->   Operation 22 'store' 'store_ln0' <Predicate = true> <Delay = 0.38>
ST_1 : Operation 23 [1/1] (0.00ns)   --->   "%br_ln0 = br void %._crit_edge.loopexit"   --->   Operation 23 'br' 'br_ln0' <Predicate = true> <Delay = 0.00>

State 2 <SV = 1> <Delay = 1.87>
ST_2 : Operation 24 [1/1] (0.00ns)   --->   "%r_1 = load i3 %r" [sysArray_complex/sysArray.cpp:213]   --->   Operation 24 'load' 'r_1' <Predicate = true> <Delay = 0.00>
ST_2 : Operation 25 [1/1] (0.00ns)   --->   "%pe_array_pe_val_3_addr_5 = getelementptr i32 %pe_array_pe_val_3, i64 0, i64 1" [sysArray_complex/sysArray.cpp:35->sysArray_complex/sysArray.cpp:101]   --->   Operation 25 'getelementptr' 'pe_array_pe_val_3_addr_5' <Predicate = true> <Delay = 0.00>
ST_2 : Operation 26 [1/1] (0.00ns)   --->   "%pe_array_pe_val_2_addr_5 = getelementptr i32 %pe_array_pe_val_2, i64 0, i64 1" [sysArray_complex/sysArray.cpp:35->sysArray_complex/sysArray.cpp:101]   --->   Operation 26 'getelementptr' 'pe_array_pe_val_2_addr_5' <Predicate = true> <Delay = 0.00>
ST_2 : Operation 27 [1/1] (0.00ns)   --->   "%pe_array_pe_val_1_addr_5 = getelementptr i32 %pe_array_pe_val_1, i64 0, i64 1" [sysArray_complex/sysArray.cpp:35->sysArray_complex/sysArray.cpp:101]   --->   Operation 27 'getelementptr' 'pe_array_pe_val_1_addr_5' <Predicate = true> <Delay = 0.00>
ST_2 : Operation 28 [1/1] (0.00ns)   --->   "%pe_array_pe_val_0_addr_5 = getelementptr i32 %pe_array_pe_val_0, i64 0, i64 1" [sysArray_complex/sysArray.cpp:35->sysArray_complex/sysArray.cpp:101]   --->   Operation 28 'getelementptr' 'pe_array_pe_val_0_addr_5' <Predicate = true> <Delay = 0.00>
ST_2 : Operation 29 [1/1] (0.00ns)   --->   "%pe_array_pe_val_3_addr_6 = getelementptr i32 %pe_array_pe_val_3, i64 0, i64 0" [sysArray_complex/sysArray.cpp:35->sysArray_complex/sysArray.cpp:101]   --->   Operation 29 'getelementptr' 'pe_array_pe_val_3_addr_6' <Predicate = true> <Delay = 0.00>
ST_2 : Operation 30 [1/1] (0.00ns)   --->   "%pe_array_pe_val_2_addr_6 = getelementptr i32 %pe_array_pe_val_2, i64 0, i64 0" [sysArray_complex/sysArray.cpp:35->sysArray_complex/sysArray.cpp:101]   --->   Operation 30 'getelementptr' 'pe_array_pe_val_2_addr_6' <Predicate = true> <Delay = 0.00>
ST_2 : Operation 31 [1/1] (0.00ns)   --->   "%pe_array_pe_val_1_addr_6 = getelementptr i32 %pe_array_pe_val_1, i64 0, i64 0" [sysArray_complex/sysArray.cpp:35->sysArray_complex/sysArray.cpp:101]   --->   Operation 31 'getelementptr' 'pe_array_pe_val_1_addr_6' <Predicate = true> <Delay = 0.00>
ST_2 : Operation 32 [1/1] (0.00ns)   --->   "%pe_array_pe_val_0_addr_6 = getelementptr i32 %pe_array_pe_val_0, i64 0, i64 0" [sysArray_complex/sysArray.cpp:35->sysArray_complex/sysArray.cpp:101]   --->   Operation 32 'getelementptr' 'pe_array_pe_val_0_addr_6' <Predicate = true> <Delay = 0.00>
ST_2 : Operation 33 [1/1] (0.49ns)   --->   "%icmp_ln210 = icmp_eq  i3 %r_1, i3 4" [sysArray_complex/sysArray.cpp:210]   --->   Operation 33 'icmp' 'icmp_ln210' <Predicate = true> <Delay = 0.49> <CoreInst = "Cmp">   --->   Core 9 'Cmp' <Latency = 0> <II = 1> <Delay = 0.49> <FuncUnit> <Opcode : 'icmp'> <InPorts = 2> <OutPorts = 1>
ST_2 : Operation 34 [1/1] (0.57ns)   --->   "%add_ln210 = add i3 %r_1, i3 1" [sysArray_complex/sysArray.cpp:210]   --->   Operation 34 'add' 'add_ln210' <Predicate = true> <Delay = 0.57> <CoreInst = "Adder">   --->   Core 1 'Adder' <Latency = 0> <II = 1> <Delay = 1.14> <FuncUnit> <Opcode : 'add' 'sub'> <InPorts = 2> <OutPorts = 1>
ST_2 : Operation 35 [1/1] (0.00ns)   --->   "%br_ln210 = br i1 %icmp_ln210, void %.split17, void %.preheader.preheader.preheader.exitStub" [sysArray_complex/sysArray.cpp:210]   --->   Operation 35 'br' 'br_ln210' <Predicate = true> <Delay = 0.00>
ST_2 : Operation 36 [1/1] (0.00ns)   --->   "%phi_mul426_load = load i32 %phi_mul426" [sysArray_complex/sysArray.cpp:143]   --->   Operation 36 'load' 'phi_mul426_load' <Predicate = (!icmp_ln210)> <Delay = 0.00>
ST_2 : Operation 37 [1/1] (0.88ns)   --->   "%add_ln143 = add i32 %phi_mul426_load, i32 %cb_read" [sysArray_complex/sysArray.cpp:143]   --->   Operation 37 'add' 'add_ln143' <Predicate = (!icmp_ln210)> <Delay = 0.88> <CoreInst = "Adder">   --->   Core 1 'Adder' <Latency = 0> <II = 1> <Delay = 1.14> <FuncUnit> <Opcode : 'add' 'sub'> <InPorts = 2> <OutPorts = 1>
ST_2 : Operation 38 [1/1] (0.00ns) (grouped into TernaryAdder)   --->   "%tmp = add i32 %shl_ln139_mid2_read, i32 %phi_mul426_load" [sysArray_complex/sysArray.cpp:143]   --->   Operation 38 'add' 'tmp' <Predicate = (!icmp_ln210)> <Delay = 0.00> <CoreInst = "TAddSub">   --->   Core 10 'TAddSub' <Latency = 0> <II = 1> <Delay = 0.36> <IPBlock> <Opcode : 'add' 'sub'> <InPorts = 3> <OutPorts = 1> <Sync> <CReg>
ST_2 : Operation 39 [1/1] (0.73ns) (root node of TernaryAdder)   --->   "%empty_43 = add i32 %tmp, i32 %shl_ln2_read" [sysArray_complex/sysArray.cpp:143]   --->   Operation 39 'add' 'empty_43' <Predicate = (!icmp_ln210)> <Delay = 0.73> <CoreInst = "TAddSub">   --->   Core 10 'TAddSub' <Latency = 0> <II = 1> <Delay = 0.36> <IPBlock> <Opcode : 'add' 'sub'> <InPorts = 3> <OutPorts = 1> <Sync> <CReg>
ST_2 : Operation 40 [1/1] (0.00ns)   --->   "%tmp_5 = bitconcatenate i34 @_ssdm_op_BitConcatenate.i34.i32.i2, i32 %empty_43, i2 0" [sysArray_complex/sysArray.cpp:143]   --->   Operation 40 'bitconcatenate' 'tmp_5' <Predicate = (!icmp_ln210)> <Delay = 0.00>
ST_2 : Operation 41 [1/1] (0.00ns)   --->   "%p_cast10892 = zext i34 %tmp_5" [sysArray_complex/sysArray.cpp:143]   --->   Operation 41 'zext' 'p_cast10892' <Predicate = (!icmp_ln210)> <Delay = 0.00>
ST_2 : Operation 42 [1/1] (1.14ns)   --->   "%empty_44 = add i64 %p_cast10892, i64 %out_read" [sysArray_complex/sysArray.cpp:143]   --->   Operation 42 'add' 'empty_44' <Predicate = (!icmp_ln210)> <Delay = 1.14> <CoreInst = "Adder">   --->   Core 1 'Adder' <Latency = 0> <II = 1> <Delay = 1.14> <FuncUnit> <Opcode : 'add' 'sub'> <InPorts = 2> <OutPorts = 1>
ST_2 : Operation 43 [1/1] (0.00ns)   --->   "%trunc_ln9 = partselect i62 @_ssdm_op_PartSelect.i62.i64.i32.i32, i64 %empty_44, i32 2, i32 63" [sysArray_complex/sysArray.cpp:211]   --->   Operation 43 'partselect' 'trunc_ln9' <Predicate = (!icmp_ln210)> <Delay = 0.00>
ST_2 : Operation 44 [1/1] (0.00ns)   --->   "%sext_ln211 = sext i62 %trunc_ln9" [sysArray_complex/sysArray.cpp:211]   --->   Operation 44 'sext' 'sext_ln211' <Predicate = (!icmp_ln210)> <Delay = 0.00>
ST_2 : Operation 45 [1/1] (0.00ns)   --->   "%gmem_addr = getelementptr i32 %gmem, i64 %sext_ln211" [sysArray_complex/sysArray.cpp:211]   --->   Operation 45 'getelementptr' 'gmem_addr' <Predicate = (!icmp_ln210)> <Delay = 0.00>
ST_2 : Operation 46 [1/1] (0.00ns)   --->   "%trunc_ln213 = trunc i3 %r_1" [sysArray_complex/sysArray.cpp:213]   --->   Operation 46 'trunc' 'trunc_ln213' <Predicate = (!icmp_ln210)> <Delay = 0.00>
ST_2 : Operation 47 [2/2] (0.69ns)   --->   "%pe_array_pe_val_0_load = load i2 %pe_array_pe_val_0_addr_6" [sysArray_complex/sysArray.cpp:213]   --->   Operation 47 'load' 'pe_array_pe_val_0_load' <Predicate = (!icmp_ln210)> <Delay = 0.69> <CoreInst = "RAM">   --->   Core 83 'RAM' <Latency = 1> <II = 1> <Delay = 0.69> <Storage> <Opcode : 'load' 'store'> <Ports = 2> <Width = 32> <Depth = 4> <RAM>
ST_2 : Operation 48 [2/2] (0.69ns)   --->   "%pe_array_pe_val_1_load = load i2 %pe_array_pe_val_1_addr_6" [sysArray_complex/sysArray.cpp:213]   --->   Operation 48 'load' 'pe_array_pe_val_1_load' <Predicate = (!icmp_ln210)> <Delay = 0.69> <CoreInst = "RAM">   --->   Core 83 'RAM' <Latency = 1> <II = 1> <Delay = 0.69> <Storage> <Opcode : 'load' 'store'> <Ports = 2> <Width = 32> <Depth = 4> <RAM>
ST_2 : Operation 49 [2/2] (0.69ns)   --->   "%pe_array_pe_val_2_load = load i2 %pe_array_pe_val_2_addr_6" [sysArray_complex/sysArray.cpp:213]   --->   Operation 49 'load' 'pe_array_pe_val_2_load' <Predicate = (!icmp_ln210)> <Delay = 0.69> <CoreInst = "RAM">   --->   Core 83 'RAM' <Latency = 1> <II = 1> <Delay = 0.69> <Storage> <Opcode : 'load' 'store'> <Ports = 2> <Width = 32> <Depth = 4> <RAM>
ST_2 : Operation 50 [2/2] (0.69ns)   --->   "%pe_array_pe_val_3_load = load i2 %pe_array_pe_val_3_addr_6" [sysArray_complex/sysArray.cpp:213]   --->   Operation 50 'load' 'pe_array_pe_val_3_load' <Predicate = (!icmp_ln210)> <Delay = 0.69> <CoreInst = "RAM">   --->   Core 83 'RAM' <Latency = 1> <II = 1> <Delay = 0.69> <Storage> <Opcode : 'load' 'store'> <Ports = 2> <Width = 32> <Depth = 4> <RAM>
ST_2 : Operation 51 [2/2] (0.69ns)   --->   "%pe_array_pe_val_0_load_4 = load i2 %pe_array_pe_val_0_addr_5" [sysArray_complex/sysArray.cpp:213]   --->   Operation 51 'load' 'pe_array_pe_val_0_load_4' <Predicate = (!icmp_ln210)> <Delay = 0.69> <CoreInst = "RAM">   --->   Core 83 'RAM' <Latency = 1> <II = 1> <Delay = 0.69> <Storage> <Opcode : 'load' 'store'> <Ports = 2> <Width = 32> <Depth = 4> <RAM>
ST_2 : Operation 52 [2/2] (0.69ns)   --->   "%pe_array_pe_val_1_load_4 = load i2 %pe_array_pe_val_1_addr_5" [sysArray_complex/sysArray.cpp:213]   --->   Operation 52 'load' 'pe_array_pe_val_1_load_4' <Predicate = (!icmp_ln210)> <Delay = 0.69> <CoreInst = "RAM">   --->   Core 83 'RAM' <Latency = 1> <II = 1> <Delay = 0.69> <Storage> <Opcode : 'load' 'store'> <Ports = 2> <Width = 32> <Depth = 4> <RAM>
ST_2 : Operation 53 [2/2] (0.69ns)   --->   "%pe_array_pe_val_2_load_4 = load i2 %pe_array_pe_val_2_addr_5" [sysArray_complex/sysArray.cpp:213]   --->   Operation 53 'load' 'pe_array_pe_val_2_load_4' <Predicate = (!icmp_ln210)> <Delay = 0.69> <CoreInst = "RAM">   --->   Core 83 'RAM' <Latency = 1> <II = 1> <Delay = 0.69> <Storage> <Opcode : 'load' 'store'> <Ports = 2> <Width = 32> <Depth = 4> <RAM>
ST_2 : Operation 54 [2/2] (0.69ns)   --->   "%pe_array_pe_val_3_load_4 = load i2 %pe_array_pe_val_3_addr_5" [sysArray_complex/sysArray.cpp:213]   --->   Operation 54 'load' 'pe_array_pe_val_3_load_4' <Predicate = (!icmp_ln210)> <Delay = 0.69> <CoreInst = "RAM">   --->   Core 83 'RAM' <Latency = 1> <II = 1> <Delay = 0.69> <Storage> <Opcode : 'load' 'store'> <Ports = 2> <Width = 32> <Depth = 4> <RAM>
ST_2 : Operation 55 [1/1] (0.38ns)   --->   "%store_ln210 = store i3 %add_ln210, i3 %r" [sysArray_complex/sysArray.cpp:210]   --->   Operation 55 'store' 'store_ln210' <Predicate = (!icmp_ln210)> <Delay = 0.38>
ST_2 : Operation 56 [1/1] (0.38ns)   --->   "%store_ln143 = store i32 %add_ln143, i32 %phi_mul426" [sysArray_complex/sysArray.cpp:143]   --->   Operation 56 'store' 'store_ln143' <Predicate = (!icmp_ln210)> <Delay = 0.38>

State 3 <SV = 2> <Delay = 2.19>
ST_3 : Operation 57 [1/1] (0.00ns)   --->   "%pe_array_pe_val_3_addr = getelementptr i32 %pe_array_pe_val_3, i64 0, i64 3" [sysArray_complex/sysArray.cpp:35->sysArray_complex/sysArray.cpp:101]   --->   Operation 57 'getelementptr' 'pe_array_pe_val_3_addr' <Predicate = true> <Delay = 0.00>
ST_3 : Operation 58 [1/1] (0.00ns)   --->   "%pe_array_pe_val_2_addr = getelementptr i32 %pe_array_pe_val_2, i64 0, i64 3" [sysArray_complex/sysArray.cpp:35->sysArray_complex/sysArray.cpp:101]   --->   Operation 58 'getelementptr' 'pe_array_pe_val_2_addr' <Predicate = true> <Delay = 0.00>
ST_3 : Operation 59 [1/1] (0.00ns)   --->   "%pe_array_pe_val_1_addr = getelementptr i32 %pe_array_pe_val_1, i64 0, i64 3" [sysArray_complex/sysArray.cpp:35->sysArray_complex/sysArray.cpp:101]   --->   Operation 59 'getelementptr' 'pe_array_pe_val_1_addr' <Predicate = true> <Delay = 0.00>
ST_3 : Operation 60 [1/1] (0.00ns)   --->   "%pe_array_pe_val_0_addr = getelementptr i32 %pe_array_pe_val_0, i64 0, i64 3" [sysArray_complex/sysArray.cpp:35->sysArray_complex/sysArray.cpp:101]   --->   Operation 60 'getelementptr' 'pe_array_pe_val_0_addr' <Predicate = true> <Delay = 0.00>
ST_3 : Operation 61 [1/1] (0.00ns)   --->   "%pe_array_pe_val_3_addr_4 = getelementptr i32 %pe_array_pe_val_3, i64 0, i64 2" [sysArray_complex/sysArray.cpp:35->sysArray_complex/sysArray.cpp:101]   --->   Operation 61 'getelementptr' 'pe_array_pe_val_3_addr_4' <Predicate = true> <Delay = 0.00>
ST_3 : Operation 62 [1/1] (0.00ns)   --->   "%pe_array_pe_val_2_addr_4 = getelementptr i32 %pe_array_pe_val_2, i64 0, i64 2" [sysArray_complex/sysArray.cpp:35->sysArray_complex/sysArray.cpp:101]   --->   Operation 62 'getelementptr' 'pe_array_pe_val_2_addr_4' <Predicate = true> <Delay = 0.00>
ST_3 : Operation 63 [1/1] (0.00ns)   --->   "%pe_array_pe_val_1_addr_4 = getelementptr i32 %pe_array_pe_val_1, i64 0, i64 2" [sysArray_complex/sysArray.cpp:35->sysArray_complex/sysArray.cpp:101]   --->   Operation 63 'getelementptr' 'pe_array_pe_val_1_addr_4' <Predicate = true> <Delay = 0.00>
ST_3 : Operation 64 [1/1] (0.00ns)   --->   "%pe_array_pe_val_0_addr_4 = getelementptr i32 %pe_array_pe_val_0, i64 0, i64 2" [sysArray_complex/sysArray.cpp:35->sysArray_complex/sysArray.cpp:101]   --->   Operation 64 'getelementptr' 'pe_array_pe_val_0_addr_4' <Predicate = true> <Delay = 0.00>
ST_3 : Operation 65 [1/1] (0.00ns)   --->   "%specpipeline_ln0 = specpipeline void @_ssdm_op_SpecPipeline, i32 4294967295, i32 0, i32 1, i32 0, void @p_str"   --->   Operation 65 'specpipeline' 'specpipeline_ln0' <Predicate = true> <Delay = 0.00>
ST_3 : Operation 66 [1/1] (0.00ns)   --->   "%empty = speclooptripcount i32 @_ssdm_op_SpecLoopTripCount, i64 4, i64 4, i64 4"   --->   Operation 66 'speclooptripcount' 'empty' <Predicate = true> <Delay = 0.00>
ST_3 : Operation 67 [1/1] (2.19ns)   --->   "%empty_45 = writereq i1 @_ssdm_op_WriteReq.m_axi.p1i32, i32 %gmem_addr, i32 4" [sysArray_complex/sysArray.cpp:211]   --->   Operation 67 'writereq' 'empty_45' <Predicate = (!icmp_ln210)> <Delay = 2.19> <CoreInst = "m_axi">   --->   Core 121 'm_axi' <Latency = 5> <II = 1> <Delay = 1.00> <Adapter> <Opcode : 'read' 'write' 'readreq' 'writereq' 'writeresp'>
ST_3 : Operation 68 [1/2] (0.69ns)   --->   "%pe_array_pe_val_0_load = load i2 %pe_array_pe_val_0_addr_6" [sysArray_complex/sysArray.cpp:213]   --->   Operation 68 'load' 'pe_array_pe_val_0_load' <Predicate = (!icmp_ln210)> <Delay = 0.69> <CoreInst = "RAM">   --->   Core 83 'RAM' <Latency = 1> <II = 1> <Delay = 0.69> <Storage> <Opcode : 'load' 'store'> <Ports = 2> <Width = 32> <Depth = 4> <RAM>
ST_3 : Operation 69 [1/2] (0.69ns)   --->   "%pe_array_pe_val_1_load = load i2 %pe_array_pe_val_1_addr_6" [sysArray_complex/sysArray.cpp:213]   --->   Operation 69 'load' 'pe_array_pe_val_1_load' <Predicate = (!icmp_ln210)> <Delay = 0.69> <CoreInst = "RAM">   --->   Core 83 'RAM' <Latency = 1> <II = 1> <Delay = 0.69> <Storage> <Opcode : 'load' 'store'> <Ports = 2> <Width = 32> <Depth = 4> <RAM>
ST_3 : Operation 70 [1/2] (0.69ns)   --->   "%pe_array_pe_val_2_load = load i2 %pe_array_pe_val_2_addr_6" [sysArray_complex/sysArray.cpp:213]   --->   Operation 70 'load' 'pe_array_pe_val_2_load' <Predicate = (!icmp_ln210)> <Delay = 0.69> <CoreInst = "RAM">   --->   Core 83 'RAM' <Latency = 1> <II = 1> <Delay = 0.69> <Storage> <Opcode : 'load' 'store'> <Ports = 2> <Width = 32> <Depth = 4> <RAM>
ST_3 : Operation 71 [1/2] (0.69ns)   --->   "%pe_array_pe_val_3_load = load i2 %pe_array_pe_val_3_addr_6" [sysArray_complex/sysArray.cpp:213]   --->   Operation 71 'load' 'pe_array_pe_val_3_load' <Predicate = (!icmp_ln210)> <Delay = 0.69> <CoreInst = "RAM">   --->   Core 83 'RAM' <Latency = 1> <II = 1> <Delay = 0.69> <Storage> <Opcode : 'load' 'store'> <Ports = 2> <Width = 32> <Depth = 4> <RAM>
ST_3 : Operation 72 [1/1] (0.45ns)   --->   "%tmp_9 = mux i32 @_ssdm_op_Mux.ap_auto.4i32.i2, i32 %pe_array_pe_val_0_load, i32 %pe_array_pe_val_1_load, i32 %pe_array_pe_val_2_load, i32 %pe_array_pe_val_3_load, i2 %trunc_ln213" [sysArray_complex/sysArray.cpp:213]   --->   Operation 72 'mux' 'tmp_9' <Predicate = (!icmp_ln210)> <Delay = 0.45> <CoreInst = "Multiplexer">   --->   Core 76 'Multiplexer' <Latency = 0> <II = 1> <Delay = 0.45> <FuncUnit> <Opcode : 'mux'> <InPorts = 2> <OutPorts = 1>
ST_3 : Operation 73 [1/2] (0.69ns)   --->   "%pe_array_pe_val_0_load_4 = load i2 %pe_array_pe_val_0_addr_5" [sysArray_complex/sysArray.cpp:213]   --->   Operation 73 'load' 'pe_array_pe_val_0_load_4' <Predicate = (!icmp_ln210)> <Delay = 0.69> <CoreInst = "RAM">   --->   Core 83 'RAM' <Latency = 1> <II = 1> <Delay = 0.69> <Storage> <Opcode : 'load' 'store'> <Ports = 2> <Width = 32> <Depth = 4> <RAM>
ST_3 : Operation 74 [1/2] (0.69ns)   --->   "%pe_array_pe_val_1_load_4 = load i2 %pe_array_pe_val_1_addr_5" [sysArray_complex/sysArray.cpp:213]   --->   Operation 74 'load' 'pe_array_pe_val_1_load_4' <Predicate = (!icmp_ln210)> <Delay = 0.69> <CoreInst = "RAM">   --->   Core 83 'RAM' <Latency = 1> <II = 1> <Delay = 0.69> <Storage> <Opcode : 'load' 'store'> <Ports = 2> <Width = 32> <Depth = 4> <RAM>
ST_3 : Operation 75 [1/2] (0.69ns)   --->   "%pe_array_pe_val_2_load_4 = load i2 %pe_array_pe_val_2_addr_5" [sysArray_complex/sysArray.cpp:213]   --->   Operation 75 'load' 'pe_array_pe_val_2_load_4' <Predicate = (!icmp_ln210)> <Delay = 0.69> <CoreInst = "RAM">   --->   Core 83 'RAM' <Latency = 1> <II = 1> <Delay = 0.69> <Storage> <Opcode : 'load' 'store'> <Ports = 2> <Width = 32> <Depth = 4> <RAM>
ST_3 : Operation 76 [1/2] (0.69ns)   --->   "%pe_array_pe_val_3_load_4 = load i2 %pe_array_pe_val_3_addr_5" [sysArray_complex/sysArray.cpp:213]   --->   Operation 76 'load' 'pe_array_pe_val_3_load_4' <Predicate = (!icmp_ln210)> <Delay = 0.69> <CoreInst = "RAM">   --->   Core 83 'RAM' <Latency = 1> <II = 1> <Delay = 0.69> <Storage> <Opcode : 'load' 'store'> <Ports = 2> <Width = 32> <Depth = 4> <RAM>
ST_3 : Operation 77 [1/1] (0.45ns)   --->   "%tmp_s = mux i32 @_ssdm_op_Mux.ap_auto.4i32.i2, i32 %pe_array_pe_val_0_load_4, i32 %pe_array_pe_val_1_load_4, i32 %pe_array_pe_val_2_load_4, i32 %pe_array_pe_val_3_load_4, i2 %trunc_ln213" [sysArray_complex/sysArray.cpp:213]   --->   Operation 77 'mux' 'tmp_s' <Predicate = (!icmp_ln210)> <Delay = 0.45> <CoreInst = "Multiplexer">   --->   Core 76 'Multiplexer' <Latency = 0> <II = 1> <Delay = 0.45> <FuncUnit> <Opcode : 'mux'> <InPorts = 2> <OutPorts = 1>
ST_3 : Operation 78 [2/2] (0.69ns)   --->   "%pe_array_pe_val_0_load_5 = load i2 %pe_array_pe_val_0_addr_4" [sysArray_complex/sysArray.cpp:213]   --->   Operation 78 'load' 'pe_array_pe_val_0_load_5' <Predicate = (!icmp_ln210)> <Delay = 0.69> <CoreInst = "RAM">   --->   Core 83 'RAM' <Latency = 1> <II = 1> <Delay = 0.69> <Storage> <Opcode : 'load' 'store'> <Ports = 2> <Width = 32> <Depth = 4> <RAM>
ST_3 : Operation 79 [2/2] (0.69ns)   --->   "%pe_array_pe_val_1_load_5 = load i2 %pe_array_pe_val_1_addr_4" [sysArray_complex/sysArray.cpp:213]   --->   Operation 79 'load' 'pe_array_pe_val_1_load_5' <Predicate = (!icmp_ln210)> <Delay = 0.69> <CoreInst = "RAM">   --->   Core 83 'RAM' <Latency = 1> <II = 1> <Delay = 0.69> <Storage> <Opcode : 'load' 'store'> <Ports = 2> <Width = 32> <Depth = 4> <RAM>
ST_3 : Operation 80 [2/2] (0.69ns)   --->   "%pe_array_pe_val_2_load_5 = load i2 %pe_array_pe_val_2_addr_4" [sysArray_complex/sysArray.cpp:213]   --->   Operation 80 'load' 'pe_array_pe_val_2_load_5' <Predicate = (!icmp_ln210)> <Delay = 0.69> <CoreInst = "RAM">   --->   Core 83 'RAM' <Latency = 1> <II = 1> <Delay = 0.69> <Storage> <Opcode : 'load' 'store'> <Ports = 2> <Width = 32> <Depth = 4> <RAM>
ST_3 : Operation 81 [2/2] (0.69ns)   --->   "%pe_array_pe_val_3_load_5 = load i2 %pe_array_pe_val_3_addr_4" [sysArray_complex/sysArray.cpp:213]   --->   Operation 81 'load' 'pe_array_pe_val_3_load_5' <Predicate = (!icmp_ln210)> <Delay = 0.69> <CoreInst = "RAM">   --->   Core 83 'RAM' <Latency = 1> <II = 1> <Delay = 0.69> <Storage> <Opcode : 'load' 'store'> <Ports = 2> <Width = 32> <Depth = 4> <RAM>
ST_3 : Operation 82 [2/2] (0.69ns)   --->   "%pe_array_pe_val_0_load_6 = load i2 %pe_array_pe_val_0_addr" [sysArray_complex/sysArray.cpp:213]   --->   Operation 82 'load' 'pe_array_pe_val_0_load_6' <Predicate = (!icmp_ln210)> <Delay = 0.69> <CoreInst = "RAM">   --->   Core 83 'RAM' <Latency = 1> <II = 1> <Delay = 0.69> <Storage> <Opcode : 'load' 'store'> <Ports = 2> <Width = 32> <Depth = 4> <RAM>
ST_3 : Operation 83 [2/2] (0.69ns)   --->   "%pe_array_pe_val_1_load_6 = load i2 %pe_array_pe_val_1_addr" [sysArray_complex/sysArray.cpp:213]   --->   Operation 83 'load' 'pe_array_pe_val_1_load_6' <Predicate = (!icmp_ln210)> <Delay = 0.69> <CoreInst = "RAM">   --->   Core 83 'RAM' <Latency = 1> <II = 1> <Delay = 0.69> <Storage> <Opcode : 'load' 'store'> <Ports = 2> <Width = 32> <Depth = 4> <RAM>
ST_3 : Operation 84 [2/2] (0.69ns)   --->   "%pe_array_pe_val_2_load_6 = load i2 %pe_array_pe_val_2_addr" [sysArray_complex/sysArray.cpp:213]   --->   Operation 84 'load' 'pe_array_pe_val_2_load_6' <Predicate = (!icmp_ln210)> <Delay = 0.69> <CoreInst = "RAM">   --->   Core 83 'RAM' <Latency = 1> <II = 1> <Delay = 0.69> <Storage> <Opcode : 'load' 'store'> <Ports = 2> <Width = 32> <Depth = 4> <RAM>
ST_3 : Operation 85 [2/2] (0.69ns)   --->   "%pe_array_pe_val_3_load_6 = load i2 %pe_array_pe_val_3_addr" [sysArray_complex/sysArray.cpp:213]   --->   Operation 85 'load' 'pe_array_pe_val_3_load_6' <Predicate = (!icmp_ln210)> <Delay = 0.69> <CoreInst = "RAM">   --->   Core 83 'RAM' <Latency = 1> <II = 1> <Delay = 0.69> <Storage> <Opcode : 'load' 'store'> <Ports = 2> <Width = 32> <Depth = 4> <RAM>

State 4 <SV = 3> <Delay = 2.19>
ST_4 : Operation 86 [1/1] (2.19ns)   --->   "%write_ln213 = write void @_ssdm_op_Write.m_axi.p1i32, i32 %gmem_addr, i32 %tmp_9, i4 15" [sysArray_complex/sysArray.cpp:213]   --->   Operation 86 'write' 'write_ln213' <Predicate = (!icmp_ln210)> <Delay = 2.19> <CoreInst = "m_axi">   --->   Core 121 'm_axi' <Latency = 6> <II = 1> <Delay = 1.00> <Adapter> <Opcode : 'read' 'write' 'readreq' 'writereq' 'writeresp'>
ST_4 : Operation 87 [1/2] (0.69ns)   --->   "%pe_array_pe_val_0_load_5 = load i2 %pe_array_pe_val_0_addr_4" [sysArray_complex/sysArray.cpp:213]   --->   Operation 87 'load' 'pe_array_pe_val_0_load_5' <Predicate = (!icmp_ln210)> <Delay = 0.69> <CoreInst = "RAM">   --->   Core 83 'RAM' <Latency = 1> <II = 1> <Delay = 0.69> <Storage> <Opcode : 'load' 'store'> <Ports = 2> <Width = 32> <Depth = 4> <RAM>
ST_4 : Operation 88 [1/2] (0.69ns)   --->   "%pe_array_pe_val_1_load_5 = load i2 %pe_array_pe_val_1_addr_4" [sysArray_complex/sysArray.cpp:213]   --->   Operation 88 'load' 'pe_array_pe_val_1_load_5' <Predicate = (!icmp_ln210)> <Delay = 0.69> <CoreInst = "RAM">   --->   Core 83 'RAM' <Latency = 1> <II = 1> <Delay = 0.69> <Storage> <Opcode : 'load' 'store'> <Ports = 2> <Width = 32> <Depth = 4> <RAM>
ST_4 : Operation 89 [1/2] (0.69ns)   --->   "%pe_array_pe_val_2_load_5 = load i2 %pe_array_pe_val_2_addr_4" [sysArray_complex/sysArray.cpp:213]   --->   Operation 89 'load' 'pe_array_pe_val_2_load_5' <Predicate = (!icmp_ln210)> <Delay = 0.69> <CoreInst = "RAM">   --->   Core 83 'RAM' <Latency = 1> <II = 1> <Delay = 0.69> <Storage> <Opcode : 'load' 'store'> <Ports = 2> <Width = 32> <Depth = 4> <RAM>
ST_4 : Operation 90 [1/2] (0.69ns)   --->   "%pe_array_pe_val_3_load_5 = load i2 %pe_array_pe_val_3_addr_4" [sysArray_complex/sysArray.cpp:213]   --->   Operation 90 'load' 'pe_array_pe_val_3_load_5' <Predicate = (!icmp_ln210)> <Delay = 0.69> <CoreInst = "RAM">   --->   Core 83 'RAM' <Latency = 1> <II = 1> <Delay = 0.69> <Storage> <Opcode : 'load' 'store'> <Ports = 2> <Width = 32> <Depth = 4> <RAM>
ST_4 : Operation 91 [1/1] (0.45ns)   --->   "%tmp_7 = mux i32 @_ssdm_op_Mux.ap_auto.4i32.i2, i32 %pe_array_pe_val_0_load_5, i32 %pe_array_pe_val_1_load_5, i32 %pe_array_pe_val_2_load_5, i32 %pe_array_pe_val_3_load_5, i2 %trunc_ln213" [sysArray_complex/sysArray.cpp:213]   --->   Operation 91 'mux' 'tmp_7' <Predicate = (!icmp_ln210)> <Delay = 0.45> <CoreInst = "Multiplexer">   --->   Core 76 'Multiplexer' <Latency = 0> <II = 1> <Delay = 0.45> <FuncUnit> <Opcode : 'mux'> <InPorts = 2> <OutPorts = 1>
ST_4 : Operation 92 [1/2] (0.69ns)   --->   "%pe_array_pe_val_0_load_6 = load i2 %pe_array_pe_val_0_addr" [sysArray_complex/sysArray.cpp:213]   --->   Operation 92 'load' 'pe_array_pe_val_0_load_6' <Predicate = (!icmp_ln210)> <Delay = 0.69> <CoreInst = "RAM">   --->   Core 83 'RAM' <Latency = 1> <II = 1> <Delay = 0.69> <Storage> <Opcode : 'load' 'store'> <Ports = 2> <Width = 32> <Depth = 4> <RAM>
ST_4 : Operation 93 [1/2] (0.69ns)   --->   "%pe_array_pe_val_1_load_6 = load i2 %pe_array_pe_val_1_addr" [sysArray_complex/sysArray.cpp:213]   --->   Operation 93 'load' 'pe_array_pe_val_1_load_6' <Predicate = (!icmp_ln210)> <Delay = 0.69> <CoreInst = "RAM">   --->   Core 83 'RAM' <Latency = 1> <II = 1> <Delay = 0.69> <Storage> <Opcode : 'load' 'store'> <Ports = 2> <Width = 32> <Depth = 4> <RAM>
ST_4 : Operation 94 [1/2] (0.69ns)   --->   "%pe_array_pe_val_2_load_6 = load i2 %pe_array_pe_val_2_addr" [sysArray_complex/sysArray.cpp:213]   --->   Operation 94 'load' 'pe_array_pe_val_2_load_6' <Predicate = (!icmp_ln210)> <Delay = 0.69> <CoreInst = "RAM">   --->   Core 83 'RAM' <Latency = 1> <II = 1> <Delay = 0.69> <Storage> <Opcode : 'load' 'store'> <Ports = 2> <Width = 32> <Depth = 4> <RAM>
ST_4 : Operation 95 [1/2] (0.69ns)   --->   "%pe_array_pe_val_3_load_6 = load i2 %pe_array_pe_val_3_addr" [sysArray_complex/sysArray.cpp:213]   --->   Operation 95 'load' 'pe_array_pe_val_3_load_6' <Predicate = (!icmp_ln210)> <Delay = 0.69> <CoreInst = "RAM">   --->   Core 83 'RAM' <Latency = 1> <II = 1> <Delay = 0.69> <Storage> <Opcode : 'load' 'store'> <Ports = 2> <Width = 32> <Depth = 4> <RAM>
ST_4 : Operation 96 [1/1] (0.45ns)   --->   "%tmp_1 = mux i32 @_ssdm_op_Mux.ap_auto.4i32.i2, i32 %pe_array_pe_val_0_load_6, i32 %pe_array_pe_val_1_load_6, i32 %pe_array_pe_val_2_load_6, i32 %pe_array_pe_val_3_load_6, i2 %trunc_ln213" [sysArray_complex/sysArray.cpp:213]   --->   Operation 96 'mux' 'tmp_1' <Predicate = (!icmp_ln210)> <Delay = 0.45> <CoreInst = "Multiplexer">   --->   Core 76 'Multiplexer' <Latency = 0> <II = 1> <Delay = 0.45> <FuncUnit> <Opcode : 'mux'> <InPorts = 2> <OutPorts = 1>

State 5 <SV = 4> <Delay = 2.19>
ST_5 : Operation 97 [1/1] (2.19ns)   --->   "%write_ln213 = write void @_ssdm_op_Write.m_axi.p1i32, i32 %gmem_addr, i32 %tmp_s, i4 15" [sysArray_complex/sysArray.cpp:213]   --->   Operation 97 'write' 'write_ln213' <Predicate = (!icmp_ln210)> <Delay = 2.19> <CoreInst = "m_axi">   --->   Core 121 'm_axi' <Latency = 6> <II = 1> <Delay = 1.00> <Adapter> <Opcode : 'read' 'write' 'readreq' 'writereq' 'writeresp'>

State 6 <SV = 5> <Delay = 2.19>
ST_6 : Operation 98 [1/1] (2.19ns)   --->   "%write_ln213 = write void @_ssdm_op_Write.m_axi.p1i32, i32 %gmem_addr, i32 %tmp_7, i4 15" [sysArray_complex/sysArray.cpp:213]   --->   Operation 98 'write' 'write_ln213' <Predicate = true> <Delay = 2.19> <CoreInst = "m_axi">   --->   Core 121 'm_axi' <Latency = 6> <II = 1> <Delay = 1.00> <Adapter> <Opcode : 'read' 'write' 'readreq' 'writereq' 'writeresp'>

State 7 <SV = 6> <Delay = 2.19>
ST_7 : Operation 99 [1/1] (2.19ns)   --->   "%write_ln213 = write void @_ssdm_op_Write.m_axi.p1i32, i32 %gmem_addr, i32 %tmp_1, i4 15" [sysArray_complex/sysArray.cpp:213]   --->   Operation 99 'write' 'write_ln213' <Predicate = true> <Delay = 2.19> <CoreInst = "m_axi">   --->   Core 121 'm_axi' <Latency = 6> <II = 1> <Delay = 1.00> <Adapter> <Opcode : 'read' 'write' 'readreq' 'writereq' 'writeresp'>

State 8 <SV = 7> <Delay = 2.19>
ST_8 : Operation 100 [5/5] (2.19ns)   --->   "%empty_46 = writeresp i1 @_ssdm_op_WriteResp.m_axi.p1i32, i32 %gmem_addr" [sysArray_complex/sysArray.cpp:210]   --->   Operation 100 'writeresp' 'empty_46' <Predicate = true> <Delay = 2.19> <CoreInst = "m_axi">   --->   Core 121 'm_axi' <Latency = 3> <II = 1> <Delay = 1.00> <Adapter> <Opcode : 'read' 'write' 'readreq' 'writereq' 'writeresp'>
ST_8 : Operation 107 [1/1] (0.00ns)   --->   "%ret_ln0 = ret"   --->   Operation 107 'ret' 'ret_ln0' <Predicate = (icmp_ln210)> <Delay = 0.00>

State 9 <SV = 8> <Delay = 2.19>
ST_9 : Operation 101 [4/5] (2.19ns)   --->   "%empty_46 = writeresp i1 @_ssdm_op_WriteResp.m_axi.p1i32, i32 %gmem_addr" [sysArray_complex/sysArray.cpp:210]   --->   Operation 101 'writeresp' 'empty_46' <Predicate = true> <Delay = 2.19> <CoreInst = "m_axi">   --->   Core 121 'm_axi' <Latency = 3> <II = 1> <Delay = 1.00> <Adapter> <Opcode : 'read' 'write' 'readreq' 'writereq' 'writeresp'>

State 10 <SV = 9> <Delay = 2.19>
ST_10 : Operation 102 [3/5] (2.19ns)   --->   "%empty_46 = writeresp i1 @_ssdm_op_WriteResp.m_axi.p1i32, i32 %gmem_addr" [sysArray_complex/sysArray.cpp:210]   --->   Operation 102 'writeresp' 'empty_46' <Predicate = true> <Delay = 2.19> <CoreInst = "m_axi">   --->   Core 121 'm_axi' <Latency = 3> <II = 1> <Delay = 1.00> <Adapter> <Opcode : 'read' 'write' 'readreq' 'writereq' 'writeresp'>

State 11 <SV = 10> <Delay = 2.19>
ST_11 : Operation 103 [2/5] (2.19ns)   --->   "%empty_46 = writeresp i1 @_ssdm_op_WriteResp.m_axi.p1i32, i32 %gmem_addr" [sysArray_complex/sysArray.cpp:210]   --->   Operation 103 'writeresp' 'empty_46' <Predicate = true> <Delay = 2.19> <CoreInst = "m_axi">   --->   Core 121 'm_axi' <Latency = 3> <II = 1> <Delay = 1.00> <Adapter> <Opcode : 'read' 'write' 'readreq' 'writereq' 'writeresp'>

State 12 <SV = 11> <Delay = 2.19>
ST_12 : Operation 104 [1/1] (0.00ns)   --->   "%specloopname_ln210 = specloopname void @_ssdm_op_SpecLoopName, void @empty_16" [sysArray_complex/sysArray.cpp:210]   --->   Operation 104 'specloopname' 'specloopname_ln210' <Predicate = true> <Delay = 0.00>
ST_12 : Operation 105 [1/5] (2.19ns)   --->   "%empty_46 = writeresp i1 @_ssdm_op_WriteResp.m_axi.p1i32, i32 %gmem_addr" [sysArray_complex/sysArray.cpp:210]   --->   Operation 105 'writeresp' 'empty_46' <Predicate = true> <Delay = 2.19> <CoreInst = "m_axi">   --->   Core 121 'm_axi' <Latency = 3> <II = 1> <Delay = 1.00> <Adapter> <Opcode : 'read' 'write' 'readreq' 'writereq' 'writeresp'>
ST_12 : Operation 106 [1/1] (0.00ns)   --->   "%br_ln0 = br void %._crit_edge.loopexit"   --->   Operation 106 'br' 'br_ln0' <Predicate = true> <Delay = 0.00>


============================================================
+ Verbose Summary: Binding
============================================================
STG Binding: 
---------------- STG Properties BEGIN ----------------
- Is combinational: 0
- Is one-state seq: 0
- Is datapath-only: 0
- Is pipelined: 0
- Is top level: 0
Port [ Return ] is wired: 1; IO mode=ap_ctrl_hs:ce=0
Port [ pe_array_pe_val_3]:  wired=1; compound=1; hidden=0; nouse=0; global=0; static=0; extern=0; dir=0; type=1; pingpong=0; private_global=0; MemPort=[11]; IO mode=ap_memory:ce=0
Port [ pe_array_pe_val_2]:  wired=1; compound=1; hidden=0; nouse=0; global=0; static=0; extern=0; dir=0; type=1; pingpong=0; private_global=0; MemPort=[11]; IO mode=ap_memory:ce=0
Port [ pe_array_pe_val_1]:  wired=1; compound=1; hidden=0; nouse=0; global=0; static=0; extern=0; dir=0; type=1; pingpong=0; private_global=0; MemPort=[11]; IO mode=ap_memory:ce=0
Port [ pe_array_pe_val_0]:  wired=1; compound=1; hidden=0; nouse=0; global=0; static=0; extern=0; dir=0; type=1; pingpong=0; private_global=0; MemPort=[11]; IO mode=ap_memory:ce=0
Port [ cb]:  wired=1; compound=0; hidden=0; nouse=0; global=0; static=0; extern=0; dir=0; type=0; pingpong=0; private_global=0; IO mode=ap_none:ce=0
Port [ shl_ln139_mid2]:  wired=1; compound=0; hidden=0; nouse=0; global=0; static=0; extern=0; dir=0; type=0; pingpong=0; private_global=0; IO mode=ap_none:ce=0
Port [ shl_ln2]:  wired=1; compound=0; hidden=0; nouse=0; global=0; static=0; extern=0; dir=0; type=0; pingpong=0; private_global=0; IO mode=ap_none:ce=0
Port [ out_r]:  wired=1; compound=0; hidden=0; nouse=0; global=0; static=0; extern=0; dir=0; type=0; pingpong=0; private_global=0; IO mode=ap_none:ce=0
Port [ gmem]:  wired=1; compound=1; hidden=0; nouse=0; global=0; static=0; extern=0; dir=1; type=4; pingpong=0; private_global=0; IO mode=m_axi:ce=0
---------------- STG Properties END ------------------

---------------- Datapath Model BEGIN ----------------

<LifeTime>
<method=bitvector/>
phi_mul426               (alloca           ) [ 0110000000000]
r                        (alloca           ) [ 0110000000000]
specinterface_ln0        (specinterface    ) [ 0000000000000]
out_read                 (read             ) [ 0010000000000]
shl_ln2_read             (read             ) [ 0010000000000]
shl_ln139_mid2_read      (read             ) [ 0010000000000]
cb_read                  (read             ) [ 0010000000000]
store_ln0                (store            ) [ 0000000000000]
store_ln0                (store            ) [ 0000000000000]
br_ln0                   (br               ) [ 0000000000000]
r_1                      (load             ) [ 0000000000000]
pe_array_pe_val_3_addr_5 (getelementptr    ) [ 0001000000000]
pe_array_pe_val_2_addr_5 (getelementptr    ) [ 0001000000000]
pe_array_pe_val_1_addr_5 (getelementptr    ) [ 0001000000000]
pe_array_pe_val_0_addr_5 (getelementptr    ) [ 0001000000000]
pe_array_pe_val_3_addr_6 (getelementptr    ) [ 0001000000000]
pe_array_pe_val_2_addr_6 (getelementptr    ) [ 0001000000000]
pe_array_pe_val_1_addr_6 (getelementptr    ) [ 0001000000000]
pe_array_pe_val_0_addr_6 (getelementptr    ) [ 0001000000000]
icmp_ln210               (icmp             ) [ 0111111110000]
add_ln210                (add              ) [ 0000000000000]
br_ln210                 (br               ) [ 0000000000000]
phi_mul426_load          (load             ) [ 0000000000000]
add_ln143                (add              ) [ 0000000000000]
tmp                      (add              ) [ 0000000000000]
empty_43                 (add              ) [ 0000000000000]
tmp_5                    (bitconcatenate   ) [ 0000000000000]
p_cast10892              (zext             ) [ 0000000000000]
empty_44                 (add              ) [ 0000000000000]
trunc_ln9                (partselect       ) [ 0000000000000]
sext_ln211               (sext             ) [ 0000000000000]
gmem_addr                (getelementptr    ) [ 0111111111111]
trunc_ln213              (trunc            ) [ 0001100000000]
store_ln210              (store            ) [ 0000000000000]
store_ln143              (store            ) [ 0000000000000]
pe_array_pe_val_3_addr   (getelementptr    ) [ 0000100000000]
pe_array_pe_val_2_addr   (getelementptr    ) [ 0000100000000]
pe_array_pe_val_1_addr   (getelementptr    ) [ 0000100000000]
pe_array_pe_val_0_addr   (getelementptr    ) [ 0000100000000]
pe_array_pe_val_3_addr_4 (getelementptr    ) [ 0000100000000]
pe_array_pe_val_2_addr_4 (getelementptr    ) [ 0000100000000]
pe_array_pe_val_1_addr_4 (getelementptr    ) [ 0000100000000]
pe_array_pe_val_0_addr_4 (getelementptr    ) [ 0000100000000]
specpipeline_ln0         (specpipeline     ) [ 0000000000000]
empty                    (speclooptripcount) [ 0000000000000]
empty_45                 (writereq         ) [ 0000000000000]
pe_array_pe_val_0_load   (load             ) [ 0000000000000]
pe_array_pe_val_1_load   (load             ) [ 0000000000000]
pe_array_pe_val_2_load   (load             ) [ 0000000000000]
pe_array_pe_val_3_load   (load             ) [ 0000000000000]
tmp_9                    (mux              ) [ 0000100000000]
pe_array_pe_val_0_load_4 (load             ) [ 0000000000000]
pe_array_pe_val_1_load_4 (load             ) [ 0000000000000]
pe_array_pe_val_2_load_4 (load             ) [ 0000000000000]
pe_array_pe_val_3_load_4 (load             ) [ 0000000000000]
tmp_s                    (mux              ) [ 0100110000000]
write_ln213              (write            ) [ 0000000000000]
pe_array_pe_val_0_load_5 (load             ) [ 0000000000000]
pe_array_pe_val_1_load_5 (load             ) [ 0000000000000]
pe_array_pe_val_2_load_5 (load             ) [ 0000000000000]
pe_array_pe_val_3_load_5 (load             ) [ 0000000000000]
tmp_7                    (mux              ) [ 0110011000000]
pe_array_pe_val_0_load_6 (load             ) [ 0000000000000]
pe_array_pe_val_1_load_6 (load             ) [ 0000000000000]
pe_array_pe_val_2_load_6 (load             ) [ 0000000000000]
pe_array_pe_val_3_load_6 (load             ) [ 0000000000000]
tmp_1                    (mux              ) [ 0111011100000]
write_ln213              (write            ) [ 0000000000000]
write_ln213              (write            ) [ 0000000000000]
write_ln213              (write            ) [ 0000000000000]
specloopname_ln210       (specloopname     ) [ 0000000000000]
empty_46                 (writeresp        ) [ 0000000000000]
br_ln0                   (br               ) [ 0000000000000]
ret_ln0                  (ret              ) [ 0000000000000]
</LifeTime>

<model>

<comp_list>
<comp id="0" class="1000" name="pe_array_pe_val_3">
<pin_list>
<pin id="1" dir="1" index="0" bw="1" slack="0"/>
</pin_list>
<bind>
<StgValue><ssdm name="pe_array_pe_val_3"/><MemPortTyVec>1 1 </MemPortTyVec>
</StgValue>
</bind>
</comp>

<comp id="2" class="1000" name="pe_array_pe_val_2">
<pin_list>
<pin id="3" dir="1" index="0" bw="1" slack="0"/>
</pin_list>
<bind>
<StgValue><ssdm name="pe_array_pe_val_2"/><MemPortTyVec>1 1 </MemPortTyVec>
</StgValue>
</bind>
</comp>

<comp id="4" class="1000" name="pe_array_pe_val_1">
<pin_list>
<pin id="5" dir="1" index="0" bw="1" slack="0"/>
</pin_list>
<bind>
<StgValue><ssdm name="pe_array_pe_val_1"/><MemPortTyVec>1 1 </MemPortTyVec>
</StgValue>
</bind>
</comp>

<comp id="6" class="1000" name="pe_array_pe_val_0">
<pin_list>
<pin id="7" dir="1" index="0" bw="1" slack="0"/>
</pin_list>
<bind>
<StgValue><ssdm name="pe_array_pe_val_0"/><MemPortTyVec>1 1 </MemPortTyVec>
</StgValue>
</bind>
</comp>

<comp id="8" class="1000" name="cb">
<pin_list>
<pin id="9" dir="1" index="0" bw="1" slack="0"/>
</pin_list>
<bind>
<StgValue><ssdm name="cb"/></StgValue>
</bind>
</comp>

<comp id="10" class="1000" name="shl_ln139_mid2">
<pin_list>
<pin id="11" dir="1" index="0" bw="1" slack="0"/>
</pin_list>
<bind>
<StgValue><ssdm name="shl_ln139_mid2"/></StgValue>
</bind>
</comp>

<comp id="12" class="1000" name="shl_ln2">
<pin_list>
<pin id="13" dir="1" index="0" bw="1" slack="0"/>
</pin_list>
<bind>
<StgValue><ssdm name="shl_ln2"/></StgValue>
</bind>
</comp>

<comp id="14" class="1000" name="out_r">
<pin_list>
<pin id="15" dir="1" index="0" bw="1" slack="0"/>
</pin_list>
<bind>
<StgValue><ssdm name="out_r"/></StgValue>
</bind>
</comp>

<comp id="16" class="1000" name="gmem">
<pin_list>
<pin id="17" dir="1" index="0" bw="1" slack="0"/>
</pin_list>
<bind>
<StgValue><ssdm name="gmem"/></StgValue>
</bind>
</comp>

<comp id="18" class="1001" name="const_18">
<pin_list>
<pin id="19" dir="1" index="0" bw="1" slack="0"/>
</pin_list>
<bind>
<StgValue><ssdm name=""/></StgValue>
</bind>
</comp>

<comp id="20" class="1001" name="const_20">
<pin_list>
<pin id="21" dir="1" index="0" bw="1" slack="2147483647"/>
</pin_list>
<bind>
<StgValue><ssdm name="_ssdm_op_SpecInterface"/></StgValue>
</bind>
</comp>

<comp id="22" class="1001" name="const_22">
<pin_list>
<pin id="23" dir="1" index="0" bw="1" slack="2147483647"/>
</pin_list>
<bind>
<StgValue><ssdm name="empty_7"/></StgValue>
</bind>
</comp>

<comp id="24" class="1001" name="const_24">
<pin_list>
<pin id="25" dir="1" index="0" bw="1" slack="0"/>
</pin_list>
<bind>
<StgValue><ssdm name=""/></StgValue>
</bind>
</comp>

<comp id="26" class="1001" name="const_26">
<pin_list>
<pin id="27" dir="1" index="0" bw="1" slack="2147483647"/>
</pin_list>
<bind>
<StgValue><ssdm name="empty_8"/></StgValue>
</bind>
</comp>

<comp id="28" class="1001" name="const_28">
<pin_list>
<pin id="29" dir="1" index="0" bw="1" slack="2147483647"/>
</pin_list>
<bind>
<StgValue><ssdm name=""/></StgValue>
</bind>
</comp>

<comp id="30" class="1001" name="const_30">
<pin_list>
<pin id="31" dir="1" index="0" bw="1" slack="2147483647"/>
</pin_list>
<bind>
<StgValue><ssdm name="empty_13"/></StgValue>
</bind>
</comp>

<comp id="32" class="1001" name="const_32">
<pin_list>
<pin id="33" dir="1" index="0" bw="1" slack="2147483647"/>
</pin_list>
<bind>
<StgValue><ssdm name="empty_15"/></StgValue>
</bind>
</comp>

<comp id="34" class="1001" name="const_34">
<pin_list>
<pin id="35" dir="1" index="0" bw="1" slack="2147483647"/>
</pin_list>
<bind>
<StgValue><ssdm name=""/></StgValue>
</bind>
</comp>

<comp id="36" class="1001" name="const_36">
<pin_list>
<pin id="37" dir="1" index="0" bw="1" slack="0"/>
</pin_list>
<bind>
<StgValue><ssdm name="_ssdm_op_Read.ap_auto.i64"/></StgValue>
</bind>
</comp>

<comp id="38" class="1001" name="const_38">
<pin_list>
<pin id="39" dir="1" index="0" bw="1" slack="0"/>
</pin_list>
<bind>
<StgValue><ssdm name="_ssdm_op_Read.ap_auto.i32"/></StgValue>
</bind>
</comp>

<comp id="40" class="1001" name="const_40">
<pin_list>
<pin id="41" dir="1" index="0" bw="1" slack="0"/>
</pin_list>
<bind>
<StgValue><ssdm name=""/></StgValue>
</bind>
</comp>

<comp id="42" class="1001" name="const_42">
<pin_list>
<pin id="43" dir="1" index="0" bw="1" slack="0"/>
</pin_list>
<bind>
<StgValue><ssdm name=""/></StgValue>
</bind>
</comp>

<comp id="44" class="1001" name="const_44">
<pin_list>
<pin id="45" dir="1" index="0" bw="1" slack="0"/>
</pin_list>
<bind>
<StgValue><ssdm name=""/></StgValue>
</bind>
</comp>

<comp id="46" class="1001" name="const_46">
<pin_list>
<pin id="47" dir="1" index="0" bw="1" slack="0"/>
</pin_list>
<bind>
<StgValue><ssdm name=""/></StgValue>
</bind>
</comp>

<comp id="48" class="1001" name="const_48">
<pin_list>
<pin id="49" dir="1" index="0" bw="1" slack="0"/>
</pin_list>
<bind>
<StgValue><ssdm name=""/></StgValue>
</bind>
</comp>

<comp id="50" class="1001" name="const_50">
<pin_list>
<pin id="51" dir="1" index="0" bw="1" slack="0"/>
</pin_list>
<bind>
<StgValue><ssdm name="_ssdm_op_BitConcatenate.i34.i32.i2"/></StgValue>
</bind>
</comp>

<comp id="52" class="1001" name="const_52">
<pin_list>
<pin id="53" dir="1" index="0" bw="1" slack="0"/>
</pin_list>
<bind>
<StgValue><ssdm name=""/></StgValue>
</bind>
</comp>

<comp id="54" class="1001" name="const_54">
<pin_list>
<pin id="55" dir="1" index="0" bw="1" slack="0"/>
</pin_list>
<bind>
<StgValue><ssdm name="_ssdm_op_PartSelect.i62.i64.i32.i32"/></StgValue>
</bind>
</comp>

<comp id="56" class="1001" name="const_56">
<pin_list>
<pin id="57" dir="1" index="0" bw="1" slack="0"/>
</pin_list>
<bind>
<StgValue><ssdm name=""/></StgValue>
</bind>
</comp>

<comp id="58" class="1001" name="const_58">
<pin_list>
<pin id="59" dir="1" index="0" bw="1" slack="0"/>
</pin_list>
<bind>
<StgValue><ssdm name=""/></StgValue>
</bind>
</comp>

<comp id="60" class="1001" name="const_60">
<pin_list>
<pin id="61" dir="1" index="0" bw="1" slack="0"/>
</pin_list>
<bind>
<StgValue><ssdm name=""/></StgValue>
</bind>
</comp>

<comp id="62" class="1001" name="const_62">
<pin_list>
<pin id="63" dir="1" index="0" bw="1" slack="0"/>
</pin_list>
<bind>
<StgValue><ssdm name=""/></StgValue>
</bind>
</comp>

<comp id="64" class="1001" name="const_64">
<pin_list>
<pin id="65" dir="1" index="0" bw="1" slack="2147483647"/>
</pin_list>
<bind>
<StgValue><ssdm name="_ssdm_op_SpecPipeline"/></StgValue>
</bind>
</comp>

<comp id="66" class="1001" name="const_66">
<pin_list>
<pin id="67" dir="1" index="0" bw="1" slack="2147483647"/>
</pin_list>
<bind>
<StgValue><ssdm name=""/></StgValue>
</bind>
</comp>

<comp id="68" class="1001" name="const_68">
<pin_list>
<pin id="69" dir="1" index="0" bw="1" slack="2147483647"/>
</pin_list>
<bind>
<StgValue><ssdm name="p_str"/></StgValue>
</bind>
</comp>

<comp id="70" class="1001" name="const_70">
<pin_list>
<pin id="71" dir="1" index="0" bw="1" slack="2147483647"/>
</pin_list>
<bind>
<StgValue><ssdm name="_ssdm_op_SpecLoopTripCount"/></StgValue>
</bind>
</comp>

<comp id="72" class="1001" name="const_72">
<pin_list>
<pin id="73" dir="1" index="0" bw="1" slack="2147483647"/>
</pin_list>
<bind>
<StgValue><ssdm name=""/></StgValue>
</bind>
</comp>

<comp id="74" class="1001" name="const_74">
<pin_list>
<pin id="75" dir="1" index="0" bw="1" slack="0"/>
</pin_list>
<bind>
<StgValue><ssdm name="_ssdm_op_WriteReq.m_axi.p1i32"/></StgValue>
</bind>
</comp>

<comp id="76" class="1001" name="const_76">
<pin_list>
<pin id="77" dir="1" index="0" bw="1" slack="0"/>
</pin_list>
<bind>
<StgValue><ssdm name=""/></StgValue>
</bind>
</comp>

<comp id="78" class="1001" name="const_78">
<pin_list>
<pin id="79" dir="1" index="0" bw="1" slack="0"/>
</pin_list>
<bind>
<StgValue><ssdm name="_ssdm_op_Mux.ap_auto.4i32.i2"/></StgValue>
</bind>
</comp>

<comp id="80" class="1001" name="const_80">
<pin_list>
<pin id="81" dir="1" index="0" bw="1" slack="0"/>
</pin_list>
<bind>
<StgValue><ssdm name="_ssdm_op_Write.m_axi.p1i32"/></StgValue>
</bind>
</comp>

<comp id="82" class="1001" name="const_82">
<pin_list>
<pin id="83" dir="1" index="0" bw="1" slack="0"/>
</pin_list>
<bind>
<StgValue><ssdm name=""/></StgValue>
</bind>
</comp>

<comp id="84" class="1001" name="const_84">
<pin_list>
<pin id="85" dir="1" index="0" bw="1" slack="0"/>
</pin_list>
<bind>
<StgValue><ssdm name="_ssdm_op_WriteResp.m_axi.p1i32"/></StgValue>
</bind>
</comp>

<comp id="86" class="1001" name="const_86">
<pin_list>
<pin id="87" dir="1" index="0" bw="1" slack="2147483647"/>
</pin_list>
<bind>
<StgValue><ssdm name="_ssdm_op_SpecLoopName"/></StgValue>
</bind>
</comp>

<comp id="88" class="1001" name="const_88">
<pin_list>
<pin id="89" dir="1" index="0" bw="1" slack="2147483647"/>
</pin_list>
<bind>
<StgValue><ssdm name="empty_16"/></StgValue>
</bind>
</comp>

<comp id="90" class="1004" name="phi_mul426_fu_90">
<pin_list>
<pin id="91" dir="0" index="0" bw="1" slack="0"/>
<pin id="92" dir="1" index="1" bw="32" slack="0"/>
</pin_list>
<bind>
<opcode="alloca(26) " fcode="alloca"/>
<opset="phi_mul426/1 "/>
</bind>
</comp>

<comp id="94" class="1004" name="r_fu_94">
<pin_list>
<pin id="95" dir="0" index="0" bw="1" slack="0"/>
<pin id="96" dir="1" index="1" bw="3" slack="0"/>
</pin_list>
<bind>
<opcode="alloca(26) " fcode="alloca"/>
<opset="r/1 "/>
</bind>
</comp>

<comp id="98" class="1004" name="out_read_read_fu_98">
<pin_list>
<pin id="99" dir="0" index="0" bw="64" slack="0"/>
<pin id="100" dir="0" index="1" bw="64" slack="0"/>
<pin id="101" dir="1" index="2" bw="64" slack="1"/>
</pin_list>
<bind>
<opcode="read(1150) " fcode="read"/>
<opset="out_read/1 "/>
</bind>
</comp>

<comp id="104" class="1004" name="shl_ln2_read_read_fu_104">
<pin_list>
<pin id="105" dir="0" index="0" bw="32" slack="0"/>
<pin id="106" dir="0" index="1" bw="32" slack="0"/>
<pin id="107" dir="1" index="2" bw="32" slack="1"/>
</pin_list>
<bind>
<opcode="read(1150) " fcode="read"/>
<opset="shl_ln2_read/1 "/>
</bind>
</comp>

<comp id="110" class="1004" name="shl_ln139_mid2_read_read_fu_110">
<pin_list>
<pin id="111" dir="0" index="0" bw="32" slack="0"/>
<pin id="112" dir="0" index="1" bw="32" slack="0"/>
<pin id="113" dir="1" index="2" bw="32" slack="1"/>
</pin_list>
<bind>
<opcode="read(1150) " fcode="read"/>
<opset="shl_ln139_mid2_read/1 "/>
</bind>
</comp>

<comp id="116" class="1004" name="cb_read_read_fu_116">
<pin_list>
<pin id="117" dir="0" index="0" bw="32" slack="0"/>
<pin id="118" dir="0" index="1" bw="32" slack="0"/>
<pin id="119" dir="1" index="2" bw="32" slack="1"/>
</pin_list>
<bind>
<opcode="read(1150) " fcode="read"/>
<opset="cb_read/1 "/>
</bind>
</comp>

<comp id="122" class="1004" name="grp_writeresp_fu_122">
<pin_list>
<pin id="123" dir="0" index="0" bw="1" slack="0"/>
<pin id="124" dir="0" index="1" bw="32" slack="1"/>
<pin id="125" dir="0" index="2" bw="4" slack="0"/>
<pin id="126" dir="1" index="3" bw="1" slack="2147483647"/>
</pin_list>
<bind>
<opcode="writereq(1155) writeresp(1158) " fcode="writeresp"/>
<opset="empty_45/3 empty_46/8 "/>
</bind>
</comp>

<comp id="129" class="1004" name="write_ln213_write_fu_129">
<pin_list>
<pin id="130" dir="0" index="0" bw="0" slack="0"/>
<pin id="131" dir="0" index="1" bw="32" slack="2"/>
<pin id="132" dir="0" index="2" bw="32" slack="1"/>
<pin id="133" dir="0" index="3" bw="1" slack="0"/>
<pin id="134" dir="1" index="4" bw="0" slack="2147483647"/>
</pin_list>
<bind>
<opcode="write(1151) " fcode="write"/>
<opset="write_ln213/4 "/>
</bind>
</comp>

<comp id="137" class="1004" name="write_ln213_write_fu_137">
<pin_list>
<pin id="138" dir="0" index="0" bw="0" slack="0"/>
<pin id="139" dir="0" index="1" bw="32" slack="3"/>
<pin id="140" dir="0" index="2" bw="32" slack="2"/>
<pin id="141" dir="0" index="3" bw="1" slack="0"/>
<pin id="142" dir="1" index="4" bw="0" slack="2147483647"/>
</pin_list>
<bind>
<opcode="write(1151) " fcode="write"/>
<opset="write_ln213/5 "/>
</bind>
</comp>

<comp id="145" class="1004" name="write_ln213_write_fu_145">
<pin_list>
<pin id="146" dir="0" index="0" bw="0" slack="0"/>
<pin id="147" dir="0" index="1" bw="32" slack="4"/>
<pin id="148" dir="0" index="2" bw="32" slack="2"/>
<pin id="149" dir="0" index="3" bw="1" slack="0"/>
<pin id="150" dir="1" index="4" bw="0" slack="2147483647"/>
</pin_list>
<bind>
<opcode="write(1151) " fcode="write"/>
<opset="write_ln213/6 "/>
</bind>
</comp>

<comp id="153" class="1004" name="write_ln213_write_fu_153">
<pin_list>
<pin id="154" dir="0" index="0" bw="0" slack="0"/>
<pin id="155" dir="0" index="1" bw="32" slack="5"/>
<pin id="156" dir="0" index="2" bw="32" slack="3"/>
<pin id="157" dir="0" index="3" bw="1" slack="0"/>
<pin id="158" dir="1" index="4" bw="0" slack="2147483647"/>
</pin_list>
<bind>
<opcode="write(1151) " fcode="write"/>
<opset="write_ln213/7 "/>
</bind>
</comp>

<comp id="162" class="1004" name="pe_array_pe_val_3_addr_5_gep_fu_162">
<pin_list>
<pin id="163" dir="0" index="0" bw="32" slack="0"/>
<pin id="164" dir="0" index="1" bw="1" slack="0"/>
<pin id="165" dir="0" index="2" bw="1" slack="0"/>
<pin id="166" dir="1" index="3" bw="2" slack="0"/>
</pin_list>
<bind>
<opcode="getelementptr(29) " fcode="getelementptr"/>
<opset="pe_array_pe_val_3_addr_5/2 "/>
</bind>
</comp>

<comp id="170" class="1004" name="pe_array_pe_val_2_addr_5_gep_fu_170">
<pin_list>
<pin id="171" dir="0" index="0" bw="32" slack="0"/>
<pin id="172" dir="0" index="1" bw="1" slack="0"/>
<pin id="173" dir="0" index="2" bw="1" slack="0"/>
<pin id="174" dir="1" index="3" bw="2" slack="0"/>
</pin_list>
<bind>
<opcode="getelementptr(29) " fcode="getelementptr"/>
<opset="pe_array_pe_val_2_addr_5/2 "/>
</bind>
</comp>

<comp id="178" class="1004" name="pe_array_pe_val_1_addr_5_gep_fu_178">
<pin_list>
<pin id="179" dir="0" index="0" bw="32" slack="0"/>
<pin id="180" dir="0" index="1" bw="1" slack="0"/>
<pin id="181" dir="0" index="2" bw="1" slack="0"/>
<pin id="182" dir="1" index="3" bw="2" slack="0"/>
</pin_list>
<bind>
<opcode="getelementptr(29) " fcode="getelementptr"/>
<opset="pe_array_pe_val_1_addr_5/2 "/>
</bind>
</comp>

<comp id="186" class="1004" name="pe_array_pe_val_0_addr_5_gep_fu_186">
<pin_list>
<pin id="187" dir="0" index="0" bw="32" slack="0"/>
<pin id="188" dir="0" index="1" bw="1" slack="0"/>
<pin id="189" dir="0" index="2" bw="1" slack="0"/>
<pin id="190" dir="1" index="3" bw="2" slack="0"/>
</pin_list>
<bind>
<opcode="getelementptr(29) " fcode="getelementptr"/>
<opset="pe_array_pe_val_0_addr_5/2 "/>
</bind>
</comp>

<comp id="194" class="1004" name="pe_array_pe_val_3_addr_6_gep_fu_194">
<pin_list>
<pin id="195" dir="0" index="0" bw="32" slack="0"/>
<pin id="196" dir="0" index="1" bw="1" slack="0"/>
<pin id="197" dir="0" index="2" bw="1" slack="0"/>
<pin id="198" dir="1" index="3" bw="2" slack="0"/>
</pin_list>
<bind>
<opcode="getelementptr(29) " fcode="getelementptr"/>
<opset="pe_array_pe_val_3_addr_6/2 "/>
</bind>
</comp>

<comp id="202" class="1004" name="pe_array_pe_val_2_addr_6_gep_fu_202">
<pin_list>
<pin id="203" dir="0" index="0" bw="32" slack="0"/>
<pin id="204" dir="0" index="1" bw="1" slack="0"/>
<pin id="205" dir="0" index="2" bw="1" slack="0"/>
<pin id="206" dir="1" index="3" bw="2" slack="0"/>
</pin_list>
<bind>
<opcode="getelementptr(29) " fcode="getelementptr"/>
<opset="pe_array_pe_val_2_addr_6/2 "/>
</bind>
</comp>

<comp id="210" class="1004" name="pe_array_pe_val_1_addr_6_gep_fu_210">
<pin_list>
<pin id="211" dir="0" index="0" bw="32" slack="0"/>
<pin id="212" dir="0" index="1" bw="1" slack="0"/>
<pin id="213" dir="0" index="2" bw="1" slack="0"/>
<pin id="214" dir="1" index="3" bw="2" slack="0"/>
</pin_list>
<bind>
<opcode="getelementptr(29) " fcode="getelementptr"/>
<opset="pe_array_pe_val_1_addr_6/2 "/>
</bind>
</comp>

<comp id="218" class="1004" name="pe_array_pe_val_0_addr_6_gep_fu_218">
<pin_list>
<pin id="219" dir="0" index="0" bw="32" slack="0"/>
<pin id="220" dir="0" index="1" bw="1" slack="0"/>
<pin id="221" dir="0" index="2" bw="1" slack="0"/>
<pin id="222" dir="1" index="3" bw="2" slack="0"/>
</pin_list>
<bind>
<opcode="getelementptr(29) " fcode="getelementptr"/>
<opset="pe_array_pe_val_0_addr_6/2 "/>
</bind>
</comp>

<comp id="226" class="1004" name="grp_access_fu_226">
<pin_list>
<pin id="227" dir="0" index="0" bw="2" slack="0"/>
<pin id="228" dir="0" index="1" bw="32" slack="2147483647"/>
<pin id="229" dir="0" index="2" bw="0" slack="0"/>
<pin id="231" dir="0" index="4" bw="2" slack="2147483647"/>
<pin id="232" dir="0" index="5" bw="32" slack="2147483647"/>
<pin id="233" dir="0" index="6" bw="0" slack="2147483647"/>
<pin id="230" dir="1" index="3" bw="32" slack="0"/>
<pin id="234" dir="1" index="7" bw="32" slack="0"/>
</pin_list>
<bind>
<opcode="load(27) " fcode="load"/>
<opset="pe_array_pe_val_0_load/2 pe_array_pe_val_0_load_4/2 pe_array_pe_val_0_load_5/3 pe_array_pe_val_0_load_6/3 "/>
</bind>
</comp>

<comp id="236" class="1004" name="grp_access_fu_236">
<pin_list>
<pin id="237" dir="0" index="0" bw="2" slack="0"/>
<pin id="238" dir="0" index="1" bw="32" slack="2147483647"/>
<pin id="239" dir="0" index="2" bw="0" slack="0"/>
<pin id="241" dir="0" index="4" bw="2" slack="2147483647"/>
<pin id="242" dir="0" index="5" bw="32" slack="2147483647"/>
<pin id="243" dir="0" index="6" bw="0" slack="2147483647"/>
<pin id="240" dir="1" index="3" bw="32" slack="0"/>
<pin id="244" dir="1" index="7" bw="32" slack="0"/>
</pin_list>
<bind>
<opcode="load(27) " fcode="load"/>
<opset="pe_array_pe_val_1_load/2 pe_array_pe_val_1_load_4/2 pe_array_pe_val_1_load_5/3 pe_array_pe_val_1_load_6/3 "/>
</bind>
</comp>

<comp id="246" class="1004" name="grp_access_fu_246">
<pin_list>
<pin id="247" dir="0" index="0" bw="2" slack="0"/>
<pin id="248" dir="0" index="1" bw="32" slack="2147483647"/>
<pin id="249" dir="0" index="2" bw="0" slack="0"/>
<pin id="251" dir="0" index="4" bw="2" slack="2147483647"/>
<pin id="252" dir="0" index="5" bw="32" slack="2147483647"/>
<pin id="253" dir="0" index="6" bw="0" slack="2147483647"/>
<pin id="250" dir="1" index="3" bw="32" slack="0"/>
<pin id="254" dir="1" index="7" bw="32" slack="0"/>
</pin_list>
<bind>
<opcode="load(27) " fcode="load"/>
<opset="pe_array_pe_val_2_load/2 pe_array_pe_val_2_load_4/2 pe_array_pe_val_2_load_5/3 pe_array_pe_val_2_load_6/3 "/>
</bind>
</comp>

<comp id="256" class="1004" name="grp_access_fu_256">
<pin_list>
<pin id="257" dir="0" index="0" bw="2" slack="0"/>
<pin id="258" dir="0" index="1" bw="32" slack="2147483647"/>
<pin id="259" dir="0" index="2" bw="0" slack="0"/>
<pin id="261" dir="0" index="4" bw="2" slack="2147483647"/>
<pin id="262" dir="0" index="5" bw="32" slack="2147483647"/>
<pin id="263" dir="0" index="6" bw="0" slack="2147483647"/>
<pin id="260" dir="1" index="3" bw="32" slack="0"/>
<pin id="264" dir="1" index="7" bw="32" slack="0"/>
</pin_list>
<bind>
<opcode="load(27) " fcode="load"/>
<opset="pe_array_pe_val_3_load/2 pe_array_pe_val_3_load_4/2 pe_array_pe_val_3_load_5/3 pe_array_pe_val_3_load_6/3 "/>
</bind>
</comp>

<comp id="270" class="1004" name="pe_array_pe_val_3_addr_gep_fu_270">
<pin_list>
<pin id="271" dir="0" index="0" bw="32" slack="0"/>
<pin id="272" dir="0" index="1" bw="1" slack="0"/>
<pin id="273" dir="0" index="2" bw="3" slack="0"/>
<pin id="274" dir="1" index="3" bw="2" slack="0"/>
</pin_list>
<bind>
<opcode="getelementptr(29) " fcode="getelementptr"/>
<opset="pe_array_pe_val_3_addr/3 "/>
</bind>
</comp>

<comp id="278" class="1004" name="pe_array_pe_val_2_addr_gep_fu_278">
<pin_list>
<pin id="279" dir="0" index="0" bw="32" slack="0"/>
<pin id="280" dir="0" index="1" bw="1" slack="0"/>
<pin id="281" dir="0" index="2" bw="3" slack="0"/>
<pin id="282" dir="1" index="3" bw="2" slack="0"/>
</pin_list>
<bind>
<opcode="getelementptr(29) " fcode="getelementptr"/>
<opset="pe_array_pe_val_2_addr/3 "/>
</bind>
</comp>

<comp id="286" class="1004" name="pe_array_pe_val_1_addr_gep_fu_286">
<pin_list>
<pin id="287" dir="0" index="0" bw="32" slack="0"/>
<pin id="288" dir="0" index="1" bw="1" slack="0"/>
<pin id="289" dir="0" index="2" bw="3" slack="0"/>
<pin id="290" dir="1" index="3" bw="2" slack="0"/>
</pin_list>
<bind>
<opcode="getelementptr(29) " fcode="getelementptr"/>
<opset="pe_array_pe_val_1_addr/3 "/>
</bind>
</comp>

<comp id="294" class="1004" name="pe_array_pe_val_0_addr_gep_fu_294">
<pin_list>
<pin id="295" dir="0" index="0" bw="32" slack="0"/>
<pin id="296" dir="0" index="1" bw="1" slack="0"/>
<pin id="297" dir="0" index="2" bw="3" slack="0"/>
<pin id="298" dir="1" index="3" bw="2" slack="0"/>
</pin_list>
<bind>
<opcode="getelementptr(29) " fcode="getelementptr"/>
<opset="pe_array_pe_val_0_addr/3 "/>
</bind>
</comp>

<comp id="302" class="1004" name="pe_array_pe_val_3_addr_4_gep_fu_302">
<pin_list>
<pin id="303" dir="0" index="0" bw="32" slack="0"/>
<pin id="304" dir="0" index="1" bw="1" slack="0"/>
<pin id="305" dir="0" index="2" bw="3" slack="0"/>
<pin id="306" dir="1" index="3" bw="2" slack="0"/>
</pin_list>
<bind>
<opcode="getelementptr(29) " fcode="getelementptr"/>
<opset="pe_array_pe_val_3_addr_4/3 "/>
</bind>
</comp>

<comp id="310" class="1004" name="pe_array_pe_val_2_addr_4_gep_fu_310">
<pin_list>
<pin id="311" dir="0" index="0" bw="32" slack="0"/>
<pin id="312" dir="0" index="1" bw="1" slack="0"/>
<pin id="313" dir="0" index="2" bw="3" slack="0"/>
<pin id="314" dir="1" index="3" bw="2" slack="0"/>
</pin_list>
<bind>
<opcode="getelementptr(29) " fcode="getelementptr"/>
<opset="pe_array_pe_val_2_addr_4/3 "/>
</bind>
</comp>

<comp id="318" class="1004" name="pe_array_pe_val_1_addr_4_gep_fu_318">
<pin_list>
<pin id="319" dir="0" index="0" bw="32" slack="0"/>
<pin id="320" dir="0" index="1" bw="1" slack="0"/>
<pin id="321" dir="0" index="2" bw="3" slack="0"/>
<pin id="322" dir="1" index="3" bw="2" slack="0"/>
</pin_list>
<bind>
<opcode="getelementptr(29) " fcode="getelementptr"/>
<opset="pe_array_pe_val_1_addr_4/3 "/>
</bind>
</comp>

<comp id="326" class="1004" name="pe_array_pe_val_0_addr_4_gep_fu_326">
<pin_list>
<pin id="327" dir="0" index="0" bw="32" slack="0"/>
<pin id="328" dir="0" index="1" bw="1" slack="0"/>
<pin id="329" dir="0" index="2" bw="3" slack="0"/>
<pin id="330" dir="1" index="3" bw="2" slack="0"/>
</pin_list>
<bind>
<opcode="getelementptr(29) " fcode="getelementptr"/>
<opset="pe_array_pe_val_0_addr_4/3 "/>
</bind>
</comp>

<comp id="342" class="1004" name="grp_fu_342">
<pin_list>
<pin id="343" dir="0" index="0" bw="32" slack="0"/>
<pin id="344" dir="0" index="1" bw="32" slack="0"/>
<pin id="345" dir="0" index="2" bw="32" slack="0"/>
<pin id="346" dir="0" index="3" bw="32" slack="0"/>
<pin id="347" dir="0" index="4" bw="32" slack="0"/>
<pin id="348" dir="0" index="5" bw="2" slack="1"/>
<pin id="349" dir="1" index="6" bw="32" slack="1"/>
</pin_list>
<bind>
<opcode="mux(1196) " fcode="mux"/>
<opset="tmp_9/3 tmp_7/4 "/>
</bind>
</comp>

<comp id="355" class="1004" name="grp_fu_355">
<pin_list>
<pin id="356" dir="0" index="0" bw="32" slack="0"/>
<pin id="357" dir="0" index="1" bw="32" slack="0"/>
<pin id="358" dir="0" index="2" bw="32" slack="0"/>
<pin id="359" dir="0" index="3" bw="32" slack="0"/>
<pin id="360" dir="0" index="4" bw="32" slack="0"/>
<pin id="361" dir="0" index="5" bw="2" slack="1"/>
<pin id="362" dir="1" index="6" bw="32" slack="2"/>
</pin_list>
<bind>
<opcode="mux(1196) " fcode="mux"/>
<opset="tmp_s/3 tmp_1/4 "/>
</bind>
</comp>

<comp id="368" class="1005" name="reg_368">
<pin_list>
<pin id="369" dir="0" index="0" bw="32" slack="1"/>
<pin id="370" dir="1" index="1" bw="32" slack="1"/>
</pin_list>
<bind>
<opset="tmp_9 tmp_7 "/>
</bind>
</comp>

<comp id="374" class="1004" name="store_ln0_store_fu_374">
<pin_list>
<pin id="375" dir="0" index="0" bw="1" slack="0"/>
<pin id="376" dir="0" index="1" bw="3" slack="0"/>
<pin id="377" dir="1" index="2" bw="0" slack="2147483647"/>
</pin_list>
<bind>
<opcode="store(28) " fcode="store"/>
<opset="store_ln0/1 "/>
</bind>
</comp>

<comp id="379" class="1004" name="store_ln0_store_fu_379">
<pin_list>
<pin id="380" dir="0" index="0" bw="1" slack="0"/>
<pin id="381" dir="0" index="1" bw="32" slack="0"/>
<pin id="382" dir="1" index="2" bw="0" slack="2147483647"/>
</pin_list>
<bind>
<opcode="store(28) " fcode="store"/>
<opset="store_ln0/1 "/>
</bind>
</comp>

<comp id="384" class="1004" name="r_1_load_fu_384">
<pin_list>
<pin id="385" dir="0" index="0" bw="3" slack="1"/>
<pin id="386" dir="1" index="1" bw="3" slack="0"/>
</pin_list>
<bind>
<opcode="load(27) " fcode="load"/>
<opset="r_1/2 "/>
</bind>
</comp>

<comp id="387" class="1004" name="icmp_ln210_fu_387">
<pin_list>
<pin id="388" dir="0" index="0" bw="3" slack="0"/>
<pin id="389" dir="0" index="1" bw="3" slack="0"/>
<pin id="390" dir="1" index="2" bw="1" slack="1"/>
</pin_list>
<bind>
<opcode="icmp(45) " fcode="icmp"/>
<opset="icmp_ln210/2 "/>
</bind>
</comp>

<comp id="393" class="1004" name="add_ln210_fu_393">
<pin_list>
<pin id="394" dir="0" index="0" bw="3" slack="0"/>
<pin id="395" dir="0" index="1" bw="1" slack="0"/>
<pin id="396" dir="1" index="2" bw="3" slack="0"/>
</pin_list>
<bind>
<opcode="add(8) " fcode="add"/>
<opset="add_ln210/2 "/>
</bind>
</comp>

<comp id="399" class="1004" name="phi_mul426_load_load_fu_399">
<pin_list>
<pin id="400" dir="0" index="0" bw="32" slack="1"/>
<pin id="401" dir="1" index="1" bw="32" slack="0"/>
</pin_list>
<bind>
<opcode="load(27) " fcode="load"/>
<opset="phi_mul426_load/2 "/>
</bind>
</comp>

<comp id="402" class="1004" name="add_ln143_fu_402">
<pin_list>
<pin id="403" dir="0" index="0" bw="32" slack="0"/>
<pin id="404" dir="0" index="1" bw="32" slack="1"/>
<pin id="405" dir="1" index="2" bw="32" slack="0"/>
</pin_list>
<bind>
<opcode="add(8) " fcode="add"/>
<opset="add_ln143/2 "/>
</bind>
</comp>

<comp id="407" class="1004" name="tmp_fu_407">
<pin_list>
<pin id="408" dir="0" index="0" bw="32" slack="1"/>
<pin id="409" dir="0" index="1" bw="32" slack="0"/>
<pin id="410" dir="1" index="2" bw="32" slack="0"/>
</pin_list>
<bind>
<opcode="add(8) " fcode="add"/>
<opset="tmp/2 "/>
</bind>
</comp>

<comp id="412" class="1004" name="empty_43_fu_412">
<pin_list>
<pin id="413" dir="0" index="0" bw="32" slack="0"/>
<pin id="414" dir="0" index="1" bw="32" slack="1"/>
<pin id="415" dir="1" index="2" bw="32" slack="0"/>
</pin_list>
<bind>
<opcode="add(8) " fcode="add"/>
<opset="empty_43/2 "/>
</bind>
</comp>

<comp id="417" class="1004" name="tmp_5_fu_417">
<pin_list>
<pin id="418" dir="0" index="0" bw="34" slack="0"/>
<pin id="419" dir="0" index="1" bw="32" slack="0"/>
<pin id="420" dir="0" index="2" bw="1" slack="0"/>
<pin id="421" dir="1" index="3" bw="34" slack="0"/>
</pin_list>
<bind>
<opcode="bitconcatenate(1004) " fcode="bitconcatenate"/>
<opset="tmp_5/2 "/>
</bind>
</comp>

<comp id="425" class="1004" name="p_cast10892_fu_425">
<pin_list>
<pin id="426" dir="0" index="0" bw="34" slack="0"/>
<pin id="427" dir="1" index="1" bw="64" slack="0"/>
</pin_list>
<bind>
<opcode="zext(34) " fcode="zext"/>
<opset="p_cast10892/2 "/>
</bind>
</comp>

<comp id="429" class="1004" name="empty_44_fu_429">
<pin_list>
<pin id="430" dir="0" index="0" bw="34" slack="0"/>
<pin id="431" dir="0" index="1" bw="64" slack="1"/>
<pin id="432" dir="1" index="2" bw="64" slack="0"/>
</pin_list>
<bind>
<opcode="add(8) " fcode="add"/>
<opset="empty_44/2 "/>
</bind>
</comp>

<comp id="434" class="1004" name="trunc_ln9_fu_434">
<pin_list>
<pin id="435" dir="0" index="0" bw="62" slack="0"/>
<pin id="436" dir="0" index="1" bw="64" slack="0"/>
<pin id="437" dir="0" index="2" bw="3" slack="0"/>
<pin id="438" dir="0" index="3" bw="7" slack="0"/>
<pin id="439" dir="1" index="4" bw="62" slack="0"/>
</pin_list>
<bind>
<opcode="partselect(1002) " fcode="partselect"/>
<opset="trunc_ln9/2 "/>
</bind>
</comp>

<comp id="444" class="1004" name="sext_ln211_fu_444">
<pin_list>
<pin id="445" dir="0" index="0" bw="62" slack="0"/>
<pin id="446" dir="1" index="1" bw="64" slack="0"/>
</pin_list>
<bind>
<opcode="sext(35) " fcode="sext"/>
<opset="sext_ln211/2 "/>
</bind>
</comp>

<comp id="448" class="1004" name="gmem_addr_fu_448">
<pin_list>
<pin id="449" dir="0" index="0" bw="32" slack="0"/>
<pin id="450" dir="0" index="1" bw="62" slack="0"/>
<pin id="451" dir="1" index="2" bw="32" slack="1"/>
</pin_list>
<bind>
<opcode="getelementptr(29) " fcode="getelementptr"/>
<opset="gmem_addr/2 "/>
</bind>
</comp>

<comp id="454" class="1004" name="trunc_ln213_fu_454">
<pin_list>
<pin id="455" dir="0" index="0" bw="3" slack="0"/>
<pin id="456" dir="1" index="1" bw="2" slack="1"/>
</pin_list>
<bind>
<opcode="trunc(33) " fcode="trunc"/>
<opset="trunc_ln213/2 "/>
</bind>
</comp>

<comp id="458" class="1004" name="store_ln210_store_fu_458">
<pin_list>
<pin id="459" dir="0" index="0" bw="3" slack="0"/>
<pin id="460" dir="0" index="1" bw="3" slack="1"/>
<pin id="461" dir="1" index="2" bw="0" slack="2147483647"/>
</pin_list>
<bind>
<opcode="store(28) " fcode="store"/>
<opset="store_ln210/2 "/>
</bind>
</comp>

<comp id="463" class="1004" name="store_ln143_store_fu_463">
<pin_list>
<pin id="464" dir="0" index="0" bw="32" slack="0"/>
<pin id="465" dir="0" index="1" bw="32" slack="1"/>
<pin id="466" dir="1" index="2" bw="0" slack="2147483647"/>
</pin_list>
<bind>
<opcode="store(28) " fcode="store"/>
<opset="store_ln143/2 "/>
</bind>
</comp>

<comp id="468" class="1005" name="phi_mul426_reg_468">
<pin_list>
<pin id="469" dir="0" index="0" bw="32" slack="0"/>
<pin id="470" dir="1" index="1" bw="32" slack="0"/>
</pin_list>
<bind>
<opset="phi_mul426 "/>
</bind>
</comp>

<comp id="475" class="1005" name="r_reg_475">
<pin_list>
<pin id="476" dir="0" index="0" bw="3" slack="0"/>
<pin id="477" dir="1" index="1" bw="3" slack="0"/>
</pin_list>
<bind>
<opset="r "/>
</bind>
</comp>

<comp id="482" class="1005" name="out_read_reg_482">
<pin_list>
<pin id="483" dir="0" index="0" bw="64" slack="1"/>
<pin id="484" dir="1" index="1" bw="64" slack="1"/>
</pin_list>
<bind>
<opset="out_read "/>
</bind>
</comp>

<comp id="487" class="1005" name="shl_ln2_read_reg_487">
<pin_list>
<pin id="488" dir="0" index="0" bw="32" slack="1"/>
<pin id="489" dir="1" index="1" bw="32" slack="1"/>
</pin_list>
<bind>
<opset="shl_ln2_read "/>
</bind>
</comp>

<comp id="492" class="1005" name="shl_ln139_mid2_read_reg_492">
<pin_list>
<pin id="493" dir="0" index="0" bw="32" slack="1"/>
<pin id="494" dir="1" index="1" bw="32" slack="1"/>
</pin_list>
<bind>
<opset="shl_ln139_mid2_read "/>
</bind>
</comp>

<comp id="497" class="1005" name="cb_read_reg_497">
<pin_list>
<pin id="498" dir="0" index="0" bw="32" slack="1"/>
<pin id="499" dir="1" index="1" bw="32" slack="1"/>
</pin_list>
<bind>
<opset="cb_read "/>
</bind>
</comp>

<comp id="502" class="1005" name="pe_array_pe_val_3_addr_5_reg_502">
<pin_list>
<pin id="503" dir="0" index="0" bw="2" slack="1"/>
<pin id="504" dir="1" index="1" bw="2" slack="1"/>
</pin_list>
<bind>
<opset="pe_array_pe_val_3_addr_5 "/>
</bind>
</comp>

<comp id="507" class="1005" name="pe_array_pe_val_2_addr_5_reg_507">
<pin_list>
<pin id="508" dir="0" index="0" bw="2" slack="1"/>
<pin id="509" dir="1" index="1" bw="2" slack="1"/>
</pin_list>
<bind>
<opset="pe_array_pe_val_2_addr_5 "/>
</bind>
</comp>

<comp id="512" class="1005" name="pe_array_pe_val_1_addr_5_reg_512">
<pin_list>
<pin id="513" dir="0" index="0" bw="2" slack="1"/>
<pin id="514" dir="1" index="1" bw="2" slack="1"/>
</pin_list>
<bind>
<opset="pe_array_pe_val_1_addr_5 "/>
</bind>
</comp>

<comp id="517" class="1005" name="pe_array_pe_val_0_addr_5_reg_517">
<pin_list>
<pin id="518" dir="0" index="0" bw="2" slack="1"/>
<pin id="519" dir="1" index="1" bw="2" slack="1"/>
</pin_list>
<bind>
<opset="pe_array_pe_val_0_addr_5 "/>
</bind>
</comp>

<comp id="522" class="1005" name="pe_array_pe_val_3_addr_6_reg_522">
<pin_list>
<pin id="523" dir="0" index="0" bw="2" slack="1"/>
<pin id="524" dir="1" index="1" bw="2" slack="1"/>
</pin_list>
<bind>
<opset="pe_array_pe_val_3_addr_6 "/>
</bind>
</comp>

<comp id="527" class="1005" name="pe_array_pe_val_2_addr_6_reg_527">
<pin_list>
<pin id="528" dir="0" index="0" bw="2" slack="1"/>
<pin id="529" dir="1" index="1" bw="2" slack="1"/>
</pin_list>
<bind>
<opset="pe_array_pe_val_2_addr_6 "/>
</bind>
</comp>

<comp id="532" class="1005" name="pe_array_pe_val_1_addr_6_reg_532">
<pin_list>
<pin id="533" dir="0" index="0" bw="2" slack="1"/>
<pin id="534" dir="1" index="1" bw="2" slack="1"/>
</pin_list>
<bind>
<opset="pe_array_pe_val_1_addr_6 "/>
</bind>
</comp>

<comp id="537" class="1005" name="pe_array_pe_val_0_addr_6_reg_537">
<pin_list>
<pin id="538" dir="0" index="0" bw="2" slack="1"/>
<pin id="539" dir="1" index="1" bw="2" slack="1"/>
</pin_list>
<bind>
<opset="pe_array_pe_val_0_addr_6 "/>
</bind>
</comp>

<comp id="542" class="1005" name="icmp_ln210_reg_542">
<pin_list>
<pin id="543" dir="0" index="0" bw="1" slack="1"/>
<pin id="544" dir="1" index="1" bw="1" slack="2147483647"/>
</pin_list>
<bind>
<opset="icmp_ln210 "/>
</bind>
</comp>

<comp id="546" class="1005" name="gmem_addr_reg_546">
<pin_list>
<pin id="547" dir="0" index="0" bw="32" slack="1"/>
<pin id="548" dir="1" index="1" bw="32" slack="1"/>
</pin_list>
<bind>
<opset="gmem_addr "/>
</bind>
</comp>

<comp id="555" class="1005" name="trunc_ln213_reg_555">
<pin_list>
<pin id="556" dir="0" index="0" bw="2" slack="1"/>
<pin id="557" dir="1" index="1" bw="2" slack="1"/>
</pin_list>
<bind>
<opset="trunc_ln213 "/>
</bind>
</comp>

<comp id="561" class="1005" name="pe_array_pe_val_3_addr_reg_561">
<pin_list>
<pin id="562" dir="0" index="0" bw="2" slack="1"/>
<pin id="563" dir="1" index="1" bw="2" slack="1"/>
</pin_list>
<bind>
<opset="pe_array_pe_val_3_addr "/>
</bind>
</comp>

<comp id="566" class="1005" name="pe_array_pe_val_2_addr_reg_566">
<pin_list>
<pin id="567" dir="0" index="0" bw="2" slack="1"/>
<pin id="568" dir="1" index="1" bw="2" slack="1"/>
</pin_list>
<bind>
<opset="pe_array_pe_val_2_addr "/>
</bind>
</comp>

<comp id="571" class="1005" name="pe_array_pe_val_1_addr_reg_571">
<pin_list>
<pin id="572" dir="0" index="0" bw="2" slack="1"/>
<pin id="573" dir="1" index="1" bw="2" slack="1"/>
</pin_list>
<bind>
<opset="pe_array_pe_val_1_addr "/>
</bind>
</comp>

<comp id="576" class="1005" name="pe_array_pe_val_0_addr_reg_576">
<pin_list>
<pin id="577" dir="0" index="0" bw="2" slack="1"/>
<pin id="578" dir="1" index="1" bw="2" slack="1"/>
</pin_list>
<bind>
<opset="pe_array_pe_val_0_addr "/>
</bind>
</comp>

<comp id="581" class="1005" name="pe_array_pe_val_3_addr_4_reg_581">
<pin_list>
<pin id="582" dir="0" index="0" bw="2" slack="1"/>
<pin id="583" dir="1" index="1" bw="2" slack="1"/>
</pin_list>
<bind>
<opset="pe_array_pe_val_3_addr_4 "/>
</bind>
</comp>

<comp id="586" class="1005" name="pe_array_pe_val_2_addr_4_reg_586">
<pin_list>
<pin id="587" dir="0" index="0" bw="2" slack="1"/>
<pin id="588" dir="1" index="1" bw="2" slack="1"/>
</pin_list>
<bind>
<opset="pe_array_pe_val_2_addr_4 "/>
</bind>
</comp>

<comp id="591" class="1005" name="pe_array_pe_val_1_addr_4_reg_591">
<pin_list>
<pin id="592" dir="0" index="0" bw="2" slack="1"/>
<pin id="593" dir="1" index="1" bw="2" slack="1"/>
</pin_list>
<bind>
<opset="pe_array_pe_val_1_addr_4 "/>
</bind>
</comp>

<comp id="596" class="1005" name="pe_array_pe_val_0_addr_4_reg_596">
<pin_list>
<pin id="597" dir="0" index="0" bw="2" slack="1"/>
<pin id="598" dir="1" index="1" bw="2" slack="1"/>
</pin_list>
<bind>
<opset="pe_array_pe_val_0_addr_4 "/>
</bind>
</comp>

<comp id="601" class="1005" name="tmp_s_reg_601">
<pin_list>
<pin id="602" dir="0" index="0" bw="32" slack="2"/>
<pin id="603" dir="1" index="1" bw="32" slack="2"/>
</pin_list>
<bind>
<opset="tmp_s "/>
</bind>
</comp>

<comp id="606" class="1005" name="tmp_1_reg_606">
<pin_list>
<pin id="607" dir="0" index="0" bw="32" slack="3"/>
<pin id="608" dir="1" index="1" bw="32" slack="3"/>
</pin_list>
<bind>
<opset="tmp_1 "/>
</bind>
</comp>

</comp_list>

<net_list>
<net id="93"><net_src comp="18" pin="0"/><net_sink comp="90" pin=0"/></net>

<net id="97"><net_src comp="18" pin="0"/><net_sink comp="94" pin=0"/></net>

<net id="102"><net_src comp="36" pin="0"/><net_sink comp="98" pin=0"/></net>

<net id="103"><net_src comp="14" pin="0"/><net_sink comp="98" pin=1"/></net>

<net id="108"><net_src comp="38" pin="0"/><net_sink comp="104" pin=0"/></net>

<net id="109"><net_src comp="12" pin="0"/><net_sink comp="104" pin=1"/></net>

<net id="114"><net_src comp="38" pin="0"/><net_sink comp="110" pin=0"/></net>

<net id="115"><net_src comp="10" pin="0"/><net_sink comp="110" pin=1"/></net>

<net id="120"><net_src comp="38" pin="0"/><net_sink comp="116" pin=0"/></net>

<net id="121"><net_src comp="8" pin="0"/><net_sink comp="116" pin=1"/></net>

<net id="127"><net_src comp="74" pin="0"/><net_sink comp="122" pin=0"/></net>

<net id="128"><net_src comp="76" pin="0"/><net_sink comp="122" pin=2"/></net>

<net id="135"><net_src comp="80" pin="0"/><net_sink comp="129" pin=0"/></net>

<net id="136"><net_src comp="82" pin="0"/><net_sink comp="129" pin=3"/></net>

<net id="143"><net_src comp="80" pin="0"/><net_sink comp="137" pin=0"/></net>

<net id="144"><net_src comp="82" pin="0"/><net_sink comp="137" pin=3"/></net>

<net id="151"><net_src comp="80" pin="0"/><net_sink comp="145" pin=0"/></net>

<net id="152"><net_src comp="82" pin="0"/><net_sink comp="145" pin=3"/></net>

<net id="159"><net_src comp="80" pin="0"/><net_sink comp="153" pin=0"/></net>

<net id="160"><net_src comp="82" pin="0"/><net_sink comp="153" pin=3"/></net>

<net id="161"><net_src comp="84" pin="0"/><net_sink comp="122" pin=0"/></net>

<net id="167"><net_src comp="0" pin="0"/><net_sink comp="162" pin=0"/></net>

<net id="168"><net_src comp="42" pin="0"/><net_sink comp="162" pin=1"/></net>

<net id="169"><net_src comp="44" pin="0"/><net_sink comp="162" pin=2"/></net>

<net id="175"><net_src comp="2" pin="0"/><net_sink comp="170" pin=0"/></net>

<net id="176"><net_src comp="42" pin="0"/><net_sink comp="170" pin=1"/></net>

<net id="177"><net_src comp="44" pin="0"/><net_sink comp="170" pin=2"/></net>

<net id="183"><net_src comp="4" pin="0"/><net_sink comp="178" pin=0"/></net>

<net id="184"><net_src comp="42" pin="0"/><net_sink comp="178" pin=1"/></net>

<net id="185"><net_src comp="44" pin="0"/><net_sink comp="178" pin=2"/></net>

<net id="191"><net_src comp="6" pin="0"/><net_sink comp="186" pin=0"/></net>

<net id="192"><net_src comp="42" pin="0"/><net_sink comp="186" pin=1"/></net>

<net id="193"><net_src comp="44" pin="0"/><net_sink comp="186" pin=2"/></net>

<net id="199"><net_src comp="0" pin="0"/><net_sink comp="194" pin=0"/></net>

<net id="200"><net_src comp="42" pin="0"/><net_sink comp="194" pin=1"/></net>

<net id="201"><net_src comp="42" pin="0"/><net_sink comp="194" pin=2"/></net>

<net id="207"><net_src comp="2" pin="0"/><net_sink comp="202" pin=0"/></net>

<net id="208"><net_src comp="42" pin="0"/><net_sink comp="202" pin=1"/></net>

<net id="209"><net_src comp="42" pin="0"/><net_sink comp="202" pin=2"/></net>

<net id="215"><net_src comp="4" pin="0"/><net_sink comp="210" pin=0"/></net>

<net id="216"><net_src comp="42" pin="0"/><net_sink comp="210" pin=1"/></net>

<net id="217"><net_src comp="42" pin="0"/><net_sink comp="210" pin=2"/></net>

<net id="223"><net_src comp="6" pin="0"/><net_sink comp="218" pin=0"/></net>

<net id="224"><net_src comp="42" pin="0"/><net_sink comp="218" pin=1"/></net>

<net id="225"><net_src comp="42" pin="0"/><net_sink comp="218" pin=2"/></net>

<net id="235"><net_src comp="218" pin="3"/><net_sink comp="226" pin=2"/></net>

<net id="245"><net_src comp="210" pin="3"/><net_sink comp="236" pin=2"/></net>

<net id="255"><net_src comp="202" pin="3"/><net_sink comp="246" pin=2"/></net>

<net id="265"><net_src comp="194" pin="3"/><net_sink comp="256" pin=2"/></net>

<net id="266"><net_src comp="186" pin="3"/><net_sink comp="226" pin=0"/></net>

<net id="267"><net_src comp="178" pin="3"/><net_sink comp="236" pin=0"/></net>

<net id="268"><net_src comp="170" pin="3"/><net_sink comp="246" pin=0"/></net>

<net id="269"><net_src comp="162" pin="3"/><net_sink comp="256" pin=0"/></net>

<net id="275"><net_src comp="0" pin="0"/><net_sink comp="270" pin=0"/></net>

<net id="276"><net_src comp="42" pin="0"/><net_sink comp="270" pin=1"/></net>

<net id="277"><net_src comp="60" pin="0"/><net_sink comp="270" pin=2"/></net>

<net id="283"><net_src comp="2" pin="0"/><net_sink comp="278" pin=0"/></net>

<net id="284"><net_src comp="42" pin="0"/><net_sink comp="278" pin=1"/></net>

<net id="285"><net_src comp="60" pin="0"/><net_sink comp="278" pin=2"/></net>

<net id="291"><net_src comp="4" pin="0"/><net_sink comp="286" pin=0"/></net>

<net id="292"><net_src comp="42" pin="0"/><net_sink comp="286" pin=1"/></net>

<net id="293"><net_src comp="60" pin="0"/><net_sink comp="286" pin=2"/></net>

<net id="299"><net_src comp="6" pin="0"/><net_sink comp="294" pin=0"/></net>

<net id="300"><net_src comp="42" pin="0"/><net_sink comp="294" pin=1"/></net>

<net id="301"><net_src comp="60" pin="0"/><net_sink comp="294" pin=2"/></net>

<net id="307"><net_src comp="0" pin="0"/><net_sink comp="302" pin=0"/></net>

<net id="308"><net_src comp="42" pin="0"/><net_sink comp="302" pin=1"/></net>

<net id="309"><net_src comp="62" pin="0"/><net_sink comp="302" pin=2"/></net>

<net id="315"><net_src comp="2" pin="0"/><net_sink comp="310" pin=0"/></net>

<net id="316"><net_src comp="42" pin="0"/><net_sink comp="310" pin=1"/></net>

<net id="317"><net_src comp="62" pin="0"/><net_sink comp="310" pin=2"/></net>

<net id="323"><net_src comp="4" pin="0"/><net_sink comp="318" pin=0"/></net>

<net id="324"><net_src comp="42" pin="0"/><net_sink comp="318" pin=1"/></net>

<net id="325"><net_src comp="62" pin="0"/><net_sink comp="318" pin=2"/></net>

<net id="331"><net_src comp="6" pin="0"/><net_sink comp="326" pin=0"/></net>

<net id="332"><net_src comp="42" pin="0"/><net_sink comp="326" pin=1"/></net>

<net id="333"><net_src comp="62" pin="0"/><net_sink comp="326" pin=2"/></net>

<net id="334"><net_src comp="326" pin="3"/><net_sink comp="226" pin=2"/></net>

<net id="335"><net_src comp="318" pin="3"/><net_sink comp="236" pin=2"/></net>

<net id="336"><net_src comp="310" pin="3"/><net_sink comp="246" pin=2"/></net>

<net id="337"><net_src comp="302" pin="3"/><net_sink comp="256" pin=2"/></net>

<net id="338"><net_src comp="294" pin="3"/><net_sink comp="226" pin=0"/></net>

<net id="339"><net_src comp="286" pin="3"/><net_sink comp="236" pin=0"/></net>

<net id="340"><net_src comp="278" pin="3"/><net_sink comp="246" pin=0"/></net>

<net id="341"><net_src comp="270" pin="3"/><net_sink comp="256" pin=0"/></net>

<net id="350"><net_src comp="78" pin="0"/><net_sink comp="342" pin=0"/></net>

<net id="351"><net_src comp="226" pin="7"/><net_sink comp="342" pin=1"/></net>

<net id="352"><net_src comp="236" pin="7"/><net_sink comp="342" pin=2"/></net>

<net id="353"><net_src comp="246" pin="7"/><net_sink comp="342" pin=3"/></net>

<net id="354"><net_src comp="256" pin="7"/><net_sink comp="342" pin=4"/></net>

<net id="363"><net_src comp="78" pin="0"/><net_sink comp="355" pin=0"/></net>

<net id="364"><net_src comp="226" pin="3"/><net_sink comp="355" pin=1"/></net>

<net id="365"><net_src comp="236" pin="3"/><net_sink comp="355" pin=2"/></net>

<net id="366"><net_src comp="246" pin="3"/><net_sink comp="355" pin=3"/></net>

<net id="367"><net_src comp="256" pin="3"/><net_sink comp="355" pin=4"/></net>

<net id="371"><net_src comp="342" pin="6"/><net_sink comp="368" pin=0"/></net>

<net id="372"><net_src comp="368" pin="1"/><net_sink comp="129" pin=2"/></net>

<net id="373"><net_src comp="368" pin="1"/><net_sink comp="145" pin=2"/></net>

<net id="378"><net_src comp="40" pin="0"/><net_sink comp="374" pin=0"/></net>

<net id="383"><net_src comp="24" pin="0"/><net_sink comp="379" pin=0"/></net>

<net id="391"><net_src comp="384" pin="1"/><net_sink comp="387" pin=0"/></net>

<net id="392"><net_src comp="46" pin="0"/><net_sink comp="387" pin=1"/></net>

<net id="397"><net_src comp="384" pin="1"/><net_sink comp="393" pin=0"/></net>

<net id="398"><net_src comp="48" pin="0"/><net_sink comp="393" pin=1"/></net>

<net id="406"><net_src comp="399" pin="1"/><net_sink comp="402" pin=0"/></net>

<net id="411"><net_src comp="399" pin="1"/><net_sink comp="407" pin=1"/></net>

<net id="416"><net_src comp="407" pin="2"/><net_sink comp="412" pin=0"/></net>

<net id="422"><net_src comp="50" pin="0"/><net_sink comp="417" pin=0"/></net>

<net id="423"><net_src comp="412" pin="2"/><net_sink comp="417" pin=1"/></net>

<net id="424"><net_src comp="52" pin="0"/><net_sink comp="417" pin=2"/></net>

<net id="428"><net_src comp="417" pin="3"/><net_sink comp="425" pin=0"/></net>

<net id="433"><net_src comp="425" pin="1"/><net_sink comp="429" pin=0"/></net>

<net id="440"><net_src comp="54" pin="0"/><net_sink comp="434" pin=0"/></net>

<net id="441"><net_src comp="429" pin="2"/><net_sink comp="434" pin=1"/></net>

<net id="442"><net_src comp="56" pin="0"/><net_sink comp="434" pin=2"/></net>

<net id="443"><net_src comp="58" pin="0"/><net_sink comp="434" pin=3"/></net>

<net id="447"><net_src comp="434" pin="4"/><net_sink comp="444" pin=0"/></net>

<net id="452"><net_src comp="16" pin="0"/><net_sink comp="448" pin=0"/></net>

<net id="453"><net_src comp="444" pin="1"/><net_sink comp="448" pin=1"/></net>

<net id="457"><net_src comp="384" pin="1"/><net_sink comp="454" pin=0"/></net>

<net id="462"><net_src comp="393" pin="2"/><net_sink comp="458" pin=0"/></net>

<net id="467"><net_src comp="402" pin="2"/><net_sink comp="463" pin=0"/></net>

<net id="471"><net_src comp="90" pin="1"/><net_sink comp="468" pin=0"/></net>

<net id="472"><net_src comp="468" pin="1"/><net_sink comp="379" pin=1"/></net>

<net id="473"><net_src comp="468" pin="1"/><net_sink comp="399" pin=0"/></net>

<net id="474"><net_src comp="468" pin="1"/><net_sink comp="463" pin=1"/></net>

<net id="478"><net_src comp="94" pin="1"/><net_sink comp="475" pin=0"/></net>

<net id="479"><net_src comp="475" pin="1"/><net_sink comp="374" pin=1"/></net>

<net id="480"><net_src comp="475" pin="1"/><net_sink comp="384" pin=0"/></net>

<net id="481"><net_src comp="475" pin="1"/><net_sink comp="458" pin=1"/></net>

<net id="485"><net_src comp="98" pin="2"/><net_sink comp="482" pin=0"/></net>

<net id="486"><net_src comp="482" pin="1"/><net_sink comp="429" pin=1"/></net>

<net id="490"><net_src comp="104" pin="2"/><net_sink comp="487" pin=0"/></net>

<net id="491"><net_src comp="487" pin="1"/><net_sink comp="412" pin=1"/></net>

<net id="495"><net_src comp="110" pin="2"/><net_sink comp="492" pin=0"/></net>

<net id="496"><net_src comp="492" pin="1"/><net_sink comp="407" pin=0"/></net>

<net id="500"><net_src comp="116" pin="2"/><net_sink comp="497" pin=0"/></net>

<net id="501"><net_src comp="497" pin="1"/><net_sink comp="402" pin=1"/></net>

<net id="505"><net_src comp="162" pin="3"/><net_sink comp="502" pin=0"/></net>

<net id="506"><net_src comp="502" pin="1"/><net_sink comp="256" pin=0"/></net>

<net id="510"><net_src comp="170" pin="3"/><net_sink comp="507" pin=0"/></net>

<net id="511"><net_src comp="507" pin="1"/><net_sink comp="246" pin=0"/></net>

<net id="515"><net_src comp="178" pin="3"/><net_sink comp="512" pin=0"/></net>

<net id="516"><net_src comp="512" pin="1"/><net_sink comp="236" pin=0"/></net>

<net id="520"><net_src comp="186" pin="3"/><net_sink comp="517" pin=0"/></net>

<net id="521"><net_src comp="517" pin="1"/><net_sink comp="226" pin=0"/></net>

<net id="525"><net_src comp="194" pin="3"/><net_sink comp="522" pin=0"/></net>

<net id="526"><net_src comp="522" pin="1"/><net_sink comp="256" pin=2"/></net>

<net id="530"><net_src comp="202" pin="3"/><net_sink comp="527" pin=0"/></net>

<net id="531"><net_src comp="527" pin="1"/><net_sink comp="246" pin=2"/></net>

<net id="535"><net_src comp="210" pin="3"/><net_sink comp="532" pin=0"/></net>

<net id="536"><net_src comp="532" pin="1"/><net_sink comp="236" pin=2"/></net>

<net id="540"><net_src comp="218" pin="3"/><net_sink comp="537" pin=0"/></net>

<net id="541"><net_src comp="537" pin="1"/><net_sink comp="226" pin=2"/></net>

<net id="545"><net_src comp="387" pin="2"/><net_sink comp="542" pin=0"/></net>

<net id="549"><net_src comp="448" pin="2"/><net_sink comp="546" pin=0"/></net>

<net id="550"><net_src comp="546" pin="1"/><net_sink comp="122" pin=1"/></net>

<net id="551"><net_src comp="546" pin="1"/><net_sink comp="129" pin=1"/></net>

<net id="552"><net_src comp="546" pin="1"/><net_sink comp="137" pin=1"/></net>

<net id="553"><net_src comp="546" pin="1"/><net_sink comp="145" pin=1"/></net>

<net id="554"><net_src comp="546" pin="1"/><net_sink comp="153" pin=1"/></net>

<net id="558"><net_src comp="454" pin="1"/><net_sink comp="555" pin=0"/></net>

<net id="559"><net_src comp="555" pin="1"/><net_sink comp="342" pin=5"/></net>

<net id="560"><net_src comp="555" pin="1"/><net_sink comp="355" pin=5"/></net>

<net id="564"><net_src comp="270" pin="3"/><net_sink comp="561" pin=0"/></net>

<net id="565"><net_src comp="561" pin="1"/><net_sink comp="256" pin=0"/></net>

<net id="569"><net_src comp="278" pin="3"/><net_sink comp="566" pin=0"/></net>

<net id="570"><net_src comp="566" pin="1"/><net_sink comp="246" pin=0"/></net>

<net id="574"><net_src comp="286" pin="3"/><net_sink comp="571" pin=0"/></net>

<net id="575"><net_src comp="571" pin="1"/><net_sink comp="236" pin=0"/></net>

<net id="579"><net_src comp="294" pin="3"/><net_sink comp="576" pin=0"/></net>

<net id="580"><net_src comp="576" pin="1"/><net_sink comp="226" pin=0"/></net>

<net id="584"><net_src comp="302" pin="3"/><net_sink comp="581" pin=0"/></net>

<net id="585"><net_src comp="581" pin="1"/><net_sink comp="256" pin=2"/></net>

<net id="589"><net_src comp="310" pin="3"/><net_sink comp="586" pin=0"/></net>

<net id="590"><net_src comp="586" pin="1"/><net_sink comp="246" pin=2"/></net>

<net id="594"><net_src comp="318" pin="3"/><net_sink comp="591" pin=0"/></net>

<net id="595"><net_src comp="591" pin="1"/><net_sink comp="236" pin=2"/></net>

<net id="599"><net_src comp="326" pin="3"/><net_sink comp="596" pin=0"/></net>

<net id="600"><net_src comp="596" pin="1"/><net_sink comp="226" pin=2"/></net>

<net id="604"><net_src comp="355" pin="6"/><net_sink comp="601" pin=0"/></net>

<net id="605"><net_src comp="601" pin="1"/><net_sink comp="137" pin=2"/></net>

<net id="609"><net_src comp="355" pin="6"/><net_sink comp="606" pin=0"/></net>

<net id="610"><net_src comp="606" pin="1"/><net_sink comp="153" pin=2"/></net>

</net_list>

</model> 
---------------- Datapath Model END ------------------

* FSMD analyzer results:
  - Output states:
	Port: gmem | {3 4 5 6 7 8 9 10 11 12 }
 - Input state : 
	Port: Loop_1_proc1_Pipeline_VITIS_LOOP_210_6 : pe_array_pe_val_3 | {2 3 4 }
	Port: Loop_1_proc1_Pipeline_VITIS_LOOP_210_6 : pe_array_pe_val_2 | {2 3 4 }
	Port: Loop_1_proc1_Pipeline_VITIS_LOOP_210_6 : pe_array_pe_val_1 | {2 3 4 }
	Port: Loop_1_proc1_Pipeline_VITIS_LOOP_210_6 : pe_array_pe_val_0 | {2 3 4 }
	Port: Loop_1_proc1_Pipeline_VITIS_LOOP_210_6 : cb | {1 }
	Port: Loop_1_proc1_Pipeline_VITIS_LOOP_210_6 : shl_ln139_mid2 | {1 }
	Port: Loop_1_proc1_Pipeline_VITIS_LOOP_210_6 : shl_ln2 | {1 }
	Port: Loop_1_proc1_Pipeline_VITIS_LOOP_210_6 : out_r | {1 }
  - Chain level:
	State 1
		store_ln0 : 1
		store_ln0 : 1
	State 2
		icmp_ln210 : 1
		add_ln210 : 1
		br_ln210 : 2
		add_ln143 : 1
		tmp : 1
		empty_43 : 2
		tmp_5 : 3
		p_cast10892 : 4
		empty_44 : 5
		trunc_ln9 : 6
		sext_ln211 : 7
		gmem_addr : 8
		trunc_ln213 : 1
		pe_array_pe_val_0_load : 1
		pe_array_pe_val_1_load : 1
		pe_array_pe_val_2_load : 1
		pe_array_pe_val_3_load : 1
		pe_array_pe_val_0_load_4 : 1
		pe_array_pe_val_1_load_4 : 1
		pe_array_pe_val_2_load_4 : 1
		pe_array_pe_val_3_load_4 : 1
		store_ln210 : 2
		store_ln143 : 2
	State 3
		tmp_9 : 1
		tmp_s : 1
		pe_array_pe_val_0_load_5 : 1
		pe_array_pe_val_1_load_5 : 1
		pe_array_pe_val_2_load_5 : 1
		pe_array_pe_val_3_load_5 : 1
		pe_array_pe_val_0_load_6 : 1
		pe_array_pe_val_1_load_6 : 1
		pe_array_pe_val_2_load_6 : 1
		pe_array_pe_val_3_load_6 : 1
	State 4
		tmp_7 : 1
		tmp_1 : 1
	State 5
	State 6
	State 7
	State 8
	State 9
	State 10
	State 11
	State 12


============================================================
+ Verbose Summary: Datapath Resource usage 
============================================================

* Functional unit list:
|----------|---------------------------------|---------|---------|
| Operation|         Functional Unit         |    FF   |   LUT   |
|----------|---------------------------------|---------|---------|
|          |         add_ln210_fu_393        |    0    |    10   |
|          |         add_ln143_fu_402        |    0    |    39   |
|    add   |            tmp_fu_407           |    0    |    32   |
|          |         empty_43_fu_412         |    0    |    32   |
|          |         empty_44_fu_429         |    0    |    71   |
|----------|---------------------------------|---------|---------|
|    mux   |            grp_fu_342           |    0    |    20   |
|          |            grp_fu_355           |    0    |    20   |
|----------|---------------------------------|---------|---------|
|   icmp   |        icmp_ln210_fu_387        |    0    |    8    |
|----------|---------------------------------|---------|---------|
|          |       out_read_read_fu_98       |    0    |    0    |
|   read   |     shl_ln2_read_read_fu_104    |    0    |    0    |
|          | shl_ln139_mid2_read_read_fu_110 |    0    |    0    |
|          |       cb_read_read_fu_116       |    0    |    0    |
|----------|---------------------------------|---------|---------|
| writeresp|       grp_writeresp_fu_122      |    0    |    0    |
|----------|---------------------------------|---------|---------|
|          |     write_ln213_write_fu_129    |    0    |    0    |
|   write  |     write_ln213_write_fu_137    |    0    |    0    |
|          |     write_ln213_write_fu_145    |    0    |    0    |
|          |     write_ln213_write_fu_153    |    0    |    0    |
|----------|---------------------------------|---------|---------|
|bitconcatenate|           tmp_5_fu_417          |    0    |    0    |
|----------|---------------------------------|---------|---------|
|   zext   |        p_cast10892_fu_425       |    0    |    0    |
|----------|---------------------------------|---------|---------|
|partselect|         trunc_ln9_fu_434        |    0    |    0    |
|----------|---------------------------------|---------|---------|
|   sext   |        sext_ln211_fu_444        |    0    |    0    |
|----------|---------------------------------|---------|---------|
|   trunc  |        trunc_ln213_fu_454       |    0    |    0    |
|----------|---------------------------------|---------|---------|
|   Total  |                                 |    0    |   232   |
|----------|---------------------------------|---------|---------|

Memories:
N/A

* Register list:
+--------------------------------+--------+
|                                |   FF   |
+--------------------------------+--------+
|         cb_read_reg_497        |   32   |
|        gmem_addr_reg_546       |   32   |
|       icmp_ln210_reg_542       |    1   |
|        out_read_reg_482        |   64   |
|pe_array_pe_val_0_addr_4_reg_596|    2   |
|pe_array_pe_val_0_addr_5_reg_517|    2   |
|pe_array_pe_val_0_addr_6_reg_537|    2   |
| pe_array_pe_val_0_addr_reg_576 |    2   |
|pe_array_pe_val_1_addr_4_reg_591|    2   |
|pe_array_pe_val_1_addr_5_reg_512|    2   |
|pe_array_pe_val_1_addr_6_reg_532|    2   |
| pe_array_pe_val_1_addr_reg_571 |    2   |
|pe_array_pe_val_2_addr_4_reg_586|    2   |
|pe_array_pe_val_2_addr_5_reg_507|    2   |
|pe_array_pe_val_2_addr_6_reg_527|    2   |
| pe_array_pe_val_2_addr_reg_566 |    2   |
|pe_array_pe_val_3_addr_4_reg_581|    2   |
|pe_array_pe_val_3_addr_5_reg_502|    2   |
|pe_array_pe_val_3_addr_6_reg_522|    2   |
| pe_array_pe_val_3_addr_reg_561 |    2   |
|       phi_mul426_reg_468       |   32   |
|            r_reg_475           |    3   |
|             reg_368            |   32   |
|   shl_ln139_mid2_read_reg_492  |   32   |
|      shl_ln2_read_reg_487      |   32   |
|          tmp_1_reg_606         |   32   |
|          tmp_s_reg_601         |   32   |
|       trunc_ln213_reg_555      |    2   |
+--------------------------------+--------+
|              Total             |   358  |
+--------------------------------+--------+

* Multiplexer (MUX) list: 
|----------------------|------|------|------|--------||---------||---------|
|         Comp         |  Pin | Size |  BW  | S x BW ||  Delay  ||   LUT   |
|----------------------|------|------|------|--------||---------||---------|
| grp_writeresp_fu_122 |  p0  |   2  |   1  |    2   |
|   grp_access_fu_226  |  p0  |   4  |   2  |    8   ||    20   |
|   grp_access_fu_226  |  p2  |   4  |   0  |    0   ||    20   |
|   grp_access_fu_236  |  p0  |   4  |   2  |    8   ||    20   |
|   grp_access_fu_236  |  p2  |   4  |   0  |    0   ||    20   |
|   grp_access_fu_246  |  p0  |   4  |   2  |    8   ||    20   |
|   grp_access_fu_246  |  p2  |   4  |   0  |    0   ||    20   |
|   grp_access_fu_256  |  p0  |   4  |   2  |    8   ||    20   |
|   grp_access_fu_256  |  p2  |   4  |   0  |    0   ||    20   |
|----------------------|------|------|------|--------||---------||---------|
|         Total        |      |      |      |   34   || 4.00871 ||   160   |
|----------------------|------|------|------|--------||---------||---------|



* Summary:
+-----------+--------+--------+--------+
|           |  Delay |   FF   |   LUT  |
+-----------+--------+--------+--------+
|  Function |    -   |    0   |   232  |
|   Memory  |    -   |    -   |    -   |
|Multiplexer|    4   |    -   |   160  |
|  Register |    -   |   358  |    -   |
+-----------+--------+--------+--------+
|   Total   |    4   |   358  |   392  |
+-----------+--------+--------+--------+
