

================================================================
== Vitis HLS Report for 'systolic_array_Pipeline_VITIS_LOOP_41_1_VITIS_LOOP_42_2'
================================================================
* Date:           Wed Sep 28 10:01:30 2022

* Version:        2021.1 (Build 3247384 on Thu Jun 10 19:36:07 MDT 2021)
* Project:        sysArray_simple
* Solution:       solution1 (Vivado IP Flow Target)
* Product family: virtexuplus
* Target device:  xcu50-fsvh2104-2-e


================================================================
== Performance Estimates
================================================================
+ Timing: 
    * Summary: 
    +--------+---------+----------+------------+
    |  Clock |  Target | Estimated| Uncertainty|
    +--------+---------+----------+------------+
    |ap_clk  |  3.00 ns|  1.736 ns|     0.81 ns|
    +--------+---------+----------+------------+

+ Latency: 
    * Summary: 
    +---------+---------+-----------+-----------+-----+-----+---------+
    |  Latency (cycles) |   Latency (absolute)  |  Interval | Pipeline|
    |   min   |   max   |    min    |    max    | min | max |   Type  |
    +---------+---------+-----------+-----------+-----+-----+---------+
    |       18|       18|  54.000 ns|  54.000 ns|   18|   18|       no|
    +---------+---------+-----------+-----------+-----+-----+---------+

    + Detail: 
        * Instance: 
        N/A

        * Loop: 
        +-----------------------------------+---------+---------+----------+-----------+-----------+------+----------+
        |                                   |  Latency (cycles) | Iteration|  Initiation Interval  | Trip |          |
        |             Loop Name             |   min   |   max   |  Latency |  achieved |   target  | Count| Pipelined|
        +-----------------------------------+---------+---------+----------+-----------+-----------+------+----------+
        |- VITIS_LOOP_41_1_VITIS_LOOP_42_2  |       16|       16|         1|          1|          1|    16|       yes|
        +-----------------------------------+---------+---------+----------+-----------+-----------+------+----------+

============================================================
+ Verbose Summary: Synthesis Manager
============================================================
InlineROM: 1
ExposeGlobal: 0
============================================================
+ Verbose Summary: CDFG Model
============================================================
IsTopModel: 0
ResetActiveHigh: 1
IsCombinational: 0
IsDatapathOnly: 0
HasWiredReturn: 1
HasMFsm: 2
HasVarLatency: 1
IsPipeline: 0
IsRtlPipelined: 0
IsInstanceOverlapped: 0
IsDontTouch: 0
HasImplIP: 0
IsGatedGlobalClock: 0

+ Individual pipeline summary: 
  * Pipeline-0: initiation interval (II) = 1, depth = 1


============================================================
+ Verbose Summary: Schedule
============================================================
* Number of FSM states : 1
* Pipeline : 1
  Pipeline-0 : II = 1, D = 1, States = { 1 }
* Dataflow Pipeline: 0

* FSM state transitions: 
1 --> 

* FSM state operations: 

State 1 <SV = 0> <Delay = 1.73>
ST_1 : Operation 4 [1/1] (0.00ns)   --->   "%c = alloca i32 1"   --->   Operation 4 'alloca' 'c' <Predicate = true> <Delay = 0.00>
ST_1 : Operation 5 [1/1] (0.00ns)   --->   "%r = alloca i32 1"   --->   Operation 5 'alloca' 'r' <Predicate = true> <Delay = 0.00>
ST_1 : Operation 6 [1/1] (0.00ns)   --->   "%indvar_flatten = alloca i32 1"   --->   Operation 6 'alloca' 'indvar_flatten' <Predicate = true> <Delay = 0.00>
ST_1 : Operation 7 [1/1] (0.00ns)   --->   "%pe_array_pe_a_pass_0_0_3 = alloca i32 1"   --->   Operation 7 'alloca' 'pe_array_pe_a_pass_0_0_3' <Predicate = true> <Delay = 0.00>
ST_1 : Operation 8 [1/1] (0.00ns)   --->   "%pe_array_pe_a_pass_0_1_3 = alloca i32 1"   --->   Operation 8 'alloca' 'pe_array_pe_a_pass_0_1_3' <Predicate = true> <Delay = 0.00>
ST_1 : Operation 9 [1/1] (0.00ns)   --->   "%pe_array_pe_a_pass_0_2_3 = alloca i32 1"   --->   Operation 9 'alloca' 'pe_array_pe_a_pass_0_2_3' <Predicate = true> <Delay = 0.00>
ST_1 : Operation 10 [1/1] (0.00ns)   --->   "%pe_array_pe_a_pass_1_0_3 = alloca i32 1"   --->   Operation 10 'alloca' 'pe_array_pe_a_pass_1_0_3' <Predicate = true> <Delay = 0.00>
ST_1 : Operation 11 [1/1] (0.00ns)   --->   "%pe_array_pe_a_pass_1_1_3 = alloca i32 1"   --->   Operation 11 'alloca' 'pe_array_pe_a_pass_1_1_3' <Predicate = true> <Delay = 0.00>
ST_1 : Operation 12 [1/1] (0.00ns)   --->   "%pe_array_pe_a_pass_1_2_3 = alloca i32 1"   --->   Operation 12 'alloca' 'pe_array_pe_a_pass_1_2_3' <Predicate = true> <Delay = 0.00>
ST_1 : Operation 13 [1/1] (0.00ns)   --->   "%pe_array_pe_a_pass_2_0_3 = alloca i32 1"   --->   Operation 13 'alloca' 'pe_array_pe_a_pass_2_0_3' <Predicate = true> <Delay = 0.00>
ST_1 : Operation 14 [1/1] (0.00ns)   --->   "%pe_array_pe_a_pass_2_1_3 = alloca i32 1"   --->   Operation 14 'alloca' 'pe_array_pe_a_pass_2_1_3' <Predicate = true> <Delay = 0.00>
ST_1 : Operation 15 [1/1] (0.00ns)   --->   "%pe_array_pe_a_pass_2_2_3 = alloca i32 1"   --->   Operation 15 'alloca' 'pe_array_pe_a_pass_2_2_3' <Predicate = true> <Delay = 0.00>
ST_1 : Operation 16 [1/1] (0.00ns)   --->   "%pe_array_pe_a_pass_3_0_3 = alloca i32 1"   --->   Operation 16 'alloca' 'pe_array_pe_a_pass_3_0_3' <Predicate = true> <Delay = 0.00>
ST_1 : Operation 17 [1/1] (0.00ns)   --->   "%pe_array_pe_a_pass_3_1_3 = alloca i32 1"   --->   Operation 17 'alloca' 'pe_array_pe_a_pass_3_1_3' <Predicate = true> <Delay = 0.00>
ST_1 : Operation 18 [1/1] (0.00ns)   --->   "%pe_array_pe_a_pass_3_2_3 = alloca i32 1"   --->   Operation 18 'alloca' 'pe_array_pe_a_pass_3_2_3' <Predicate = true> <Delay = 0.00>
ST_1 : Operation 19 [1/1] (0.00ns)   --->   "%pe_array_pe_val_0_0_3 = alloca i32 1"   --->   Operation 19 'alloca' 'pe_array_pe_val_0_0_3' <Predicate = true> <Delay = 0.00>
ST_1 : Operation 20 [1/1] (0.00ns)   --->   "%pe_array_pe_val_0_1_3 = alloca i32 1"   --->   Operation 20 'alloca' 'pe_array_pe_val_0_1_3' <Predicate = true> <Delay = 0.00>
ST_1 : Operation 21 [1/1] (0.00ns)   --->   "%pe_array_pe_val_0_2_3 = alloca i32 1"   --->   Operation 21 'alloca' 'pe_array_pe_val_0_2_3' <Predicate = true> <Delay = 0.00>
ST_1 : Operation 22 [1/1] (0.00ns)   --->   "%pe_array_pe_val_0_3_3 = alloca i32 1"   --->   Operation 22 'alloca' 'pe_array_pe_val_0_3_3' <Predicate = true> <Delay = 0.00>
ST_1 : Operation 23 [1/1] (0.00ns)   --->   "%pe_array_pe_val_1_0_3 = alloca i32 1"   --->   Operation 23 'alloca' 'pe_array_pe_val_1_0_3' <Predicate = true> <Delay = 0.00>
ST_1 : Operation 24 [1/1] (0.00ns)   --->   "%pe_array_pe_val_1_1_3 = alloca i32 1"   --->   Operation 24 'alloca' 'pe_array_pe_val_1_1_3' <Predicate = true> <Delay = 0.00>
ST_1 : Operation 25 [1/1] (0.00ns)   --->   "%pe_array_pe_val_1_2_3 = alloca i32 1"   --->   Operation 25 'alloca' 'pe_array_pe_val_1_2_3' <Predicate = true> <Delay = 0.00>
ST_1 : Operation 26 [1/1] (0.00ns)   --->   "%pe_array_pe_val_1_3_3 = alloca i32 1"   --->   Operation 26 'alloca' 'pe_array_pe_val_1_3_3' <Predicate = true> <Delay = 0.00>
ST_1 : Operation 27 [1/1] (0.00ns)   --->   "%pe_array_pe_val_2_0_3 = alloca i32 1"   --->   Operation 27 'alloca' 'pe_array_pe_val_2_0_3' <Predicate = true> <Delay = 0.00>
ST_1 : Operation 28 [1/1] (0.00ns)   --->   "%pe_array_pe_val_2_1_3 = alloca i32 1"   --->   Operation 28 'alloca' 'pe_array_pe_val_2_1_3' <Predicate = true> <Delay = 0.00>
ST_1 : Operation 29 [1/1] (0.00ns)   --->   "%pe_array_pe_val_2_2_3 = alloca i32 1"   --->   Operation 29 'alloca' 'pe_array_pe_val_2_2_3' <Predicate = true> <Delay = 0.00>
ST_1 : Operation 30 [1/1] (0.00ns)   --->   "%pe_array_pe_val_2_3_3 = alloca i32 1"   --->   Operation 30 'alloca' 'pe_array_pe_val_2_3_3' <Predicate = true> <Delay = 0.00>
ST_1 : Operation 31 [1/1] (0.00ns)   --->   "%pe_array_pe_val_3_0_3 = alloca i32 1"   --->   Operation 31 'alloca' 'pe_array_pe_val_3_0_3' <Predicate = true> <Delay = 0.00>
ST_1 : Operation 32 [1/1] (0.00ns)   --->   "%pe_array_pe_val_3_1_3 = alloca i32 1"   --->   Operation 32 'alloca' 'pe_array_pe_val_3_1_3' <Predicate = true> <Delay = 0.00>
ST_1 : Operation 33 [1/1] (0.00ns)   --->   "%pe_array_pe_val_3_2_3 = alloca i32 1"   --->   Operation 33 'alloca' 'pe_array_pe_val_3_2_3' <Predicate = true> <Delay = 0.00>
ST_1 : Operation 34 [1/1] (0.00ns)   --->   "%pe_array_pe_val_3_3_3 = alloca i32 1"   --->   Operation 34 'alloca' 'pe_array_pe_val_3_3_3' <Predicate = true> <Delay = 0.00>
ST_1 : Operation 35 [1/1] (0.00ns)   --->   "%pe_array_pe_b_pass_0_0_3 = alloca i32 1"   --->   Operation 35 'alloca' 'pe_array_pe_b_pass_0_0_3' <Predicate = true> <Delay = 0.00>
ST_1 : Operation 36 [1/1] (0.00ns)   --->   "%pe_array_pe_b_pass_0_1_3 = alloca i32 1"   --->   Operation 36 'alloca' 'pe_array_pe_b_pass_0_1_3' <Predicate = true> <Delay = 0.00>
ST_1 : Operation 37 [1/1] (0.00ns)   --->   "%pe_array_pe_b_pass_0_2_3 = alloca i32 1"   --->   Operation 37 'alloca' 'pe_array_pe_b_pass_0_2_3' <Predicate = true> <Delay = 0.00>
ST_1 : Operation 38 [1/1] (0.00ns)   --->   "%pe_array_pe_b_pass_0_3_3 = alloca i32 1"   --->   Operation 38 'alloca' 'pe_array_pe_b_pass_0_3_3' <Predicate = true> <Delay = 0.00>
ST_1 : Operation 39 [1/1] (0.00ns)   --->   "%pe_array_pe_b_pass_1_0_3 = alloca i32 1"   --->   Operation 39 'alloca' 'pe_array_pe_b_pass_1_0_3' <Predicate = true> <Delay = 0.00>
ST_1 : Operation 40 [1/1] (0.00ns)   --->   "%pe_array_pe_b_pass_1_1_3 = alloca i32 1"   --->   Operation 40 'alloca' 'pe_array_pe_b_pass_1_1_3' <Predicate = true> <Delay = 0.00>
ST_1 : Operation 41 [1/1] (0.00ns)   --->   "%pe_array_pe_b_pass_1_2_3 = alloca i32 1"   --->   Operation 41 'alloca' 'pe_array_pe_b_pass_1_2_3' <Predicate = true> <Delay = 0.00>
ST_1 : Operation 42 [1/1] (0.00ns)   --->   "%pe_array_pe_b_pass_1_3_3 = alloca i32 1"   --->   Operation 42 'alloca' 'pe_array_pe_b_pass_1_3_3' <Predicate = true> <Delay = 0.00>
ST_1 : Operation 43 [1/1] (0.00ns)   --->   "%pe_array_pe_b_pass_2_0_3 = alloca i32 1"   --->   Operation 43 'alloca' 'pe_array_pe_b_pass_2_0_3' <Predicate = true> <Delay = 0.00>
ST_1 : Operation 44 [1/1] (0.00ns)   --->   "%pe_array_pe_b_pass_2_1_3 = alloca i32 1"   --->   Operation 44 'alloca' 'pe_array_pe_b_pass_2_1_3' <Predicate = true> <Delay = 0.00>
ST_1 : Operation 45 [1/1] (0.00ns)   --->   "%pe_array_pe_b_pass_2_2_3 = alloca i32 1"   --->   Operation 45 'alloca' 'pe_array_pe_b_pass_2_2_3' <Predicate = true> <Delay = 0.00>
ST_1 : Operation 46 [1/1] (0.00ns)   --->   "%pe_array_pe_b_pass_2_3_3 = alloca i32 1"   --->   Operation 46 'alloca' 'pe_array_pe_b_pass_2_3_3' <Predicate = true> <Delay = 0.00>
ST_1 : Operation 47 [1/1] (0.00ns)   --->   "%pe_array_pe_a_pass_0_0_1_reload_read = read i32 @_ssdm_op_Read.ap_auto.i32, i32 %pe_array_pe_a_pass_0_0_1_reload"   --->   Operation 47 'read' 'pe_array_pe_a_pass_0_0_1_reload_read' <Predicate = true> <Delay = 0.00>
ST_1 : Operation 48 [1/1] (0.00ns)   --->   "%pe_array_pe_a_pass_0_1_1_reload_read = read i32 @_ssdm_op_Read.ap_auto.i32, i32 %pe_array_pe_a_pass_0_1_1_reload"   --->   Operation 48 'read' 'pe_array_pe_a_pass_0_1_1_reload_read' <Predicate = true> <Delay = 0.00>
ST_1 : Operation 49 [1/1] (0.00ns)   --->   "%pe_array_pe_a_pass_0_2_1_reload_read = read i32 @_ssdm_op_Read.ap_auto.i32, i32 %pe_array_pe_a_pass_0_2_1_reload"   --->   Operation 49 'read' 'pe_array_pe_a_pass_0_2_1_reload_read' <Predicate = true> <Delay = 0.00>
ST_1 : Operation 50 [1/1] (0.00ns)   --->   "%pe_array_pe_a_pass_1_0_1_reload_read = read i32 @_ssdm_op_Read.ap_auto.i32, i32 %pe_array_pe_a_pass_1_0_1_reload"   --->   Operation 50 'read' 'pe_array_pe_a_pass_1_0_1_reload_read' <Predicate = true> <Delay = 0.00>
ST_1 : Operation 51 [1/1] (0.00ns)   --->   "%pe_array_pe_a_pass_1_1_1_reload_read = read i32 @_ssdm_op_Read.ap_auto.i32, i32 %pe_array_pe_a_pass_1_1_1_reload"   --->   Operation 51 'read' 'pe_array_pe_a_pass_1_1_1_reload_read' <Predicate = true> <Delay = 0.00>
ST_1 : Operation 52 [1/1] (0.00ns)   --->   "%pe_array_pe_a_pass_1_2_1_reload_read = read i32 @_ssdm_op_Read.ap_auto.i32, i32 %pe_array_pe_a_pass_1_2_1_reload"   --->   Operation 52 'read' 'pe_array_pe_a_pass_1_2_1_reload_read' <Predicate = true> <Delay = 0.00>
ST_1 : Operation 53 [1/1] (0.00ns)   --->   "%pe_array_pe_a_pass_2_0_1_reload_read = read i32 @_ssdm_op_Read.ap_auto.i32, i32 %pe_array_pe_a_pass_2_0_1_reload"   --->   Operation 53 'read' 'pe_array_pe_a_pass_2_0_1_reload_read' <Predicate = true> <Delay = 0.00>
ST_1 : Operation 54 [1/1] (0.00ns)   --->   "%pe_array_pe_a_pass_2_1_1_reload_read = read i32 @_ssdm_op_Read.ap_auto.i32, i32 %pe_array_pe_a_pass_2_1_1_reload"   --->   Operation 54 'read' 'pe_array_pe_a_pass_2_1_1_reload_read' <Predicate = true> <Delay = 0.00>
ST_1 : Operation 55 [1/1] (0.00ns)   --->   "%pe_array_pe_a_pass_2_2_1_reload_read = read i32 @_ssdm_op_Read.ap_auto.i32, i32 %pe_array_pe_a_pass_2_2_1_reload"   --->   Operation 55 'read' 'pe_array_pe_a_pass_2_2_1_reload_read' <Predicate = true> <Delay = 0.00>
ST_1 : Operation 56 [1/1] (0.00ns)   --->   "%pe_array_pe_a_pass_3_0_1_reload_read = read i32 @_ssdm_op_Read.ap_auto.i32, i32 %pe_array_pe_a_pass_3_0_1_reload"   --->   Operation 56 'read' 'pe_array_pe_a_pass_3_0_1_reload_read' <Predicate = true> <Delay = 0.00>
ST_1 : Operation 57 [1/1] (0.00ns)   --->   "%pe_array_pe_a_pass_3_1_1_reload_read = read i32 @_ssdm_op_Read.ap_auto.i32, i32 %pe_array_pe_a_pass_3_1_1_reload"   --->   Operation 57 'read' 'pe_array_pe_a_pass_3_1_1_reload_read' <Predicate = true> <Delay = 0.00>
ST_1 : Operation 58 [1/1] (0.00ns)   --->   "%pe_array_pe_a_pass_3_2_1_reload_read = read i32 @_ssdm_op_Read.ap_auto.i32, i32 %pe_array_pe_a_pass_3_2_1_reload"   --->   Operation 58 'read' 'pe_array_pe_a_pass_3_2_1_reload_read' <Predicate = true> <Delay = 0.00>
ST_1 : Operation 59 [1/1] (0.00ns)   --->   "%pe_array_pe_b_pass_0_0_1_reload_read = read i32 @_ssdm_op_Read.ap_auto.i32, i32 %pe_array_pe_b_pass_0_0_1_reload"   --->   Operation 59 'read' 'pe_array_pe_b_pass_0_0_1_reload_read' <Predicate = true> <Delay = 0.00>
ST_1 : Operation 60 [1/1] (0.00ns)   --->   "%pe_array_pe_b_pass_0_1_1_reload_read = read i32 @_ssdm_op_Read.ap_auto.i32, i32 %pe_array_pe_b_pass_0_1_1_reload"   --->   Operation 60 'read' 'pe_array_pe_b_pass_0_1_1_reload_read' <Predicate = true> <Delay = 0.00>
ST_1 : Operation 61 [1/1] (0.00ns)   --->   "%pe_array_pe_b_pass_0_2_1_reload_read = read i32 @_ssdm_op_Read.ap_auto.i32, i32 %pe_array_pe_b_pass_0_2_1_reload"   --->   Operation 61 'read' 'pe_array_pe_b_pass_0_2_1_reload_read' <Predicate = true> <Delay = 0.00>
ST_1 : Operation 62 [1/1] (0.00ns)   --->   "%pe_array_pe_b_pass_0_3_1_reload_read = read i32 @_ssdm_op_Read.ap_auto.i32, i32 %pe_array_pe_b_pass_0_3_1_reload"   --->   Operation 62 'read' 'pe_array_pe_b_pass_0_3_1_reload_read' <Predicate = true> <Delay = 0.00>
ST_1 : Operation 63 [1/1] (0.00ns)   --->   "%pe_array_pe_b_pass_1_0_1_reload_read = read i32 @_ssdm_op_Read.ap_auto.i32, i32 %pe_array_pe_b_pass_1_0_1_reload"   --->   Operation 63 'read' 'pe_array_pe_b_pass_1_0_1_reload_read' <Predicate = true> <Delay = 0.00>
ST_1 : Operation 64 [1/1] (0.00ns)   --->   "%pe_array_pe_b_pass_1_1_1_reload_read = read i32 @_ssdm_op_Read.ap_auto.i32, i32 %pe_array_pe_b_pass_1_1_1_reload"   --->   Operation 64 'read' 'pe_array_pe_b_pass_1_1_1_reload_read' <Predicate = true> <Delay = 0.00>
ST_1 : Operation 65 [1/1] (0.00ns)   --->   "%pe_array_pe_b_pass_1_2_1_reload_read = read i32 @_ssdm_op_Read.ap_auto.i32, i32 %pe_array_pe_b_pass_1_2_1_reload"   --->   Operation 65 'read' 'pe_array_pe_b_pass_1_2_1_reload_read' <Predicate = true> <Delay = 0.00>
ST_1 : Operation 66 [1/1] (0.00ns)   --->   "%pe_array_pe_b_pass_1_3_1_reload_read = read i32 @_ssdm_op_Read.ap_auto.i32, i32 %pe_array_pe_b_pass_1_3_1_reload"   --->   Operation 66 'read' 'pe_array_pe_b_pass_1_3_1_reload_read' <Predicate = true> <Delay = 0.00>
ST_1 : Operation 67 [1/1] (0.00ns)   --->   "%pe_array_pe_b_pass_2_0_1_reload_read = read i32 @_ssdm_op_Read.ap_auto.i32, i32 %pe_array_pe_b_pass_2_0_1_reload"   --->   Operation 67 'read' 'pe_array_pe_b_pass_2_0_1_reload_read' <Predicate = true> <Delay = 0.00>
ST_1 : Operation 68 [1/1] (0.00ns)   --->   "%pe_array_pe_b_pass_2_1_1_reload_read = read i32 @_ssdm_op_Read.ap_auto.i32, i32 %pe_array_pe_b_pass_2_1_1_reload"   --->   Operation 68 'read' 'pe_array_pe_b_pass_2_1_1_reload_read' <Predicate = true> <Delay = 0.00>
ST_1 : Operation 69 [1/1] (0.00ns)   --->   "%pe_array_pe_b_pass_2_2_1_reload_read = read i32 @_ssdm_op_Read.ap_auto.i32, i32 %pe_array_pe_b_pass_2_2_1_reload"   --->   Operation 69 'read' 'pe_array_pe_b_pass_2_2_1_reload_read' <Predicate = true> <Delay = 0.00>
ST_1 : Operation 70 [1/1] (0.00ns)   --->   "%pe_array_pe_b_pass_2_3_1_reload_read = read i32 @_ssdm_op_Read.ap_auto.i32, i32 %pe_array_pe_b_pass_2_3_1_reload"   --->   Operation 70 'read' 'pe_array_pe_b_pass_2_3_1_reload_read' <Predicate = true> <Delay = 0.00>
ST_1 : Operation 71 [1/1] (0.00ns)   --->   "%select_ln14_35_reload_read = read i32 @_ssdm_op_Read.ap_auto.i32, i32 %select_ln14_35_reload"   --->   Operation 71 'read' 'select_ln14_35_reload_read' <Predicate = true> <Delay = 0.00>
ST_1 : Operation 72 [1/1] (0.00ns)   --->   "%select_ln14_34_reload_read = read i32 @_ssdm_op_Read.ap_auto.i32, i32 %select_ln14_34_reload"   --->   Operation 72 'read' 'select_ln14_34_reload_read' <Predicate = true> <Delay = 0.00>
ST_1 : Operation 73 [1/1] (0.00ns)   --->   "%select_ln14_33_reload_read = read i32 @_ssdm_op_Read.ap_auto.i32, i32 %select_ln14_33_reload"   --->   Operation 73 'read' 'select_ln14_33_reload_read' <Predicate = true> <Delay = 0.00>
ST_1 : Operation 74 [1/1] (0.00ns)   --->   "%select_ln14_32_reload_read = read i32 @_ssdm_op_Read.ap_auto.i32, i32 %select_ln14_32_reload"   --->   Operation 74 'read' 'select_ln14_32_reload_read' <Predicate = true> <Delay = 0.00>
ST_1 : Operation 75 [1/1] (0.00ns)   --->   "%select_ln14_31_reload_read = read i32 @_ssdm_op_Read.ap_auto.i32, i32 %select_ln14_31_reload"   --->   Operation 75 'read' 'select_ln14_31_reload_read' <Predicate = true> <Delay = 0.00>
ST_1 : Operation 76 [1/1] (0.00ns)   --->   "%select_ln14_29_reload_read = read i32 @_ssdm_op_Read.ap_auto.i32, i32 %select_ln14_29_reload"   --->   Operation 76 'read' 'select_ln14_29_reload_read' <Predicate = true> <Delay = 0.00>
ST_1 : Operation 77 [1/1] (0.00ns)   --->   "%select_ln14_27_reload_read = read i32 @_ssdm_op_Read.ap_auto.i32, i32 %select_ln14_27_reload"   --->   Operation 77 'read' 'select_ln14_27_reload_read' <Predicate = true> <Delay = 0.00>
ST_1 : Operation 78 [1/1] (0.00ns)   --->   "%select_ln14_25_reload_read = read i32 @_ssdm_op_Read.ap_auto.i32, i32 %select_ln14_25_reload"   --->   Operation 78 'read' 'select_ln14_25_reload_read' <Predicate = true> <Delay = 0.00>
ST_1 : Operation 79 [1/1] (0.00ns)   --->   "%select_ln14_23_reload_read = read i32 @_ssdm_op_Read.ap_auto.i32, i32 %select_ln14_23_reload"   --->   Operation 79 'read' 'select_ln14_23_reload_read' <Predicate = true> <Delay = 0.00>
ST_1 : Operation 80 [1/1] (0.00ns)   --->   "%select_ln14_20_reload_read = read i32 @_ssdm_op_Read.ap_auto.i32, i32 %select_ln14_20_reload"   --->   Operation 80 'read' 'select_ln14_20_reload_read' <Predicate = true> <Delay = 0.00>
ST_1 : Operation 81 [1/1] (0.00ns)   --->   "%select_ln14_17_reload_read = read i32 @_ssdm_op_Read.ap_auto.i32, i32 %select_ln14_17_reload"   --->   Operation 81 'read' 'select_ln14_17_reload_read' <Predicate = true> <Delay = 0.00>
ST_1 : Operation 82 [1/1] (0.00ns)   --->   "%select_ln14_14_reload_read = read i32 @_ssdm_op_Read.ap_auto.i32, i32 %select_ln14_14_reload"   --->   Operation 82 'read' 'select_ln14_14_reload_read' <Predicate = true> <Delay = 0.00>
ST_1 : Operation 83 [1/1] (0.00ns)   --->   "%select_ln14_11_reload_read = read i32 @_ssdm_op_Read.ap_auto.i32, i32 %select_ln14_11_reload"   --->   Operation 83 'read' 'select_ln14_11_reload_read' <Predicate = true> <Delay = 0.00>
ST_1 : Operation 84 [1/1] (0.00ns)   --->   "%select_ln14_8_reload_read = read i32 @_ssdm_op_Read.ap_auto.i32, i32 %select_ln14_8_reload"   --->   Operation 84 'read' 'select_ln14_8_reload_read' <Predicate = true> <Delay = 0.00>
ST_1 : Operation 85 [1/1] (0.00ns)   --->   "%select_ln14_5_reload_read = read i32 @_ssdm_op_Read.ap_auto.i32, i32 %select_ln14_5_reload"   --->   Operation 85 'read' 'select_ln14_5_reload_read' <Predicate = true> <Delay = 0.00>
ST_1 : Operation 86 [1/1] (0.00ns)   --->   "%select_ln14_2_reload_read = read i32 @_ssdm_op_Read.ap_auto.i32, i32 %select_ln14_2_reload"   --->   Operation 86 'read' 'select_ln14_2_reload_read' <Predicate = true> <Delay = 0.00>
ST_1 : Operation 87 [1/1] (0.38ns)   --->   "%store_ln0 = store i32 %pe_array_pe_b_pass_2_3_1_reload_read, i32 %pe_array_pe_b_pass_2_3_3"   --->   Operation 87 'store' 'store_ln0' <Predicate = true> <Delay = 0.38>
ST_1 : Operation 88 [1/1] (0.38ns)   --->   "%store_ln0 = store i32 %pe_array_pe_b_pass_2_2_1_reload_read, i32 %pe_array_pe_b_pass_2_2_3"   --->   Operation 88 'store' 'store_ln0' <Predicate = true> <Delay = 0.38>
ST_1 : Operation 89 [1/1] (0.38ns)   --->   "%store_ln0 = store i32 %pe_array_pe_b_pass_2_1_1_reload_read, i32 %pe_array_pe_b_pass_2_1_3"   --->   Operation 89 'store' 'store_ln0' <Predicate = true> <Delay = 0.38>
ST_1 : Operation 90 [1/1] (0.38ns)   --->   "%store_ln0 = store i32 %pe_array_pe_b_pass_2_0_1_reload_read, i32 %pe_array_pe_b_pass_2_0_3"   --->   Operation 90 'store' 'store_ln0' <Predicate = true> <Delay = 0.38>
ST_1 : Operation 91 [1/1] (0.38ns)   --->   "%store_ln0 = store i32 %pe_array_pe_b_pass_1_3_1_reload_read, i32 %pe_array_pe_b_pass_1_3_3"   --->   Operation 91 'store' 'store_ln0' <Predicate = true> <Delay = 0.38>
ST_1 : Operation 92 [1/1] (0.38ns)   --->   "%store_ln0 = store i32 %pe_array_pe_b_pass_1_2_1_reload_read, i32 %pe_array_pe_b_pass_1_2_3"   --->   Operation 92 'store' 'store_ln0' <Predicate = true> <Delay = 0.38>
ST_1 : Operation 93 [1/1] (0.38ns)   --->   "%store_ln0 = store i32 %pe_array_pe_b_pass_1_1_1_reload_read, i32 %pe_array_pe_b_pass_1_1_3"   --->   Operation 93 'store' 'store_ln0' <Predicate = true> <Delay = 0.38>
ST_1 : Operation 94 [1/1] (0.38ns)   --->   "%store_ln0 = store i32 %pe_array_pe_b_pass_1_0_1_reload_read, i32 %pe_array_pe_b_pass_1_0_3"   --->   Operation 94 'store' 'store_ln0' <Predicate = true> <Delay = 0.38>
ST_1 : Operation 95 [1/1] (0.38ns)   --->   "%store_ln0 = store i32 %pe_array_pe_b_pass_0_3_1_reload_read, i32 %pe_array_pe_b_pass_0_3_3"   --->   Operation 95 'store' 'store_ln0' <Predicate = true> <Delay = 0.38>
ST_1 : Operation 96 [1/1] (0.38ns)   --->   "%store_ln0 = store i32 %pe_array_pe_b_pass_0_2_1_reload_read, i32 %pe_array_pe_b_pass_0_2_3"   --->   Operation 96 'store' 'store_ln0' <Predicate = true> <Delay = 0.38>
ST_1 : Operation 97 [1/1] (0.38ns)   --->   "%store_ln0 = store i32 %pe_array_pe_b_pass_0_1_1_reload_read, i32 %pe_array_pe_b_pass_0_1_3"   --->   Operation 97 'store' 'store_ln0' <Predicate = true> <Delay = 0.38>
ST_1 : Operation 98 [1/1] (0.38ns)   --->   "%store_ln0 = store i32 %pe_array_pe_b_pass_0_0_1_reload_read, i32 %pe_array_pe_b_pass_0_0_3"   --->   Operation 98 'store' 'store_ln0' <Predicate = true> <Delay = 0.38>
ST_1 : Operation 99 [1/1] (0.38ns)   --->   "%store_ln0 = store i32 %select_ln14_2_reload_read, i32 %pe_array_pe_val_3_3_3"   --->   Operation 99 'store' 'store_ln0' <Predicate = true> <Delay = 0.38>
ST_1 : Operation 100 [1/1] (0.38ns)   --->   "%store_ln0 = store i32 %select_ln14_5_reload_read, i32 %pe_array_pe_val_3_2_3"   --->   Operation 100 'store' 'store_ln0' <Predicate = true> <Delay = 0.38>
ST_1 : Operation 101 [1/1] (0.38ns)   --->   "%store_ln0 = store i32 %select_ln14_8_reload_read, i32 %pe_array_pe_val_3_1_3"   --->   Operation 101 'store' 'store_ln0' <Predicate = true> <Delay = 0.38>
ST_1 : Operation 102 [1/1] (0.38ns)   --->   "%store_ln0 = store i32 %select_ln14_11_reload_read, i32 %pe_array_pe_val_3_0_3"   --->   Operation 102 'store' 'store_ln0' <Predicate = true> <Delay = 0.38>
ST_1 : Operation 103 [1/1] (0.38ns)   --->   "%store_ln0 = store i32 %select_ln14_14_reload_read, i32 %pe_array_pe_val_2_3_3"   --->   Operation 103 'store' 'store_ln0' <Predicate = true> <Delay = 0.38>
ST_1 : Operation 104 [1/1] (0.38ns)   --->   "%store_ln0 = store i32 %select_ln14_17_reload_read, i32 %pe_array_pe_val_2_2_3"   --->   Operation 104 'store' 'store_ln0' <Predicate = true> <Delay = 0.38>
ST_1 : Operation 105 [1/1] (0.38ns)   --->   "%store_ln0 = store i32 %select_ln14_20_reload_read, i32 %pe_array_pe_val_2_1_3"   --->   Operation 105 'store' 'store_ln0' <Predicate = true> <Delay = 0.38>
ST_1 : Operation 106 [1/1] (0.38ns)   --->   "%store_ln0 = store i32 %select_ln14_23_reload_read, i32 %pe_array_pe_val_2_0_3"   --->   Operation 106 'store' 'store_ln0' <Predicate = true> <Delay = 0.38>
ST_1 : Operation 107 [1/1] (0.38ns)   --->   "%store_ln0 = store i32 %select_ln14_25_reload_read, i32 %pe_array_pe_val_1_3_3"   --->   Operation 107 'store' 'store_ln0' <Predicate = true> <Delay = 0.38>
ST_1 : Operation 108 [1/1] (0.38ns)   --->   "%store_ln0 = store i32 %select_ln14_27_reload_read, i32 %pe_array_pe_val_1_2_3"   --->   Operation 108 'store' 'store_ln0' <Predicate = true> <Delay = 0.38>
ST_1 : Operation 109 [1/1] (0.38ns)   --->   "%store_ln0 = store i32 %select_ln14_29_reload_read, i32 %pe_array_pe_val_1_1_3"   --->   Operation 109 'store' 'store_ln0' <Predicate = true> <Delay = 0.38>
ST_1 : Operation 110 [1/1] (0.38ns)   --->   "%store_ln0 = store i32 %select_ln14_31_reload_read, i32 %pe_array_pe_val_1_0_3"   --->   Operation 110 'store' 'store_ln0' <Predicate = true> <Delay = 0.38>
ST_1 : Operation 111 [1/1] (0.38ns)   --->   "%store_ln0 = store i32 %select_ln14_32_reload_read, i32 %pe_array_pe_val_0_3_3"   --->   Operation 111 'store' 'store_ln0' <Predicate = true> <Delay = 0.38>
ST_1 : Operation 112 [1/1] (0.38ns)   --->   "%store_ln0 = store i32 %select_ln14_33_reload_read, i32 %pe_array_pe_val_0_2_3"   --->   Operation 112 'store' 'store_ln0' <Predicate = true> <Delay = 0.38>
ST_1 : Operation 113 [1/1] (0.38ns)   --->   "%store_ln0 = store i32 %select_ln14_34_reload_read, i32 %pe_array_pe_val_0_1_3"   --->   Operation 113 'store' 'store_ln0' <Predicate = true> <Delay = 0.38>
ST_1 : Operation 114 [1/1] (0.38ns)   --->   "%store_ln0 = store i32 %select_ln14_35_reload_read, i32 %pe_array_pe_val_0_0_3"   --->   Operation 114 'store' 'store_ln0' <Predicate = true> <Delay = 0.38>
ST_1 : Operation 115 [1/1] (0.38ns)   --->   "%store_ln0 = store i32 %pe_array_pe_a_pass_3_2_1_reload_read, i32 %pe_array_pe_a_pass_3_2_3"   --->   Operation 115 'store' 'store_ln0' <Predicate = true> <Delay = 0.38>
ST_1 : Operation 116 [1/1] (0.38ns)   --->   "%store_ln0 = store i32 %pe_array_pe_a_pass_3_1_1_reload_read, i32 %pe_array_pe_a_pass_3_1_3"   --->   Operation 116 'store' 'store_ln0' <Predicate = true> <Delay = 0.38>
ST_1 : Operation 117 [1/1] (0.38ns)   --->   "%store_ln0 = store i32 %pe_array_pe_a_pass_3_0_1_reload_read, i32 %pe_array_pe_a_pass_3_0_3"   --->   Operation 117 'store' 'store_ln0' <Predicate = true> <Delay = 0.38>
ST_1 : Operation 118 [1/1] (0.38ns)   --->   "%store_ln0 = store i32 %pe_array_pe_a_pass_2_2_1_reload_read, i32 %pe_array_pe_a_pass_2_2_3"   --->   Operation 118 'store' 'store_ln0' <Predicate = true> <Delay = 0.38>
ST_1 : Operation 119 [1/1] (0.38ns)   --->   "%store_ln0 = store i32 %pe_array_pe_a_pass_2_1_1_reload_read, i32 %pe_array_pe_a_pass_2_1_3"   --->   Operation 119 'store' 'store_ln0' <Predicate = true> <Delay = 0.38>
ST_1 : Operation 120 [1/1] (0.38ns)   --->   "%store_ln0 = store i32 %pe_array_pe_a_pass_2_0_1_reload_read, i32 %pe_array_pe_a_pass_2_0_3"   --->   Operation 120 'store' 'store_ln0' <Predicate = true> <Delay = 0.38>
ST_1 : Operation 121 [1/1] (0.38ns)   --->   "%store_ln0 = store i32 %pe_array_pe_a_pass_1_2_1_reload_read, i32 %pe_array_pe_a_pass_1_2_3"   --->   Operation 121 'store' 'store_ln0' <Predicate = true> <Delay = 0.38>
ST_1 : Operation 122 [1/1] (0.38ns)   --->   "%store_ln0 = store i32 %pe_array_pe_a_pass_1_1_1_reload_read, i32 %pe_array_pe_a_pass_1_1_3"   --->   Operation 122 'store' 'store_ln0' <Predicate = true> <Delay = 0.38>
ST_1 : Operation 123 [1/1] (0.38ns)   --->   "%store_ln0 = store i32 %pe_array_pe_a_pass_1_0_1_reload_read, i32 %pe_array_pe_a_pass_1_0_3"   --->   Operation 123 'store' 'store_ln0' <Predicate = true> <Delay = 0.38>
ST_1 : Operation 124 [1/1] (0.38ns)   --->   "%store_ln0 = store i32 %pe_array_pe_a_pass_0_2_1_reload_read, i32 %pe_array_pe_a_pass_0_2_3"   --->   Operation 124 'store' 'store_ln0' <Predicate = true> <Delay = 0.38>
ST_1 : Operation 125 [1/1] (0.38ns)   --->   "%store_ln0 = store i32 %pe_array_pe_a_pass_0_1_1_reload_read, i32 %pe_array_pe_a_pass_0_1_3"   --->   Operation 125 'store' 'store_ln0' <Predicate = true> <Delay = 0.38>
ST_1 : Operation 126 [1/1] (0.38ns)   --->   "%store_ln0 = store i32 %pe_array_pe_a_pass_0_0_1_reload_read, i32 %pe_array_pe_a_pass_0_0_3"   --->   Operation 126 'store' 'store_ln0' <Predicate = true> <Delay = 0.38>
ST_1 : Operation 127 [1/1] (0.38ns)   --->   "%store_ln0 = store i5 0, i5 %indvar_flatten"   --->   Operation 127 'store' 'store_ln0' <Predicate = true> <Delay = 0.38>
ST_1 : Operation 128 [1/1] (0.38ns)   --->   "%store_ln0 = store i3 0, i3 %r"   --->   Operation 128 'store' 'store_ln0' <Predicate = true> <Delay = 0.38>
ST_1 : Operation 129 [1/1] (0.38ns)   --->   "%store_ln0 = store i3 0, i3 %c"   --->   Operation 129 'store' 'store_ln0' <Predicate = true> <Delay = 0.38>
ST_1 : Operation 130 [1/1] (0.00ns)   --->   "%br_ln0 = br void %.preheader1.preheader"   --->   Operation 130 'br' 'br_ln0' <Predicate = true> <Delay = 0.00>
ST_1 : Operation 131 [1/1] (0.00ns)   --->   "%indvar_flatten_load = load i5 %indvar_flatten" [sysArray_simple/sysArray.cpp:41]   --->   Operation 131 'load' 'indvar_flatten_load' <Predicate = true> <Delay = 0.00>
ST_1 : Operation 132 [1/1] (0.00ns)   --->   "%specpipeline_ln0 = specpipeline void @_ssdm_op_SpecPipeline, i32 4294967295, i32 0, i32 1, i32 0, void @p_str"   --->   Operation 132 'specpipeline' 'specpipeline_ln0' <Predicate = true> <Delay = 0.00>
ST_1 : Operation 133 [1/1] (0.63ns)   --->   "%icmp_ln41 = icmp_eq  i5 %indvar_flatten_load, i5 16" [sysArray_simple/sysArray.cpp:41]   --->   Operation 133 'icmp' 'icmp_ln41' <Predicate = true> <Delay = 0.63> <CoreInst = "Cmp">   --->   Core 9 'Cmp' <Latency = 0> <II = 1> <Delay = 0.49> <FuncUnit> <Opcode : 'icmp'> <InPorts = 2> <OutPorts = 1>
ST_1 : Operation 134 [1/1] (0.70ns)   --->   "%add_ln41 = add i5 %indvar_flatten_load, i5 1" [sysArray_simple/sysArray.cpp:41]   --->   Operation 134 'add' 'add_ln41' <Predicate = true> <Delay = 0.70> <CoreInst = "Adder">   --->   Core 1 'Adder' <Latency = 0> <II = 1> <Delay = 0.57> <FuncUnit> <Opcode : 'add' 'sub'> <InPorts = 2> <OutPorts = 1>
ST_1 : Operation 135 [1/1] (0.00ns)   --->   "%br_ln41 = br i1 %icmp_ln41, void %.preheader1, void %_ZN8PE_ArrayIjLi4EEC2Ev.exit.exitStub" [sysArray_simple/sysArray.cpp:41]   --->   Operation 135 'br' 'br_ln41' <Predicate = true> <Delay = 0.00>
ST_1 : Operation 136 [1/1] (0.00ns)   --->   "%c_load = load i3 %c" [sysArray_simple/sysArray.cpp:42]   --->   Operation 136 'load' 'c_load' <Predicate = (!icmp_ln41)> <Delay = 0.00>
ST_1 : Operation 137 [1/1] (0.00ns)   --->   "%r_load = load i3 %r" [sysArray_simple/sysArray.cpp:41]   --->   Operation 137 'load' 'r_load' <Predicate = (!icmp_ln41)> <Delay = 0.00>
ST_1 : Operation 138 [1/1] (0.00ns)   --->   "%specloopname_ln0 = specloopname void @_ssdm_op_SpecLoopName, void @VITIS_LOOP_41_1_VITIS_LOOP_42_2_str"   --->   Operation 138 'specloopname' 'specloopname_ln0' <Predicate = (!icmp_ln41)> <Delay = 0.00>
ST_1 : Operation 139 [1/1] (0.00ns)   --->   "%empty = speclooptripcount i32 @_ssdm_op_SpecLoopTripCount, i64 16, i64 16, i64 16"   --->   Operation 139 'speclooptripcount' 'empty' <Predicate = (!icmp_ln41)> <Delay = 0.00>
ST_1 : Operation 140 [1/1] (0.49ns)   --->   "%icmp_ln42 = icmp_eq  i3 %c_load, i3 4" [sysArray_simple/sysArray.cpp:42]   --->   Operation 140 'icmp' 'icmp_ln42' <Predicate = (!icmp_ln41)> <Delay = 0.49> <CoreInst = "Cmp">   --->   Core 9 'Cmp' <Latency = 0> <II = 1> <Delay = 0.49> <FuncUnit> <Opcode : 'icmp'> <InPorts = 2> <OutPorts = 1>
ST_1 : Operation 141 [1/1] (0.27ns)   --->   "%select_ln41 = select i1 %icmp_ln42, i3 0, i3 %c_load" [sysArray_simple/sysArray.cpp:41]   --->   Operation 141 'select' 'select_ln41' <Predicate = (!icmp_ln41)> <Delay = 0.27> <CoreInst = "Sel">   --->   Core 73 'Sel' <Latency = 0> <II = 1> <Delay = 0.27> <FuncUnit> <Opcode : 'select'> <InPorts = 3> <OutPorts = 1>
ST_1 : Operation 142 [1/1] (0.57ns)   --->   "%add_ln41_1 = add i3 %r_load, i3 1" [sysArray_simple/sysArray.cpp:41]   --->   Operation 142 'add' 'add_ln41_1' <Predicate = (!icmp_ln41)> <Delay = 0.57> <CoreInst = "Adder">   --->   Core 1 'Adder' <Latency = 0> <II = 1> <Delay = 0.57> <FuncUnit> <Opcode : 'add' 'sub'> <InPorts = 2> <OutPorts = 1>
ST_1 : Operation 143 [1/1] (0.27ns)   --->   "%select_ln41_1 = select i1 %icmp_ln42, i3 %add_ln41_1, i3 %r_load" [sysArray_simple/sysArray.cpp:41]   --->   Operation 143 'select' 'select_ln41_1' <Predicate = (!icmp_ln41)> <Delay = 0.27> <CoreInst = "Sel">   --->   Core 73 'Sel' <Latency = 0> <II = 1> <Delay = 0.27> <FuncUnit> <Opcode : 'select'> <InPorts = 3> <OutPorts = 1>
ST_1 : Operation 144 [1/1] (0.00ns)   --->   "%trunc_ln41 = trunc i3 %select_ln41_1" [sysArray_simple/sysArray.cpp:41]   --->   Operation 144 'trunc' 'trunc_ln41' <Predicate = (!icmp_ln41)> <Delay = 0.00>
ST_1 : Operation 145 [1/1] (0.00ns)   --->   "%specpipeline_ln0 = specpipeline void @_ssdm_op_SpecPipeline, i32 4294967295, i32 0, i32 1, i32 0, void @p_str"   --->   Operation 145 'specpipeline' 'specpipeline_ln0' <Predicate = (!icmp_ln41)> <Delay = 0.00>
ST_1 : Operation 146 [1/1] (0.00ns)   --->   "%specloopname_ln42 = specloopname void @_ssdm_op_SpecLoopName, void @empty_5" [sysArray_simple/sysArray.cpp:42]   --->   Operation 146 'specloopname' 'specloopname_ln42' <Predicate = (!icmp_ln41)> <Delay = 0.00>
ST_1 : Operation 147 [1/1] (0.00ns)   --->   "%trunc_ln43 = trunc i3 %select_ln41" [sysArray_simple/sysArray.cpp:43]   --->   Operation 147 'trunc' 'trunc_ln43' <Predicate = (!icmp_ln41)> <Delay = 0.00>
ST_1 : Operation 148 [1/1] (0.65ns)   --->   "%switch_ln12 = switch i2 %trunc_ln41, void %branch19, i2 0, void %branch16, i2 1, void %branch17, i2 2, void %branch18" [sysArray_simple/sysArray.cpp:12]   --->   Operation 148 'switch' 'switch_ln12' <Predicate = (!icmp_ln41)> <Delay = 0.65>
ST_1 : Operation 149 [1/1] (0.65ns)   --->   "%switch_ln12 = switch i2 %trunc_ln43, void %.split26156376, i2 0, void %branch18..split26156376_crit_edge49, i2 1, void %branch269, i2 2, void %branch270" [sysArray_simple/sysArray.cpp:12]   --->   Operation 149 'switch' 'switch_ln12' <Predicate = (!icmp_ln41 & trunc_ln41 == 2)> <Delay = 0.65>
ST_1 : Operation 150 [1/1] (0.38ns)   --->   "%store_ln12 = store i32 0, i32 %pe_array_pe_a_pass_2_2_3" [sysArray_simple/sysArray.cpp:12]   --->   Operation 150 'store' 'store_ln12' <Predicate = (!icmp_ln41 & trunc_ln41 == 2 & trunc_ln43 == 2)> <Delay = 0.38>
ST_1 : Operation 151 [1/1] (0.00ns)   --->   "%br_ln12 = br void %.split26156376" [sysArray_simple/sysArray.cpp:12]   --->   Operation 151 'br' 'br_ln12' <Predicate = (!icmp_ln41 & trunc_ln41 == 2 & trunc_ln43 == 2)> <Delay = 0.00>
ST_1 : Operation 152 [1/1] (0.38ns)   --->   "%store_ln12 = store i32 0, i32 %pe_array_pe_a_pass_2_1_3" [sysArray_simple/sysArray.cpp:12]   --->   Operation 152 'store' 'store_ln12' <Predicate = (!icmp_ln41 & trunc_ln41 == 2 & trunc_ln43 == 1)> <Delay = 0.38>
ST_1 : Operation 153 [1/1] (0.00ns)   --->   "%br_ln12 = br void %.split26156376" [sysArray_simple/sysArray.cpp:12]   --->   Operation 153 'br' 'br_ln12' <Predicate = (!icmp_ln41 & trunc_ln41 == 2 & trunc_ln43 == 1)> <Delay = 0.00>
ST_1 : Operation 154 [1/1] (0.38ns)   --->   "%store_ln12 = store i32 0, i32 %pe_array_pe_a_pass_2_0_3" [sysArray_simple/sysArray.cpp:12]   --->   Operation 154 'store' 'store_ln12' <Predicate = (!icmp_ln41 & trunc_ln41 == 2 & trunc_ln43 == 0)> <Delay = 0.38>
ST_1 : Operation 155 [1/1] (0.00ns)   --->   "%br_ln12 = br void %.split26156376" [sysArray_simple/sysArray.cpp:12]   --->   Operation 155 'br' 'br_ln12' <Predicate = (!icmp_ln41 & trunc_ln41 == 2 & trunc_ln43 == 0)> <Delay = 0.00>
ST_1 : Operation 156 [1/1] (0.65ns)   --->   "%switch_ln12 = switch i2 %trunc_ln43, void %.split26156376, i2 0, void %branch17..split26156376_crit_edge50, i2 1, void %branch265, i2 2, void %branch266" [sysArray_simple/sysArray.cpp:12]   --->   Operation 156 'switch' 'switch_ln12' <Predicate = (!icmp_ln41 & trunc_ln41 == 1)> <Delay = 0.65>
ST_1 : Operation 157 [1/1] (0.38ns)   --->   "%store_ln12 = store i32 0, i32 %pe_array_pe_a_pass_1_2_3" [sysArray_simple/sysArray.cpp:12]   --->   Operation 157 'store' 'store_ln12' <Predicate = (!icmp_ln41 & trunc_ln41 == 1 & trunc_ln43 == 2)> <Delay = 0.38>
ST_1 : Operation 158 [1/1] (0.00ns)   --->   "%br_ln12 = br void %.split26156376" [sysArray_simple/sysArray.cpp:12]   --->   Operation 158 'br' 'br_ln12' <Predicate = (!icmp_ln41 & trunc_ln41 == 1 & trunc_ln43 == 2)> <Delay = 0.00>
ST_1 : Operation 159 [1/1] (0.38ns)   --->   "%store_ln12 = store i32 0, i32 %pe_array_pe_a_pass_1_1_3" [sysArray_simple/sysArray.cpp:12]   --->   Operation 159 'store' 'store_ln12' <Predicate = (!icmp_ln41 & trunc_ln41 == 1 & trunc_ln43 == 1)> <Delay = 0.38>
ST_1 : Operation 160 [1/1] (0.00ns)   --->   "%br_ln12 = br void %.split26156376" [sysArray_simple/sysArray.cpp:12]   --->   Operation 160 'br' 'br_ln12' <Predicate = (!icmp_ln41 & trunc_ln41 == 1 & trunc_ln43 == 1)> <Delay = 0.00>
ST_1 : Operation 161 [1/1] (0.38ns)   --->   "%store_ln12 = store i32 0, i32 %pe_array_pe_a_pass_1_0_3" [sysArray_simple/sysArray.cpp:12]   --->   Operation 161 'store' 'store_ln12' <Predicate = (!icmp_ln41 & trunc_ln41 == 1 & trunc_ln43 == 0)> <Delay = 0.38>
ST_1 : Operation 162 [1/1] (0.00ns)   --->   "%br_ln12 = br void %.split26156376" [sysArray_simple/sysArray.cpp:12]   --->   Operation 162 'br' 'br_ln12' <Predicate = (!icmp_ln41 & trunc_ln41 == 1 & trunc_ln43 == 0)> <Delay = 0.00>
ST_1 : Operation 163 [1/1] (0.65ns)   --->   "%switch_ln12 = switch i2 %trunc_ln43, void %.split26156376, i2 0, void %branch16..split26156376_crit_edge51, i2 1, void %branch261, i2 2, void %branch262" [sysArray_simple/sysArray.cpp:12]   --->   Operation 163 'switch' 'switch_ln12' <Predicate = (!icmp_ln41 & trunc_ln41 == 0)> <Delay = 0.65>
ST_1 : Operation 164 [1/1] (0.38ns)   --->   "%store_ln12 = store i32 0, i32 %pe_array_pe_a_pass_0_2_3" [sysArray_simple/sysArray.cpp:12]   --->   Operation 164 'store' 'store_ln12' <Predicate = (!icmp_ln41 & trunc_ln41 == 0 & trunc_ln43 == 2)> <Delay = 0.38>
ST_1 : Operation 165 [1/1] (0.00ns)   --->   "%br_ln12 = br void %.split26156376" [sysArray_simple/sysArray.cpp:12]   --->   Operation 165 'br' 'br_ln12' <Predicate = (!icmp_ln41 & trunc_ln41 == 0 & trunc_ln43 == 2)> <Delay = 0.00>
ST_1 : Operation 166 [1/1] (0.38ns)   --->   "%store_ln12 = store i32 0, i32 %pe_array_pe_a_pass_0_1_3" [sysArray_simple/sysArray.cpp:12]   --->   Operation 166 'store' 'store_ln12' <Predicate = (!icmp_ln41 & trunc_ln41 == 0 & trunc_ln43 == 1)> <Delay = 0.38>
ST_1 : Operation 167 [1/1] (0.00ns)   --->   "%br_ln12 = br void %.split26156376" [sysArray_simple/sysArray.cpp:12]   --->   Operation 167 'br' 'br_ln12' <Predicate = (!icmp_ln41 & trunc_ln41 == 0 & trunc_ln43 == 1)> <Delay = 0.00>
ST_1 : Operation 168 [1/1] (0.38ns)   --->   "%store_ln12 = store i32 0, i32 %pe_array_pe_a_pass_0_0_3" [sysArray_simple/sysArray.cpp:12]   --->   Operation 168 'store' 'store_ln12' <Predicate = (!icmp_ln41 & trunc_ln41 == 0 & trunc_ln43 == 0)> <Delay = 0.38>
ST_1 : Operation 169 [1/1] (0.00ns)   --->   "%br_ln12 = br void %.split26156376" [sysArray_simple/sysArray.cpp:12]   --->   Operation 169 'br' 'br_ln12' <Predicate = (!icmp_ln41 & trunc_ln41 == 0 & trunc_ln43 == 0)> <Delay = 0.00>
ST_1 : Operation 170 [1/1] (0.65ns)   --->   "%switch_ln12 = switch i2 %trunc_ln43, void %.split26156376, i2 0, void %branch19..split26156376_crit_edge48, i2 1, void %branch273, i2 2, void %branch274" [sysArray_simple/sysArray.cpp:12]   --->   Operation 170 'switch' 'switch_ln12' <Predicate = (!icmp_ln41 & trunc_ln41 == 3)> <Delay = 0.65>
ST_1 : Operation 171 [1/1] (0.38ns)   --->   "%store_ln12 = store i32 0, i32 %pe_array_pe_a_pass_3_2_3" [sysArray_simple/sysArray.cpp:12]   --->   Operation 171 'store' 'store_ln12' <Predicate = (!icmp_ln41 & trunc_ln41 == 3 & trunc_ln43 == 2)> <Delay = 0.38>
ST_1 : Operation 172 [1/1] (0.00ns)   --->   "%br_ln12 = br void %.split26156376" [sysArray_simple/sysArray.cpp:12]   --->   Operation 172 'br' 'br_ln12' <Predicate = (!icmp_ln41 & trunc_ln41 == 3 & trunc_ln43 == 2)> <Delay = 0.00>
ST_1 : Operation 173 [1/1] (0.38ns)   --->   "%store_ln12 = store i32 0, i32 %pe_array_pe_a_pass_3_1_3" [sysArray_simple/sysArray.cpp:12]   --->   Operation 173 'store' 'store_ln12' <Predicate = (!icmp_ln41 & trunc_ln41 == 3 & trunc_ln43 == 1)> <Delay = 0.38>
ST_1 : Operation 174 [1/1] (0.00ns)   --->   "%br_ln12 = br void %.split26156376" [sysArray_simple/sysArray.cpp:12]   --->   Operation 174 'br' 'br_ln12' <Predicate = (!icmp_ln41 & trunc_ln41 == 3 & trunc_ln43 == 1)> <Delay = 0.00>
ST_1 : Operation 175 [1/1] (0.38ns)   --->   "%store_ln12 = store i32 0, i32 %pe_array_pe_a_pass_3_0_3" [sysArray_simple/sysArray.cpp:12]   --->   Operation 175 'store' 'store_ln12' <Predicate = (!icmp_ln41 & trunc_ln41 == 3 & trunc_ln43 == 0)> <Delay = 0.38>
ST_1 : Operation 176 [1/1] (0.00ns)   --->   "%br_ln12 = br void %.split26156376" [sysArray_simple/sysArray.cpp:12]   --->   Operation 176 'br' 'br_ln12' <Predicate = (!icmp_ln41 & trunc_ln41 == 3 & trunc_ln43 == 0)> <Delay = 0.00>
ST_1 : Operation 177 [1/1] (0.65ns)   --->   "%switch_ln13 = switch i2 %trunc_ln41, void %.split26156266486, i2 0, void %branch36, i2 1, void %branch37, i2 2, void %branch38" [sysArray_simple/sysArray.cpp:13]   --->   Operation 177 'switch' 'switch_ln13' <Predicate = (!icmp_ln41)> <Delay = 0.65>
ST_1 : Operation 178 [1/1] (0.65ns)   --->   "%switch_ln13 = switch i2 %trunc_ln43, void %branch287, i2 0, void %branch38..split26156266486_crit_edge, i2 1, void %branch38..split26156266486_crit_edge41, i2 2, void %branch286" [sysArray_simple/sysArray.cpp:13]   --->   Operation 178 'switch' 'switch_ln13' <Predicate = (!icmp_ln41 & trunc_ln41 == 2)> <Delay = 0.65>
ST_1 : Operation 179 [1/1] (0.38ns)   --->   "%store_ln13 = store i32 0, i32 %pe_array_pe_b_pass_2_2_3" [sysArray_simple/sysArray.cpp:13]   --->   Operation 179 'store' 'store_ln13' <Predicate = (!icmp_ln41 & trunc_ln41 == 2 & trunc_ln43 == 2)> <Delay = 0.38>
ST_1 : Operation 180 [1/1] (0.00ns)   --->   "%br_ln13 = br void %.split26156266486" [sysArray_simple/sysArray.cpp:13]   --->   Operation 180 'br' 'br_ln13' <Predicate = (!icmp_ln41 & trunc_ln41 == 2 & trunc_ln43 == 2)> <Delay = 0.00>
ST_1 : Operation 181 [1/1] (0.38ns)   --->   "%store_ln13 = store i32 0, i32 %pe_array_pe_b_pass_2_1_3" [sysArray_simple/sysArray.cpp:13]   --->   Operation 181 'store' 'store_ln13' <Predicate = (!icmp_ln41 & trunc_ln41 == 2 & trunc_ln43 == 1)> <Delay = 0.38>
ST_1 : Operation 182 [1/1] (0.00ns)   --->   "%br_ln13 = br void %.split26156266486" [sysArray_simple/sysArray.cpp:13]   --->   Operation 182 'br' 'br_ln13' <Predicate = (!icmp_ln41 & trunc_ln41 == 2 & trunc_ln43 == 1)> <Delay = 0.00>
ST_1 : Operation 183 [1/1] (0.38ns)   --->   "%store_ln13 = store i32 0, i32 %pe_array_pe_b_pass_2_0_3" [sysArray_simple/sysArray.cpp:13]   --->   Operation 183 'store' 'store_ln13' <Predicate = (!icmp_ln41 & trunc_ln41 == 2 & trunc_ln43 == 0)> <Delay = 0.38>
ST_1 : Operation 184 [1/1] (0.00ns)   --->   "%br_ln13 = br void %.split26156266486" [sysArray_simple/sysArray.cpp:13]   --->   Operation 184 'br' 'br_ln13' <Predicate = (!icmp_ln41 & trunc_ln41 == 2 & trunc_ln43 == 0)> <Delay = 0.00>
ST_1 : Operation 185 [1/1] (0.38ns)   --->   "%store_ln13 = store i32 0, i32 %pe_array_pe_b_pass_2_3_3" [sysArray_simple/sysArray.cpp:13]   --->   Operation 185 'store' 'store_ln13' <Predicate = (!icmp_ln41 & trunc_ln41 == 2 & trunc_ln43 == 3)> <Delay = 0.38>
ST_1 : Operation 186 [1/1] (0.00ns)   --->   "%br_ln13 = br void %.split26156266486" [sysArray_simple/sysArray.cpp:13]   --->   Operation 186 'br' 'br_ln13' <Predicate = (!icmp_ln41 & trunc_ln41 == 2 & trunc_ln43 == 3)> <Delay = 0.00>
ST_1 : Operation 187 [1/1] (0.65ns)   --->   "%switch_ln13 = switch i2 %trunc_ln43, void %branch283, i2 0, void %branch37..split26156266486_crit_edge, i2 1, void %branch37..split26156266486_crit_edge42, i2 2, void %branch282" [sysArray_simple/sysArray.cpp:13]   --->   Operation 187 'switch' 'switch_ln13' <Predicate = (!icmp_ln41 & trunc_ln41 == 1)> <Delay = 0.65>
ST_1 : Operation 188 [1/1] (0.38ns)   --->   "%store_ln13 = store i32 0, i32 %pe_array_pe_b_pass_1_2_3" [sysArray_simple/sysArray.cpp:13]   --->   Operation 188 'store' 'store_ln13' <Predicate = (!icmp_ln41 & trunc_ln41 == 1 & trunc_ln43 == 2)> <Delay = 0.38>
ST_1 : Operation 189 [1/1] (0.00ns)   --->   "%br_ln13 = br void %.split26156266486" [sysArray_simple/sysArray.cpp:13]   --->   Operation 189 'br' 'br_ln13' <Predicate = (!icmp_ln41 & trunc_ln41 == 1 & trunc_ln43 == 2)> <Delay = 0.00>
ST_1 : Operation 190 [1/1] (0.38ns)   --->   "%store_ln13 = store i32 0, i32 %pe_array_pe_b_pass_1_1_3" [sysArray_simple/sysArray.cpp:13]   --->   Operation 190 'store' 'store_ln13' <Predicate = (!icmp_ln41 & trunc_ln41 == 1 & trunc_ln43 == 1)> <Delay = 0.38>
ST_1 : Operation 191 [1/1] (0.00ns)   --->   "%br_ln13 = br void %.split26156266486" [sysArray_simple/sysArray.cpp:13]   --->   Operation 191 'br' 'br_ln13' <Predicate = (!icmp_ln41 & trunc_ln41 == 1 & trunc_ln43 == 1)> <Delay = 0.00>
ST_1 : Operation 192 [1/1] (0.38ns)   --->   "%store_ln13 = store i32 0, i32 %pe_array_pe_b_pass_1_0_3" [sysArray_simple/sysArray.cpp:13]   --->   Operation 192 'store' 'store_ln13' <Predicate = (!icmp_ln41 & trunc_ln41 == 1 & trunc_ln43 == 0)> <Delay = 0.38>
ST_1 : Operation 193 [1/1] (0.00ns)   --->   "%br_ln13 = br void %.split26156266486" [sysArray_simple/sysArray.cpp:13]   --->   Operation 193 'br' 'br_ln13' <Predicate = (!icmp_ln41 & trunc_ln41 == 1 & trunc_ln43 == 0)> <Delay = 0.00>
ST_1 : Operation 194 [1/1] (0.38ns)   --->   "%store_ln13 = store i32 0, i32 %pe_array_pe_b_pass_1_3_3" [sysArray_simple/sysArray.cpp:13]   --->   Operation 194 'store' 'store_ln13' <Predicate = (!icmp_ln41 & trunc_ln41 == 1 & trunc_ln43 == 3)> <Delay = 0.38>
ST_1 : Operation 195 [1/1] (0.00ns)   --->   "%br_ln13 = br void %.split26156266486" [sysArray_simple/sysArray.cpp:13]   --->   Operation 195 'br' 'br_ln13' <Predicate = (!icmp_ln41 & trunc_ln41 == 1 & trunc_ln43 == 3)> <Delay = 0.00>
ST_1 : Operation 196 [1/1] (0.65ns)   --->   "%switch_ln13 = switch i2 %trunc_ln43, void %branch279, i2 0, void %branch36..split26156266486_crit_edge, i2 1, void %branch36..split26156266486_crit_edge43, i2 2, void %branch278" [sysArray_simple/sysArray.cpp:13]   --->   Operation 196 'switch' 'switch_ln13' <Predicate = (!icmp_ln41 & trunc_ln41 == 0)> <Delay = 0.65>
ST_1 : Operation 197 [1/1] (0.38ns)   --->   "%store_ln13 = store i32 0, i32 %pe_array_pe_b_pass_0_2_3" [sysArray_simple/sysArray.cpp:13]   --->   Operation 197 'store' 'store_ln13' <Predicate = (!icmp_ln41 & trunc_ln41 == 0 & trunc_ln43 == 2)> <Delay = 0.38>
ST_1 : Operation 198 [1/1] (0.00ns)   --->   "%br_ln13 = br void %.split26156266486" [sysArray_simple/sysArray.cpp:13]   --->   Operation 198 'br' 'br_ln13' <Predicate = (!icmp_ln41 & trunc_ln41 == 0 & trunc_ln43 == 2)> <Delay = 0.00>
ST_1 : Operation 199 [1/1] (0.38ns)   --->   "%store_ln13 = store i32 0, i32 %pe_array_pe_b_pass_0_1_3" [sysArray_simple/sysArray.cpp:13]   --->   Operation 199 'store' 'store_ln13' <Predicate = (!icmp_ln41 & trunc_ln41 == 0 & trunc_ln43 == 1)> <Delay = 0.38>
ST_1 : Operation 200 [1/1] (0.00ns)   --->   "%br_ln13 = br void %.split26156266486" [sysArray_simple/sysArray.cpp:13]   --->   Operation 200 'br' 'br_ln13' <Predicate = (!icmp_ln41 & trunc_ln41 == 0 & trunc_ln43 == 1)> <Delay = 0.00>
ST_1 : Operation 201 [1/1] (0.38ns)   --->   "%store_ln13 = store i32 0, i32 %pe_array_pe_b_pass_0_0_3" [sysArray_simple/sysArray.cpp:13]   --->   Operation 201 'store' 'store_ln13' <Predicate = (!icmp_ln41 & trunc_ln41 == 0 & trunc_ln43 == 0)> <Delay = 0.38>
ST_1 : Operation 202 [1/1] (0.00ns)   --->   "%br_ln13 = br void %.split26156266486" [sysArray_simple/sysArray.cpp:13]   --->   Operation 202 'br' 'br_ln13' <Predicate = (!icmp_ln41 & trunc_ln41 == 0 & trunc_ln43 == 0)> <Delay = 0.00>
ST_1 : Operation 203 [1/1] (0.38ns)   --->   "%store_ln13 = store i32 0, i32 %pe_array_pe_b_pass_0_3_3" [sysArray_simple/sysArray.cpp:13]   --->   Operation 203 'store' 'store_ln13' <Predicate = (!icmp_ln41 & trunc_ln41 == 0 & trunc_ln43 == 3)> <Delay = 0.38>
ST_1 : Operation 204 [1/1] (0.00ns)   --->   "%br_ln13 = br void %.split26156266486" [sysArray_simple/sysArray.cpp:13]   --->   Operation 204 'br' 'br_ln13' <Predicate = (!icmp_ln41 & trunc_ln41 == 0 & trunc_ln43 == 3)> <Delay = 0.00>
ST_1 : Operation 205 [1/1] (0.65ns)   --->   "%switch_ln14 = switch i2 %trunc_ln41, void %branch99, i2 0, void %branch96, i2 1, void %branch97, i2 2, void %branch98" [sysArray_simple/sysArray.cpp:14]   --->   Operation 205 'switch' 'switch_ln14' <Predicate = (!icmp_ln41)> <Delay = 0.65>
ST_1 : Operation 206 [1/1] (0.65ns)   --->   "%switch_ln14 = switch i2 %trunc_ln43, void %branch335, i2 0, void %branch98..split26156266486600_crit_edge, i2 1, void %branch98..split26156266486600_crit_edge45, i2 2, void %branch334" [sysArray_simple/sysArray.cpp:14]   --->   Operation 206 'switch' 'switch_ln14' <Predicate = (!icmp_ln41 & trunc_ln41 == 2)> <Delay = 0.65>
ST_1 : Operation 207 [1/1] (0.38ns)   --->   "%store_ln14 = store i32 0, i32 %pe_array_pe_val_2_2_3" [sysArray_simple/sysArray.cpp:14]   --->   Operation 207 'store' 'store_ln14' <Predicate = (!icmp_ln41 & trunc_ln41 == 2 & trunc_ln43 == 2)> <Delay = 0.38>
ST_1 : Operation 208 [1/1] (0.00ns)   --->   "%br_ln14 = br void %.split26156266486600" [sysArray_simple/sysArray.cpp:14]   --->   Operation 208 'br' 'br_ln14' <Predicate = (!icmp_ln41 & trunc_ln41 == 2 & trunc_ln43 == 2)> <Delay = 0.00>
ST_1 : Operation 209 [1/1] (0.38ns)   --->   "%store_ln14 = store i32 0, i32 %pe_array_pe_val_2_1_3" [sysArray_simple/sysArray.cpp:14]   --->   Operation 209 'store' 'store_ln14' <Predicate = (!icmp_ln41 & trunc_ln41 == 2 & trunc_ln43 == 1)> <Delay = 0.38>
ST_1 : Operation 210 [1/1] (0.00ns)   --->   "%br_ln14 = br void %.split26156266486600" [sysArray_simple/sysArray.cpp:14]   --->   Operation 210 'br' 'br_ln14' <Predicate = (!icmp_ln41 & trunc_ln41 == 2 & trunc_ln43 == 1)> <Delay = 0.00>
ST_1 : Operation 211 [1/1] (0.38ns)   --->   "%store_ln14 = store i32 0, i32 %pe_array_pe_val_2_0_3" [sysArray_simple/sysArray.cpp:14]   --->   Operation 211 'store' 'store_ln14' <Predicate = (!icmp_ln41 & trunc_ln41 == 2 & trunc_ln43 == 0)> <Delay = 0.38>
ST_1 : Operation 212 [1/1] (0.00ns)   --->   "%br_ln14 = br void %.split26156266486600" [sysArray_simple/sysArray.cpp:14]   --->   Operation 212 'br' 'br_ln14' <Predicate = (!icmp_ln41 & trunc_ln41 == 2 & trunc_ln43 == 0)> <Delay = 0.00>
ST_1 : Operation 213 [1/1] (0.38ns)   --->   "%store_ln14 = store i32 0, i32 %pe_array_pe_val_2_3_3" [sysArray_simple/sysArray.cpp:14]   --->   Operation 213 'store' 'store_ln14' <Predicate = (!icmp_ln41 & trunc_ln41 == 2 & trunc_ln43 == 3)> <Delay = 0.38>
ST_1 : Operation 214 [1/1] (0.00ns)   --->   "%br_ln14 = br void %.split26156266486600" [sysArray_simple/sysArray.cpp:14]   --->   Operation 214 'br' 'br_ln14' <Predicate = (!icmp_ln41 & trunc_ln41 == 2 & trunc_ln43 == 3)> <Delay = 0.00>
ST_1 : Operation 215 [1/1] (0.65ns)   --->   "%switch_ln14 = switch i2 %trunc_ln43, void %branch331, i2 0, void %branch97..split26156266486600_crit_edge, i2 1, void %branch97..split26156266486600_crit_edge46, i2 2, void %branch330" [sysArray_simple/sysArray.cpp:14]   --->   Operation 215 'switch' 'switch_ln14' <Predicate = (!icmp_ln41 & trunc_ln41 == 1)> <Delay = 0.65>
ST_1 : Operation 216 [1/1] (0.38ns)   --->   "%store_ln14 = store i32 0, i32 %pe_array_pe_val_1_2_3" [sysArray_simple/sysArray.cpp:14]   --->   Operation 216 'store' 'store_ln14' <Predicate = (!icmp_ln41 & trunc_ln41 == 1 & trunc_ln43 == 2)> <Delay = 0.38>
ST_1 : Operation 217 [1/1] (0.00ns)   --->   "%br_ln14 = br void %.split26156266486600" [sysArray_simple/sysArray.cpp:14]   --->   Operation 217 'br' 'br_ln14' <Predicate = (!icmp_ln41 & trunc_ln41 == 1 & trunc_ln43 == 2)> <Delay = 0.00>
ST_1 : Operation 218 [1/1] (0.38ns)   --->   "%store_ln14 = store i32 0, i32 %pe_array_pe_val_1_1_3" [sysArray_simple/sysArray.cpp:14]   --->   Operation 218 'store' 'store_ln14' <Predicate = (!icmp_ln41 & trunc_ln41 == 1 & trunc_ln43 == 1)> <Delay = 0.38>
ST_1 : Operation 219 [1/1] (0.00ns)   --->   "%br_ln14 = br void %.split26156266486600" [sysArray_simple/sysArray.cpp:14]   --->   Operation 219 'br' 'br_ln14' <Predicate = (!icmp_ln41 & trunc_ln41 == 1 & trunc_ln43 == 1)> <Delay = 0.00>
ST_1 : Operation 220 [1/1] (0.38ns)   --->   "%store_ln14 = store i32 0, i32 %pe_array_pe_val_1_0_3" [sysArray_simple/sysArray.cpp:14]   --->   Operation 220 'store' 'store_ln14' <Predicate = (!icmp_ln41 & trunc_ln41 == 1 & trunc_ln43 == 0)> <Delay = 0.38>
ST_1 : Operation 221 [1/1] (0.00ns)   --->   "%br_ln14 = br void %.split26156266486600" [sysArray_simple/sysArray.cpp:14]   --->   Operation 221 'br' 'br_ln14' <Predicate = (!icmp_ln41 & trunc_ln41 == 1 & trunc_ln43 == 0)> <Delay = 0.00>
ST_1 : Operation 222 [1/1] (0.38ns)   --->   "%store_ln14 = store i32 0, i32 %pe_array_pe_val_1_3_3" [sysArray_simple/sysArray.cpp:14]   --->   Operation 222 'store' 'store_ln14' <Predicate = (!icmp_ln41 & trunc_ln41 == 1 & trunc_ln43 == 3)> <Delay = 0.38>
ST_1 : Operation 223 [1/1] (0.00ns)   --->   "%br_ln14 = br void %.split26156266486600" [sysArray_simple/sysArray.cpp:14]   --->   Operation 223 'br' 'br_ln14' <Predicate = (!icmp_ln41 & trunc_ln41 == 1 & trunc_ln43 == 3)> <Delay = 0.00>
ST_1 : Operation 224 [1/1] (0.65ns)   --->   "%switch_ln14 = switch i2 %trunc_ln43, void %branch327, i2 0, void %branch96..split26156266486600_crit_edge, i2 1, void %branch96..split26156266486600_crit_edge47, i2 2, void %branch326" [sysArray_simple/sysArray.cpp:14]   --->   Operation 224 'switch' 'switch_ln14' <Predicate = (!icmp_ln41 & trunc_ln41 == 0)> <Delay = 0.65>
ST_1 : Operation 225 [1/1] (0.38ns)   --->   "%store_ln14 = store i32 0, i32 %pe_array_pe_val_0_2_3" [sysArray_simple/sysArray.cpp:14]   --->   Operation 225 'store' 'store_ln14' <Predicate = (!icmp_ln41 & trunc_ln41 == 0 & trunc_ln43 == 2)> <Delay = 0.38>
ST_1 : Operation 226 [1/1] (0.00ns)   --->   "%br_ln14 = br void %.split26156266486600" [sysArray_simple/sysArray.cpp:14]   --->   Operation 226 'br' 'br_ln14' <Predicate = (!icmp_ln41 & trunc_ln41 == 0 & trunc_ln43 == 2)> <Delay = 0.00>
ST_1 : Operation 227 [1/1] (0.38ns)   --->   "%store_ln14 = store i32 0, i32 %pe_array_pe_val_0_1_3" [sysArray_simple/sysArray.cpp:14]   --->   Operation 227 'store' 'store_ln14' <Predicate = (!icmp_ln41 & trunc_ln41 == 0 & trunc_ln43 == 1)> <Delay = 0.38>
ST_1 : Operation 228 [1/1] (0.00ns)   --->   "%br_ln14 = br void %.split26156266486600" [sysArray_simple/sysArray.cpp:14]   --->   Operation 228 'br' 'br_ln14' <Predicate = (!icmp_ln41 & trunc_ln41 == 0 & trunc_ln43 == 1)> <Delay = 0.00>
ST_1 : Operation 229 [1/1] (0.38ns)   --->   "%store_ln14 = store i32 0, i32 %pe_array_pe_val_0_0_3" [sysArray_simple/sysArray.cpp:14]   --->   Operation 229 'store' 'store_ln14' <Predicate = (!icmp_ln41 & trunc_ln41 == 0 & trunc_ln43 == 0)> <Delay = 0.38>
ST_1 : Operation 230 [1/1] (0.00ns)   --->   "%br_ln14 = br void %.split26156266486600" [sysArray_simple/sysArray.cpp:14]   --->   Operation 230 'br' 'br_ln14' <Predicate = (!icmp_ln41 & trunc_ln41 == 0 & trunc_ln43 == 0)> <Delay = 0.00>
ST_1 : Operation 231 [1/1] (0.38ns)   --->   "%store_ln14 = store i32 0, i32 %pe_array_pe_val_0_3_3" [sysArray_simple/sysArray.cpp:14]   --->   Operation 231 'store' 'store_ln14' <Predicate = (!icmp_ln41 & trunc_ln41 == 0 & trunc_ln43 == 3)> <Delay = 0.38>
ST_1 : Operation 232 [1/1] (0.00ns)   --->   "%br_ln14 = br void %.split26156266486600" [sysArray_simple/sysArray.cpp:14]   --->   Operation 232 'br' 'br_ln14' <Predicate = (!icmp_ln41 & trunc_ln41 == 0 & trunc_ln43 == 3)> <Delay = 0.00>
ST_1 : Operation 233 [1/1] (0.65ns)   --->   "%switch_ln14 = switch i2 %trunc_ln43, void %branch339, i2 0, void %branch99..split26156266486600_crit_edge, i2 1, void %branch99..split26156266486600_crit_edge44, i2 2, void %branch338" [sysArray_simple/sysArray.cpp:14]   --->   Operation 233 'switch' 'switch_ln14' <Predicate = (!icmp_ln41 & trunc_ln41 == 3)> <Delay = 0.65>
ST_1 : Operation 234 [1/1] (0.38ns)   --->   "%store_ln14 = store i32 0, i32 %pe_array_pe_val_3_2_3" [sysArray_simple/sysArray.cpp:14]   --->   Operation 234 'store' 'store_ln14' <Predicate = (!icmp_ln41 & trunc_ln41 == 3 & trunc_ln43 == 2)> <Delay = 0.38>
ST_1 : Operation 235 [1/1] (0.00ns)   --->   "%br_ln14 = br void %.split26156266486600" [sysArray_simple/sysArray.cpp:14]   --->   Operation 235 'br' 'br_ln14' <Predicate = (!icmp_ln41 & trunc_ln41 == 3 & trunc_ln43 == 2)> <Delay = 0.00>
ST_1 : Operation 236 [1/1] (0.38ns)   --->   "%store_ln14 = store i32 0, i32 %pe_array_pe_val_3_1_3" [sysArray_simple/sysArray.cpp:14]   --->   Operation 236 'store' 'store_ln14' <Predicate = (!icmp_ln41 & trunc_ln41 == 3 & trunc_ln43 == 1)> <Delay = 0.38>
ST_1 : Operation 237 [1/1] (0.00ns)   --->   "%br_ln14 = br void %.split26156266486600" [sysArray_simple/sysArray.cpp:14]   --->   Operation 237 'br' 'br_ln14' <Predicate = (!icmp_ln41 & trunc_ln41 == 3 & trunc_ln43 == 1)> <Delay = 0.00>
ST_1 : Operation 238 [1/1] (0.38ns)   --->   "%store_ln14 = store i32 0, i32 %pe_array_pe_val_3_0_3" [sysArray_simple/sysArray.cpp:14]   --->   Operation 238 'store' 'store_ln14' <Predicate = (!icmp_ln41 & trunc_ln41 == 3 & trunc_ln43 == 0)> <Delay = 0.38>
ST_1 : Operation 239 [1/1] (0.00ns)   --->   "%br_ln14 = br void %.split26156266486600" [sysArray_simple/sysArray.cpp:14]   --->   Operation 239 'br' 'br_ln14' <Predicate = (!icmp_ln41 & trunc_ln41 == 3 & trunc_ln43 == 0)> <Delay = 0.00>
ST_1 : Operation 240 [1/1] (0.38ns)   --->   "%store_ln14 = store i32 0, i32 %pe_array_pe_val_3_3_3" [sysArray_simple/sysArray.cpp:14]   --->   Operation 240 'store' 'store_ln14' <Predicate = (!icmp_ln41 & trunc_ln41 == 3 & trunc_ln43 == 3)> <Delay = 0.38>
ST_1 : Operation 241 [1/1] (0.00ns)   --->   "%br_ln14 = br void %.split26156266486600" [sysArray_simple/sysArray.cpp:14]   --->   Operation 241 'br' 'br_ln14' <Predicate = (!icmp_ln41 & trunc_ln41 == 3 & trunc_ln43 == 3)> <Delay = 0.00>
ST_1 : Operation 242 [1/1] (0.57ns)   --->   "%add_ln42 = add i3 %select_ln41, i3 1" [sysArray_simple/sysArray.cpp:42]   --->   Operation 242 'add' 'add_ln42' <Predicate = (!icmp_ln41)> <Delay = 0.57> <CoreInst = "Adder">   --->   Core 1 'Adder' <Latency = 0> <II = 1> <Delay = 0.57> <FuncUnit> <Opcode : 'add' 'sub'> <InPorts = 2> <OutPorts = 1>
ST_1 : Operation 243 [1/1] (0.38ns)   --->   "%store_ln41 = store i5 %add_ln41, i5 %indvar_flatten" [sysArray_simple/sysArray.cpp:41]   --->   Operation 243 'store' 'store_ln41' <Predicate = (!icmp_ln41)> <Delay = 0.38>
ST_1 : Operation 244 [1/1] (0.38ns)   --->   "%store_ln41 = store i3 %select_ln41_1, i3 %r" [sysArray_simple/sysArray.cpp:41]   --->   Operation 244 'store' 'store_ln41' <Predicate = (!icmp_ln41)> <Delay = 0.38>
ST_1 : Operation 245 [1/1] (0.38ns)   --->   "%store_ln42 = store i3 %add_ln42, i3 %c" [sysArray_simple/sysArray.cpp:42]   --->   Operation 245 'store' 'store_ln42' <Predicate = (!icmp_ln41)> <Delay = 0.38>
ST_1 : Operation 246 [1/1] (0.00ns)   --->   "%br_ln0 = br void %.preheader1.preheader"   --->   Operation 246 'br' 'br_ln0' <Predicate = (!icmp_ln41)> <Delay = 0.00>
ST_1 : Operation 247 [1/1] (0.00ns)   --->   "%pe_array_pe_a_pass_0_0_3_load = load i32 %pe_array_pe_a_pass_0_0_3"   --->   Operation 247 'load' 'pe_array_pe_a_pass_0_0_3_load' <Predicate = (icmp_ln41)> <Delay = 0.00>
ST_1 : Operation 248 [1/1] (0.00ns)   --->   "%pe_array_pe_a_pass_0_1_3_load = load i32 %pe_array_pe_a_pass_0_1_3"   --->   Operation 248 'load' 'pe_array_pe_a_pass_0_1_3_load' <Predicate = (icmp_ln41)> <Delay = 0.00>
ST_1 : Operation 249 [1/1] (0.00ns)   --->   "%pe_array_pe_a_pass_0_2_3_load = load i32 %pe_array_pe_a_pass_0_2_3"   --->   Operation 249 'load' 'pe_array_pe_a_pass_0_2_3_load' <Predicate = (icmp_ln41)> <Delay = 0.00>
ST_1 : Operation 250 [1/1] (0.00ns)   --->   "%pe_array_pe_a_pass_1_0_3_load = load i32 %pe_array_pe_a_pass_1_0_3"   --->   Operation 250 'load' 'pe_array_pe_a_pass_1_0_3_load' <Predicate = (icmp_ln41)> <Delay = 0.00>
ST_1 : Operation 251 [1/1] (0.00ns)   --->   "%pe_array_pe_a_pass_1_1_3_load = load i32 %pe_array_pe_a_pass_1_1_3"   --->   Operation 251 'load' 'pe_array_pe_a_pass_1_1_3_load' <Predicate = (icmp_ln41)> <Delay = 0.00>
ST_1 : Operation 252 [1/1] (0.00ns)   --->   "%pe_array_pe_a_pass_1_2_3_load = load i32 %pe_array_pe_a_pass_1_2_3"   --->   Operation 252 'load' 'pe_array_pe_a_pass_1_2_3_load' <Predicate = (icmp_ln41)> <Delay = 0.00>
ST_1 : Operation 253 [1/1] (0.00ns)   --->   "%pe_array_pe_a_pass_2_0_3_load = load i32 %pe_array_pe_a_pass_2_0_3"   --->   Operation 253 'load' 'pe_array_pe_a_pass_2_0_3_load' <Predicate = (icmp_ln41)> <Delay = 0.00>
ST_1 : Operation 254 [1/1] (0.00ns)   --->   "%pe_array_pe_a_pass_2_1_3_load = load i32 %pe_array_pe_a_pass_2_1_3"   --->   Operation 254 'load' 'pe_array_pe_a_pass_2_1_3_load' <Predicate = (icmp_ln41)> <Delay = 0.00>
ST_1 : Operation 255 [1/1] (0.00ns)   --->   "%pe_array_pe_a_pass_2_2_3_load = load i32 %pe_array_pe_a_pass_2_2_3"   --->   Operation 255 'load' 'pe_array_pe_a_pass_2_2_3_load' <Predicate = (icmp_ln41)> <Delay = 0.00>
ST_1 : Operation 256 [1/1] (0.00ns)   --->   "%pe_array_pe_a_pass_3_0_3_load = load i32 %pe_array_pe_a_pass_3_0_3"   --->   Operation 256 'load' 'pe_array_pe_a_pass_3_0_3_load' <Predicate = (icmp_ln41)> <Delay = 0.00>
ST_1 : Operation 257 [1/1] (0.00ns)   --->   "%pe_array_pe_a_pass_3_1_3_load = load i32 %pe_array_pe_a_pass_3_1_3"   --->   Operation 257 'load' 'pe_array_pe_a_pass_3_1_3_load' <Predicate = (icmp_ln41)> <Delay = 0.00>
ST_1 : Operation 258 [1/1] (0.00ns)   --->   "%pe_array_pe_a_pass_3_2_3_load = load i32 %pe_array_pe_a_pass_3_2_3"   --->   Operation 258 'load' 'pe_array_pe_a_pass_3_2_3_load' <Predicate = (icmp_ln41)> <Delay = 0.00>
ST_1 : Operation 259 [1/1] (0.00ns)   --->   "%pe_array_pe_val_0_0_3_load = load i32 %pe_array_pe_val_0_0_3"   --->   Operation 259 'load' 'pe_array_pe_val_0_0_3_load' <Predicate = (icmp_ln41)> <Delay = 0.00>
ST_1 : Operation 260 [1/1] (0.00ns)   --->   "%pe_array_pe_val_0_1_3_load = load i32 %pe_array_pe_val_0_1_3"   --->   Operation 260 'load' 'pe_array_pe_val_0_1_3_load' <Predicate = (icmp_ln41)> <Delay = 0.00>
ST_1 : Operation 261 [1/1] (0.00ns)   --->   "%pe_array_pe_val_0_2_3_load = load i32 %pe_array_pe_val_0_2_3"   --->   Operation 261 'load' 'pe_array_pe_val_0_2_3_load' <Predicate = (icmp_ln41)> <Delay = 0.00>
ST_1 : Operation 262 [1/1] (0.00ns)   --->   "%pe_array_pe_val_0_3_3_load = load i32 %pe_array_pe_val_0_3_3"   --->   Operation 262 'load' 'pe_array_pe_val_0_3_3_load' <Predicate = (icmp_ln41)> <Delay = 0.00>
ST_1 : Operation 263 [1/1] (0.00ns)   --->   "%pe_array_pe_val_1_0_3_load = load i32 %pe_array_pe_val_1_0_3"   --->   Operation 263 'load' 'pe_array_pe_val_1_0_3_load' <Predicate = (icmp_ln41)> <Delay = 0.00>
ST_1 : Operation 264 [1/1] (0.00ns)   --->   "%pe_array_pe_val_1_1_3_load = load i32 %pe_array_pe_val_1_1_3"   --->   Operation 264 'load' 'pe_array_pe_val_1_1_3_load' <Predicate = (icmp_ln41)> <Delay = 0.00>
ST_1 : Operation 265 [1/1] (0.00ns)   --->   "%pe_array_pe_val_1_2_3_load = load i32 %pe_array_pe_val_1_2_3"   --->   Operation 265 'load' 'pe_array_pe_val_1_2_3_load' <Predicate = (icmp_ln41)> <Delay = 0.00>
ST_1 : Operation 266 [1/1] (0.00ns)   --->   "%pe_array_pe_val_1_3_3_load = load i32 %pe_array_pe_val_1_3_3"   --->   Operation 266 'load' 'pe_array_pe_val_1_3_3_load' <Predicate = (icmp_ln41)> <Delay = 0.00>
ST_1 : Operation 267 [1/1] (0.00ns)   --->   "%pe_array_pe_val_2_0_3_load = load i32 %pe_array_pe_val_2_0_3"   --->   Operation 267 'load' 'pe_array_pe_val_2_0_3_load' <Predicate = (icmp_ln41)> <Delay = 0.00>
ST_1 : Operation 268 [1/1] (0.00ns)   --->   "%pe_array_pe_val_2_1_3_load = load i32 %pe_array_pe_val_2_1_3"   --->   Operation 268 'load' 'pe_array_pe_val_2_1_3_load' <Predicate = (icmp_ln41)> <Delay = 0.00>
ST_1 : Operation 269 [1/1] (0.00ns)   --->   "%pe_array_pe_val_2_2_3_load = load i32 %pe_array_pe_val_2_2_3"   --->   Operation 269 'load' 'pe_array_pe_val_2_2_3_load' <Predicate = (icmp_ln41)> <Delay = 0.00>
ST_1 : Operation 270 [1/1] (0.00ns)   --->   "%pe_array_pe_val_2_3_3_load = load i32 %pe_array_pe_val_2_3_3"   --->   Operation 270 'load' 'pe_array_pe_val_2_3_3_load' <Predicate = (icmp_ln41)> <Delay = 0.00>
ST_1 : Operation 271 [1/1] (0.00ns)   --->   "%pe_array_pe_val_3_0_3_load = load i32 %pe_array_pe_val_3_0_3"   --->   Operation 271 'load' 'pe_array_pe_val_3_0_3_load' <Predicate = (icmp_ln41)> <Delay = 0.00>
ST_1 : Operation 272 [1/1] (0.00ns)   --->   "%pe_array_pe_val_3_1_3_load = load i32 %pe_array_pe_val_3_1_3"   --->   Operation 272 'load' 'pe_array_pe_val_3_1_3_load' <Predicate = (icmp_ln41)> <Delay = 0.00>
ST_1 : Operation 273 [1/1] (0.00ns)   --->   "%pe_array_pe_val_3_2_3_load = load i32 %pe_array_pe_val_3_2_3"   --->   Operation 273 'load' 'pe_array_pe_val_3_2_3_load' <Predicate = (icmp_ln41)> <Delay = 0.00>
ST_1 : Operation 274 [1/1] (0.00ns)   --->   "%pe_array_pe_val_3_3_3_load = load i32 %pe_array_pe_val_3_3_3"   --->   Operation 274 'load' 'pe_array_pe_val_3_3_3_load' <Predicate = (icmp_ln41)> <Delay = 0.00>
ST_1 : Operation 275 [1/1] (0.00ns)   --->   "%pe_array_pe_b_pass_0_0_3_load = load i32 %pe_array_pe_b_pass_0_0_3"   --->   Operation 275 'load' 'pe_array_pe_b_pass_0_0_3_load' <Predicate = (icmp_ln41)> <Delay = 0.00>
ST_1 : Operation 276 [1/1] (0.00ns)   --->   "%pe_array_pe_b_pass_0_1_3_load = load i32 %pe_array_pe_b_pass_0_1_3"   --->   Operation 276 'load' 'pe_array_pe_b_pass_0_1_3_load' <Predicate = (icmp_ln41)> <Delay = 0.00>
ST_1 : Operation 277 [1/1] (0.00ns)   --->   "%pe_array_pe_b_pass_0_2_3_load = load i32 %pe_array_pe_b_pass_0_2_3"   --->   Operation 277 'load' 'pe_array_pe_b_pass_0_2_3_load' <Predicate = (icmp_ln41)> <Delay = 0.00>
ST_1 : Operation 278 [1/1] (0.00ns)   --->   "%pe_array_pe_b_pass_0_3_3_load = load i32 %pe_array_pe_b_pass_0_3_3"   --->   Operation 278 'load' 'pe_array_pe_b_pass_0_3_3_load' <Predicate = (icmp_ln41)> <Delay = 0.00>
ST_1 : Operation 279 [1/1] (0.00ns)   --->   "%pe_array_pe_b_pass_1_0_3_load = load i32 %pe_array_pe_b_pass_1_0_3"   --->   Operation 279 'load' 'pe_array_pe_b_pass_1_0_3_load' <Predicate = (icmp_ln41)> <Delay = 0.00>
ST_1 : Operation 280 [1/1] (0.00ns)   --->   "%pe_array_pe_b_pass_1_1_3_load = load i32 %pe_array_pe_b_pass_1_1_3"   --->   Operation 280 'load' 'pe_array_pe_b_pass_1_1_3_load' <Predicate = (icmp_ln41)> <Delay = 0.00>
ST_1 : Operation 281 [1/1] (0.00ns)   --->   "%pe_array_pe_b_pass_1_2_3_load = load i32 %pe_array_pe_b_pass_1_2_3"   --->   Operation 281 'load' 'pe_array_pe_b_pass_1_2_3_load' <Predicate = (icmp_ln41)> <Delay = 0.00>
ST_1 : Operation 282 [1/1] (0.00ns)   --->   "%pe_array_pe_b_pass_1_3_3_load = load i32 %pe_array_pe_b_pass_1_3_3"   --->   Operation 282 'load' 'pe_array_pe_b_pass_1_3_3_load' <Predicate = (icmp_ln41)> <Delay = 0.00>
ST_1 : Operation 283 [1/1] (0.00ns)   --->   "%pe_array_pe_b_pass_2_0_3_load = load i32 %pe_array_pe_b_pass_2_0_3"   --->   Operation 283 'load' 'pe_array_pe_b_pass_2_0_3_load' <Predicate = (icmp_ln41)> <Delay = 0.00>
ST_1 : Operation 284 [1/1] (0.00ns)   --->   "%pe_array_pe_b_pass_2_1_3_load = load i32 %pe_array_pe_b_pass_2_1_3"   --->   Operation 284 'load' 'pe_array_pe_b_pass_2_1_3_load' <Predicate = (icmp_ln41)> <Delay = 0.00>
ST_1 : Operation 285 [1/1] (0.00ns)   --->   "%pe_array_pe_b_pass_2_2_3_load = load i32 %pe_array_pe_b_pass_2_2_3"   --->   Operation 285 'load' 'pe_array_pe_b_pass_2_2_3_load' <Predicate = (icmp_ln41)> <Delay = 0.00>
ST_1 : Operation 286 [1/1] (0.00ns)   --->   "%pe_array_pe_b_pass_2_3_3_load = load i32 %pe_array_pe_b_pass_2_3_3"   --->   Operation 286 'load' 'pe_array_pe_b_pass_2_3_3_load' <Predicate = (icmp_ln41)> <Delay = 0.00>
ST_1 : Operation 287 [1/1] (0.00ns)   --->   "%write_ln0 = write void @_ssdm_op_Write.ap_auto.i32P0A, i32 %pe_array_pe_val_3_3_3_out, i32 %pe_array_pe_val_3_3_3_load"   --->   Operation 287 'write' 'write_ln0' <Predicate = (icmp_ln41)> <Delay = 0.00>
ST_1 : Operation 288 [1/1] (0.00ns)   --->   "%write_ln0 = write void @_ssdm_op_Write.ap_auto.i32P0A, i32 %pe_array_pe_val_3_2_3_out, i32 %pe_array_pe_val_3_2_3_load"   --->   Operation 288 'write' 'write_ln0' <Predicate = (icmp_ln41)> <Delay = 0.00>
ST_1 : Operation 289 [1/1] (0.00ns)   --->   "%write_ln0 = write void @_ssdm_op_Write.ap_auto.i32P0A, i32 %pe_array_pe_val_3_1_3_out, i32 %pe_array_pe_val_3_1_3_load"   --->   Operation 289 'write' 'write_ln0' <Predicate = (icmp_ln41)> <Delay = 0.00>
ST_1 : Operation 290 [1/1] (0.00ns)   --->   "%write_ln0 = write void @_ssdm_op_Write.ap_auto.i32P0A, i32 %pe_array_pe_val_3_0_3_out, i32 %pe_array_pe_val_3_0_3_load"   --->   Operation 290 'write' 'write_ln0' <Predicate = (icmp_ln41)> <Delay = 0.00>
ST_1 : Operation 291 [1/1] (0.00ns)   --->   "%write_ln0 = write void @_ssdm_op_Write.ap_auto.i32P0A, i32 %pe_array_pe_val_2_3_3_out, i32 %pe_array_pe_val_2_3_3_load"   --->   Operation 291 'write' 'write_ln0' <Predicate = (icmp_ln41)> <Delay = 0.00>
ST_1 : Operation 292 [1/1] (0.00ns)   --->   "%write_ln0 = write void @_ssdm_op_Write.ap_auto.i32P0A, i32 %pe_array_pe_val_2_2_3_out, i32 %pe_array_pe_val_2_2_3_load"   --->   Operation 292 'write' 'write_ln0' <Predicate = (icmp_ln41)> <Delay = 0.00>
ST_1 : Operation 293 [1/1] (0.00ns)   --->   "%write_ln0 = write void @_ssdm_op_Write.ap_auto.i32P0A, i32 %pe_array_pe_val_2_1_3_out, i32 %pe_array_pe_val_2_1_3_load"   --->   Operation 293 'write' 'write_ln0' <Predicate = (icmp_ln41)> <Delay = 0.00>
ST_1 : Operation 294 [1/1] (0.00ns)   --->   "%write_ln0 = write void @_ssdm_op_Write.ap_auto.i32P0A, i32 %pe_array_pe_val_2_0_3_out, i32 %pe_array_pe_val_2_0_3_load"   --->   Operation 294 'write' 'write_ln0' <Predicate = (icmp_ln41)> <Delay = 0.00>
ST_1 : Operation 295 [1/1] (0.00ns)   --->   "%write_ln0 = write void @_ssdm_op_Write.ap_auto.i32P0A, i32 %pe_array_pe_val_1_3_3_out, i32 %pe_array_pe_val_1_3_3_load"   --->   Operation 295 'write' 'write_ln0' <Predicate = (icmp_ln41)> <Delay = 0.00>
ST_1 : Operation 296 [1/1] (0.00ns)   --->   "%write_ln0 = write void @_ssdm_op_Write.ap_auto.i32P0A, i32 %pe_array_pe_val_1_2_3_out, i32 %pe_array_pe_val_1_2_3_load"   --->   Operation 296 'write' 'write_ln0' <Predicate = (icmp_ln41)> <Delay = 0.00>
ST_1 : Operation 297 [1/1] (0.00ns)   --->   "%write_ln0 = write void @_ssdm_op_Write.ap_auto.i32P0A, i32 %pe_array_pe_val_1_1_3_out, i32 %pe_array_pe_val_1_1_3_load"   --->   Operation 297 'write' 'write_ln0' <Predicate = (icmp_ln41)> <Delay = 0.00>
ST_1 : Operation 298 [1/1] (0.00ns)   --->   "%write_ln0 = write void @_ssdm_op_Write.ap_auto.i32P0A, i32 %pe_array_pe_val_1_0_3_out, i32 %pe_array_pe_val_1_0_3_load"   --->   Operation 298 'write' 'write_ln0' <Predicate = (icmp_ln41)> <Delay = 0.00>
ST_1 : Operation 299 [1/1] (0.00ns)   --->   "%write_ln0 = write void @_ssdm_op_Write.ap_auto.i32P0A, i32 %pe_array_pe_val_0_3_3_out, i32 %pe_array_pe_val_0_3_3_load"   --->   Operation 299 'write' 'write_ln0' <Predicate = (icmp_ln41)> <Delay = 0.00>
ST_1 : Operation 300 [1/1] (0.00ns)   --->   "%write_ln0 = write void @_ssdm_op_Write.ap_auto.i32P0A, i32 %pe_array_pe_val_0_2_3_out, i32 %pe_array_pe_val_0_2_3_load"   --->   Operation 300 'write' 'write_ln0' <Predicate = (icmp_ln41)> <Delay = 0.00>
ST_1 : Operation 301 [1/1] (0.00ns)   --->   "%write_ln0 = write void @_ssdm_op_Write.ap_auto.i32P0A, i32 %pe_array_pe_val_0_1_3_out, i32 %pe_array_pe_val_0_1_3_load"   --->   Operation 301 'write' 'write_ln0' <Predicate = (icmp_ln41)> <Delay = 0.00>
ST_1 : Operation 302 [1/1] (0.00ns)   --->   "%write_ln0 = write void @_ssdm_op_Write.ap_auto.i32P0A, i32 %pe_array_pe_val_0_0_3_out, i32 %pe_array_pe_val_0_0_3_load"   --->   Operation 302 'write' 'write_ln0' <Predicate = (icmp_ln41)> <Delay = 0.00>
ST_1 : Operation 303 [1/1] (0.00ns)   --->   "%write_ln0 = write void @_ssdm_op_Write.ap_auto.i32P0A, i32 %pe_array_pe_b_pass_2_3_3_out, i32 %pe_array_pe_b_pass_2_3_3_load"   --->   Operation 303 'write' 'write_ln0' <Predicate = (icmp_ln41)> <Delay = 0.00>
ST_1 : Operation 304 [1/1] (0.00ns)   --->   "%write_ln0 = write void @_ssdm_op_Write.ap_auto.i32P0A, i32 %pe_array_pe_b_pass_2_2_3_out, i32 %pe_array_pe_b_pass_2_2_3_load"   --->   Operation 304 'write' 'write_ln0' <Predicate = (icmp_ln41)> <Delay = 0.00>
ST_1 : Operation 305 [1/1] (0.00ns)   --->   "%write_ln0 = write void @_ssdm_op_Write.ap_auto.i32P0A, i32 %pe_array_pe_b_pass_2_1_3_out, i32 %pe_array_pe_b_pass_2_1_3_load"   --->   Operation 305 'write' 'write_ln0' <Predicate = (icmp_ln41)> <Delay = 0.00>
ST_1 : Operation 306 [1/1] (0.00ns)   --->   "%write_ln0 = write void @_ssdm_op_Write.ap_auto.i32P0A, i32 %pe_array_pe_b_pass_2_0_3_out, i32 %pe_array_pe_b_pass_2_0_3_load"   --->   Operation 306 'write' 'write_ln0' <Predicate = (icmp_ln41)> <Delay = 0.00>
ST_1 : Operation 307 [1/1] (0.00ns)   --->   "%write_ln0 = write void @_ssdm_op_Write.ap_auto.i32P0A, i32 %pe_array_pe_b_pass_1_3_3_out, i32 %pe_array_pe_b_pass_1_3_3_load"   --->   Operation 307 'write' 'write_ln0' <Predicate = (icmp_ln41)> <Delay = 0.00>
ST_1 : Operation 308 [1/1] (0.00ns)   --->   "%write_ln0 = write void @_ssdm_op_Write.ap_auto.i32P0A, i32 %pe_array_pe_b_pass_1_2_3_out, i32 %pe_array_pe_b_pass_1_2_3_load"   --->   Operation 308 'write' 'write_ln0' <Predicate = (icmp_ln41)> <Delay = 0.00>
ST_1 : Operation 309 [1/1] (0.00ns)   --->   "%write_ln0 = write void @_ssdm_op_Write.ap_auto.i32P0A, i32 %pe_array_pe_b_pass_1_1_3_out, i32 %pe_array_pe_b_pass_1_1_3_load"   --->   Operation 309 'write' 'write_ln0' <Predicate = (icmp_ln41)> <Delay = 0.00>
ST_1 : Operation 310 [1/1] (0.00ns)   --->   "%write_ln0 = write void @_ssdm_op_Write.ap_auto.i32P0A, i32 %pe_array_pe_b_pass_1_0_3_out, i32 %pe_array_pe_b_pass_1_0_3_load"   --->   Operation 310 'write' 'write_ln0' <Predicate = (icmp_ln41)> <Delay = 0.00>
ST_1 : Operation 311 [1/1] (0.00ns)   --->   "%write_ln0 = write void @_ssdm_op_Write.ap_auto.i32P0A, i32 %pe_array_pe_b_pass_0_3_3_out, i32 %pe_array_pe_b_pass_0_3_3_load"   --->   Operation 311 'write' 'write_ln0' <Predicate = (icmp_ln41)> <Delay = 0.00>
ST_1 : Operation 312 [1/1] (0.00ns)   --->   "%write_ln0 = write void @_ssdm_op_Write.ap_auto.i32P0A, i32 %pe_array_pe_b_pass_0_2_3_out, i32 %pe_array_pe_b_pass_0_2_3_load"   --->   Operation 312 'write' 'write_ln0' <Predicate = (icmp_ln41)> <Delay = 0.00>
ST_1 : Operation 313 [1/1] (0.00ns)   --->   "%write_ln0 = write void @_ssdm_op_Write.ap_auto.i32P0A, i32 %pe_array_pe_b_pass_0_1_3_out, i32 %pe_array_pe_b_pass_0_1_3_load"   --->   Operation 313 'write' 'write_ln0' <Predicate = (icmp_ln41)> <Delay = 0.00>
ST_1 : Operation 314 [1/1] (0.00ns)   --->   "%write_ln0 = write void @_ssdm_op_Write.ap_auto.i32P0A, i32 %pe_array_pe_b_pass_0_0_3_out, i32 %pe_array_pe_b_pass_0_0_3_load"   --->   Operation 314 'write' 'write_ln0' <Predicate = (icmp_ln41)> <Delay = 0.00>
ST_1 : Operation 315 [1/1] (0.00ns)   --->   "%write_ln0 = write void @_ssdm_op_Write.ap_auto.i32P0A, i32 %pe_array_pe_a_pass_3_2_3_out, i32 %pe_array_pe_a_pass_3_2_3_load"   --->   Operation 315 'write' 'write_ln0' <Predicate = (icmp_ln41)> <Delay = 0.00>
ST_1 : Operation 316 [1/1] (0.00ns)   --->   "%write_ln0 = write void @_ssdm_op_Write.ap_auto.i32P0A, i32 %pe_array_pe_a_pass_3_1_3_out, i32 %pe_array_pe_a_pass_3_1_3_load"   --->   Operation 316 'write' 'write_ln0' <Predicate = (icmp_ln41)> <Delay = 0.00>
ST_1 : Operation 317 [1/1] (0.00ns)   --->   "%write_ln0 = write void @_ssdm_op_Write.ap_auto.i32P0A, i32 %pe_array_pe_a_pass_3_0_3_out, i32 %pe_array_pe_a_pass_3_0_3_load"   --->   Operation 317 'write' 'write_ln0' <Predicate = (icmp_ln41)> <Delay = 0.00>
ST_1 : Operation 318 [1/1] (0.00ns)   --->   "%write_ln0 = write void @_ssdm_op_Write.ap_auto.i32P0A, i32 %pe_array_pe_a_pass_2_2_3_out, i32 %pe_array_pe_a_pass_2_2_3_load"   --->   Operation 318 'write' 'write_ln0' <Predicate = (icmp_ln41)> <Delay = 0.00>
ST_1 : Operation 319 [1/1] (0.00ns)   --->   "%write_ln0 = write void @_ssdm_op_Write.ap_auto.i32P0A, i32 %pe_array_pe_a_pass_2_1_3_out, i32 %pe_array_pe_a_pass_2_1_3_load"   --->   Operation 319 'write' 'write_ln0' <Predicate = (icmp_ln41)> <Delay = 0.00>
ST_1 : Operation 320 [1/1] (0.00ns)   --->   "%write_ln0 = write void @_ssdm_op_Write.ap_auto.i32P0A, i32 %pe_array_pe_a_pass_2_0_3_out, i32 %pe_array_pe_a_pass_2_0_3_load"   --->   Operation 320 'write' 'write_ln0' <Predicate = (icmp_ln41)> <Delay = 0.00>
ST_1 : Operation 321 [1/1] (0.00ns)   --->   "%write_ln0 = write void @_ssdm_op_Write.ap_auto.i32P0A, i32 %pe_array_pe_a_pass_1_2_3_out, i32 %pe_array_pe_a_pass_1_2_3_load"   --->   Operation 321 'write' 'write_ln0' <Predicate = (icmp_ln41)> <Delay = 0.00>
ST_1 : Operation 322 [1/1] (0.00ns)   --->   "%write_ln0 = write void @_ssdm_op_Write.ap_auto.i32P0A, i32 %pe_array_pe_a_pass_1_1_3_out, i32 %pe_array_pe_a_pass_1_1_3_load"   --->   Operation 322 'write' 'write_ln0' <Predicate = (icmp_ln41)> <Delay = 0.00>
ST_1 : Operation 323 [1/1] (0.00ns)   --->   "%write_ln0 = write void @_ssdm_op_Write.ap_auto.i32P0A, i32 %pe_array_pe_a_pass_1_0_3_out, i32 %pe_array_pe_a_pass_1_0_3_load"   --->   Operation 323 'write' 'write_ln0' <Predicate = (icmp_ln41)> <Delay = 0.00>
ST_1 : Operation 324 [1/1] (0.00ns)   --->   "%write_ln0 = write void @_ssdm_op_Write.ap_auto.i32P0A, i32 %pe_array_pe_a_pass_0_2_3_out, i32 %pe_array_pe_a_pass_0_2_3_load"   --->   Operation 324 'write' 'write_ln0' <Predicate = (icmp_ln41)> <Delay = 0.00>
ST_1 : Operation 325 [1/1] (0.00ns)   --->   "%write_ln0 = write void @_ssdm_op_Write.ap_auto.i32P0A, i32 %pe_array_pe_a_pass_0_1_3_out, i32 %pe_array_pe_a_pass_0_1_3_load"   --->   Operation 325 'write' 'write_ln0' <Predicate = (icmp_ln41)> <Delay = 0.00>
ST_1 : Operation 326 [1/1] (0.00ns)   --->   "%write_ln0 = write void @_ssdm_op_Write.ap_auto.i32P0A, i32 %pe_array_pe_a_pass_0_0_3_out, i32 %pe_array_pe_a_pass_0_0_3_load"   --->   Operation 326 'write' 'write_ln0' <Predicate = (icmp_ln41)> <Delay = 0.00>
ST_1 : Operation 327 [1/1] (0.00ns)   --->   "%ret_ln0 = ret"   --->   Operation 327 'ret' 'ret_ln0' <Predicate = (icmp_ln41)> <Delay = 0.00>


============================================================
+ Verbose Summary: Timing violations
============================================================
Target clock period: 3ns, clock uncertainty: 0.81ns.

 <State 1>: 1.74ns
The critical path consists of the following:
	'alloca' operation ('c') [81]  (0 ns)
	'load' operation ('c_load', sysArray_simple/sysArray.cpp:42) on local variable 'c' [215]  (0 ns)
	'icmp' operation ('icmp_ln42', sysArray_simple/sysArray.cpp:42) [219]  (0.5 ns)
	'select' operation ('select_ln41', sysArray_simple/sysArray.cpp:41) [220]  (0.278 ns)
	'add' operation ('add_ln42', sysArray_simple/sysArray.cpp:42) [375]  (0.572 ns)
	'store' operation ('store_ln42', sysArray_simple/sysArray.cpp:42) of variable 'add_ln42', sysArray_simple/sysArray.cpp:42 on local variable 'c' [378]  (0.387 ns)


============================================================
+ Verbose Summary: Binding
============================================================
N/A
* FSMD analyzer results:
  - Output states:
 - Input state : 
  - Chain level:
	State 1


============================================================
+ Verbose Summary: Datapath Resource usage 
============================================================
N/A
