

================================================================
== Vitis HLS Report for 'systolic_array'
================================================================
* Date:           Wed Sep 28 10:01:32 2022

* Version:        2021.1 (Build 3247384 on Thu Jun 10 19:36:07 MDT 2021)
* Project:        sysArray_simple
* Solution:       solution1 (Vivado IP Flow Target)
* Product family: virtexuplus
* Target device:  xcu50-fsvh2104-2-e


================================================================
== Performance Estimates
================================================================
+ Timing: 
    * Summary: 
    +--------+---------+----------+------------+
    |  Clock |  Target | Estimated| Uncertainty|
    +--------+---------+----------+------------+
    |ap_clk  |  3.00 ns|  2.190 ns|     0.81 ns|
    +--------+---------+----------+------------+

+ Latency: 
    * Summary: 
    +---------+---------+----------+----------+-----+-----+---------+
    |  Latency (cycles) |  Latency (absolute) |  Interval | Pipeline|
    |   min   |   max   |    min   |    max   | min | max |   Type  |
    +---------+---------+----------+----------+-----+-----+---------+
    |       97|       97|  0.291 us|  0.291 us|   98|   98|       no|
    +---------+---------+----------+----------+-----+-----+---------+

    + Detail: 
        * Instance: 
        N/A

        * Loop: 
        N/A

============================================================
+ Verbose Summary: Synthesis Manager
============================================================
InlineROM: 1
ExposeGlobal: 0
============================================================
+ Verbose Summary: CDFG Model
============================================================
IsTopModel: 1
ResetActiveHigh: 1
IsCombinational: 0
IsDatapathOnly: 0
HasWiredReturn: 1
HasMFsm: 0
HasVarLatency: 1
IsPipeline: 0
IsRtlPipelined: 0
IsInstanceOverlapped: 0
IsDontTouch: 0
HasImplIP: 0
IsGatedGlobalClock: 0


============================================================
+ Verbose Summary: Schedule
============================================================
* Number of FSM states : 28
* Pipeline : 0
* Dataflow Pipeline: 0

* FSM state transitions: 
1 --> 2 
2 --> 3 
3 --> 4 
4 --> 5 
5 --> 6 
6 --> 7 
7 --> 8 
8 --> 9 
9 --> 10 
10 --> 11 
11 --> 12 
12 --> 13 
13 --> 14 
14 --> 15 
15 --> 16 
16 --> 17 
17 --> 18 
18 --> 19 
19 --> 20 
20 --> 21 
21 --> 22 
22 --> 23 
23 --> 24 
24 --> 25 
25 --> 26 
26 --> 27 
27 --> 28 
28 --> 

* FSM state operations: 

State 1 <SV = 0> <Delay = 1.00>
ST_1 : Operation 29 [1/1] (1.00ns)   --->   "%out_read = read i64 @_ssdm_op_Read.s_axilite.i64, i64 %out_r"   --->   Operation 29 'read' 'out_read' <Predicate = true> <Delay = 1.00> <CoreInst = "s_axilite">   --->   Core 122 's_axilite' <Latency = 0> <II = 1> <Delay = 1.00> <Adapter> <Opcode : 'read' 'write'>
ST_1 : Operation 30 [1/1] (1.00ns)   --->   "%din_b_read = read i64 @_ssdm_op_Read.s_axilite.i64, i64 %din_b"   --->   Operation 30 'read' 'din_b_read' <Predicate = true> <Delay = 1.00> <CoreInst = "s_axilite">   --->   Core 122 's_axilite' <Latency = 0> <II = 1> <Delay = 1.00> <Adapter> <Opcode : 'read' 'write'>
ST_1 : Operation 31 [1/1] (1.00ns)   --->   "%din_a_read = read i64 @_ssdm_op_Read.s_axilite.i64, i64 %din_a"   --->   Operation 31 'read' 'din_a_read' <Predicate = true> <Delay = 1.00> <CoreInst = "s_axilite">   --->   Core 122 's_axilite' <Latency = 0> <II = 1> <Delay = 1.00> <Adapter> <Opcode : 'read' 'write'>
ST_1 : Operation 32 [1/1] (0.00ns)   --->   "%pe_array_pe_val_0_0_5_loc = alloca i64 1"   --->   Operation 32 'alloca' 'pe_array_pe_val_0_0_5_loc' <Predicate = true> <Delay = 0.00>
ST_1 : Operation 33 [1/1] (0.00ns)   --->   "%pe_array_pe_val_0_1_5_loc = alloca i64 1"   --->   Operation 33 'alloca' 'pe_array_pe_val_0_1_5_loc' <Predicate = true> <Delay = 0.00>
ST_1 : Operation 34 [1/1] (0.00ns)   --->   "%pe_array_pe_val_0_2_5_loc = alloca i64 1"   --->   Operation 34 'alloca' 'pe_array_pe_val_0_2_5_loc' <Predicate = true> <Delay = 0.00>
ST_1 : Operation 35 [1/1] (0.00ns)   --->   "%pe_array_pe_val_0_3_5_loc = alloca i64 1"   --->   Operation 35 'alloca' 'pe_array_pe_val_0_3_5_loc' <Predicate = true> <Delay = 0.00>
ST_1 : Operation 36 [1/1] (0.00ns)   --->   "%pe_array_pe_val_1_0_5_loc = alloca i64 1"   --->   Operation 36 'alloca' 'pe_array_pe_val_1_0_5_loc' <Predicate = true> <Delay = 0.00>
ST_1 : Operation 37 [1/1] (0.00ns)   --->   "%pe_array_pe_val_1_1_5_loc = alloca i64 1"   --->   Operation 37 'alloca' 'pe_array_pe_val_1_1_5_loc' <Predicate = true> <Delay = 0.00>
ST_1 : Operation 38 [1/1] (0.00ns)   --->   "%pe_array_pe_val_1_2_5_loc = alloca i64 1"   --->   Operation 38 'alloca' 'pe_array_pe_val_1_2_5_loc' <Predicate = true> <Delay = 0.00>
ST_1 : Operation 39 [1/1] (0.00ns)   --->   "%pe_array_pe_val_1_3_5_loc = alloca i64 1"   --->   Operation 39 'alloca' 'pe_array_pe_val_1_3_5_loc' <Predicate = true> <Delay = 0.00>
ST_1 : Operation 40 [1/1] (0.00ns)   --->   "%pe_array_pe_val_2_0_5_loc = alloca i64 1"   --->   Operation 40 'alloca' 'pe_array_pe_val_2_0_5_loc' <Predicate = true> <Delay = 0.00>
ST_1 : Operation 41 [1/1] (0.00ns)   --->   "%pe_array_pe_val_2_1_5_loc = alloca i64 1"   --->   Operation 41 'alloca' 'pe_array_pe_val_2_1_5_loc' <Predicate = true> <Delay = 0.00>
ST_1 : Operation 42 [1/1] (0.00ns)   --->   "%pe_array_pe_val_2_2_5_loc = alloca i64 1"   --->   Operation 42 'alloca' 'pe_array_pe_val_2_2_5_loc' <Predicate = true> <Delay = 0.00>
ST_1 : Operation 43 [1/1] (0.00ns)   --->   "%pe_array_pe_val_2_3_5_loc = alloca i64 1"   --->   Operation 43 'alloca' 'pe_array_pe_val_2_3_5_loc' <Predicate = true> <Delay = 0.00>
ST_1 : Operation 44 [1/1] (0.00ns)   --->   "%pe_array_pe_val_3_0_5_loc = alloca i64 1"   --->   Operation 44 'alloca' 'pe_array_pe_val_3_0_5_loc' <Predicate = true> <Delay = 0.00>
ST_1 : Operation 45 [1/1] (0.00ns)   --->   "%pe_array_pe_val_3_1_5_loc = alloca i64 1"   --->   Operation 45 'alloca' 'pe_array_pe_val_3_1_5_loc' <Predicate = true> <Delay = 0.00>
ST_1 : Operation 46 [1/1] (0.00ns)   --->   "%pe_array_pe_val_3_2_5_loc = alloca i64 1"   --->   Operation 46 'alloca' 'pe_array_pe_val_3_2_5_loc' <Predicate = true> <Delay = 0.00>
ST_1 : Operation 47 [1/1] (0.00ns)   --->   "%pe_array_pe_val_3_3_5_loc = alloca i64 1"   --->   Operation 47 'alloca' 'pe_array_pe_val_3_3_5_loc' <Predicate = true> <Delay = 0.00>
ST_1 : Operation 48 [1/1] (0.00ns)   --->   "%M2_0_1_loc = alloca i64 1"   --->   Operation 48 'alloca' 'M2_0_1_loc' <Predicate = true> <Delay = 0.00>
ST_1 : Operation 49 [1/1] (0.00ns)   --->   "%M2_1_1_loc = alloca i64 1"   --->   Operation 49 'alloca' 'M2_1_1_loc' <Predicate = true> <Delay = 0.00>
ST_1 : Operation 50 [1/1] (0.00ns)   --->   "%M2_2_1_loc = alloca i64 1"   --->   Operation 50 'alloca' 'M2_2_1_loc' <Predicate = true> <Delay = 0.00>
ST_1 : Operation 51 [1/1] (0.00ns)   --->   "%M2_3_1_loc = alloca i64 1"   --->   Operation 51 'alloca' 'M2_3_1_loc' <Predicate = true> <Delay = 0.00>
ST_1 : Operation 52 [1/1] (0.00ns)   --->   "%M2_4_1_loc = alloca i64 1"   --->   Operation 52 'alloca' 'M2_4_1_loc' <Predicate = true> <Delay = 0.00>
ST_1 : Operation 53 [1/1] (0.00ns)   --->   "%M2_5_1_loc = alloca i64 1"   --->   Operation 53 'alloca' 'M2_5_1_loc' <Predicate = true> <Delay = 0.00>
ST_1 : Operation 54 [1/1] (0.00ns)   --->   "%M2_6_1_loc = alloca i64 1"   --->   Operation 54 'alloca' 'M2_6_1_loc' <Predicate = true> <Delay = 0.00>
ST_1 : Operation 55 [1/1] (0.00ns)   --->   "%M2_7_1_loc = alloca i64 1"   --->   Operation 55 'alloca' 'M2_7_1_loc' <Predicate = true> <Delay = 0.00>
ST_1 : Operation 56 [1/1] (0.00ns)   --->   "%M2_8_1_loc = alloca i64 1"   --->   Operation 56 'alloca' 'M2_8_1_loc' <Predicate = true> <Delay = 0.00>
ST_1 : Operation 57 [1/1] (0.00ns)   --->   "%M2_9_1_loc = alloca i64 1"   --->   Operation 57 'alloca' 'M2_9_1_loc' <Predicate = true> <Delay = 0.00>
ST_1 : Operation 58 [1/1] (0.00ns)   --->   "%M2_10_1_loc = alloca i64 1"   --->   Operation 58 'alloca' 'M2_10_1_loc' <Predicate = true> <Delay = 0.00>
ST_1 : Operation 59 [1/1] (0.00ns)   --->   "%M2_11_1_loc = alloca i64 1"   --->   Operation 59 'alloca' 'M2_11_1_loc' <Predicate = true> <Delay = 0.00>
ST_1 : Operation 60 [1/1] (0.00ns)   --->   "%M2_12_1_loc = alloca i64 1"   --->   Operation 60 'alloca' 'M2_12_1_loc' <Predicate = true> <Delay = 0.00>
ST_1 : Operation 61 [1/1] (0.00ns)   --->   "%M2_13_1_loc = alloca i64 1"   --->   Operation 61 'alloca' 'M2_13_1_loc' <Predicate = true> <Delay = 0.00>
ST_1 : Operation 62 [1/1] (0.00ns)   --->   "%M2_14_1_loc = alloca i64 1"   --->   Operation 62 'alloca' 'M2_14_1_loc' <Predicate = true> <Delay = 0.00>
ST_1 : Operation 63 [1/1] (0.00ns)   --->   "%M2_15_1_loc = alloca i64 1"   --->   Operation 63 'alloca' 'M2_15_1_loc' <Predicate = true> <Delay = 0.00>
ST_1 : Operation 64 [1/1] (0.00ns)   --->   "%M1_0_1_loc = alloca i64 1"   --->   Operation 64 'alloca' 'M1_0_1_loc' <Predicate = true> <Delay = 0.00>
ST_1 : Operation 65 [1/1] (0.00ns)   --->   "%M1_1_1_loc = alloca i64 1"   --->   Operation 65 'alloca' 'M1_1_1_loc' <Predicate = true> <Delay = 0.00>
ST_1 : Operation 66 [1/1] (0.00ns)   --->   "%M1_2_1_loc = alloca i64 1"   --->   Operation 66 'alloca' 'M1_2_1_loc' <Predicate = true> <Delay = 0.00>
ST_1 : Operation 67 [1/1] (0.00ns)   --->   "%M1_3_1_loc = alloca i64 1"   --->   Operation 67 'alloca' 'M1_3_1_loc' <Predicate = true> <Delay = 0.00>
ST_1 : Operation 68 [1/1] (0.00ns)   --->   "%M1_4_1_loc = alloca i64 1"   --->   Operation 68 'alloca' 'M1_4_1_loc' <Predicate = true> <Delay = 0.00>
ST_1 : Operation 69 [1/1] (0.00ns)   --->   "%M1_5_1_loc = alloca i64 1"   --->   Operation 69 'alloca' 'M1_5_1_loc' <Predicate = true> <Delay = 0.00>
ST_1 : Operation 70 [1/1] (0.00ns)   --->   "%M1_6_1_loc = alloca i64 1"   --->   Operation 70 'alloca' 'M1_6_1_loc' <Predicate = true> <Delay = 0.00>
ST_1 : Operation 71 [1/1] (0.00ns)   --->   "%M1_7_1_loc = alloca i64 1"   --->   Operation 71 'alloca' 'M1_7_1_loc' <Predicate = true> <Delay = 0.00>
ST_1 : Operation 72 [1/1] (0.00ns)   --->   "%M1_8_1_loc = alloca i64 1"   --->   Operation 72 'alloca' 'M1_8_1_loc' <Predicate = true> <Delay = 0.00>
ST_1 : Operation 73 [1/1] (0.00ns)   --->   "%M1_9_1_loc = alloca i64 1"   --->   Operation 73 'alloca' 'M1_9_1_loc' <Predicate = true> <Delay = 0.00>
ST_1 : Operation 74 [1/1] (0.00ns)   --->   "%M1_10_1_loc = alloca i64 1"   --->   Operation 74 'alloca' 'M1_10_1_loc' <Predicate = true> <Delay = 0.00>
ST_1 : Operation 75 [1/1] (0.00ns)   --->   "%M1_11_1_loc = alloca i64 1"   --->   Operation 75 'alloca' 'M1_11_1_loc' <Predicate = true> <Delay = 0.00>
ST_1 : Operation 76 [1/1] (0.00ns)   --->   "%M1_12_1_loc = alloca i64 1"   --->   Operation 76 'alloca' 'M1_12_1_loc' <Predicate = true> <Delay = 0.00>
ST_1 : Operation 77 [1/1] (0.00ns)   --->   "%M1_13_1_loc = alloca i64 1"   --->   Operation 77 'alloca' 'M1_13_1_loc' <Predicate = true> <Delay = 0.00>
ST_1 : Operation 78 [1/1] (0.00ns)   --->   "%M1_14_1_loc = alloca i64 1"   --->   Operation 78 'alloca' 'M1_14_1_loc' <Predicate = true> <Delay = 0.00>
ST_1 : Operation 79 [1/1] (0.00ns)   --->   "%M1_15_1_loc = alloca i64 1"   --->   Operation 79 'alloca' 'M1_15_1_loc' <Predicate = true> <Delay = 0.00>
ST_1 : Operation 80 [1/1] (0.00ns)   --->   "%pe_array_pe_a_pass_0_0_3_loc = alloca i64 1"   --->   Operation 80 'alloca' 'pe_array_pe_a_pass_0_0_3_loc' <Predicate = true> <Delay = 0.00>
ST_1 : Operation 81 [1/1] (0.00ns)   --->   "%pe_array_pe_a_pass_0_1_3_loc = alloca i64 1"   --->   Operation 81 'alloca' 'pe_array_pe_a_pass_0_1_3_loc' <Predicate = true> <Delay = 0.00>
ST_1 : Operation 82 [1/1] (0.00ns)   --->   "%pe_array_pe_a_pass_0_2_3_loc = alloca i64 1"   --->   Operation 82 'alloca' 'pe_array_pe_a_pass_0_2_3_loc' <Predicate = true> <Delay = 0.00>
ST_1 : Operation 83 [1/1] (0.00ns)   --->   "%pe_array_pe_a_pass_1_0_3_loc = alloca i64 1"   --->   Operation 83 'alloca' 'pe_array_pe_a_pass_1_0_3_loc' <Predicate = true> <Delay = 0.00>
ST_1 : Operation 84 [1/1] (0.00ns)   --->   "%pe_array_pe_a_pass_1_1_3_loc = alloca i64 1"   --->   Operation 84 'alloca' 'pe_array_pe_a_pass_1_1_3_loc' <Predicate = true> <Delay = 0.00>
ST_1 : Operation 85 [1/1] (0.00ns)   --->   "%pe_array_pe_a_pass_1_2_3_loc = alloca i64 1"   --->   Operation 85 'alloca' 'pe_array_pe_a_pass_1_2_3_loc' <Predicate = true> <Delay = 0.00>
ST_1 : Operation 86 [1/1] (0.00ns)   --->   "%pe_array_pe_a_pass_2_0_3_loc = alloca i64 1"   --->   Operation 86 'alloca' 'pe_array_pe_a_pass_2_0_3_loc' <Predicate = true> <Delay = 0.00>
ST_1 : Operation 87 [1/1] (0.00ns)   --->   "%pe_array_pe_a_pass_2_1_3_loc = alloca i64 1"   --->   Operation 87 'alloca' 'pe_array_pe_a_pass_2_1_3_loc' <Predicate = true> <Delay = 0.00>
ST_1 : Operation 88 [1/1] (0.00ns)   --->   "%pe_array_pe_a_pass_2_2_3_loc = alloca i64 1"   --->   Operation 88 'alloca' 'pe_array_pe_a_pass_2_2_3_loc' <Predicate = true> <Delay = 0.00>
ST_1 : Operation 89 [1/1] (0.00ns)   --->   "%pe_array_pe_a_pass_3_0_3_loc = alloca i64 1"   --->   Operation 89 'alloca' 'pe_array_pe_a_pass_3_0_3_loc' <Predicate = true> <Delay = 0.00>
ST_1 : Operation 90 [1/1] (0.00ns)   --->   "%pe_array_pe_a_pass_3_1_3_loc = alloca i64 1"   --->   Operation 90 'alloca' 'pe_array_pe_a_pass_3_1_3_loc' <Predicate = true> <Delay = 0.00>
ST_1 : Operation 91 [1/1] (0.00ns)   --->   "%pe_array_pe_a_pass_3_2_3_loc = alloca i64 1"   --->   Operation 91 'alloca' 'pe_array_pe_a_pass_3_2_3_loc' <Predicate = true> <Delay = 0.00>
ST_1 : Operation 92 [1/1] (0.00ns)   --->   "%pe_array_pe_b_pass_0_0_3_loc = alloca i64 1"   --->   Operation 92 'alloca' 'pe_array_pe_b_pass_0_0_3_loc' <Predicate = true> <Delay = 0.00>
ST_1 : Operation 93 [1/1] (0.00ns)   --->   "%pe_array_pe_b_pass_0_1_3_loc = alloca i64 1"   --->   Operation 93 'alloca' 'pe_array_pe_b_pass_0_1_3_loc' <Predicate = true> <Delay = 0.00>
ST_1 : Operation 94 [1/1] (0.00ns)   --->   "%pe_array_pe_b_pass_0_2_3_loc = alloca i64 1"   --->   Operation 94 'alloca' 'pe_array_pe_b_pass_0_2_3_loc' <Predicate = true> <Delay = 0.00>
ST_1 : Operation 95 [1/1] (0.00ns)   --->   "%pe_array_pe_b_pass_0_3_3_loc = alloca i64 1"   --->   Operation 95 'alloca' 'pe_array_pe_b_pass_0_3_3_loc' <Predicate = true> <Delay = 0.00>
ST_1 : Operation 96 [1/1] (0.00ns)   --->   "%pe_array_pe_b_pass_1_0_3_loc = alloca i64 1"   --->   Operation 96 'alloca' 'pe_array_pe_b_pass_1_0_3_loc' <Predicate = true> <Delay = 0.00>
ST_1 : Operation 97 [1/1] (0.00ns)   --->   "%pe_array_pe_b_pass_1_1_3_loc = alloca i64 1"   --->   Operation 97 'alloca' 'pe_array_pe_b_pass_1_1_3_loc' <Predicate = true> <Delay = 0.00>
ST_1 : Operation 98 [1/1] (0.00ns)   --->   "%pe_array_pe_b_pass_1_2_3_loc = alloca i64 1"   --->   Operation 98 'alloca' 'pe_array_pe_b_pass_1_2_3_loc' <Predicate = true> <Delay = 0.00>
ST_1 : Operation 99 [1/1] (0.00ns)   --->   "%pe_array_pe_b_pass_1_3_3_loc = alloca i64 1"   --->   Operation 99 'alloca' 'pe_array_pe_b_pass_1_3_3_loc' <Predicate = true> <Delay = 0.00>
ST_1 : Operation 100 [1/1] (0.00ns)   --->   "%pe_array_pe_b_pass_2_0_3_loc = alloca i64 1"   --->   Operation 100 'alloca' 'pe_array_pe_b_pass_2_0_3_loc' <Predicate = true> <Delay = 0.00>
ST_1 : Operation 101 [1/1] (0.00ns)   --->   "%pe_array_pe_b_pass_2_1_3_loc = alloca i64 1"   --->   Operation 101 'alloca' 'pe_array_pe_b_pass_2_1_3_loc' <Predicate = true> <Delay = 0.00>
ST_1 : Operation 102 [1/1] (0.00ns)   --->   "%pe_array_pe_b_pass_2_2_3_loc = alloca i64 1"   --->   Operation 102 'alloca' 'pe_array_pe_b_pass_2_2_3_loc' <Predicate = true> <Delay = 0.00>
ST_1 : Operation 103 [1/1] (0.00ns)   --->   "%pe_array_pe_b_pass_2_3_3_loc = alloca i64 1"   --->   Operation 103 'alloca' 'pe_array_pe_b_pass_2_3_3_loc' <Predicate = true> <Delay = 0.00>
ST_1 : Operation 104 [1/1] (0.00ns)   --->   "%pe_array_pe_val_0_0_3_loc = alloca i64 1"   --->   Operation 104 'alloca' 'pe_array_pe_val_0_0_3_loc' <Predicate = true> <Delay = 0.00>
ST_1 : Operation 105 [1/1] (0.00ns)   --->   "%pe_array_pe_val_0_1_3_loc = alloca i64 1"   --->   Operation 105 'alloca' 'pe_array_pe_val_0_1_3_loc' <Predicate = true> <Delay = 0.00>
ST_1 : Operation 106 [1/1] (0.00ns)   --->   "%pe_array_pe_val_0_2_3_loc = alloca i64 1"   --->   Operation 106 'alloca' 'pe_array_pe_val_0_2_3_loc' <Predicate = true> <Delay = 0.00>
ST_1 : Operation 107 [1/1] (0.00ns)   --->   "%pe_array_pe_val_0_3_3_loc = alloca i64 1"   --->   Operation 107 'alloca' 'pe_array_pe_val_0_3_3_loc' <Predicate = true> <Delay = 0.00>
ST_1 : Operation 108 [1/1] (0.00ns)   --->   "%pe_array_pe_val_1_0_3_loc = alloca i64 1"   --->   Operation 108 'alloca' 'pe_array_pe_val_1_0_3_loc' <Predicate = true> <Delay = 0.00>
ST_1 : Operation 109 [1/1] (0.00ns)   --->   "%pe_array_pe_val_1_1_3_loc = alloca i64 1"   --->   Operation 109 'alloca' 'pe_array_pe_val_1_1_3_loc' <Predicate = true> <Delay = 0.00>
ST_1 : Operation 110 [1/1] (0.00ns)   --->   "%pe_array_pe_val_1_2_3_loc = alloca i64 1"   --->   Operation 110 'alloca' 'pe_array_pe_val_1_2_3_loc' <Predicate = true> <Delay = 0.00>
ST_1 : Operation 111 [1/1] (0.00ns)   --->   "%pe_array_pe_val_1_3_3_loc = alloca i64 1"   --->   Operation 111 'alloca' 'pe_array_pe_val_1_3_3_loc' <Predicate = true> <Delay = 0.00>
ST_1 : Operation 112 [1/1] (0.00ns)   --->   "%pe_array_pe_val_2_0_3_loc = alloca i64 1"   --->   Operation 112 'alloca' 'pe_array_pe_val_2_0_3_loc' <Predicate = true> <Delay = 0.00>
ST_1 : Operation 113 [1/1] (0.00ns)   --->   "%pe_array_pe_val_2_1_3_loc = alloca i64 1"   --->   Operation 113 'alloca' 'pe_array_pe_val_2_1_3_loc' <Predicate = true> <Delay = 0.00>
ST_1 : Operation 114 [1/1] (0.00ns)   --->   "%pe_array_pe_val_2_2_3_loc = alloca i64 1"   --->   Operation 114 'alloca' 'pe_array_pe_val_2_2_3_loc' <Predicate = true> <Delay = 0.00>
ST_1 : Operation 115 [1/1] (0.00ns)   --->   "%pe_array_pe_val_2_3_3_loc = alloca i64 1"   --->   Operation 115 'alloca' 'pe_array_pe_val_2_3_3_loc' <Predicate = true> <Delay = 0.00>
ST_1 : Operation 116 [1/1] (0.00ns)   --->   "%pe_array_pe_val_3_0_3_loc = alloca i64 1"   --->   Operation 116 'alloca' 'pe_array_pe_val_3_0_3_loc' <Predicate = true> <Delay = 0.00>
ST_1 : Operation 117 [1/1] (0.00ns)   --->   "%pe_array_pe_val_3_1_3_loc = alloca i64 1"   --->   Operation 117 'alloca' 'pe_array_pe_val_3_1_3_loc' <Predicate = true> <Delay = 0.00>
ST_1 : Operation 118 [1/1] (0.00ns)   --->   "%pe_array_pe_val_3_2_3_loc = alloca i64 1"   --->   Operation 118 'alloca' 'pe_array_pe_val_3_2_3_loc' <Predicate = true> <Delay = 0.00>
ST_1 : Operation 119 [1/1] (0.00ns)   --->   "%pe_array_pe_val_3_3_3_loc = alloca i64 1"   --->   Operation 119 'alloca' 'pe_array_pe_val_3_3_3_loc' <Predicate = true> <Delay = 0.00>
ST_1 : Operation 120 [1/1] (0.00ns)   --->   "%select_ln14_35_loc = alloca i64 1"   --->   Operation 120 'alloca' 'select_ln14_35_loc' <Predicate = true> <Delay = 0.00>
ST_1 : Operation 121 [1/1] (0.00ns)   --->   "%select_ln14_34_loc = alloca i64 1"   --->   Operation 121 'alloca' 'select_ln14_34_loc' <Predicate = true> <Delay = 0.00>
ST_1 : Operation 122 [1/1] (0.00ns)   --->   "%select_ln14_33_loc = alloca i64 1"   --->   Operation 122 'alloca' 'select_ln14_33_loc' <Predicate = true> <Delay = 0.00>
ST_1 : Operation 123 [1/1] (0.00ns)   --->   "%select_ln14_32_loc = alloca i64 1"   --->   Operation 123 'alloca' 'select_ln14_32_loc' <Predicate = true> <Delay = 0.00>
ST_1 : Operation 124 [1/1] (0.00ns)   --->   "%select_ln14_31_loc = alloca i64 1"   --->   Operation 124 'alloca' 'select_ln14_31_loc' <Predicate = true> <Delay = 0.00>
ST_1 : Operation 125 [1/1] (0.00ns)   --->   "%select_ln14_29_loc = alloca i64 1"   --->   Operation 125 'alloca' 'select_ln14_29_loc' <Predicate = true> <Delay = 0.00>
ST_1 : Operation 126 [1/1] (0.00ns)   --->   "%select_ln14_27_loc = alloca i64 1"   --->   Operation 126 'alloca' 'select_ln14_27_loc' <Predicate = true> <Delay = 0.00>
ST_1 : Operation 127 [1/1] (0.00ns)   --->   "%select_ln14_25_loc = alloca i64 1"   --->   Operation 127 'alloca' 'select_ln14_25_loc' <Predicate = true> <Delay = 0.00>
ST_1 : Operation 128 [1/1] (0.00ns)   --->   "%select_ln14_23_loc = alloca i64 1"   --->   Operation 128 'alloca' 'select_ln14_23_loc' <Predicate = true> <Delay = 0.00>
ST_1 : Operation 129 [1/1] (0.00ns)   --->   "%select_ln14_20_loc = alloca i64 1"   --->   Operation 129 'alloca' 'select_ln14_20_loc' <Predicate = true> <Delay = 0.00>
ST_1 : Operation 130 [1/1] (0.00ns)   --->   "%select_ln14_17_loc = alloca i64 1"   --->   Operation 130 'alloca' 'select_ln14_17_loc' <Predicate = true> <Delay = 0.00>
ST_1 : Operation 131 [1/1] (0.00ns)   --->   "%select_ln14_14_loc = alloca i64 1"   --->   Operation 131 'alloca' 'select_ln14_14_loc' <Predicate = true> <Delay = 0.00>
ST_1 : Operation 132 [1/1] (0.00ns)   --->   "%select_ln14_11_loc = alloca i64 1"   --->   Operation 132 'alloca' 'select_ln14_11_loc' <Predicate = true> <Delay = 0.00>
ST_1 : Operation 133 [1/1] (0.00ns)   --->   "%select_ln14_8_loc = alloca i64 1"   --->   Operation 133 'alloca' 'select_ln14_8_loc' <Predicate = true> <Delay = 0.00>
ST_1 : Operation 134 [1/1] (0.00ns)   --->   "%select_ln14_5_loc = alloca i64 1"   --->   Operation 134 'alloca' 'select_ln14_5_loc' <Predicate = true> <Delay = 0.00>
ST_1 : Operation 135 [1/1] (0.00ns)   --->   "%select_ln14_2_loc = alloca i64 1"   --->   Operation 135 'alloca' 'select_ln14_2_loc' <Predicate = true> <Delay = 0.00>
ST_1 : Operation 136 [1/1] (0.00ns)   --->   "%pe_array_pe_b_pass_2_3_1_loc = alloca i64 1"   --->   Operation 136 'alloca' 'pe_array_pe_b_pass_2_3_1_loc' <Predicate = true> <Delay = 0.00>
ST_1 : Operation 137 [1/1] (0.00ns)   --->   "%pe_array_pe_b_pass_1_3_1_loc = alloca i64 1"   --->   Operation 137 'alloca' 'pe_array_pe_b_pass_1_3_1_loc' <Predicate = true> <Delay = 0.00>
ST_1 : Operation 138 [1/1] (0.00ns)   --->   "%pe_array_pe_b_pass_0_3_1_loc = alloca i64 1"   --->   Operation 138 'alloca' 'pe_array_pe_b_pass_0_3_1_loc' <Predicate = true> <Delay = 0.00>
ST_1 : Operation 139 [1/1] (0.00ns)   --->   "%pe_array_pe_b_pass_2_2_1_loc = alloca i64 1"   --->   Operation 139 'alloca' 'pe_array_pe_b_pass_2_2_1_loc' <Predicate = true> <Delay = 0.00>
ST_1 : Operation 140 [1/1] (0.00ns)   --->   "%pe_array_pe_b_pass_1_2_1_loc = alloca i64 1"   --->   Operation 140 'alloca' 'pe_array_pe_b_pass_1_2_1_loc' <Predicate = true> <Delay = 0.00>
ST_1 : Operation 141 [1/1] (0.00ns)   --->   "%pe_array_pe_b_pass_0_2_1_loc = alloca i64 1"   --->   Operation 141 'alloca' 'pe_array_pe_b_pass_0_2_1_loc' <Predicate = true> <Delay = 0.00>
ST_1 : Operation 142 [1/1] (0.00ns)   --->   "%pe_array_pe_a_pass_3_2_1_loc = alloca i64 1"   --->   Operation 142 'alloca' 'pe_array_pe_a_pass_3_2_1_loc' <Predicate = true> <Delay = 0.00>
ST_1 : Operation 143 [1/1] (0.00ns)   --->   "%pe_array_pe_a_pass_2_2_1_loc = alloca i64 1"   --->   Operation 143 'alloca' 'pe_array_pe_a_pass_2_2_1_loc' <Predicate = true> <Delay = 0.00>
ST_1 : Operation 144 [1/1] (0.00ns)   --->   "%pe_array_pe_a_pass_1_2_1_loc = alloca i64 1"   --->   Operation 144 'alloca' 'pe_array_pe_a_pass_1_2_1_loc' <Predicate = true> <Delay = 0.00>
ST_1 : Operation 145 [1/1] (0.00ns)   --->   "%pe_array_pe_a_pass_0_2_1_loc = alloca i64 1"   --->   Operation 145 'alloca' 'pe_array_pe_a_pass_0_2_1_loc' <Predicate = true> <Delay = 0.00>
ST_1 : Operation 146 [1/1] (0.00ns)   --->   "%pe_array_pe_b_pass_2_1_1_loc = alloca i64 1"   --->   Operation 146 'alloca' 'pe_array_pe_b_pass_2_1_1_loc' <Predicate = true> <Delay = 0.00>
ST_1 : Operation 147 [1/1] (0.00ns)   --->   "%pe_array_pe_b_pass_1_1_1_loc = alloca i64 1"   --->   Operation 147 'alloca' 'pe_array_pe_b_pass_1_1_1_loc' <Predicate = true> <Delay = 0.00>
ST_1 : Operation 148 [1/1] (0.00ns)   --->   "%pe_array_pe_b_pass_0_1_1_loc = alloca i64 1"   --->   Operation 148 'alloca' 'pe_array_pe_b_pass_0_1_1_loc' <Predicate = true> <Delay = 0.00>
ST_1 : Operation 149 [1/1] (0.00ns)   --->   "%pe_array_pe_a_pass_3_1_1_loc = alloca i64 1"   --->   Operation 149 'alloca' 'pe_array_pe_a_pass_3_1_1_loc' <Predicate = true> <Delay = 0.00>
ST_1 : Operation 150 [1/1] (0.00ns)   --->   "%pe_array_pe_a_pass_2_1_1_loc = alloca i64 1"   --->   Operation 150 'alloca' 'pe_array_pe_a_pass_2_1_1_loc' <Predicate = true> <Delay = 0.00>
ST_1 : Operation 151 [1/1] (0.00ns)   --->   "%pe_array_pe_a_pass_1_1_1_loc = alloca i64 1"   --->   Operation 151 'alloca' 'pe_array_pe_a_pass_1_1_1_loc' <Predicate = true> <Delay = 0.00>
ST_1 : Operation 152 [1/1] (0.00ns)   --->   "%pe_array_pe_a_pass_0_1_1_loc = alloca i64 1"   --->   Operation 152 'alloca' 'pe_array_pe_a_pass_0_1_1_loc' <Predicate = true> <Delay = 0.00>
ST_1 : Operation 153 [1/1] (0.00ns)   --->   "%pe_array_pe_b_pass_2_0_1_loc = alloca i64 1"   --->   Operation 153 'alloca' 'pe_array_pe_b_pass_2_0_1_loc' <Predicate = true> <Delay = 0.00>
ST_1 : Operation 154 [1/1] (0.00ns)   --->   "%pe_array_pe_b_pass_1_0_1_loc = alloca i64 1"   --->   Operation 154 'alloca' 'pe_array_pe_b_pass_1_0_1_loc' <Predicate = true> <Delay = 0.00>
ST_1 : Operation 155 [1/1] (0.00ns)   --->   "%pe_array_pe_b_pass_0_0_1_loc = alloca i64 1"   --->   Operation 155 'alloca' 'pe_array_pe_b_pass_0_0_1_loc' <Predicate = true> <Delay = 0.00>
ST_1 : Operation 156 [1/1] (0.00ns)   --->   "%pe_array_pe_a_pass_3_0_1_loc = alloca i64 1"   --->   Operation 156 'alloca' 'pe_array_pe_a_pass_3_0_1_loc' <Predicate = true> <Delay = 0.00>
ST_1 : Operation 157 [1/1] (0.00ns)   --->   "%pe_array_pe_a_pass_2_0_1_loc = alloca i64 1"   --->   Operation 157 'alloca' 'pe_array_pe_a_pass_2_0_1_loc' <Predicate = true> <Delay = 0.00>
ST_1 : Operation 158 [1/1] (0.00ns)   --->   "%pe_array_pe_a_pass_1_0_1_loc = alloca i64 1"   --->   Operation 158 'alloca' 'pe_array_pe_a_pass_1_0_1_loc' <Predicate = true> <Delay = 0.00>
ST_1 : Operation 159 [1/1] (0.00ns)   --->   "%pe_array_pe_a_pass_0_0_1_loc = alloca i64 1"   --->   Operation 159 'alloca' 'pe_array_pe_a_pass_0_0_1_loc' <Predicate = true> <Delay = 0.00>
ST_1 : Operation 160 [1/1] (0.00ns)   --->   "%trunc_ln = partselect i62 @_ssdm_op_PartSelect.i62.i64.i32.i32, i64 %din_a_read, i32 2, i32 63" [sysArray_simple/sysArray.cpp:102]   --->   Operation 160 'partselect' 'trunc_ln' <Predicate = true> <Delay = 0.00>
ST_1 : Operation 161 [1/1] (0.00ns)   --->   "%trunc_ln1 = partselect i62 @_ssdm_op_PartSelect.i62.i64.i32.i32, i64 %din_b_read, i32 2, i32 63" [sysArray_simple/sysArray.cpp:107]   --->   Operation 161 'partselect' 'trunc_ln1' <Predicate = true> <Delay = 0.00>
ST_1 : Operation 162 [1/1] (0.00ns)   --->   "%trunc_ln4 = partselect i62 @_ssdm_op_PartSelect.i62.i64.i32.i32, i64 %out_read, i32 2, i32 63" [sysArray_simple/sysArray.cpp:168]   --->   Operation 162 'partselect' 'trunc_ln4' <Predicate = true> <Delay = 0.00>

State 2 <SV = 1> <Delay = 2.19>
ST_2 : Operation 163 [1/1] (0.00ns)   --->   "%sext_ln102 = sext i62 %trunc_ln" [sysArray_simple/sysArray.cpp:102]   --->   Operation 163 'sext' 'sext_ln102' <Predicate = true> <Delay = 0.00>
ST_2 : Operation 164 [1/1] (0.00ns)   --->   "%gmem_addr = getelementptr i32 %gmem, i64 %sext_ln102" [sysArray_simple/sysArray.cpp:102]   --->   Operation 164 'getelementptr' 'gmem_addr' <Predicate = true> <Delay = 0.00>
ST_2 : Operation 165 [7/7] (2.19ns)   --->   "%empty = readreq i1 @_ssdm_op_ReadReq.m_axi.p1i32, i32 %gmem_addr, i32 16" [sysArray_simple/sysArray.cpp:102]   --->   Operation 165 'readreq' 'empty' <Predicate = true> <Delay = 2.19> <CoreInst = "m_axi">   --->   Core 121 'm_axi' <Latency = 5> <II = 1> <Delay = 1.00> <Adapter> <Opcode : 'read' 'write' 'readreq' 'writereq' 'writeresp'>

State 3 <SV = 2> <Delay = 2.19>
ST_3 : Operation 166 [6/7] (2.19ns)   --->   "%empty = readreq i1 @_ssdm_op_ReadReq.m_axi.p1i32, i32 %gmem_addr, i32 16" [sysArray_simple/sysArray.cpp:102]   --->   Operation 166 'readreq' 'empty' <Predicate = true> <Delay = 2.19> <CoreInst = "m_axi">   --->   Core 121 'm_axi' <Latency = 5> <II = 1> <Delay = 1.00> <Adapter> <Opcode : 'read' 'write' 'readreq' 'writereq' 'writeresp'>

State 4 <SV = 3> <Delay = 2.19>
ST_4 : Operation 167 [5/7] (2.19ns)   --->   "%empty = readreq i1 @_ssdm_op_ReadReq.m_axi.p1i32, i32 %gmem_addr, i32 16" [sysArray_simple/sysArray.cpp:102]   --->   Operation 167 'readreq' 'empty' <Predicate = true> <Delay = 2.19> <CoreInst = "m_axi">   --->   Core 121 'm_axi' <Latency = 5> <II = 1> <Delay = 1.00> <Adapter> <Opcode : 'read' 'write' 'readreq' 'writereq' 'writeresp'>

State 5 <SV = 4> <Delay = 2.19>
ST_5 : Operation 168 [4/7] (2.19ns)   --->   "%empty = readreq i1 @_ssdm_op_ReadReq.m_axi.p1i32, i32 %gmem_addr, i32 16" [sysArray_simple/sysArray.cpp:102]   --->   Operation 168 'readreq' 'empty' <Predicate = true> <Delay = 2.19> <CoreInst = "m_axi">   --->   Core 121 'm_axi' <Latency = 5> <II = 1> <Delay = 1.00> <Adapter> <Opcode : 'read' 'write' 'readreq' 'writereq' 'writeresp'>

State 6 <SV = 5> <Delay = 2.19>
ST_6 : Operation 169 [3/7] (2.19ns)   --->   "%empty = readreq i1 @_ssdm_op_ReadReq.m_axi.p1i32, i32 %gmem_addr, i32 16" [sysArray_simple/sysArray.cpp:102]   --->   Operation 169 'readreq' 'empty' <Predicate = true> <Delay = 2.19> <CoreInst = "m_axi">   --->   Core 121 'm_axi' <Latency = 5> <II = 1> <Delay = 1.00> <Adapter> <Opcode : 'read' 'write' 'readreq' 'writereq' 'writeresp'>

State 7 <SV = 6> <Delay = 2.19>
ST_7 : Operation 170 [2/7] (2.19ns)   --->   "%empty = readreq i1 @_ssdm_op_ReadReq.m_axi.p1i32, i32 %gmem_addr, i32 16" [sysArray_simple/sysArray.cpp:102]   --->   Operation 170 'readreq' 'empty' <Predicate = true> <Delay = 2.19> <CoreInst = "m_axi">   --->   Core 121 'm_axi' <Latency = 5> <II = 1> <Delay = 1.00> <Adapter> <Opcode : 'read' 'write' 'readreq' 'writereq' 'writeresp'>

State 8 <SV = 7> <Delay = 2.19>
ST_8 : Operation 171 [1/7] (2.19ns)   --->   "%empty = readreq i1 @_ssdm_op_ReadReq.m_axi.p1i32, i32 %gmem_addr, i32 16" [sysArray_simple/sysArray.cpp:102]   --->   Operation 171 'readreq' 'empty' <Predicate = true> <Delay = 2.19> <CoreInst = "m_axi">   --->   Core 121 'm_axi' <Latency = 5> <II = 1> <Delay = 1.00> <Adapter> <Opcode : 'read' 'write' 'readreq' 'writereq' 'writeresp'>

State 9 <SV = 8> <Delay = 0.00>
ST_9 : Operation 172 [2/2] (0.00ns)   --->   "%call_ln0 = call void @systolic_array_Pipeline_1, i32 %pe_array_pe_a_pass_0_0_1_loc, i32 %pe_array_pe_a_pass_1_0_1_loc, i32 %pe_array_pe_a_pass_2_0_1_loc, i32 %pe_array_pe_a_pass_3_0_1_loc, i32 %pe_array_pe_b_pass_0_0_1_loc, i32 %pe_array_pe_b_pass_1_0_1_loc, i32 %pe_array_pe_b_pass_2_0_1_loc, i32 %pe_array_pe_a_pass_0_1_1_loc, i32 %pe_array_pe_a_pass_1_1_1_loc, i32 %pe_array_pe_a_pass_2_1_1_loc, i32 %pe_array_pe_a_pass_3_1_1_loc, i32 %pe_array_pe_b_pass_0_1_1_loc, i32 %pe_array_pe_b_pass_1_1_1_loc, i32 %pe_array_pe_b_pass_2_1_1_loc, i32 %pe_array_pe_a_pass_0_2_1_loc, i32 %pe_array_pe_a_pass_1_2_1_loc, i32 %pe_array_pe_a_pass_2_2_1_loc, i32 %pe_array_pe_a_pass_3_2_1_loc, i32 %pe_array_pe_b_pass_0_2_1_loc, i32 %pe_array_pe_b_pass_1_2_1_loc, i32 %pe_array_pe_b_pass_2_2_1_loc, i32 %pe_array_pe_b_pass_0_3_1_loc, i32 %pe_array_pe_b_pass_1_3_1_loc, i32 %pe_array_pe_b_pass_2_3_1_loc, i32 %select_ln14_2_loc, i32 %select_ln14_5_loc, i32 %select_ln14_8_loc, i32 %select_ln14_11_loc, i32 %select_ln14_14_loc, i32 %select_ln14_17_loc, i32 %select_ln14_20_loc, i32 %select_ln14_23_loc, i32 %select_ln14_25_loc, i32 %select_ln14_27_loc, i32 %select_ln14_29_loc, i32 %select_ln14_31_loc, i32 %select_ln14_32_loc, i32 %select_ln14_33_loc, i32 %select_ln14_34_loc, i32 %select_ln14_35_loc"   --->   Operation 172 'call' 'call_ln0' <Predicate = true> <Delay = 0.00> <CoreType = "Generic">   --->   Core 0 '' <Latency = 0> <II = 1> <Delay = 1.00> <Generic> <Opcode : >
ST_9 : Operation 173 [2/2] (0.00ns)   --->   "%call_ln102 = call void @systolic_array_Pipeline_VITIS_LOOP_102_1_VITIS_LOOP_103_2, i32 %gmem, i62 %trunc_ln, i32 %M1_15_1_loc, i32 %M1_14_1_loc, i32 %M1_13_1_loc, i32 %M1_12_1_loc, i32 %M1_11_1_loc, i32 %M1_10_1_loc, i32 %M1_9_1_loc, i32 %M1_8_1_loc, i32 %M1_7_1_loc, i32 %M1_6_1_loc, i32 %M1_5_1_loc, i32 %M1_4_1_loc, i32 %M1_3_1_loc, i32 %M1_2_1_loc, i32 %M1_1_1_loc, i32 %M1_0_1_loc" [sysArray_simple/sysArray.cpp:102]   --->   Operation 173 'call' 'call_ln102' <Predicate = true> <Delay = 0.00> <CoreType = "Generic">   --->   Core 0 '' <Latency = 0> <II = 1> <Delay = 1.00> <Generic> <Opcode : >

State 10 <SV = 9> <Delay = 1.02>
ST_10 : Operation 174 [1/2] (0.95ns)   --->   "%call_ln0 = call void @systolic_array_Pipeline_1, i32 %pe_array_pe_a_pass_0_0_1_loc, i32 %pe_array_pe_a_pass_1_0_1_loc, i32 %pe_array_pe_a_pass_2_0_1_loc, i32 %pe_array_pe_a_pass_3_0_1_loc, i32 %pe_array_pe_b_pass_0_0_1_loc, i32 %pe_array_pe_b_pass_1_0_1_loc, i32 %pe_array_pe_b_pass_2_0_1_loc, i32 %pe_array_pe_a_pass_0_1_1_loc, i32 %pe_array_pe_a_pass_1_1_1_loc, i32 %pe_array_pe_a_pass_2_1_1_loc, i32 %pe_array_pe_a_pass_3_1_1_loc, i32 %pe_array_pe_b_pass_0_1_1_loc, i32 %pe_array_pe_b_pass_1_1_1_loc, i32 %pe_array_pe_b_pass_2_1_1_loc, i32 %pe_array_pe_a_pass_0_2_1_loc, i32 %pe_array_pe_a_pass_1_2_1_loc, i32 %pe_array_pe_a_pass_2_2_1_loc, i32 %pe_array_pe_a_pass_3_2_1_loc, i32 %pe_array_pe_b_pass_0_2_1_loc, i32 %pe_array_pe_b_pass_1_2_1_loc, i32 %pe_array_pe_b_pass_2_2_1_loc, i32 %pe_array_pe_b_pass_0_3_1_loc, i32 %pe_array_pe_b_pass_1_3_1_loc, i32 %pe_array_pe_b_pass_2_3_1_loc, i32 %select_ln14_2_loc, i32 %select_ln14_5_loc, i32 %select_ln14_8_loc, i32 %select_ln14_11_loc, i32 %select_ln14_14_loc, i32 %select_ln14_17_loc, i32 %select_ln14_20_loc, i32 %select_ln14_23_loc, i32 %select_ln14_25_loc, i32 %select_ln14_27_loc, i32 %select_ln14_29_loc, i32 %select_ln14_31_loc, i32 %select_ln14_32_loc, i32 %select_ln14_33_loc, i32 %select_ln14_34_loc, i32 %select_ln14_35_loc"   --->   Operation 174 'call' 'call_ln0' <Predicate = true> <Delay = 0.95> <CoreType = "Generic">   --->   Core 0 '' <Latency = 0> <II = 1> <Delay = 1.00> <Generic> <Opcode : >
ST_10 : Operation 175 [1/2] (1.02ns)   --->   "%call_ln102 = call void @systolic_array_Pipeline_VITIS_LOOP_102_1_VITIS_LOOP_103_2, i32 %gmem, i62 %trunc_ln, i32 %M1_15_1_loc, i32 %M1_14_1_loc, i32 %M1_13_1_loc, i32 %M1_12_1_loc, i32 %M1_11_1_loc, i32 %M1_10_1_loc, i32 %M1_9_1_loc, i32 %M1_8_1_loc, i32 %M1_7_1_loc, i32 %M1_6_1_loc, i32 %M1_5_1_loc, i32 %M1_4_1_loc, i32 %M1_3_1_loc, i32 %M1_2_1_loc, i32 %M1_1_1_loc, i32 %M1_0_1_loc" [sysArray_simple/sysArray.cpp:102]   --->   Operation 175 'call' 'call_ln102' <Predicate = true> <Delay = 1.02> <CoreType = "Generic">   --->   Core 0 '' <Latency = 0> <II = 1> <Delay = 1.00> <Generic> <Opcode : >

State 11 <SV = 10> <Delay = 2.19>
ST_11 : Operation 176 [1/1] (0.00ns)   --->   "%sext_ln107 = sext i62 %trunc_ln1" [sysArray_simple/sysArray.cpp:107]   --->   Operation 176 'sext' 'sext_ln107' <Predicate = true> <Delay = 0.00>
ST_11 : Operation 177 [1/1] (0.00ns)   --->   "%gmem_addr_1 = getelementptr i32 %gmem, i64 %sext_ln107" [sysArray_simple/sysArray.cpp:107]   --->   Operation 177 'getelementptr' 'gmem_addr_1' <Predicate = true> <Delay = 0.00>
ST_11 : Operation 178 [7/7] (2.19ns)   --->   "%empty_27 = readreq i1 @_ssdm_op_ReadReq.m_axi.p1i32, i32 %gmem_addr_1, i32 16" [sysArray_simple/sysArray.cpp:107]   --->   Operation 178 'readreq' 'empty_27' <Predicate = true> <Delay = 2.19> <CoreInst = "m_axi">   --->   Core 121 'm_axi' <Latency = 5> <II = 1> <Delay = 1.00> <Adapter> <Opcode : 'read' 'write' 'readreq' 'writereq' 'writeresp'>

State 12 <SV = 11> <Delay = 2.19>
ST_12 : Operation 179 [6/7] (2.19ns)   --->   "%empty_27 = readreq i1 @_ssdm_op_ReadReq.m_axi.p1i32, i32 %gmem_addr_1, i32 16" [sysArray_simple/sysArray.cpp:107]   --->   Operation 179 'readreq' 'empty_27' <Predicate = true> <Delay = 2.19> <CoreInst = "m_axi">   --->   Core 121 'm_axi' <Latency = 5> <II = 1> <Delay = 1.00> <Adapter> <Opcode : 'read' 'write' 'readreq' 'writereq' 'writeresp'>

State 13 <SV = 12> <Delay = 2.19>
ST_13 : Operation 180 [5/7] (2.19ns)   --->   "%empty_27 = readreq i1 @_ssdm_op_ReadReq.m_axi.p1i32, i32 %gmem_addr_1, i32 16" [sysArray_simple/sysArray.cpp:107]   --->   Operation 180 'readreq' 'empty_27' <Predicate = true> <Delay = 2.19> <CoreInst = "m_axi">   --->   Core 121 'm_axi' <Latency = 5> <II = 1> <Delay = 1.00> <Adapter> <Opcode : 'read' 'write' 'readreq' 'writereq' 'writeresp'>

State 14 <SV = 13> <Delay = 2.19>
ST_14 : Operation 181 [4/7] (2.19ns)   --->   "%empty_27 = readreq i1 @_ssdm_op_ReadReq.m_axi.p1i32, i32 %gmem_addr_1, i32 16" [sysArray_simple/sysArray.cpp:107]   --->   Operation 181 'readreq' 'empty_27' <Predicate = true> <Delay = 2.19> <CoreInst = "m_axi">   --->   Core 121 'm_axi' <Latency = 5> <II = 1> <Delay = 1.00> <Adapter> <Opcode : 'read' 'write' 'readreq' 'writereq' 'writeresp'>

State 15 <SV = 14> <Delay = 2.19>
ST_15 : Operation 182 [3/7] (2.19ns)   --->   "%empty_27 = readreq i1 @_ssdm_op_ReadReq.m_axi.p1i32, i32 %gmem_addr_1, i32 16" [sysArray_simple/sysArray.cpp:107]   --->   Operation 182 'readreq' 'empty_27' <Predicate = true> <Delay = 2.19> <CoreInst = "m_axi">   --->   Core 121 'm_axi' <Latency = 5> <II = 1> <Delay = 1.00> <Adapter> <Opcode : 'read' 'write' 'readreq' 'writereq' 'writeresp'>

State 16 <SV = 15> <Delay = 2.19>
ST_16 : Operation 183 [2/7] (2.19ns)   --->   "%empty_27 = readreq i1 @_ssdm_op_ReadReq.m_axi.p1i32, i32 %gmem_addr_1, i32 16" [sysArray_simple/sysArray.cpp:107]   --->   Operation 183 'readreq' 'empty_27' <Predicate = true> <Delay = 2.19> <CoreInst = "m_axi">   --->   Core 121 'm_axi' <Latency = 5> <II = 1> <Delay = 1.00> <Adapter> <Opcode : 'read' 'write' 'readreq' 'writereq' 'writeresp'>

State 17 <SV = 16> <Delay = 2.19>
ST_17 : Operation 184 [1/7] (2.19ns)   --->   "%empty_27 = readreq i1 @_ssdm_op_ReadReq.m_axi.p1i32, i32 %gmem_addr_1, i32 16" [sysArray_simple/sysArray.cpp:107]   --->   Operation 184 'readreq' 'empty_27' <Predicate = true> <Delay = 2.19> <CoreInst = "m_axi">   --->   Core 121 'm_axi' <Latency = 5> <II = 1> <Delay = 1.00> <Adapter> <Opcode : 'read' 'write' 'readreq' 'writereq' 'writeresp'>

State 18 <SV = 17> <Delay = 0.38>
ST_18 : Operation 185 [1/1] (0.00ns)   --->   "%pe_array_pe_a_pass_0_0_1_loc_load = load i32 %pe_array_pe_a_pass_0_0_1_loc"   --->   Operation 185 'load' 'pe_array_pe_a_pass_0_0_1_loc_load' <Predicate = true> <Delay = 0.00>
ST_18 : Operation 186 [1/1] (0.00ns)   --->   "%pe_array_pe_a_pass_1_0_1_loc_load = load i32 %pe_array_pe_a_pass_1_0_1_loc"   --->   Operation 186 'load' 'pe_array_pe_a_pass_1_0_1_loc_load' <Predicate = true> <Delay = 0.00>
ST_18 : Operation 187 [1/1] (0.00ns)   --->   "%pe_array_pe_a_pass_2_0_1_loc_load = load i32 %pe_array_pe_a_pass_2_0_1_loc"   --->   Operation 187 'load' 'pe_array_pe_a_pass_2_0_1_loc_load' <Predicate = true> <Delay = 0.00>
ST_18 : Operation 188 [1/1] (0.00ns)   --->   "%pe_array_pe_a_pass_3_0_1_loc_load = load i32 %pe_array_pe_a_pass_3_0_1_loc"   --->   Operation 188 'load' 'pe_array_pe_a_pass_3_0_1_loc_load' <Predicate = true> <Delay = 0.00>
ST_18 : Operation 189 [1/1] (0.00ns)   --->   "%pe_array_pe_b_pass_0_0_1_loc_load = load i32 %pe_array_pe_b_pass_0_0_1_loc"   --->   Operation 189 'load' 'pe_array_pe_b_pass_0_0_1_loc_load' <Predicate = true> <Delay = 0.00>
ST_18 : Operation 190 [1/1] (0.00ns)   --->   "%pe_array_pe_b_pass_1_0_1_loc_load = load i32 %pe_array_pe_b_pass_1_0_1_loc"   --->   Operation 190 'load' 'pe_array_pe_b_pass_1_0_1_loc_load' <Predicate = true> <Delay = 0.00>
ST_18 : Operation 191 [1/1] (0.00ns)   --->   "%pe_array_pe_b_pass_2_0_1_loc_load = load i32 %pe_array_pe_b_pass_2_0_1_loc"   --->   Operation 191 'load' 'pe_array_pe_b_pass_2_0_1_loc_load' <Predicate = true> <Delay = 0.00>
ST_18 : Operation 192 [1/1] (0.00ns)   --->   "%pe_array_pe_a_pass_0_1_1_loc_load = load i32 %pe_array_pe_a_pass_0_1_1_loc"   --->   Operation 192 'load' 'pe_array_pe_a_pass_0_1_1_loc_load' <Predicate = true> <Delay = 0.00>
ST_18 : Operation 193 [1/1] (0.00ns)   --->   "%pe_array_pe_a_pass_1_1_1_loc_load = load i32 %pe_array_pe_a_pass_1_1_1_loc"   --->   Operation 193 'load' 'pe_array_pe_a_pass_1_1_1_loc_load' <Predicate = true> <Delay = 0.00>
ST_18 : Operation 194 [1/1] (0.00ns)   --->   "%pe_array_pe_a_pass_2_1_1_loc_load = load i32 %pe_array_pe_a_pass_2_1_1_loc"   --->   Operation 194 'load' 'pe_array_pe_a_pass_2_1_1_loc_load' <Predicate = true> <Delay = 0.00>
ST_18 : Operation 195 [1/1] (0.00ns)   --->   "%pe_array_pe_a_pass_3_1_1_loc_load = load i32 %pe_array_pe_a_pass_3_1_1_loc"   --->   Operation 195 'load' 'pe_array_pe_a_pass_3_1_1_loc_load' <Predicate = true> <Delay = 0.00>
ST_18 : Operation 196 [1/1] (0.00ns)   --->   "%pe_array_pe_b_pass_0_1_1_loc_load = load i32 %pe_array_pe_b_pass_0_1_1_loc"   --->   Operation 196 'load' 'pe_array_pe_b_pass_0_1_1_loc_load' <Predicate = true> <Delay = 0.00>
ST_18 : Operation 197 [1/1] (0.00ns)   --->   "%pe_array_pe_b_pass_1_1_1_loc_load = load i32 %pe_array_pe_b_pass_1_1_1_loc"   --->   Operation 197 'load' 'pe_array_pe_b_pass_1_1_1_loc_load' <Predicate = true> <Delay = 0.00>
ST_18 : Operation 198 [1/1] (0.00ns)   --->   "%pe_array_pe_b_pass_2_1_1_loc_load = load i32 %pe_array_pe_b_pass_2_1_1_loc"   --->   Operation 198 'load' 'pe_array_pe_b_pass_2_1_1_loc_load' <Predicate = true> <Delay = 0.00>
ST_18 : Operation 199 [1/1] (0.00ns)   --->   "%pe_array_pe_a_pass_0_2_1_loc_load = load i32 %pe_array_pe_a_pass_0_2_1_loc"   --->   Operation 199 'load' 'pe_array_pe_a_pass_0_2_1_loc_load' <Predicate = true> <Delay = 0.00>
ST_18 : Operation 200 [1/1] (0.00ns)   --->   "%pe_array_pe_a_pass_1_2_1_loc_load = load i32 %pe_array_pe_a_pass_1_2_1_loc"   --->   Operation 200 'load' 'pe_array_pe_a_pass_1_2_1_loc_load' <Predicate = true> <Delay = 0.00>
ST_18 : Operation 201 [1/1] (0.00ns)   --->   "%pe_array_pe_a_pass_2_2_1_loc_load = load i32 %pe_array_pe_a_pass_2_2_1_loc"   --->   Operation 201 'load' 'pe_array_pe_a_pass_2_2_1_loc_load' <Predicate = true> <Delay = 0.00>
ST_18 : Operation 202 [1/1] (0.00ns)   --->   "%pe_array_pe_a_pass_3_2_1_loc_load = load i32 %pe_array_pe_a_pass_3_2_1_loc"   --->   Operation 202 'load' 'pe_array_pe_a_pass_3_2_1_loc_load' <Predicate = true> <Delay = 0.00>
ST_18 : Operation 203 [1/1] (0.00ns)   --->   "%pe_array_pe_b_pass_0_2_1_loc_load = load i32 %pe_array_pe_b_pass_0_2_1_loc"   --->   Operation 203 'load' 'pe_array_pe_b_pass_0_2_1_loc_load' <Predicate = true> <Delay = 0.00>
ST_18 : Operation 204 [1/1] (0.00ns)   --->   "%pe_array_pe_b_pass_1_2_1_loc_load = load i32 %pe_array_pe_b_pass_1_2_1_loc"   --->   Operation 204 'load' 'pe_array_pe_b_pass_1_2_1_loc_load' <Predicate = true> <Delay = 0.00>
ST_18 : Operation 205 [1/1] (0.00ns)   --->   "%pe_array_pe_b_pass_2_2_1_loc_load = load i32 %pe_array_pe_b_pass_2_2_1_loc"   --->   Operation 205 'load' 'pe_array_pe_b_pass_2_2_1_loc_load' <Predicate = true> <Delay = 0.00>
ST_18 : Operation 206 [1/1] (0.00ns)   --->   "%pe_array_pe_b_pass_0_3_1_loc_load = load i32 %pe_array_pe_b_pass_0_3_1_loc"   --->   Operation 206 'load' 'pe_array_pe_b_pass_0_3_1_loc_load' <Predicate = true> <Delay = 0.00>
ST_18 : Operation 207 [1/1] (0.00ns)   --->   "%pe_array_pe_b_pass_1_3_1_loc_load = load i32 %pe_array_pe_b_pass_1_3_1_loc"   --->   Operation 207 'load' 'pe_array_pe_b_pass_1_3_1_loc_load' <Predicate = true> <Delay = 0.00>
ST_18 : Operation 208 [1/1] (0.00ns)   --->   "%pe_array_pe_b_pass_2_3_1_loc_load = load i32 %pe_array_pe_b_pass_2_3_1_loc"   --->   Operation 208 'load' 'pe_array_pe_b_pass_2_3_1_loc_load' <Predicate = true> <Delay = 0.00>
ST_18 : Operation 209 [1/1] (0.00ns)   --->   "%select_ln14_2_loc_load = load i32 %select_ln14_2_loc"   --->   Operation 209 'load' 'select_ln14_2_loc_load' <Predicate = true> <Delay = 0.00>
ST_18 : Operation 210 [1/1] (0.00ns)   --->   "%select_ln14_5_loc_load = load i32 %select_ln14_5_loc"   --->   Operation 210 'load' 'select_ln14_5_loc_load' <Predicate = true> <Delay = 0.00>
ST_18 : Operation 211 [1/1] (0.00ns)   --->   "%select_ln14_8_loc_load = load i32 %select_ln14_8_loc"   --->   Operation 211 'load' 'select_ln14_8_loc_load' <Predicate = true> <Delay = 0.00>
ST_18 : Operation 212 [1/1] (0.00ns)   --->   "%select_ln14_11_loc_load = load i32 %select_ln14_11_loc"   --->   Operation 212 'load' 'select_ln14_11_loc_load' <Predicate = true> <Delay = 0.00>
ST_18 : Operation 213 [1/1] (0.00ns)   --->   "%select_ln14_14_loc_load = load i32 %select_ln14_14_loc"   --->   Operation 213 'load' 'select_ln14_14_loc_load' <Predicate = true> <Delay = 0.00>
ST_18 : Operation 214 [1/1] (0.00ns)   --->   "%select_ln14_17_loc_load = load i32 %select_ln14_17_loc"   --->   Operation 214 'load' 'select_ln14_17_loc_load' <Predicate = true> <Delay = 0.00>
ST_18 : Operation 215 [1/1] (0.00ns)   --->   "%select_ln14_20_loc_load = load i32 %select_ln14_20_loc"   --->   Operation 215 'load' 'select_ln14_20_loc_load' <Predicate = true> <Delay = 0.00>
ST_18 : Operation 216 [1/1] (0.00ns)   --->   "%select_ln14_23_loc_load = load i32 %select_ln14_23_loc"   --->   Operation 216 'load' 'select_ln14_23_loc_load' <Predicate = true> <Delay = 0.00>
ST_18 : Operation 217 [1/1] (0.00ns)   --->   "%select_ln14_25_loc_load = load i32 %select_ln14_25_loc"   --->   Operation 217 'load' 'select_ln14_25_loc_load' <Predicate = true> <Delay = 0.00>
ST_18 : Operation 218 [1/1] (0.00ns)   --->   "%select_ln14_27_loc_load = load i32 %select_ln14_27_loc"   --->   Operation 218 'load' 'select_ln14_27_loc_load' <Predicate = true> <Delay = 0.00>
ST_18 : Operation 219 [1/1] (0.00ns)   --->   "%select_ln14_29_loc_load = load i32 %select_ln14_29_loc"   --->   Operation 219 'load' 'select_ln14_29_loc_load' <Predicate = true> <Delay = 0.00>
ST_18 : Operation 220 [1/1] (0.00ns)   --->   "%select_ln14_31_loc_load = load i32 %select_ln14_31_loc"   --->   Operation 220 'load' 'select_ln14_31_loc_load' <Predicate = true> <Delay = 0.00>
ST_18 : Operation 221 [1/1] (0.00ns)   --->   "%select_ln14_32_loc_load = load i32 %select_ln14_32_loc"   --->   Operation 221 'load' 'select_ln14_32_loc_load' <Predicate = true> <Delay = 0.00>
ST_18 : Operation 222 [1/1] (0.00ns)   --->   "%select_ln14_33_loc_load = load i32 %select_ln14_33_loc"   --->   Operation 222 'load' 'select_ln14_33_loc_load' <Predicate = true> <Delay = 0.00>
ST_18 : Operation 223 [1/1] (0.00ns)   --->   "%select_ln14_34_loc_load = load i32 %select_ln14_34_loc"   --->   Operation 223 'load' 'select_ln14_34_loc_load' <Predicate = true> <Delay = 0.00>
ST_18 : Operation 224 [1/1] (0.00ns)   --->   "%select_ln14_35_loc_load = load i32 %select_ln14_35_loc"   --->   Operation 224 'load' 'select_ln14_35_loc_load' <Predicate = true> <Delay = 0.00>
ST_18 : Operation 225 [2/2] (0.38ns)   --->   "%call_ln0 = call void @systolic_array_Pipeline_VITIS_LOOP_41_1_VITIS_LOOP_42_2, i32 %select_ln14_2_loc_load, i32 %select_ln14_5_loc_load, i32 %select_ln14_8_loc_load, i32 %select_ln14_11_loc_load, i32 %select_ln14_14_loc_load, i32 %select_ln14_17_loc_load, i32 %select_ln14_20_loc_load, i32 %select_ln14_23_loc_load, i32 %select_ln14_25_loc_load, i32 %select_ln14_27_loc_load, i32 %select_ln14_29_loc_load, i32 %select_ln14_31_loc_load, i32 %select_ln14_32_loc_load, i32 %select_ln14_33_loc_load, i32 %select_ln14_34_loc_load, i32 %select_ln14_35_loc_load, i32 %pe_array_pe_b_pass_2_3_1_loc_load, i32 %pe_array_pe_b_pass_2_2_1_loc_load, i32 %pe_array_pe_b_pass_2_1_1_loc_load, i32 %pe_array_pe_b_pass_2_0_1_loc_load, i32 %pe_array_pe_b_pass_1_3_1_loc_load, i32 %pe_array_pe_b_pass_1_2_1_loc_load, i32 %pe_array_pe_b_pass_1_1_1_loc_load, i32 %pe_array_pe_b_pass_1_0_1_loc_load, i32 %pe_array_pe_b_pass_0_3_1_loc_load, i32 %pe_array_pe_b_pass_0_2_1_loc_load, i32 %pe_array_pe_b_pass_0_1_1_loc_load, i32 %pe_array_pe_b_pass_0_0_1_loc_load, i32 %pe_array_pe_a_pass_3_2_1_loc_load, i32 %pe_array_pe_a_pass_3_1_1_loc_load, i32 %pe_array_pe_a_pass_3_0_1_loc_load, i32 %pe_array_pe_a_pass_2_2_1_loc_load, i32 %pe_array_pe_a_pass_2_1_1_loc_load, i32 %pe_array_pe_a_pass_2_0_1_loc_load, i32 %pe_array_pe_a_pass_1_2_1_loc_load, i32 %pe_array_pe_a_pass_1_1_1_loc_load, i32 %pe_array_pe_a_pass_1_0_1_loc_load, i32 %pe_array_pe_a_pass_0_2_1_loc_load, i32 %pe_array_pe_a_pass_0_1_1_loc_load, i32 %pe_array_pe_a_pass_0_0_1_loc_load, i32 %pe_array_pe_val_3_3_3_loc, i32 %pe_array_pe_val_3_2_3_loc, i32 %pe_array_pe_val_3_1_3_loc, i32 %pe_array_pe_val_3_0_3_loc, i32 %pe_array_pe_val_2_3_3_loc, i32 %pe_array_pe_val_2_2_3_loc, i32 %pe_array_pe_val_2_1_3_loc, i32 %pe_array_pe_val_2_0_3_loc, i32 %pe_array_pe_val_1_3_3_loc, i32 %pe_array_pe_val_1_2_3_loc, i32 %pe_array_pe_val_1_1_3_loc, i32 %pe_array_pe_val_1_0_3_loc, i32 %pe_array_pe_val_0_3_3_loc, i32 %pe_array_pe_val_0_2_3_loc, i32 %pe_array_pe_val_0_1_3_loc, i32 %pe_array_pe_val_0_0_3_loc, i32 %pe_array_pe_b_pass_2_3_3_loc, i32 %pe_array_pe_b_pass_2_2_3_loc, i32 %pe_array_pe_b_pass_2_1_3_loc, i32 %pe_array_pe_b_pass_2_0_3_loc, i32 %pe_array_pe_b_pass_1_3_3_loc, i32 %pe_array_pe_b_pass_1_2_3_loc, i32 %pe_array_pe_b_pass_1_1_3_loc, i32 %pe_array_pe_b_pass_1_0_3_loc, i32 %pe_array_pe_b_pass_0_3_3_loc, i32 %pe_array_pe_b_pass_0_2_3_loc, i32 %pe_array_pe_b_pass_0_1_3_loc, i32 %pe_array_pe_b_pass_0_0_3_loc, i32 %pe_array_pe_a_pass_3_2_3_loc, i32 %pe_array_pe_a_pass_3_1_3_loc, i32 %pe_array_pe_a_pass_3_0_3_loc, i32 %pe_array_pe_a_pass_2_2_3_loc, i32 %pe_array_pe_a_pass_2_1_3_loc, i32 %pe_array_pe_a_pass_2_0_3_loc, i32 %pe_array_pe_a_pass_1_2_3_loc, i32 %pe_array_pe_a_pass_1_1_3_loc, i32 %pe_array_pe_a_pass_1_0_3_loc, i32 %pe_array_pe_a_pass_0_2_3_loc, i32 %pe_array_pe_a_pass_0_1_3_loc, i32 %pe_array_pe_a_pass_0_0_3_loc"   --->   Operation 225 'call' 'call_ln0' <Predicate = true> <Delay = 0.38> <CoreType = "Generic">   --->   Core 0 '' <Latency = 0> <II = 1> <Delay = 1.00> <Generic> <Opcode : >
ST_18 : Operation 226 [2/2] (0.00ns)   --->   "%call_ln107 = call void @systolic_array_Pipeline_VITIS_LOOP_107_3_VITIS_LOOP_108_4, i32 %gmem, i62 %trunc_ln1, i32 %M2_15_1_loc, i32 %M2_14_1_loc, i32 %M2_13_1_loc, i32 %M2_12_1_loc, i32 %M2_11_1_loc, i32 %M2_10_1_loc, i32 %M2_9_1_loc, i32 %M2_8_1_loc, i32 %M2_7_1_loc, i32 %M2_6_1_loc, i32 %M2_5_1_loc, i32 %M2_4_1_loc, i32 %M2_3_1_loc, i32 %M2_2_1_loc, i32 %M2_1_1_loc, i32 %M2_0_1_loc" [sysArray_simple/sysArray.cpp:107]   --->   Operation 226 'call' 'call_ln107' <Predicate = true> <Delay = 0.00> <CoreType = "Generic">   --->   Core 0 '' <Latency = 0> <II = 1> <Delay = 1.00> <Generic> <Opcode : >

State 19 <SV = 18> <Delay = 1.02>
ST_19 : Operation 227 [1/2] (1.02ns)   --->   "%call_ln0 = call void @systolic_array_Pipeline_VITIS_LOOP_41_1_VITIS_LOOP_42_2, i32 %select_ln14_2_loc_load, i32 %select_ln14_5_loc_load, i32 %select_ln14_8_loc_load, i32 %select_ln14_11_loc_load, i32 %select_ln14_14_loc_load, i32 %select_ln14_17_loc_load, i32 %select_ln14_20_loc_load, i32 %select_ln14_23_loc_load, i32 %select_ln14_25_loc_load, i32 %select_ln14_27_loc_load, i32 %select_ln14_29_loc_load, i32 %select_ln14_31_loc_load, i32 %select_ln14_32_loc_load, i32 %select_ln14_33_loc_load, i32 %select_ln14_34_loc_load, i32 %select_ln14_35_loc_load, i32 %pe_array_pe_b_pass_2_3_1_loc_load, i32 %pe_array_pe_b_pass_2_2_1_loc_load, i32 %pe_array_pe_b_pass_2_1_1_loc_load, i32 %pe_array_pe_b_pass_2_0_1_loc_load, i32 %pe_array_pe_b_pass_1_3_1_loc_load, i32 %pe_array_pe_b_pass_1_2_1_loc_load, i32 %pe_array_pe_b_pass_1_1_1_loc_load, i32 %pe_array_pe_b_pass_1_0_1_loc_load, i32 %pe_array_pe_b_pass_0_3_1_loc_load, i32 %pe_array_pe_b_pass_0_2_1_loc_load, i32 %pe_array_pe_b_pass_0_1_1_loc_load, i32 %pe_array_pe_b_pass_0_0_1_loc_load, i32 %pe_array_pe_a_pass_3_2_1_loc_load, i32 %pe_array_pe_a_pass_3_1_1_loc_load, i32 %pe_array_pe_a_pass_3_0_1_loc_load, i32 %pe_array_pe_a_pass_2_2_1_loc_load, i32 %pe_array_pe_a_pass_2_1_1_loc_load, i32 %pe_array_pe_a_pass_2_0_1_loc_load, i32 %pe_array_pe_a_pass_1_2_1_loc_load, i32 %pe_array_pe_a_pass_1_1_1_loc_load, i32 %pe_array_pe_a_pass_1_0_1_loc_load, i32 %pe_array_pe_a_pass_0_2_1_loc_load, i32 %pe_array_pe_a_pass_0_1_1_loc_load, i32 %pe_array_pe_a_pass_0_0_1_loc_load, i32 %pe_array_pe_val_3_3_3_loc, i32 %pe_array_pe_val_3_2_3_loc, i32 %pe_array_pe_val_3_1_3_loc, i32 %pe_array_pe_val_3_0_3_loc, i32 %pe_array_pe_val_2_3_3_loc, i32 %pe_array_pe_val_2_2_3_loc, i32 %pe_array_pe_val_2_1_3_loc, i32 %pe_array_pe_val_2_0_3_loc, i32 %pe_array_pe_val_1_3_3_loc, i32 %pe_array_pe_val_1_2_3_loc, i32 %pe_array_pe_val_1_1_3_loc, i32 %pe_array_pe_val_1_0_3_loc, i32 %pe_array_pe_val_0_3_3_loc, i32 %pe_array_pe_val_0_2_3_loc, i32 %pe_array_pe_val_0_1_3_loc, i32 %pe_array_pe_val_0_0_3_loc, i32 %pe_array_pe_b_pass_2_3_3_loc, i32 %pe_array_pe_b_pass_2_2_3_loc, i32 %pe_array_pe_b_pass_2_1_3_loc, i32 %pe_array_pe_b_pass_2_0_3_loc, i32 %pe_array_pe_b_pass_1_3_3_loc, i32 %pe_array_pe_b_pass_1_2_3_loc, i32 %pe_array_pe_b_pass_1_1_3_loc, i32 %pe_array_pe_b_pass_1_0_3_loc, i32 %pe_array_pe_b_pass_0_3_3_loc, i32 %pe_array_pe_b_pass_0_2_3_loc, i32 %pe_array_pe_b_pass_0_1_3_loc, i32 %pe_array_pe_b_pass_0_0_3_loc, i32 %pe_array_pe_a_pass_3_2_3_loc, i32 %pe_array_pe_a_pass_3_1_3_loc, i32 %pe_array_pe_a_pass_3_0_3_loc, i32 %pe_array_pe_a_pass_2_2_3_loc, i32 %pe_array_pe_a_pass_2_1_3_loc, i32 %pe_array_pe_a_pass_2_0_3_loc, i32 %pe_array_pe_a_pass_1_2_3_loc, i32 %pe_array_pe_a_pass_1_1_3_loc, i32 %pe_array_pe_a_pass_1_0_3_loc, i32 %pe_array_pe_a_pass_0_2_3_loc, i32 %pe_array_pe_a_pass_0_1_3_loc, i32 %pe_array_pe_a_pass_0_0_3_loc"   --->   Operation 227 'call' 'call_ln0' <Predicate = true> <Delay = 1.02> <CoreType = "Generic">   --->   Core 0 '' <Latency = 0> <II = 1> <Delay = 1.00> <Generic> <Opcode : >
ST_19 : Operation 228 [1/2] (1.02ns)   --->   "%call_ln107 = call void @systolic_array_Pipeline_VITIS_LOOP_107_3_VITIS_LOOP_108_4, i32 %gmem, i62 %trunc_ln1, i32 %M2_15_1_loc, i32 %M2_14_1_loc, i32 %M2_13_1_loc, i32 %M2_12_1_loc, i32 %M2_11_1_loc, i32 %M2_10_1_loc, i32 %M2_9_1_loc, i32 %M2_8_1_loc, i32 %M2_7_1_loc, i32 %M2_6_1_loc, i32 %M2_5_1_loc, i32 %M2_4_1_loc, i32 %M2_3_1_loc, i32 %M2_2_1_loc, i32 %M2_1_1_loc, i32 %M2_0_1_loc" [sysArray_simple/sysArray.cpp:107]   --->   Operation 228 'call' 'call_ln107' <Predicate = true> <Delay = 1.02> <CoreType = "Generic">   --->   Core 0 '' <Latency = 0> <II = 1> <Delay = 1.00> <Generic> <Opcode : >

State 20 <SV = 19> <Delay = 0.45>
ST_20 : Operation 229 [1/1] (0.00ns)   --->   "%pe_array_pe_val_3_3_3_loc_load = load i32 %pe_array_pe_val_3_3_3_loc"   --->   Operation 229 'load' 'pe_array_pe_val_3_3_3_loc_load' <Predicate = true> <Delay = 0.00>
ST_20 : Operation 230 [1/1] (0.00ns)   --->   "%pe_array_pe_val_3_2_3_loc_load = load i32 %pe_array_pe_val_3_2_3_loc"   --->   Operation 230 'load' 'pe_array_pe_val_3_2_3_loc_load' <Predicate = true> <Delay = 0.00>
ST_20 : Operation 231 [1/1] (0.00ns)   --->   "%pe_array_pe_val_3_1_3_loc_load = load i32 %pe_array_pe_val_3_1_3_loc"   --->   Operation 231 'load' 'pe_array_pe_val_3_1_3_loc_load' <Predicate = true> <Delay = 0.00>
ST_20 : Operation 232 [1/1] (0.00ns)   --->   "%pe_array_pe_val_3_0_3_loc_load = load i32 %pe_array_pe_val_3_0_3_loc"   --->   Operation 232 'load' 'pe_array_pe_val_3_0_3_loc_load' <Predicate = true> <Delay = 0.00>
ST_20 : Operation 233 [1/1] (0.00ns)   --->   "%pe_array_pe_val_2_3_3_loc_load = load i32 %pe_array_pe_val_2_3_3_loc"   --->   Operation 233 'load' 'pe_array_pe_val_2_3_3_loc_load' <Predicate = true> <Delay = 0.00>
ST_20 : Operation 234 [1/1] (0.00ns)   --->   "%pe_array_pe_val_2_2_3_loc_load = load i32 %pe_array_pe_val_2_2_3_loc"   --->   Operation 234 'load' 'pe_array_pe_val_2_2_3_loc_load' <Predicate = true> <Delay = 0.00>
ST_20 : Operation 235 [1/1] (0.00ns)   --->   "%pe_array_pe_val_2_1_3_loc_load = load i32 %pe_array_pe_val_2_1_3_loc"   --->   Operation 235 'load' 'pe_array_pe_val_2_1_3_loc_load' <Predicate = true> <Delay = 0.00>
ST_20 : Operation 236 [1/1] (0.00ns)   --->   "%pe_array_pe_val_2_0_3_loc_load = load i32 %pe_array_pe_val_2_0_3_loc"   --->   Operation 236 'load' 'pe_array_pe_val_2_0_3_loc_load' <Predicate = true> <Delay = 0.00>
ST_20 : Operation 237 [1/1] (0.00ns)   --->   "%pe_array_pe_val_1_3_3_loc_load = load i32 %pe_array_pe_val_1_3_3_loc"   --->   Operation 237 'load' 'pe_array_pe_val_1_3_3_loc_load' <Predicate = true> <Delay = 0.00>
ST_20 : Operation 238 [1/1] (0.00ns)   --->   "%pe_array_pe_val_1_2_3_loc_load = load i32 %pe_array_pe_val_1_2_3_loc"   --->   Operation 238 'load' 'pe_array_pe_val_1_2_3_loc_load' <Predicate = true> <Delay = 0.00>
ST_20 : Operation 239 [1/1] (0.00ns)   --->   "%pe_array_pe_val_1_1_3_loc_load = load i32 %pe_array_pe_val_1_1_3_loc"   --->   Operation 239 'load' 'pe_array_pe_val_1_1_3_loc_load' <Predicate = true> <Delay = 0.00>
ST_20 : Operation 240 [1/1] (0.00ns)   --->   "%pe_array_pe_val_1_0_3_loc_load = load i32 %pe_array_pe_val_1_0_3_loc"   --->   Operation 240 'load' 'pe_array_pe_val_1_0_3_loc_load' <Predicate = true> <Delay = 0.00>
ST_20 : Operation 241 [1/1] (0.00ns)   --->   "%pe_array_pe_val_0_3_3_loc_load = load i32 %pe_array_pe_val_0_3_3_loc"   --->   Operation 241 'load' 'pe_array_pe_val_0_3_3_loc_load' <Predicate = true> <Delay = 0.00>
ST_20 : Operation 242 [1/1] (0.00ns)   --->   "%pe_array_pe_val_0_2_3_loc_load = load i32 %pe_array_pe_val_0_2_3_loc"   --->   Operation 242 'load' 'pe_array_pe_val_0_2_3_loc_load' <Predicate = true> <Delay = 0.00>
ST_20 : Operation 243 [1/1] (0.00ns)   --->   "%pe_array_pe_val_0_1_3_loc_load = load i32 %pe_array_pe_val_0_1_3_loc"   --->   Operation 243 'load' 'pe_array_pe_val_0_1_3_loc_load' <Predicate = true> <Delay = 0.00>
ST_20 : Operation 244 [1/1] (0.00ns)   --->   "%pe_array_pe_val_0_0_3_loc_load = load i32 %pe_array_pe_val_0_0_3_loc"   --->   Operation 244 'load' 'pe_array_pe_val_0_0_3_loc_load' <Predicate = true> <Delay = 0.00>
ST_20 : Operation 245 [1/1] (0.00ns)   --->   "%pe_array_pe_b_pass_2_3_3_loc_load = load i32 %pe_array_pe_b_pass_2_3_3_loc"   --->   Operation 245 'load' 'pe_array_pe_b_pass_2_3_3_loc_load' <Predicate = true> <Delay = 0.00>
ST_20 : Operation 246 [1/1] (0.00ns)   --->   "%pe_array_pe_b_pass_2_2_3_loc_load = load i32 %pe_array_pe_b_pass_2_2_3_loc"   --->   Operation 246 'load' 'pe_array_pe_b_pass_2_2_3_loc_load' <Predicate = true> <Delay = 0.00>
ST_20 : Operation 247 [1/1] (0.00ns)   --->   "%pe_array_pe_b_pass_2_1_3_loc_load = load i32 %pe_array_pe_b_pass_2_1_3_loc"   --->   Operation 247 'load' 'pe_array_pe_b_pass_2_1_3_loc_load' <Predicate = true> <Delay = 0.00>
ST_20 : Operation 248 [1/1] (0.00ns)   --->   "%pe_array_pe_b_pass_2_0_3_loc_load = load i32 %pe_array_pe_b_pass_2_0_3_loc"   --->   Operation 248 'load' 'pe_array_pe_b_pass_2_0_3_loc_load' <Predicate = true> <Delay = 0.00>
ST_20 : Operation 249 [1/1] (0.00ns)   --->   "%pe_array_pe_b_pass_1_3_3_loc_load = load i32 %pe_array_pe_b_pass_1_3_3_loc"   --->   Operation 249 'load' 'pe_array_pe_b_pass_1_3_3_loc_load' <Predicate = true> <Delay = 0.00>
ST_20 : Operation 250 [1/1] (0.00ns)   --->   "%pe_array_pe_b_pass_1_2_3_loc_load = load i32 %pe_array_pe_b_pass_1_2_3_loc"   --->   Operation 250 'load' 'pe_array_pe_b_pass_1_2_3_loc_load' <Predicate = true> <Delay = 0.00>
ST_20 : Operation 251 [1/1] (0.00ns)   --->   "%pe_array_pe_b_pass_1_1_3_loc_load = load i32 %pe_array_pe_b_pass_1_1_3_loc"   --->   Operation 251 'load' 'pe_array_pe_b_pass_1_1_3_loc_load' <Predicate = true> <Delay = 0.00>
ST_20 : Operation 252 [1/1] (0.00ns)   --->   "%pe_array_pe_b_pass_1_0_3_loc_load = load i32 %pe_array_pe_b_pass_1_0_3_loc"   --->   Operation 252 'load' 'pe_array_pe_b_pass_1_0_3_loc_load' <Predicate = true> <Delay = 0.00>
ST_20 : Operation 253 [1/1] (0.00ns)   --->   "%pe_array_pe_b_pass_0_3_3_loc_load = load i32 %pe_array_pe_b_pass_0_3_3_loc"   --->   Operation 253 'load' 'pe_array_pe_b_pass_0_3_3_loc_load' <Predicate = true> <Delay = 0.00>
ST_20 : Operation 254 [1/1] (0.00ns)   --->   "%pe_array_pe_b_pass_0_2_3_loc_load = load i32 %pe_array_pe_b_pass_0_2_3_loc"   --->   Operation 254 'load' 'pe_array_pe_b_pass_0_2_3_loc_load' <Predicate = true> <Delay = 0.00>
ST_20 : Operation 255 [1/1] (0.00ns)   --->   "%pe_array_pe_b_pass_0_1_3_loc_load = load i32 %pe_array_pe_b_pass_0_1_3_loc"   --->   Operation 255 'load' 'pe_array_pe_b_pass_0_1_3_loc_load' <Predicate = true> <Delay = 0.00>
ST_20 : Operation 256 [1/1] (0.00ns)   --->   "%pe_array_pe_b_pass_0_0_3_loc_load = load i32 %pe_array_pe_b_pass_0_0_3_loc"   --->   Operation 256 'load' 'pe_array_pe_b_pass_0_0_3_loc_load' <Predicate = true> <Delay = 0.00>
ST_20 : Operation 257 [1/1] (0.00ns)   --->   "%pe_array_pe_a_pass_3_2_3_loc_load = load i32 %pe_array_pe_a_pass_3_2_3_loc"   --->   Operation 257 'load' 'pe_array_pe_a_pass_3_2_3_loc_load' <Predicate = true> <Delay = 0.00>
ST_20 : Operation 258 [1/1] (0.00ns)   --->   "%pe_array_pe_a_pass_3_1_3_loc_load = load i32 %pe_array_pe_a_pass_3_1_3_loc"   --->   Operation 258 'load' 'pe_array_pe_a_pass_3_1_3_loc_load' <Predicate = true> <Delay = 0.00>
ST_20 : Operation 259 [1/1] (0.00ns)   --->   "%pe_array_pe_a_pass_3_0_3_loc_load = load i32 %pe_array_pe_a_pass_3_0_3_loc"   --->   Operation 259 'load' 'pe_array_pe_a_pass_3_0_3_loc_load' <Predicate = true> <Delay = 0.00>
ST_20 : Operation 260 [1/1] (0.00ns)   --->   "%pe_array_pe_a_pass_2_2_3_loc_load = load i32 %pe_array_pe_a_pass_2_2_3_loc"   --->   Operation 260 'load' 'pe_array_pe_a_pass_2_2_3_loc_load' <Predicate = true> <Delay = 0.00>
ST_20 : Operation 261 [1/1] (0.00ns)   --->   "%pe_array_pe_a_pass_2_1_3_loc_load = load i32 %pe_array_pe_a_pass_2_1_3_loc"   --->   Operation 261 'load' 'pe_array_pe_a_pass_2_1_3_loc_load' <Predicate = true> <Delay = 0.00>
ST_20 : Operation 262 [1/1] (0.00ns)   --->   "%pe_array_pe_a_pass_2_0_3_loc_load = load i32 %pe_array_pe_a_pass_2_0_3_loc"   --->   Operation 262 'load' 'pe_array_pe_a_pass_2_0_3_loc_load' <Predicate = true> <Delay = 0.00>
ST_20 : Operation 263 [1/1] (0.00ns)   --->   "%pe_array_pe_a_pass_1_2_3_loc_load = load i32 %pe_array_pe_a_pass_1_2_3_loc"   --->   Operation 263 'load' 'pe_array_pe_a_pass_1_2_3_loc_load' <Predicate = true> <Delay = 0.00>
ST_20 : Operation 264 [1/1] (0.00ns)   --->   "%pe_array_pe_a_pass_1_1_3_loc_load = load i32 %pe_array_pe_a_pass_1_1_3_loc"   --->   Operation 264 'load' 'pe_array_pe_a_pass_1_1_3_loc_load' <Predicate = true> <Delay = 0.00>
ST_20 : Operation 265 [1/1] (0.00ns)   --->   "%pe_array_pe_a_pass_1_0_3_loc_load = load i32 %pe_array_pe_a_pass_1_0_3_loc"   --->   Operation 265 'load' 'pe_array_pe_a_pass_1_0_3_loc_load' <Predicate = true> <Delay = 0.00>
ST_20 : Operation 266 [1/1] (0.00ns)   --->   "%pe_array_pe_a_pass_0_2_3_loc_load = load i32 %pe_array_pe_a_pass_0_2_3_loc"   --->   Operation 266 'load' 'pe_array_pe_a_pass_0_2_3_loc_load' <Predicate = true> <Delay = 0.00>
ST_20 : Operation 267 [1/1] (0.00ns)   --->   "%pe_array_pe_a_pass_0_1_3_loc_load = load i32 %pe_array_pe_a_pass_0_1_3_loc"   --->   Operation 267 'load' 'pe_array_pe_a_pass_0_1_3_loc_load' <Predicate = true> <Delay = 0.00>
ST_20 : Operation 268 [1/1] (0.00ns)   --->   "%pe_array_pe_a_pass_0_0_3_loc_load = load i32 %pe_array_pe_a_pass_0_0_3_loc"   --->   Operation 268 'load' 'pe_array_pe_a_pass_0_0_3_loc_load' <Predicate = true> <Delay = 0.00>
ST_20 : Operation 269 [1/1] (0.00ns)   --->   "%M1_15_1_loc_load = load i32 %M1_15_1_loc"   --->   Operation 269 'load' 'M1_15_1_loc_load' <Predicate = true> <Delay = 0.00>
ST_20 : Operation 270 [1/1] (0.00ns)   --->   "%M1_14_1_loc_load = load i32 %M1_14_1_loc"   --->   Operation 270 'load' 'M1_14_1_loc_load' <Predicate = true> <Delay = 0.00>
ST_20 : Operation 271 [1/1] (0.00ns)   --->   "%M1_13_1_loc_load = load i32 %M1_13_1_loc"   --->   Operation 271 'load' 'M1_13_1_loc_load' <Predicate = true> <Delay = 0.00>
ST_20 : Operation 272 [1/1] (0.00ns)   --->   "%M1_12_1_loc_load = load i32 %M1_12_1_loc"   --->   Operation 272 'load' 'M1_12_1_loc_load' <Predicate = true> <Delay = 0.00>
ST_20 : Operation 273 [1/1] (0.00ns)   --->   "%M1_11_1_loc_load = load i32 %M1_11_1_loc"   --->   Operation 273 'load' 'M1_11_1_loc_load' <Predicate = true> <Delay = 0.00>
ST_20 : Operation 274 [1/1] (0.00ns)   --->   "%M1_10_1_loc_load = load i32 %M1_10_1_loc"   --->   Operation 274 'load' 'M1_10_1_loc_load' <Predicate = true> <Delay = 0.00>
ST_20 : Operation 275 [1/1] (0.00ns)   --->   "%M1_9_1_loc_load = load i32 %M1_9_1_loc"   --->   Operation 275 'load' 'M1_9_1_loc_load' <Predicate = true> <Delay = 0.00>
ST_20 : Operation 276 [1/1] (0.00ns)   --->   "%M1_8_1_loc_load = load i32 %M1_8_1_loc"   --->   Operation 276 'load' 'M1_8_1_loc_load' <Predicate = true> <Delay = 0.00>
ST_20 : Operation 277 [1/1] (0.00ns)   --->   "%M1_7_1_loc_load = load i32 %M1_7_1_loc"   --->   Operation 277 'load' 'M1_7_1_loc_load' <Predicate = true> <Delay = 0.00>
ST_20 : Operation 278 [1/1] (0.00ns)   --->   "%M1_6_1_loc_load = load i32 %M1_6_1_loc"   --->   Operation 278 'load' 'M1_6_1_loc_load' <Predicate = true> <Delay = 0.00>
ST_20 : Operation 279 [1/1] (0.00ns)   --->   "%M1_5_1_loc_load = load i32 %M1_5_1_loc"   --->   Operation 279 'load' 'M1_5_1_loc_load' <Predicate = true> <Delay = 0.00>
ST_20 : Operation 280 [1/1] (0.00ns)   --->   "%M1_4_1_loc_load = load i32 %M1_4_1_loc"   --->   Operation 280 'load' 'M1_4_1_loc_load' <Predicate = true> <Delay = 0.00>
ST_20 : Operation 281 [1/1] (0.00ns)   --->   "%M1_3_1_loc_load = load i32 %M1_3_1_loc"   --->   Operation 281 'load' 'M1_3_1_loc_load' <Predicate = true> <Delay = 0.00>
ST_20 : Operation 282 [1/1] (0.00ns)   --->   "%M1_2_1_loc_load = load i32 %M1_2_1_loc"   --->   Operation 282 'load' 'M1_2_1_loc_load' <Predicate = true> <Delay = 0.00>
ST_20 : Operation 283 [1/1] (0.00ns)   --->   "%M1_1_1_loc_load = load i32 %M1_1_1_loc"   --->   Operation 283 'load' 'M1_1_1_loc_load' <Predicate = true> <Delay = 0.00>
ST_20 : Operation 284 [1/1] (0.00ns)   --->   "%M1_0_1_loc_load = load i32 %M1_0_1_loc"   --->   Operation 284 'load' 'M1_0_1_loc_load' <Predicate = true> <Delay = 0.00>
ST_20 : Operation 285 [1/1] (0.00ns)   --->   "%M2_15_1_loc_load = load i32 %M2_15_1_loc"   --->   Operation 285 'load' 'M2_15_1_loc_load' <Predicate = true> <Delay = 0.00>
ST_20 : Operation 286 [1/1] (0.00ns)   --->   "%M2_14_1_loc_load = load i32 %M2_14_1_loc"   --->   Operation 286 'load' 'M2_14_1_loc_load' <Predicate = true> <Delay = 0.00>
ST_20 : Operation 287 [1/1] (0.00ns)   --->   "%M2_13_1_loc_load = load i32 %M2_13_1_loc"   --->   Operation 287 'load' 'M2_13_1_loc_load' <Predicate = true> <Delay = 0.00>
ST_20 : Operation 288 [1/1] (0.00ns)   --->   "%M2_12_1_loc_load = load i32 %M2_12_1_loc"   --->   Operation 288 'load' 'M2_12_1_loc_load' <Predicate = true> <Delay = 0.00>
ST_20 : Operation 289 [1/1] (0.00ns)   --->   "%M2_11_1_loc_load = load i32 %M2_11_1_loc"   --->   Operation 289 'load' 'M2_11_1_loc_load' <Predicate = true> <Delay = 0.00>
ST_20 : Operation 290 [1/1] (0.00ns)   --->   "%M2_10_1_loc_load = load i32 %M2_10_1_loc"   --->   Operation 290 'load' 'M2_10_1_loc_load' <Predicate = true> <Delay = 0.00>
ST_20 : Operation 291 [1/1] (0.00ns)   --->   "%M2_9_1_loc_load = load i32 %M2_9_1_loc"   --->   Operation 291 'load' 'M2_9_1_loc_load' <Predicate = true> <Delay = 0.00>
ST_20 : Operation 292 [1/1] (0.00ns)   --->   "%M2_8_1_loc_load = load i32 %M2_8_1_loc"   --->   Operation 292 'load' 'M2_8_1_loc_load' <Predicate = true> <Delay = 0.00>
ST_20 : Operation 293 [1/1] (0.00ns)   --->   "%M2_7_1_loc_load = load i32 %M2_7_1_loc"   --->   Operation 293 'load' 'M2_7_1_loc_load' <Predicate = true> <Delay = 0.00>
ST_20 : Operation 294 [1/1] (0.00ns)   --->   "%M2_6_1_loc_load = load i32 %M2_6_1_loc"   --->   Operation 294 'load' 'M2_6_1_loc_load' <Predicate = true> <Delay = 0.00>
ST_20 : Operation 295 [1/1] (0.00ns)   --->   "%M2_5_1_loc_load = load i32 %M2_5_1_loc"   --->   Operation 295 'load' 'M2_5_1_loc_load' <Predicate = true> <Delay = 0.00>
ST_20 : Operation 296 [1/1] (0.00ns)   --->   "%M2_4_1_loc_load = load i32 %M2_4_1_loc"   --->   Operation 296 'load' 'M2_4_1_loc_load' <Predicate = true> <Delay = 0.00>
ST_20 : Operation 297 [1/1] (0.00ns)   --->   "%M2_3_1_loc_load = load i32 %M2_3_1_loc"   --->   Operation 297 'load' 'M2_3_1_loc_load' <Predicate = true> <Delay = 0.00>
ST_20 : Operation 298 [1/1] (0.00ns)   --->   "%M2_2_1_loc_load = load i32 %M2_2_1_loc"   --->   Operation 298 'load' 'M2_2_1_loc_load' <Predicate = true> <Delay = 0.00>
ST_20 : Operation 299 [1/1] (0.00ns)   --->   "%M2_1_1_loc_load = load i32 %M2_1_1_loc"   --->   Operation 299 'load' 'M2_1_1_loc_load' <Predicate = true> <Delay = 0.00>
ST_20 : Operation 300 [1/1] (0.00ns)   --->   "%M2_0_1_loc_load = load i32 %M2_0_1_loc"   --->   Operation 300 'load' 'M2_0_1_loc_load' <Predicate = true> <Delay = 0.00>
ST_20 : Operation 301 [2/2] (0.45ns)   --->   "%call_ln0 = call void @systolic_array_Pipeline_top_outer_loop1, i32 %pe_array_pe_val_3_3_3_loc_load, i32 %pe_array_pe_val_3_2_3_loc_load, i32 %pe_array_pe_val_3_1_3_loc_load, i32 %pe_array_pe_val_3_0_3_loc_load, i32 %pe_array_pe_val_2_3_3_loc_load, i32 %pe_array_pe_val_2_2_3_loc_load, i32 %pe_array_pe_val_2_1_3_loc_load, i32 %pe_array_pe_val_2_0_3_loc_load, i32 %pe_array_pe_val_1_3_3_loc_load, i32 %pe_array_pe_val_1_2_3_loc_load, i32 %pe_array_pe_val_1_1_3_loc_load, i32 %pe_array_pe_val_1_0_3_loc_load, i32 %pe_array_pe_val_0_3_3_loc_load, i32 %pe_array_pe_val_0_2_3_loc_load, i32 %pe_array_pe_val_0_1_3_loc_load, i32 %pe_array_pe_val_0_0_3_loc_load, i32 %pe_array_pe_b_pass_2_3_3_loc_load, i32 %pe_array_pe_b_pass_2_2_3_loc_load, i32 %pe_array_pe_b_pass_2_1_3_loc_load, i32 %pe_array_pe_b_pass_2_0_3_loc_load, i32 %pe_array_pe_b_pass_1_3_3_loc_load, i32 %pe_array_pe_b_pass_1_2_3_loc_load, i32 %pe_array_pe_b_pass_1_1_3_loc_load, i32 %pe_array_pe_b_pass_1_0_3_loc_load, i32 %pe_array_pe_b_pass_0_3_3_loc_load, i32 %pe_array_pe_b_pass_0_2_3_loc_load, i32 %pe_array_pe_b_pass_0_1_3_loc_load, i32 %pe_array_pe_b_pass_0_0_3_loc_load, i32 %pe_array_pe_a_pass_3_2_3_loc_load, i32 %pe_array_pe_a_pass_3_1_3_loc_load, i32 %pe_array_pe_a_pass_3_0_3_loc_load, i32 %pe_array_pe_a_pass_2_2_3_loc_load, i32 %pe_array_pe_a_pass_2_1_3_loc_load, i32 %pe_array_pe_a_pass_2_0_3_loc_load, i32 %pe_array_pe_a_pass_1_2_3_loc_load, i32 %pe_array_pe_a_pass_1_1_3_loc_load, i32 %pe_array_pe_a_pass_1_0_3_loc_load, i32 %pe_array_pe_a_pass_0_2_3_loc_load, i32 %pe_array_pe_a_pass_0_1_3_loc_load, i32 %pe_array_pe_a_pass_0_0_3_loc_load, i32 %M1_1_1_loc_load, i32 %M1_9_1_loc_load, i32 %M1_2_1_loc_load, i32 %M1_3_1_loc_load, i32 %M1_4_1_loc_load, i32 %M1_5_1_loc_load, i32 %M1_6_1_loc_load, i32 %M1_7_1_loc_load, i32 %M1_8_1_loc_load, i32 %M1_0_1_loc_load, i32 %M2_12_1_loc_load, i32 %M2_8_1_loc_load, i32 %M2_4_1_loc_load, i32 %M2_0_1_loc_load, i32 %M1_12_1_loc_load, i32 %M1_10_1_loc_load, i32 %M1_11_1_loc_load, i32 %M2_13_1_loc_load, i32 %M2_9_1_loc_load, i32 %M2_5_1_loc_load, i32 %M2_1_1_loc_load, i32 %M1_15_1_loc_load, i32 %M1_13_1_loc_load, i32 %M1_14_1_loc_load, i32 %M2_14_1_loc_load, i32 %M2_10_1_loc_load, i32 %M2_6_1_loc_load, i32 %M2_2_1_loc_load, i32 %M2_15_1_loc_load, i32 %M2_11_1_loc_load, i32 %M2_7_1_loc_load, i32 %M2_3_1_loc_load, i32 %pe_array_pe_val_3_3_5_loc, i32 %pe_array_pe_val_3_2_5_loc, i32 %pe_array_pe_val_3_1_5_loc, i32 %pe_array_pe_val_3_0_5_loc, i32 %pe_array_pe_val_2_3_5_loc, i32 %pe_array_pe_val_2_2_5_loc, i32 %pe_array_pe_val_2_1_5_loc, i32 %pe_array_pe_val_2_0_5_loc, i32 %pe_array_pe_val_1_3_5_loc, i32 %pe_array_pe_val_1_2_5_loc, i32 %pe_array_pe_val_1_1_5_loc, i32 %pe_array_pe_val_1_0_5_loc, i32 %pe_array_pe_val_0_3_5_loc, i32 %pe_array_pe_val_0_2_5_loc, i32 %pe_array_pe_val_0_1_5_loc, i32 %pe_array_pe_val_0_0_5_loc"   --->   Operation 301 'call' 'call_ln0' <Predicate = true> <Delay = 0.45> <CoreType = "Generic">   --->   Core 0 '' <Latency = 0> <II = 1> <Delay = 1.00> <Generic> <Opcode : >

State 21 <SV = 20> <Delay = 2.19>
ST_21 : Operation 302 [1/2] (0.00ns)   --->   "%call_ln0 = call void @systolic_array_Pipeline_top_outer_loop1, i32 %pe_array_pe_val_3_3_3_loc_load, i32 %pe_array_pe_val_3_2_3_loc_load, i32 %pe_array_pe_val_3_1_3_loc_load, i32 %pe_array_pe_val_3_0_3_loc_load, i32 %pe_array_pe_val_2_3_3_loc_load, i32 %pe_array_pe_val_2_2_3_loc_load, i32 %pe_array_pe_val_2_1_3_loc_load, i32 %pe_array_pe_val_2_0_3_loc_load, i32 %pe_array_pe_val_1_3_3_loc_load, i32 %pe_array_pe_val_1_2_3_loc_load, i32 %pe_array_pe_val_1_1_3_loc_load, i32 %pe_array_pe_val_1_0_3_loc_load, i32 %pe_array_pe_val_0_3_3_loc_load, i32 %pe_array_pe_val_0_2_3_loc_load, i32 %pe_array_pe_val_0_1_3_loc_load, i32 %pe_array_pe_val_0_0_3_loc_load, i32 %pe_array_pe_b_pass_2_3_3_loc_load, i32 %pe_array_pe_b_pass_2_2_3_loc_load, i32 %pe_array_pe_b_pass_2_1_3_loc_load, i32 %pe_array_pe_b_pass_2_0_3_loc_load, i32 %pe_array_pe_b_pass_1_3_3_loc_load, i32 %pe_array_pe_b_pass_1_2_3_loc_load, i32 %pe_array_pe_b_pass_1_1_3_loc_load, i32 %pe_array_pe_b_pass_1_0_3_loc_load, i32 %pe_array_pe_b_pass_0_3_3_loc_load, i32 %pe_array_pe_b_pass_0_2_3_loc_load, i32 %pe_array_pe_b_pass_0_1_3_loc_load, i32 %pe_array_pe_b_pass_0_0_3_loc_load, i32 %pe_array_pe_a_pass_3_2_3_loc_load, i32 %pe_array_pe_a_pass_3_1_3_loc_load, i32 %pe_array_pe_a_pass_3_0_3_loc_load, i32 %pe_array_pe_a_pass_2_2_3_loc_load, i32 %pe_array_pe_a_pass_2_1_3_loc_load, i32 %pe_array_pe_a_pass_2_0_3_loc_load, i32 %pe_array_pe_a_pass_1_2_3_loc_load, i32 %pe_array_pe_a_pass_1_1_3_loc_load, i32 %pe_array_pe_a_pass_1_0_3_loc_load, i32 %pe_array_pe_a_pass_0_2_3_loc_load, i32 %pe_array_pe_a_pass_0_1_3_loc_load, i32 %pe_array_pe_a_pass_0_0_3_loc_load, i32 %M1_1_1_loc_load, i32 %M1_9_1_loc_load, i32 %M1_2_1_loc_load, i32 %M1_3_1_loc_load, i32 %M1_4_1_loc_load, i32 %M1_5_1_loc_load, i32 %M1_6_1_loc_load, i32 %M1_7_1_loc_load, i32 %M1_8_1_loc_load, i32 %M1_0_1_loc_load, i32 %M2_12_1_loc_load, i32 %M2_8_1_loc_load, i32 %M2_4_1_loc_load, i32 %M2_0_1_loc_load, i32 %M1_12_1_loc_load, i32 %M1_10_1_loc_load, i32 %M1_11_1_loc_load, i32 %M2_13_1_loc_load, i32 %M2_9_1_loc_load, i32 %M2_5_1_loc_load, i32 %M2_1_1_loc_load, i32 %M1_15_1_loc_load, i32 %M1_13_1_loc_load, i32 %M1_14_1_loc_load, i32 %M2_14_1_loc_load, i32 %M2_10_1_loc_load, i32 %M2_6_1_loc_load, i32 %M2_2_1_loc_load, i32 %M2_15_1_loc_load, i32 %M2_11_1_loc_load, i32 %M2_7_1_loc_load, i32 %M2_3_1_loc_load, i32 %pe_array_pe_val_3_3_5_loc, i32 %pe_array_pe_val_3_2_5_loc, i32 %pe_array_pe_val_3_1_5_loc, i32 %pe_array_pe_val_3_0_5_loc, i32 %pe_array_pe_val_2_3_5_loc, i32 %pe_array_pe_val_2_2_5_loc, i32 %pe_array_pe_val_2_1_5_loc, i32 %pe_array_pe_val_2_0_5_loc, i32 %pe_array_pe_val_1_3_5_loc, i32 %pe_array_pe_val_1_2_5_loc, i32 %pe_array_pe_val_1_1_5_loc, i32 %pe_array_pe_val_1_0_5_loc, i32 %pe_array_pe_val_0_3_5_loc, i32 %pe_array_pe_val_0_2_5_loc, i32 %pe_array_pe_val_0_1_5_loc, i32 %pe_array_pe_val_0_0_5_loc"   --->   Operation 302 'call' 'call_ln0' <Predicate = true> <Delay = 0.00> <CoreType = "Generic">   --->   Core 0 '' <Latency = 0> <II = 1> <Delay = 1.00> <Generic> <Opcode : >
ST_21 : Operation 303 [1/1] (0.00ns)   --->   "%sext_ln168 = sext i62 %trunc_ln4" [sysArray_simple/sysArray.cpp:168]   --->   Operation 303 'sext' 'sext_ln168' <Predicate = true> <Delay = 0.00>
ST_21 : Operation 304 [1/1] (0.00ns)   --->   "%gmem_addr_2 = getelementptr i32 %gmem, i64 %sext_ln168" [sysArray_simple/sysArray.cpp:168]   --->   Operation 304 'getelementptr' 'gmem_addr_2' <Predicate = true> <Delay = 0.00>
ST_21 : Operation 305 [1/1] (2.19ns)   --->   "%empty_28 = writereq i1 @_ssdm_op_WriteReq.m_axi.p1i32, i32 %gmem_addr_2, i32 16" [sysArray_simple/sysArray.cpp:168]   --->   Operation 305 'writereq' 'empty_28' <Predicate = true> <Delay = 2.19> <CoreInst = "m_axi">   --->   Core 121 'm_axi' <Latency = 5> <II = 1> <Delay = 1.00> <Adapter> <Opcode : 'read' 'write' 'readreq' 'writereq' 'writeresp'>

State 22 <SV = 21> <Delay = 0.49>
ST_22 : Operation 306 [1/1] (0.00ns)   --->   "%pe_array_pe_val_3_3_5_loc_load = load i32 %pe_array_pe_val_3_3_5_loc"   --->   Operation 306 'load' 'pe_array_pe_val_3_3_5_loc_load' <Predicate = true> <Delay = 0.00>
ST_22 : Operation 307 [1/1] (0.00ns)   --->   "%pe_array_pe_val_3_2_5_loc_load = load i32 %pe_array_pe_val_3_2_5_loc"   --->   Operation 307 'load' 'pe_array_pe_val_3_2_5_loc_load' <Predicate = true> <Delay = 0.00>
ST_22 : Operation 308 [1/1] (0.00ns)   --->   "%pe_array_pe_val_3_1_5_loc_load = load i32 %pe_array_pe_val_3_1_5_loc"   --->   Operation 308 'load' 'pe_array_pe_val_3_1_5_loc_load' <Predicate = true> <Delay = 0.00>
ST_22 : Operation 309 [1/1] (0.00ns)   --->   "%pe_array_pe_val_3_0_5_loc_load = load i32 %pe_array_pe_val_3_0_5_loc"   --->   Operation 309 'load' 'pe_array_pe_val_3_0_5_loc_load' <Predicate = true> <Delay = 0.00>
ST_22 : Operation 310 [1/1] (0.00ns)   --->   "%pe_array_pe_val_2_3_5_loc_load = load i32 %pe_array_pe_val_2_3_5_loc"   --->   Operation 310 'load' 'pe_array_pe_val_2_3_5_loc_load' <Predicate = true> <Delay = 0.00>
ST_22 : Operation 311 [1/1] (0.00ns)   --->   "%pe_array_pe_val_2_2_5_loc_load = load i32 %pe_array_pe_val_2_2_5_loc"   --->   Operation 311 'load' 'pe_array_pe_val_2_2_5_loc_load' <Predicate = true> <Delay = 0.00>
ST_22 : Operation 312 [1/1] (0.00ns)   --->   "%pe_array_pe_val_2_1_5_loc_load = load i32 %pe_array_pe_val_2_1_5_loc"   --->   Operation 312 'load' 'pe_array_pe_val_2_1_5_loc_load' <Predicate = true> <Delay = 0.00>
ST_22 : Operation 313 [1/1] (0.00ns)   --->   "%pe_array_pe_val_2_0_5_loc_load = load i32 %pe_array_pe_val_2_0_5_loc"   --->   Operation 313 'load' 'pe_array_pe_val_2_0_5_loc_load' <Predicate = true> <Delay = 0.00>
ST_22 : Operation 314 [1/1] (0.00ns)   --->   "%pe_array_pe_val_1_3_5_loc_load = load i32 %pe_array_pe_val_1_3_5_loc"   --->   Operation 314 'load' 'pe_array_pe_val_1_3_5_loc_load' <Predicate = true> <Delay = 0.00>
ST_22 : Operation 315 [1/1] (0.00ns)   --->   "%pe_array_pe_val_1_2_5_loc_load = load i32 %pe_array_pe_val_1_2_5_loc"   --->   Operation 315 'load' 'pe_array_pe_val_1_2_5_loc_load' <Predicate = true> <Delay = 0.00>
ST_22 : Operation 316 [1/1] (0.00ns)   --->   "%pe_array_pe_val_1_1_5_loc_load = load i32 %pe_array_pe_val_1_1_5_loc"   --->   Operation 316 'load' 'pe_array_pe_val_1_1_5_loc_load' <Predicate = true> <Delay = 0.00>
ST_22 : Operation 317 [1/1] (0.00ns)   --->   "%pe_array_pe_val_1_0_5_loc_load = load i32 %pe_array_pe_val_1_0_5_loc"   --->   Operation 317 'load' 'pe_array_pe_val_1_0_5_loc_load' <Predicate = true> <Delay = 0.00>
ST_22 : Operation 318 [1/1] (0.00ns)   --->   "%pe_array_pe_val_0_3_5_loc_load = load i32 %pe_array_pe_val_0_3_5_loc"   --->   Operation 318 'load' 'pe_array_pe_val_0_3_5_loc_load' <Predicate = true> <Delay = 0.00>
ST_22 : Operation 319 [1/1] (0.00ns)   --->   "%pe_array_pe_val_0_2_5_loc_load = load i32 %pe_array_pe_val_0_2_5_loc"   --->   Operation 319 'load' 'pe_array_pe_val_0_2_5_loc_load' <Predicate = true> <Delay = 0.00>
ST_22 : Operation 320 [1/1] (0.00ns)   --->   "%pe_array_pe_val_0_1_5_loc_load = load i32 %pe_array_pe_val_0_1_5_loc"   --->   Operation 320 'load' 'pe_array_pe_val_0_1_5_loc_load' <Predicate = true> <Delay = 0.00>
ST_22 : Operation 321 [1/1] (0.00ns)   --->   "%pe_array_pe_val_0_0_5_loc_load = load i32 %pe_array_pe_val_0_0_5_loc"   --->   Operation 321 'load' 'pe_array_pe_val_0_0_5_loc_load' <Predicate = true> <Delay = 0.00>
ST_22 : Operation 322 [2/2] (0.49ns)   --->   "%call_ln168 = call void @systolic_array_Pipeline_VITIS_LOOP_168_5_VITIS_LOOP_169_6, i32 %gmem, i62 %trunc_ln4, i32 %pe_array_pe_val_0_0_5_loc_load, i32 %pe_array_pe_val_0_1_5_loc_load, i32 %pe_array_pe_val_0_2_5_loc_load, i32 %pe_array_pe_val_0_3_5_loc_load, i32 %pe_array_pe_val_1_0_5_loc_load, i32 %pe_array_pe_val_1_1_5_loc_load, i32 %pe_array_pe_val_1_2_5_loc_load, i32 %pe_array_pe_val_1_3_5_loc_load, i32 %pe_array_pe_val_2_0_5_loc_load, i32 %pe_array_pe_val_2_1_5_loc_load, i32 %pe_array_pe_val_2_2_5_loc_load, i32 %pe_array_pe_val_2_3_5_loc_load, i32 %pe_array_pe_val_3_0_5_loc_load, i32 %pe_array_pe_val_3_1_5_loc_load, i32 %pe_array_pe_val_3_2_5_loc_load, i32 %pe_array_pe_val_3_3_5_loc_load" [sysArray_simple/sysArray.cpp:168]   --->   Operation 322 'call' 'call_ln168' <Predicate = true> <Delay = 0.49> <CoreType = "Generic">   --->   Core 0 '' <Latency = 0> <II = 1> <Delay = 1.00> <Generic> <Opcode : >

State 23 <SV = 22> <Delay = 0.00>
ST_23 : Operation 323 [1/2] (0.00ns)   --->   "%call_ln168 = call void @systolic_array_Pipeline_VITIS_LOOP_168_5_VITIS_LOOP_169_6, i32 %gmem, i62 %trunc_ln4, i32 %pe_array_pe_val_0_0_5_loc_load, i32 %pe_array_pe_val_0_1_5_loc_load, i32 %pe_array_pe_val_0_2_5_loc_load, i32 %pe_array_pe_val_0_3_5_loc_load, i32 %pe_array_pe_val_1_0_5_loc_load, i32 %pe_array_pe_val_1_1_5_loc_load, i32 %pe_array_pe_val_1_2_5_loc_load, i32 %pe_array_pe_val_1_3_5_loc_load, i32 %pe_array_pe_val_2_0_5_loc_load, i32 %pe_array_pe_val_2_1_5_loc_load, i32 %pe_array_pe_val_2_2_5_loc_load, i32 %pe_array_pe_val_2_3_5_loc_load, i32 %pe_array_pe_val_3_0_5_loc_load, i32 %pe_array_pe_val_3_1_5_loc_load, i32 %pe_array_pe_val_3_2_5_loc_load, i32 %pe_array_pe_val_3_3_5_loc_load" [sysArray_simple/sysArray.cpp:168]   --->   Operation 323 'call' 'call_ln168' <Predicate = true> <Delay = 0.00> <CoreType = "Generic">   --->   Core 0 '' <Latency = 0> <II = 1> <Delay = 1.00> <Generic> <Opcode : >

State 24 <SV = 23> <Delay = 2.19>
ST_24 : Operation 324 [5/5] (2.19ns)   --->   "%empty_29 = writeresp i1 @_ssdm_op_WriteResp.m_axi.p1i32, i32 %gmem_addr_2" [sysArray_simple/sysArray.cpp:172]   --->   Operation 324 'writeresp' 'empty_29' <Predicate = true> <Delay = 2.19> <CoreInst = "m_axi">   --->   Core 121 'm_axi' <Latency = 3> <II = 1> <Delay = 1.00> <Adapter> <Opcode : 'read' 'write' 'readreq' 'writereq' 'writeresp'>

State 25 <SV = 24> <Delay = 2.19>
ST_25 : Operation 325 [4/5] (2.19ns)   --->   "%empty_29 = writeresp i1 @_ssdm_op_WriteResp.m_axi.p1i32, i32 %gmem_addr_2" [sysArray_simple/sysArray.cpp:172]   --->   Operation 325 'writeresp' 'empty_29' <Predicate = true> <Delay = 2.19> <CoreInst = "m_axi">   --->   Core 121 'm_axi' <Latency = 3> <II = 1> <Delay = 1.00> <Adapter> <Opcode : 'read' 'write' 'readreq' 'writereq' 'writeresp'>

State 26 <SV = 25> <Delay = 2.19>
ST_26 : Operation 326 [3/5] (2.19ns)   --->   "%empty_29 = writeresp i1 @_ssdm_op_WriteResp.m_axi.p1i32, i32 %gmem_addr_2" [sysArray_simple/sysArray.cpp:172]   --->   Operation 326 'writeresp' 'empty_29' <Predicate = true> <Delay = 2.19> <CoreInst = "m_axi">   --->   Core 121 'm_axi' <Latency = 3> <II = 1> <Delay = 1.00> <Adapter> <Opcode : 'read' 'write' 'readreq' 'writereq' 'writeresp'>

State 27 <SV = 26> <Delay = 2.19>
ST_27 : Operation 327 [2/5] (2.19ns)   --->   "%empty_29 = writeresp i1 @_ssdm_op_WriteResp.m_axi.p1i32, i32 %gmem_addr_2" [sysArray_simple/sysArray.cpp:172]   --->   Operation 327 'writeresp' 'empty_29' <Predicate = true> <Delay = 2.19> <CoreInst = "m_axi">   --->   Core 121 'm_axi' <Latency = 3> <II = 1> <Delay = 1.00> <Adapter> <Opcode : 'read' 'write' 'readreq' 'writereq' 'writeresp'>

State 28 <SV = 27> <Delay = 2.19>
ST_28 : Operation 328 [1/1] (0.00ns)   --->   "%spectopmodule_ln0 = spectopmodule void @_ssdm_op_SpecTopModule, void @empty_3"   --->   Operation 328 'spectopmodule' 'spectopmodule_ln0' <Predicate = true> <Delay = 0.00>
ST_28 : Operation 329 [1/1] (0.00ns)   --->   "%specinterface_ln0 = specinterface void @_ssdm_op_SpecInterface, i32 %gmem, void @empty_4, i32 0, i32 0, void @empty_13, i32 0, i32 32, void @empty_14, void @empty_8, void @empty_13, i32 16, i32 16, i32 16, i32 16, void @empty_13, void @empty_13"   --->   Operation 329 'specinterface' 'specinterface_ln0' <Predicate = true> <Delay = 0.00>
ST_28 : Operation 330 [1/1] (0.00ns)   --->   "%specbitsmap_ln0 = specbitsmap void @_ssdm_op_SpecBitsMap, i32 %gmem"   --->   Operation 330 'specbitsmap' 'specbitsmap_ln0' <Predicate = true> <Delay = 0.00>
ST_28 : Operation 331 [1/1] (0.00ns)   --->   "%specinterface_ln0 = specinterface void @_ssdm_op_SpecInterface, i64 %din_a, void @empty_9, i32 0, i32 0, void @empty_13, i32 0, i32 0, void @empty_7, void @empty_12, void @empty_13, i32 0, i32 0, i32 0, i32 0, void @empty_13, void @empty"   --->   Operation 331 'specinterface' 'specinterface_ln0' <Predicate = true> <Delay = 0.00>
ST_28 : Operation 332 [1/1] (0.00ns)   --->   "%specinterface_ln0 = specinterface void @_ssdm_op_SpecInterface, i64 %din_a, void @empty_0, i32 0, i32 0, void @empty_13, i32 0, i32 0, void @empty_13, void @empty_13, void @empty_13, i32 0, i32 0, i32 0, i32 0, void @empty_13, void @empty"   --->   Operation 332 'specinterface' 'specinterface_ln0' <Predicate = true> <Delay = 0.00>
ST_28 : Operation 333 [1/1] (0.00ns)   --->   "%specinterface_ln0 = specinterface void @_ssdm_op_SpecInterface, i64 %din_b, void @empty_9, i32 0, i32 0, void @empty_13, i32 0, i32 0, void @empty_7, void @empty_1, void @empty_13, i32 0, i32 0, i32 0, i32 0, void @empty_13, void @empty"   --->   Operation 333 'specinterface' 'specinterface_ln0' <Predicate = true> <Delay = 0.00>
ST_28 : Operation 334 [1/1] (0.00ns)   --->   "%specinterface_ln0 = specinterface void @_ssdm_op_SpecInterface, i64 %din_b, void @empty_0, i32 0, i32 0, void @empty_13, i32 0, i32 0, void @empty_13, void @empty_13, void @empty_13, i32 0, i32 0, i32 0, i32 0, void @empty_13, void @empty"   --->   Operation 334 'specinterface' 'specinterface_ln0' <Predicate = true> <Delay = 0.00>
ST_28 : Operation 335 [1/1] (0.00ns)   --->   "%specinterface_ln0 = specinterface void @_ssdm_op_SpecInterface, i64 %out_r, void @empty_9, i32 0, i32 0, void @empty_13, i32 0, i32 0, void @empty_7, void @empty_2, void @empty_13, i32 0, i32 0, i32 0, i32 0, void @empty_13, void @empty"   --->   Operation 335 'specinterface' 'specinterface_ln0' <Predicate = true> <Delay = 0.00>
ST_28 : Operation 336 [1/1] (0.00ns)   --->   "%specinterface_ln0 = specinterface void @_ssdm_op_SpecInterface, i64 %out_r, void @empty_0, i32 0, i32 0, void @empty_13, i32 0, i32 0, void @empty_13, void @empty_13, void @empty_13, i32 0, i32 0, i32 0, i32 0, void @empty_13, void @empty"   --->   Operation 336 'specinterface' 'specinterface_ln0' <Predicate = true> <Delay = 0.00>
ST_28 : Operation 337 [1/1] (0.00ns)   --->   "%specinterface_ln0 = specinterface void @_ssdm_op_SpecInterface, i32 0, void @empty_9, i32 0, i32 0, void @empty_13, i32 0, i32 0, void @empty_7, void @empty_13, void @empty_13, i32 0, i32 0, i32 0, i32 0, void @empty_13, void @empty_13"   --->   Operation 337 'specinterface' 'specinterface_ln0' <Predicate = true> <Delay = 0.00>
ST_28 : Operation 338 [1/5] (2.19ns)   --->   "%empty_29 = writeresp i1 @_ssdm_op_WriteResp.m_axi.p1i32, i32 %gmem_addr_2" [sysArray_simple/sysArray.cpp:172]   --->   Operation 338 'writeresp' 'empty_29' <Predicate = true> <Delay = 2.19> <CoreInst = "m_axi">   --->   Core 121 'm_axi' <Latency = 3> <II = 1> <Delay = 1.00> <Adapter> <Opcode : 'read' 'write' 'readreq' 'writereq' 'writeresp'>
ST_28 : Operation 339 [1/1] (0.00ns)   --->   "%ret_ln172 = ret" [sysArray_simple/sysArray.cpp:172]   --->   Operation 339 'ret' 'ret_ln172' <Predicate = true> <Delay = 0.00>


============================================================
+ Verbose Summary: Timing violations
============================================================
Target clock period: 3ns, clock uncertainty: 0.81ns.

 <State 1>: 1ns
The critical path consists of the following:
	s_axi read operation ('out') on port 'out_r' [5]  (1 ns)

 <State 2>: 2.19ns
The critical path consists of the following:
	'getelementptr' operation ('gmem_addr', sysArray_simple/sysArray.cpp:102) [230]  (0 ns)
	bus request operation ('empty', sysArray_simple/sysArray.cpp:102) on port 'gmem' (sysArray_simple/sysArray.cpp:102) [231]  (2.19 ns)

 <State 3>: 2.19ns
The critical path consists of the following:
	bus request operation ('empty', sysArray_simple/sysArray.cpp:102) on port 'gmem' (sysArray_simple/sysArray.cpp:102) [231]  (2.19 ns)

 <State 4>: 2.19ns
The critical path consists of the following:
	bus request operation ('empty', sysArray_simple/sysArray.cpp:102) on port 'gmem' (sysArray_simple/sysArray.cpp:102) [231]  (2.19 ns)

 <State 5>: 2.19ns
The critical path consists of the following:
	bus request operation ('empty', sysArray_simple/sysArray.cpp:102) on port 'gmem' (sysArray_simple/sysArray.cpp:102) [231]  (2.19 ns)

 <State 6>: 2.19ns
The critical path consists of the following:
	bus request operation ('empty', sysArray_simple/sysArray.cpp:102) on port 'gmem' (sysArray_simple/sysArray.cpp:102) [231]  (2.19 ns)

 <State 7>: 2.19ns
The critical path consists of the following:
	bus request operation ('empty', sysArray_simple/sysArray.cpp:102) on port 'gmem' (sysArray_simple/sysArray.cpp:102) [231]  (2.19 ns)

 <State 8>: 2.19ns
The critical path consists of the following:
	bus request operation ('empty', sysArray_simple/sysArray.cpp:102) on port 'gmem' (sysArray_simple/sysArray.cpp:102) [231]  (2.19 ns)

 <State 9>: 0ns
The critical path consists of the following:

 <State 10>: 1.02ns
The critical path consists of the following:
	'call' operation ('call_ln102', sysArray_simple/sysArray.cpp:102) to 'systolic_array_Pipeline_VITIS_LOOP_102_1_VITIS_LOOP_103_2' [232]  (1.02 ns)

 <State 11>: 2.19ns
The critical path consists of the following:
	'getelementptr' operation ('gmem_addr_1', sysArray_simple/sysArray.cpp:107) [251]  (0 ns)
	bus request operation ('empty_27', sysArray_simple/sysArray.cpp:107) on port 'gmem' (sysArray_simple/sysArray.cpp:107) [252]  (2.19 ns)

 <State 12>: 2.19ns
The critical path consists of the following:
	bus request operation ('empty_27', sysArray_simple/sysArray.cpp:107) on port 'gmem' (sysArray_simple/sysArray.cpp:107) [252]  (2.19 ns)

 <State 13>: 2.19ns
The critical path consists of the following:
	bus request operation ('empty_27', sysArray_simple/sysArray.cpp:107) on port 'gmem' (sysArray_simple/sysArray.cpp:107) [252]  (2.19 ns)

 <State 14>: 2.19ns
The critical path consists of the following:
	bus request operation ('empty_27', sysArray_simple/sysArray.cpp:107) on port 'gmem' (sysArray_simple/sysArray.cpp:107) [252]  (2.19 ns)

 <State 15>: 2.19ns
The critical path consists of the following:
	bus request operation ('empty_27', sysArray_simple/sysArray.cpp:107) on port 'gmem' (sysArray_simple/sysArray.cpp:107) [252]  (2.19 ns)

 <State 16>: 2.19ns
The critical path consists of the following:
	bus request operation ('empty_27', sysArray_simple/sysArray.cpp:107) on port 'gmem' (sysArray_simple/sysArray.cpp:107) [252]  (2.19 ns)

 <State 17>: 2.19ns
The critical path consists of the following:
	bus request operation ('empty_27', sysArray_simple/sysArray.cpp:107) on port 'gmem' (sysArray_simple/sysArray.cpp:107) [252]  (2.19 ns)

 <State 18>: 0.387ns
The critical path consists of the following:
	'load' operation ('pe_array_pe_a_pass_0_0_1_loc_load') on local variable 'pe_array_pe_a_pass_0_0_1_loc' [147]  (0 ns)
	'call' operation ('call_ln0') to 'systolic_array_Pipeline_VITIS_LOOP_41_1_VITIS_LOOP_42_2' [187]  (0.387 ns)

 <State 19>: 1.02ns
The critical path consists of the following:
	'call' operation ('call_ln0') to 'systolic_array_Pipeline_VITIS_LOOP_41_1_VITIS_LOOP_42_2' [187]  (1.02 ns)

 <State 20>: 0.454ns
The critical path consists of the following:
	'load' operation ('pe_array_pe_val_3_3_3_loc_load') on local variable 'pe_array_pe_val_3_3_3_loc' [188]  (0 ns)
	'call' operation ('call_ln0') to 'systolic_array_Pipeline_top_outer_loop1' [270]  (0.454 ns)

 <State 21>: 2.19ns
The critical path consists of the following:
	'getelementptr' operation ('gmem_addr_2', sysArray_simple/sysArray.cpp:168) [289]  (0 ns)
	bus request operation ('empty_28', sysArray_simple/sysArray.cpp:168) on port 'gmem' (sysArray_simple/sysArray.cpp:168) [290]  (2.19 ns)

 <State 22>: 0.493ns
The critical path consists of the following:
	'load' operation ('pe_array_pe_val_3_3_5_loc_load') on local variable 'pe_array_pe_val_3_3_5_loc' [271]  (0 ns)
	'call' operation ('call_ln168', sysArray_simple/sysArray.cpp:168) to 'systolic_array_Pipeline_VITIS_LOOP_168_5_VITIS_LOOP_169_6' [291]  (0.493 ns)

 <State 23>: 0ns
The critical path consists of the following:

 <State 24>: 2.19ns
The critical path consists of the following:
	bus response operation ('empty_29', sysArray_simple/sysArray.cpp:172) on port 'gmem' (sysArray_simple/sysArray.cpp:172) [292]  (2.19 ns)

 <State 25>: 2.19ns
The critical path consists of the following:
	bus response operation ('empty_29', sysArray_simple/sysArray.cpp:172) on port 'gmem' (sysArray_simple/sysArray.cpp:172) [292]  (2.19 ns)

 <State 26>: 2.19ns
The critical path consists of the following:
	bus response operation ('empty_29', sysArray_simple/sysArray.cpp:172) on port 'gmem' (sysArray_simple/sysArray.cpp:172) [292]  (2.19 ns)

 <State 27>: 2.19ns
The critical path consists of the following:
	bus response operation ('empty_29', sysArray_simple/sysArray.cpp:172) on port 'gmem' (sysArray_simple/sysArray.cpp:172) [292]  (2.19 ns)

 <State 28>: 2.19ns
The critical path consists of the following:
	bus response operation ('empty_29', sysArray_simple/sysArray.cpp:172) on port 'gmem' (sysArray_simple/sysArray.cpp:172) [292]  (2.19 ns)


============================================================
+ Verbose Summary: Binding
============================================================
N/A
* FSMD analyzer results:
  - Output states:
 - Input state : 
  - Chain level:
	State 1
	State 2
	State 3
	State 4
	State 5
	State 6
	State 7
	State 8
	State 9
	State 10
	State 11
	State 12
	State 13
	State 14
	State 15
	State 16
	State 17
	State 18
	State 19
	State 20
	State 21
	State 22
	State 23
	State 24
	State 25
	State 26
	State 27
	State 28


============================================================
+ Verbose Summary: Datapath Resource usage 
============================================================
N/A
