

================================================================
== Vitis HLS Report for 'systolic_array_Pipeline_VITIS_LOOP_168_5_VITIS_LOOP_169_6'
================================================================
* Date:           Wed Sep 28 10:01:32 2022

* Version:        2021.1 (Build 3247384 on Thu Jun 10 19:36:07 MDT 2021)
* Project:        sysArray_simple
* Solution:       solution1 (Vivado IP Flow Target)
* Product family: virtexuplus
* Target device:  xcu50-fsvh2104-2-e


================================================================
== Performance Estimates
================================================================
+ Timing: 
    * Summary: 
    +--------+---------+----------+------------+
    |  Clock |  Target | Estimated| Uncertainty|
    +--------+---------+----------+------------+
    |ap_clk  |  3.00 ns|  2.190 ns|     0.81 ns|
    +--------+---------+----------+------------+

+ Latency: 
    * Summary: 
    +---------+---------+-----------+-----------+-----+-----+---------+
    |  Latency (cycles) |   Latency (absolute)  |  Interval | Pipeline|
    |   min   |   max   |    min    |    max    | min | max |   Type  |
    +---------+---------+-----------+-----------+-----+-----+---------+
    |       18|       18|  54.000 ns|  54.000 ns|   18|   18|       no|
    +---------+---------+-----------+-----------+-----+-----+---------+

    + Detail: 
        * Instance: 
        N/A

        * Loop: 
        +-------------------------------------+---------+---------+----------+-----------+-----------+------+----------+
        |                                     |  Latency (cycles) | Iteration|  Initiation Interval  | Trip |          |
        |              Loop Name              |   min   |   max   |  Latency |  achieved |   target  | Count| Pipelined|
        +-------------------------------------+---------+---------+----------+-----------+-----------+------+----------+
        |- VITIS_LOOP_168_5_VITIS_LOOP_169_6  |       16|       16|         2|          1|          1|    16|       yes|
        +-------------------------------------+---------+---------+----------+-----------+-----------+------+----------+

============================================================
+ Verbose Summary: Synthesis Manager
============================================================
InlineROM: 1
ExposeGlobal: 0
============================================================
+ Verbose Summary: CDFG Model
============================================================
IsTopModel: 0
ResetActiveHigh: 1
IsCombinational: 0
IsDatapathOnly: 0
HasWiredReturn: 1
HasMFsm: 2
HasVarLatency: 1
IsPipeline: 0
IsRtlPipelined: 0
IsInstanceOverlapped: 0
IsDontTouch: 0
HasImplIP: 0
IsGatedGlobalClock: 0

+ Individual pipeline summary: 
  * Pipeline-0: initiation interval (II) = 1, depth = 2


============================================================
+ Verbose Summary: Schedule
============================================================
* Number of FSM states : 2
* Pipeline : 1
  Pipeline-0 : II = 1, D = 2, States = { 1 2 }
* Dataflow Pipeline: 0

* FSM state transitions: 
1 --> 2 
2 --> 

* FSM state operations: 

State 1 <SV = 0> <Delay = 1.73>
ST_1 : Operation 5 [1/1] (0.00ns)   --->   "%j = alloca i32 1"   --->   Operation 5 'alloca' 'j' <Predicate = true> <Delay = 0.00>
ST_1 : Operation 6 [1/1] (0.00ns)   --->   "%i = alloca i32 1"   --->   Operation 6 'alloca' 'i' <Predicate = true> <Delay = 0.00>
ST_1 : Operation 7 [1/1] (0.00ns)   --->   "%indvar_flatten23 = alloca i32 1"   --->   Operation 7 'alloca' 'indvar_flatten23' <Predicate = true> <Delay = 0.00>
ST_1 : Operation 8 [1/1] (0.00ns)   --->   "%pe_array_pe_val_3_3_5_reload_read = read i32 @_ssdm_op_Read.ap_auto.i32, i32 %pe_array_pe_val_3_3_5_reload"   --->   Operation 8 'read' 'pe_array_pe_val_3_3_5_reload_read' <Predicate = true> <Delay = 0.00>
ST_1 : Operation 9 [1/1] (0.00ns)   --->   "%pe_array_pe_val_3_2_5_reload_read = read i32 @_ssdm_op_Read.ap_auto.i32, i32 %pe_array_pe_val_3_2_5_reload"   --->   Operation 9 'read' 'pe_array_pe_val_3_2_5_reload_read' <Predicate = true> <Delay = 0.00>
ST_1 : Operation 10 [1/1] (0.00ns)   --->   "%pe_array_pe_val_3_1_5_reload_read = read i32 @_ssdm_op_Read.ap_auto.i32, i32 %pe_array_pe_val_3_1_5_reload"   --->   Operation 10 'read' 'pe_array_pe_val_3_1_5_reload_read' <Predicate = true> <Delay = 0.00>
ST_1 : Operation 11 [1/1] (0.00ns)   --->   "%pe_array_pe_val_3_0_5_reload_read = read i32 @_ssdm_op_Read.ap_auto.i32, i32 %pe_array_pe_val_3_0_5_reload"   --->   Operation 11 'read' 'pe_array_pe_val_3_0_5_reload_read' <Predicate = true> <Delay = 0.00>
ST_1 : Operation 12 [1/1] (0.00ns)   --->   "%pe_array_pe_val_2_3_5_reload_read = read i32 @_ssdm_op_Read.ap_auto.i32, i32 %pe_array_pe_val_2_3_5_reload"   --->   Operation 12 'read' 'pe_array_pe_val_2_3_5_reload_read' <Predicate = true> <Delay = 0.00>
ST_1 : Operation 13 [1/1] (0.00ns)   --->   "%pe_array_pe_val_2_2_5_reload_read = read i32 @_ssdm_op_Read.ap_auto.i32, i32 %pe_array_pe_val_2_2_5_reload"   --->   Operation 13 'read' 'pe_array_pe_val_2_2_5_reload_read' <Predicate = true> <Delay = 0.00>
ST_1 : Operation 14 [1/1] (0.00ns)   --->   "%pe_array_pe_val_2_1_5_reload_read = read i32 @_ssdm_op_Read.ap_auto.i32, i32 %pe_array_pe_val_2_1_5_reload"   --->   Operation 14 'read' 'pe_array_pe_val_2_1_5_reload_read' <Predicate = true> <Delay = 0.00>
ST_1 : Operation 15 [1/1] (0.00ns)   --->   "%pe_array_pe_val_2_0_5_reload_read = read i32 @_ssdm_op_Read.ap_auto.i32, i32 %pe_array_pe_val_2_0_5_reload"   --->   Operation 15 'read' 'pe_array_pe_val_2_0_5_reload_read' <Predicate = true> <Delay = 0.00>
ST_1 : Operation 16 [1/1] (0.00ns)   --->   "%pe_array_pe_val_1_3_5_reload_read = read i32 @_ssdm_op_Read.ap_auto.i32, i32 %pe_array_pe_val_1_3_5_reload"   --->   Operation 16 'read' 'pe_array_pe_val_1_3_5_reload_read' <Predicate = true> <Delay = 0.00>
ST_1 : Operation 17 [1/1] (0.00ns)   --->   "%pe_array_pe_val_1_2_5_reload_read = read i32 @_ssdm_op_Read.ap_auto.i32, i32 %pe_array_pe_val_1_2_5_reload"   --->   Operation 17 'read' 'pe_array_pe_val_1_2_5_reload_read' <Predicate = true> <Delay = 0.00>
ST_1 : Operation 18 [1/1] (0.00ns)   --->   "%pe_array_pe_val_1_1_5_reload_read = read i32 @_ssdm_op_Read.ap_auto.i32, i32 %pe_array_pe_val_1_1_5_reload"   --->   Operation 18 'read' 'pe_array_pe_val_1_1_5_reload_read' <Predicate = true> <Delay = 0.00>
ST_1 : Operation 19 [1/1] (0.00ns)   --->   "%pe_array_pe_val_1_0_5_reload_read = read i32 @_ssdm_op_Read.ap_auto.i32, i32 %pe_array_pe_val_1_0_5_reload"   --->   Operation 19 'read' 'pe_array_pe_val_1_0_5_reload_read' <Predicate = true> <Delay = 0.00>
ST_1 : Operation 20 [1/1] (0.00ns)   --->   "%pe_array_pe_val_0_3_5_reload_read = read i32 @_ssdm_op_Read.ap_auto.i32, i32 %pe_array_pe_val_0_3_5_reload"   --->   Operation 20 'read' 'pe_array_pe_val_0_3_5_reload_read' <Predicate = true> <Delay = 0.00>
ST_1 : Operation 21 [1/1] (0.00ns)   --->   "%pe_array_pe_val_0_2_5_reload_read = read i32 @_ssdm_op_Read.ap_auto.i32, i32 %pe_array_pe_val_0_2_5_reload"   --->   Operation 21 'read' 'pe_array_pe_val_0_2_5_reload_read' <Predicate = true> <Delay = 0.00>
ST_1 : Operation 22 [1/1] (0.00ns)   --->   "%pe_array_pe_val_0_1_5_reload_read = read i32 @_ssdm_op_Read.ap_auto.i32, i32 %pe_array_pe_val_0_1_5_reload"   --->   Operation 22 'read' 'pe_array_pe_val_0_1_5_reload_read' <Predicate = true> <Delay = 0.00>
ST_1 : Operation 23 [1/1] (0.00ns)   --->   "%pe_array_pe_val_0_0_5_reload_read = read i32 @_ssdm_op_Read.ap_auto.i32, i32 %pe_array_pe_val_0_0_5_reload"   --->   Operation 23 'read' 'pe_array_pe_val_0_0_5_reload_read' <Predicate = true> <Delay = 0.00>
ST_1 : Operation 24 [1/1] (0.00ns)   --->   "%sext_ln168_read = read i62 @_ssdm_op_Read.ap_auto.i62, i62 %sext_ln168"   --->   Operation 24 'read' 'sext_ln168_read' <Predicate = true> <Delay = 0.00>
ST_1 : Operation 25 [1/1] (0.00ns)   --->   "%sext_ln168_cast = sext i62 %sext_ln168_read"   --->   Operation 25 'sext' 'sext_ln168_cast' <Predicate = true> <Delay = 0.00>
ST_1 : Operation 26 [1/1] (0.00ns)   --->   "%specinterface_ln0 = specinterface void @_ssdm_op_SpecInterface, i32 %gmem, void @empty_4, i32 0, i32 0, void @empty_13, i32 0, i32 32, void @empty_14, void @empty_8, void @empty_13, i32 16, i32 16, i32 16, i32 16, void @empty_13, void @empty_13"   --->   Operation 26 'specinterface' 'specinterface_ln0' <Predicate = true> <Delay = 0.00>
ST_1 : Operation 27 [1/1] (0.38ns)   --->   "%store_ln0 = store i5 0, i5 %indvar_flatten23"   --->   Operation 27 'store' 'store_ln0' <Predicate = true> <Delay = 0.38>
ST_1 : Operation 28 [1/1] (0.38ns)   --->   "%store_ln0 = store i3 0, i3 %i"   --->   Operation 28 'store' 'store_ln0' <Predicate = true> <Delay = 0.38>
ST_1 : Operation 29 [1/1] (0.38ns)   --->   "%store_ln0 = store i3 0, i3 %j"   --->   Operation 29 'store' 'store_ln0' <Predicate = true> <Delay = 0.38>
ST_1 : Operation 30 [1/1] (0.00ns)   --->   "%br_ln0 = br void"   --->   Operation 30 'br' 'br_ln0' <Predicate = true> <Delay = 0.00>
ST_1 : Operation 31 [1/1] (0.00ns)   --->   "%indvar_flatten23_load = load i5 %indvar_flatten23" [sysArray_simple/sysArray.cpp:168]   --->   Operation 31 'load' 'indvar_flatten23_load' <Predicate = true> <Delay = 0.00>
ST_1 : Operation 32 [1/1] (0.00ns)   --->   "%gmem_addr = getelementptr i32 %gmem, i64 %sext_ln168_cast" [sysArray_simple/sysArray.cpp:168]   --->   Operation 32 'getelementptr' 'gmem_addr' <Predicate = true> <Delay = 0.00>
ST_1 : Operation 33 [1/1] (0.00ns)   --->   "%specpipeline_ln0 = specpipeline void @_ssdm_op_SpecPipeline, i32 4294967295, i32 0, i32 1, i32 0, void @p_str"   --->   Operation 33 'specpipeline' 'specpipeline_ln0' <Predicate = true> <Delay = 0.00>
ST_1 : Operation 34 [1/1] (0.63ns)   --->   "%icmp_ln168 = icmp_eq  i5 %indvar_flatten23_load, i5 16" [sysArray_simple/sysArray.cpp:168]   --->   Operation 34 'icmp' 'icmp_ln168' <Predicate = true> <Delay = 0.63> <CoreInst = "Cmp">   --->   Core 9 'Cmp' <Latency = 0> <II = 1> <Delay = 0.49> <FuncUnit> <Opcode : 'icmp'> <InPorts = 2> <OutPorts = 1>
ST_1 : Operation 35 [1/1] (0.70ns)   --->   "%add_ln168 = add i5 %indvar_flatten23_load, i5 1" [sysArray_simple/sysArray.cpp:168]   --->   Operation 35 'add' 'add_ln168' <Predicate = true> <Delay = 0.70> <CoreInst = "Adder">   --->   Core 1 'Adder' <Latency = 0> <II = 1> <Delay = 0.57> <FuncUnit> <Opcode : 'add' 'sub'> <InPorts = 2> <OutPorts = 1>
ST_1 : Operation 36 [1/1] (0.00ns)   --->   "%br_ln168 = br i1 %icmp_ln168, void %.split4, void %.exitStub" [sysArray_simple/sysArray.cpp:168]   --->   Operation 36 'br' 'br_ln168' <Predicate = true> <Delay = 0.00>
ST_1 : Operation 37 [1/1] (0.00ns)   --->   "%j_load = load i3 %j" [sysArray_simple/sysArray.cpp:169]   --->   Operation 37 'load' 'j_load' <Predicate = (!icmp_ln168)> <Delay = 0.00>
ST_1 : Operation 38 [1/1] (0.00ns)   --->   "%i_load = load i3 %i" [sysArray_simple/sysArray.cpp:168]   --->   Operation 38 'load' 'i_load' <Predicate = (!icmp_ln168)> <Delay = 0.00>
ST_1 : Operation 39 [1/1] (0.49ns)   --->   "%icmp_ln169 = icmp_eq  i3 %j_load, i3 4" [sysArray_simple/sysArray.cpp:169]   --->   Operation 39 'icmp' 'icmp_ln169' <Predicate = (!icmp_ln168)> <Delay = 0.49> <CoreInst = "Cmp">   --->   Core 9 'Cmp' <Latency = 0> <II = 1> <Delay = 0.49> <FuncUnit> <Opcode : 'icmp'> <InPorts = 2> <OutPorts = 1>
ST_1 : Operation 40 [1/1] (0.27ns)   --->   "%select_ln168 = select i1 %icmp_ln169, i3 0, i3 %j_load" [sysArray_simple/sysArray.cpp:168]   --->   Operation 40 'select' 'select_ln168' <Predicate = (!icmp_ln168)> <Delay = 0.27> <CoreInst = "Sel">   --->   Core 73 'Sel' <Latency = 0> <II = 1> <Delay = 0.27> <FuncUnit> <Opcode : 'select'> <InPorts = 3> <OutPorts = 1>
ST_1 : Operation 41 [1/1] (0.57ns)   --->   "%add_ln168_1 = add i3 %i_load, i3 1" [sysArray_simple/sysArray.cpp:168]   --->   Operation 41 'add' 'add_ln168_1' <Predicate = (!icmp_ln168)> <Delay = 0.57> <CoreInst = "Adder">   --->   Core 1 'Adder' <Latency = 0> <II = 1> <Delay = 0.57> <FuncUnit> <Opcode : 'add' 'sub'> <InPorts = 2> <OutPorts = 1>
ST_1 : Operation 42 [1/1] (0.27ns)   --->   "%select_ln168_1 = select i1 %icmp_ln169, i3 %add_ln168_1, i3 %i_load" [sysArray_simple/sysArray.cpp:168]   --->   Operation 42 'select' 'select_ln168_1' <Predicate = (!icmp_ln168)> <Delay = 0.27> <CoreInst = "Sel">   --->   Core 73 'Sel' <Latency = 0> <II = 1> <Delay = 0.27> <FuncUnit> <Opcode : 'select'> <InPorts = 3> <OutPorts = 1>
ST_1 : Operation 43 [1/1] (0.00ns)   --->   "%trunc_ln168 = trunc i3 %select_ln168_1" [sysArray_simple/sysArray.cpp:168]   --->   Operation 43 'trunc' 'trunc_ln168' <Predicate = (!icmp_ln168)> <Delay = 0.00>
ST_1 : Operation 44 [1/1] (0.00ns)   --->   "%trunc_ln170 = trunc i3 %select_ln168" [sysArray_simple/sysArray.cpp:170]   --->   Operation 44 'trunc' 'trunc_ln170' <Predicate = (!icmp_ln168)> <Delay = 0.00>
ST_1 : Operation 45 [1/1] (0.00ns)   --->   "%tmp_1 = bitconcatenate i4 @_ssdm_op_BitConcatenate.i4.i2.i2, i2 %trunc_ln168, i2 %trunc_ln170" [sysArray_simple/sysArray.cpp:170]   --->   Operation 45 'bitconcatenate' 'tmp_1' <Predicate = (!icmp_ln168)> <Delay = 0.00>
ST_1 : Operation 46 [1/1] (0.00ns)   --->   "%zext_ln170 = zext i4 %tmp_1" [sysArray_simple/sysArray.cpp:170]   --->   Operation 46 'zext' 'zext_ln170' <Predicate = (!icmp_ln168)> <Delay = 0.00>
ST_1 : Operation 47 [1/1] (0.49ns)   --->   "%tmp = mux i32 @_ssdm_op_Mux.ap_auto.16i32.i5, i32 %pe_array_pe_val_0_0_5_reload_read, i32 %pe_array_pe_val_0_1_5_reload_read, i32 %pe_array_pe_val_0_2_5_reload_read, i32 %pe_array_pe_val_0_3_5_reload_read, i32 %pe_array_pe_val_1_0_5_reload_read, i32 %pe_array_pe_val_1_1_5_reload_read, i32 %pe_array_pe_val_1_2_5_reload_read, i32 %pe_array_pe_val_1_3_5_reload_read, i32 %pe_array_pe_val_2_0_5_reload_read, i32 %pe_array_pe_val_2_1_5_reload_read, i32 %pe_array_pe_val_2_2_5_reload_read, i32 %pe_array_pe_val_2_3_5_reload_read, i32 %pe_array_pe_val_3_0_5_reload_read, i32 %pe_array_pe_val_3_1_5_reload_read, i32 %pe_array_pe_val_3_2_5_reload_read, i32 %pe_array_pe_val_3_3_5_reload_read, i5 %zext_ln170" [sysArray_simple/sysArray.cpp:170]   --->   Operation 47 'mux' 'tmp' <Predicate = (!icmp_ln168)> <Delay = 0.49> <CoreInst = "Multiplexer">   --->   Core 76 'Multiplexer' <Latency = 0> <II = 1> <Delay = 0.49> <FuncUnit> <Opcode : 'mux'> <InPorts = 2> <OutPorts = 1>
ST_1 : Operation 48 [1/1] (0.57ns)   --->   "%add_ln169 = add i3 %select_ln168, i3 1" [sysArray_simple/sysArray.cpp:169]   --->   Operation 48 'add' 'add_ln169' <Predicate = (!icmp_ln168)> <Delay = 0.57> <CoreInst = "Adder">   --->   Core 1 'Adder' <Latency = 0> <II = 1> <Delay = 0.57> <FuncUnit> <Opcode : 'add' 'sub'> <InPorts = 2> <OutPorts = 1>
ST_1 : Operation 49 [1/1] (0.38ns)   --->   "%store_ln168 = store i5 %add_ln168, i5 %indvar_flatten23" [sysArray_simple/sysArray.cpp:168]   --->   Operation 49 'store' 'store_ln168' <Predicate = (!icmp_ln168)> <Delay = 0.38>
ST_1 : Operation 50 [1/1] (0.38ns)   --->   "%store_ln168 = store i3 %select_ln168_1, i3 %i" [sysArray_simple/sysArray.cpp:168]   --->   Operation 50 'store' 'store_ln168' <Predicate = (!icmp_ln168)> <Delay = 0.38>
ST_1 : Operation 51 [1/1] (0.38ns)   --->   "%store_ln169 = store i3 %add_ln169, i3 %j" [sysArray_simple/sysArray.cpp:169]   --->   Operation 51 'store' 'store_ln169' <Predicate = (!icmp_ln168)> <Delay = 0.38>
ST_1 : Operation 58 [1/1] (0.00ns)   --->   "%ret_ln0 = ret"   --->   Operation 58 'ret' 'ret_ln0' <Predicate = (icmp_ln168)> <Delay = 0.00>

State 2 <SV = 1> <Delay = 2.19>
ST_2 : Operation 52 [1/1] (0.00ns)   --->   "%specloopname_ln0 = specloopname void @_ssdm_op_SpecLoopName, void @VITIS_LOOP_168_5_VITIS_LOOP_169_6_str"   --->   Operation 52 'specloopname' 'specloopname_ln0' <Predicate = true> <Delay = 0.00>
ST_2 : Operation 53 [1/1] (0.00ns)   --->   "%empty = speclooptripcount i32 @_ssdm_op_SpecLoopTripCount, i64 16, i64 16, i64 16"   --->   Operation 53 'speclooptripcount' 'empty' <Predicate = true> <Delay = 0.00>
ST_2 : Operation 54 [1/1] (0.00ns)   --->   "%specpipeline_ln0 = specpipeline void @_ssdm_op_SpecPipeline, i32 4294967295, i32 0, i32 1, i32 0, void @p_str"   --->   Operation 54 'specpipeline' 'specpipeline_ln0' <Predicate = true> <Delay = 0.00>
ST_2 : Operation 55 [1/1] (0.00ns)   --->   "%specloopname_ln169 = specloopname void @_ssdm_op_SpecLoopName, void @empty_6" [sysArray_simple/sysArray.cpp:169]   --->   Operation 55 'specloopname' 'specloopname_ln169' <Predicate = true> <Delay = 0.00>
ST_2 : Operation 56 [1/1] (2.19ns)   --->   "%write_ln170 = write void @_ssdm_op_Write.m_axi.p1i32, i32 %gmem_addr, i32 %tmp, i4 15" [sysArray_simple/sysArray.cpp:170]   --->   Operation 56 'write' 'write_ln170' <Predicate = true> <Delay = 2.19> <CoreInst = "m_axi">   --->   Core 121 'm_axi' <Latency = 6> <II = 1> <Delay = 1.00> <Adapter> <Opcode : 'read' 'write' 'readreq' 'writereq' 'writeresp'>
ST_2 : Operation 57 [1/1] (0.00ns)   --->   "%br_ln0 = br void"   --->   Operation 57 'br' 'br_ln0' <Predicate = true> <Delay = 0.00>


============================================================
+ Verbose Summary: Binding
============================================================
STG Binding: 
---------------- STG Properties BEGIN ----------------
- Is combinational: 0
- Is one-state seq: 0
- Is datapath-only: 0
- Is pipelined: 0
- Is top level: 0
Port [ Return ] is wired: 1; IO mode=ap_ctrl_hs:ce=0
Port [ gmem]:  wired=1; compound=1; hidden=0; nouse=0; global=0; static=0; extern=0; dir=1; type=4; pingpong=0; private_global=0; IO mode=m_axi:ce=0
Port [ sext_ln168]:  wired=1; compound=0; hidden=0; nouse=0; global=0; static=0; extern=0; dir=0; type=0; pingpong=0; private_global=0; IO mode=ap_none:ce=0
Port [ pe_array_pe_val_0_0_5_reload]:  wired=1; compound=0; hidden=0; nouse=0; global=0; static=0; extern=0; dir=0; type=0; pingpong=0; private_global=0; IO mode=ap_none:ce=0
Port [ pe_array_pe_val_0_1_5_reload]:  wired=1; compound=0; hidden=0; nouse=0; global=0; static=0; extern=0; dir=0; type=0; pingpong=0; private_global=0; IO mode=ap_none:ce=0
Port [ pe_array_pe_val_0_2_5_reload]:  wired=1; compound=0; hidden=0; nouse=0; global=0; static=0; extern=0; dir=0; type=0; pingpong=0; private_global=0; IO mode=ap_none:ce=0
Port [ pe_array_pe_val_0_3_5_reload]:  wired=1; compound=0; hidden=0; nouse=0; global=0; static=0; extern=0; dir=0; type=0; pingpong=0; private_global=0; IO mode=ap_none:ce=0
Port [ pe_array_pe_val_1_0_5_reload]:  wired=1; compound=0; hidden=0; nouse=0; global=0; static=0; extern=0; dir=0; type=0; pingpong=0; private_global=0; IO mode=ap_none:ce=0
Port [ pe_array_pe_val_1_1_5_reload]:  wired=1; compound=0; hidden=0; nouse=0; global=0; static=0; extern=0; dir=0; type=0; pingpong=0; private_global=0; IO mode=ap_none:ce=0
Port [ pe_array_pe_val_1_2_5_reload]:  wired=1; compound=0; hidden=0; nouse=0; global=0; static=0; extern=0; dir=0; type=0; pingpong=0; private_global=0; IO mode=ap_none:ce=0
Port [ pe_array_pe_val_1_3_5_reload]:  wired=1; compound=0; hidden=0; nouse=0; global=0; static=0; extern=0; dir=0; type=0; pingpong=0; private_global=0; IO mode=ap_none:ce=0
Port [ pe_array_pe_val_2_0_5_reload]:  wired=1; compound=0; hidden=0; nouse=0; global=0; static=0; extern=0; dir=0; type=0; pingpong=0; private_global=0; IO mode=ap_none:ce=0
Port [ pe_array_pe_val_2_1_5_reload]:  wired=1; compound=0; hidden=0; nouse=0; global=0; static=0; extern=0; dir=0; type=0; pingpong=0; private_global=0; IO mode=ap_none:ce=0
Port [ pe_array_pe_val_2_2_5_reload]:  wired=1; compound=0; hidden=0; nouse=0; global=0; static=0; extern=0; dir=0; type=0; pingpong=0; private_global=0; IO mode=ap_none:ce=0
Port [ pe_array_pe_val_2_3_5_reload]:  wired=1; compound=0; hidden=0; nouse=0; global=0; static=0; extern=0; dir=0; type=0; pingpong=0; private_global=0; IO mode=ap_none:ce=0
Port [ pe_array_pe_val_3_0_5_reload]:  wired=1; compound=0; hidden=0; nouse=0; global=0; static=0; extern=0; dir=0; type=0; pingpong=0; private_global=0; IO mode=ap_none:ce=0
Port [ pe_array_pe_val_3_1_5_reload]:  wired=1; compound=0; hidden=0; nouse=0; global=0; static=0; extern=0; dir=0; type=0; pingpong=0; private_global=0; IO mode=ap_none:ce=0
Port [ pe_array_pe_val_3_2_5_reload]:  wired=1; compound=0; hidden=0; nouse=0; global=0; static=0; extern=0; dir=0; type=0; pingpong=0; private_global=0; IO mode=ap_none:ce=0
Port [ pe_array_pe_val_3_3_5_reload]:  wired=1; compound=0; hidden=0; nouse=0; global=0; static=0; extern=0; dir=0; type=0; pingpong=0; private_global=0; IO mode=ap_none:ce=0
---------------- STG Properties END ------------------

---------------- Datapath Model BEGIN ----------------

<LifeTime>
<method=bitvector/>
j                                 (alloca           ) [ 010]
i                                 (alloca           ) [ 010]
indvar_flatten23                  (alloca           ) [ 010]
pe_array_pe_val_3_3_5_reload_read (read             ) [ 000]
pe_array_pe_val_3_2_5_reload_read (read             ) [ 000]
pe_array_pe_val_3_1_5_reload_read (read             ) [ 000]
pe_array_pe_val_3_0_5_reload_read (read             ) [ 000]
pe_array_pe_val_2_3_5_reload_read (read             ) [ 000]
pe_array_pe_val_2_2_5_reload_read (read             ) [ 000]
pe_array_pe_val_2_1_5_reload_read (read             ) [ 000]
pe_array_pe_val_2_0_5_reload_read (read             ) [ 000]
pe_array_pe_val_1_3_5_reload_read (read             ) [ 000]
pe_array_pe_val_1_2_5_reload_read (read             ) [ 000]
pe_array_pe_val_1_1_5_reload_read (read             ) [ 000]
pe_array_pe_val_1_0_5_reload_read (read             ) [ 000]
pe_array_pe_val_0_3_5_reload_read (read             ) [ 000]
pe_array_pe_val_0_2_5_reload_read (read             ) [ 000]
pe_array_pe_val_0_1_5_reload_read (read             ) [ 000]
pe_array_pe_val_0_0_5_reload_read (read             ) [ 000]
sext_ln168_read                   (read             ) [ 000]
sext_ln168_cast                   (sext             ) [ 000]
specinterface_ln0                 (specinterface    ) [ 000]
store_ln0                         (store            ) [ 000]
store_ln0                         (store            ) [ 000]
store_ln0                         (store            ) [ 000]
br_ln0                            (br               ) [ 000]
indvar_flatten23_load             (load             ) [ 000]
gmem_addr                         (getelementptr    ) [ 011]
specpipeline_ln0                  (specpipeline     ) [ 000]
icmp_ln168                        (icmp             ) [ 010]
add_ln168                         (add              ) [ 000]
br_ln168                          (br               ) [ 000]
j_load                            (load             ) [ 000]
i_load                            (load             ) [ 000]
icmp_ln169                        (icmp             ) [ 000]
select_ln168                      (select           ) [ 000]
add_ln168_1                       (add              ) [ 000]
select_ln168_1                    (select           ) [ 000]
trunc_ln168                       (trunc            ) [ 000]
trunc_ln170                       (trunc            ) [ 000]
tmp_1                             (bitconcatenate   ) [ 000]
zext_ln170                        (zext             ) [ 000]
tmp                               (mux              ) [ 011]
add_ln169                         (add              ) [ 000]
store_ln168                       (store            ) [ 000]
store_ln168                       (store            ) [ 000]
store_ln169                       (store            ) [ 000]
specloopname_ln0                  (specloopname     ) [ 000]
empty                             (speclooptripcount) [ 000]
specpipeline_ln0                  (specpipeline     ) [ 000]
specloopname_ln169                (specloopname     ) [ 000]
write_ln170                       (write            ) [ 000]
br_ln0                            (br               ) [ 000]
ret_ln0                           (ret              ) [ 000]
</LifeTime>

<model>

<comp_list>
<comp id="0" class="1000" name="gmem">
<pin_list>
<pin id="1" dir="1" index="0" bw="1" slack="0"/>
</pin_list>
<bind>
<StgValue><ssdm name="gmem"/></StgValue>
</bind>
</comp>

<comp id="2" class="1000" name="sext_ln168">
<pin_list>
<pin id="3" dir="1" index="0" bw="1" slack="0"/>
</pin_list>
<bind>
<StgValue><ssdm name="sext_ln168"/></StgValue>
</bind>
</comp>

<comp id="4" class="1000" name="pe_array_pe_val_0_0_5_reload">
<pin_list>
<pin id="5" dir="1" index="0" bw="1" slack="0"/>
</pin_list>
<bind>
<StgValue><ssdm name="pe_array_pe_val_0_0_5_reload"/></StgValue>
</bind>
</comp>

<comp id="6" class="1000" name="pe_array_pe_val_0_1_5_reload">
<pin_list>
<pin id="7" dir="1" index="0" bw="1" slack="0"/>
</pin_list>
<bind>
<StgValue><ssdm name="pe_array_pe_val_0_1_5_reload"/></StgValue>
</bind>
</comp>

<comp id="8" class="1000" name="pe_array_pe_val_0_2_5_reload">
<pin_list>
<pin id="9" dir="1" index="0" bw="1" slack="0"/>
</pin_list>
<bind>
<StgValue><ssdm name="pe_array_pe_val_0_2_5_reload"/></StgValue>
</bind>
</comp>

<comp id="10" class="1000" name="pe_array_pe_val_0_3_5_reload">
<pin_list>
<pin id="11" dir="1" index="0" bw="1" slack="0"/>
</pin_list>
<bind>
<StgValue><ssdm name="pe_array_pe_val_0_3_5_reload"/></StgValue>
</bind>
</comp>

<comp id="12" class="1000" name="pe_array_pe_val_1_0_5_reload">
<pin_list>
<pin id="13" dir="1" index="0" bw="1" slack="0"/>
</pin_list>
<bind>
<StgValue><ssdm name="pe_array_pe_val_1_0_5_reload"/></StgValue>
</bind>
</comp>

<comp id="14" class="1000" name="pe_array_pe_val_1_1_5_reload">
<pin_list>
<pin id="15" dir="1" index="0" bw="1" slack="0"/>
</pin_list>
<bind>
<StgValue><ssdm name="pe_array_pe_val_1_1_5_reload"/></StgValue>
</bind>
</comp>

<comp id="16" class="1000" name="pe_array_pe_val_1_2_5_reload">
<pin_list>
<pin id="17" dir="1" index="0" bw="1" slack="0"/>
</pin_list>
<bind>
<StgValue><ssdm name="pe_array_pe_val_1_2_5_reload"/></StgValue>
</bind>
</comp>

<comp id="18" class="1000" name="pe_array_pe_val_1_3_5_reload">
<pin_list>
<pin id="19" dir="1" index="0" bw="1" slack="0"/>
</pin_list>
<bind>
<StgValue><ssdm name="pe_array_pe_val_1_3_5_reload"/></StgValue>
</bind>
</comp>

<comp id="20" class="1000" name="pe_array_pe_val_2_0_5_reload">
<pin_list>
<pin id="21" dir="1" index="0" bw="1" slack="0"/>
</pin_list>
<bind>
<StgValue><ssdm name="pe_array_pe_val_2_0_5_reload"/></StgValue>
</bind>
</comp>

<comp id="22" class="1000" name="pe_array_pe_val_2_1_5_reload">
<pin_list>
<pin id="23" dir="1" index="0" bw="1" slack="0"/>
</pin_list>
<bind>
<StgValue><ssdm name="pe_array_pe_val_2_1_5_reload"/></StgValue>
</bind>
</comp>

<comp id="24" class="1000" name="pe_array_pe_val_2_2_5_reload">
<pin_list>
<pin id="25" dir="1" index="0" bw="1" slack="0"/>
</pin_list>
<bind>
<StgValue><ssdm name="pe_array_pe_val_2_2_5_reload"/></StgValue>
</bind>
</comp>

<comp id="26" class="1000" name="pe_array_pe_val_2_3_5_reload">
<pin_list>
<pin id="27" dir="1" index="0" bw="1" slack="0"/>
</pin_list>
<bind>
<StgValue><ssdm name="pe_array_pe_val_2_3_5_reload"/></StgValue>
</bind>
</comp>

<comp id="28" class="1000" name="pe_array_pe_val_3_0_5_reload">
<pin_list>
<pin id="29" dir="1" index="0" bw="1" slack="0"/>
</pin_list>
<bind>
<StgValue><ssdm name="pe_array_pe_val_3_0_5_reload"/></StgValue>
</bind>
</comp>

<comp id="30" class="1000" name="pe_array_pe_val_3_1_5_reload">
<pin_list>
<pin id="31" dir="1" index="0" bw="1" slack="0"/>
</pin_list>
<bind>
<StgValue><ssdm name="pe_array_pe_val_3_1_5_reload"/></StgValue>
</bind>
</comp>

<comp id="32" class="1000" name="pe_array_pe_val_3_2_5_reload">
<pin_list>
<pin id="33" dir="1" index="0" bw="1" slack="0"/>
</pin_list>
<bind>
<StgValue><ssdm name="pe_array_pe_val_3_2_5_reload"/></StgValue>
</bind>
</comp>

<comp id="34" class="1000" name="pe_array_pe_val_3_3_5_reload">
<pin_list>
<pin id="35" dir="1" index="0" bw="1" slack="0"/>
</pin_list>
<bind>
<StgValue><ssdm name="pe_array_pe_val_3_3_5_reload"/></StgValue>
</bind>
</comp>

<comp id="36" class="1001" name="const_36">
<pin_list>
<pin id="37" dir="1" index="0" bw="1" slack="0"/>
</pin_list>
<bind>
<StgValue><ssdm name=""/></StgValue>
</bind>
</comp>

<comp id="38" class="1001" name="const_38">
<pin_list>
<pin id="39" dir="1" index="0" bw="1" slack="0"/>
</pin_list>
<bind>
<StgValue><ssdm name="_ssdm_op_Read.ap_auto.i32"/></StgValue>
</bind>
</comp>

<comp id="40" class="1001" name="const_40">
<pin_list>
<pin id="41" dir="1" index="0" bw="1" slack="0"/>
</pin_list>
<bind>
<StgValue><ssdm name="_ssdm_op_Read.ap_auto.i62"/></StgValue>
</bind>
</comp>

<comp id="42" class="1001" name="const_42">
<pin_list>
<pin id="43" dir="1" index="0" bw="1" slack="2147483647"/>
</pin_list>
<bind>
<StgValue><ssdm name="_ssdm_op_SpecInterface"/></StgValue>
</bind>
</comp>

<comp id="44" class="1001" name="const_44">
<pin_list>
<pin id="45" dir="1" index="0" bw="1" slack="2147483647"/>
</pin_list>
<bind>
<StgValue><ssdm name="empty_4"/></StgValue>
</bind>
</comp>

<comp id="46" class="1001" name="const_46">
<pin_list>
<pin id="47" dir="1" index="0" bw="1" slack="2147483647"/>
</pin_list>
<bind>
<StgValue><ssdm name=""/></StgValue>
</bind>
</comp>

<comp id="48" class="1001" name="const_48">
<pin_list>
<pin id="49" dir="1" index="0" bw="1" slack="2147483647"/>
</pin_list>
<bind>
<StgValue><ssdm name="empty_13"/></StgValue>
</bind>
</comp>

<comp id="50" class="1001" name="const_50">
<pin_list>
<pin id="51" dir="1" index="0" bw="1" slack="2147483647"/>
</pin_list>
<bind>
<StgValue><ssdm name=""/></StgValue>
</bind>
</comp>

<comp id="52" class="1001" name="const_52">
<pin_list>
<pin id="53" dir="1" index="0" bw="1" slack="2147483647"/>
</pin_list>
<bind>
<StgValue><ssdm name="empty_14"/></StgValue>
</bind>
</comp>

<comp id="54" class="1001" name="const_54">
<pin_list>
<pin id="55" dir="1" index="0" bw="1" slack="2147483647"/>
</pin_list>
<bind>
<StgValue><ssdm name="empty_8"/></StgValue>
</bind>
</comp>

<comp id="56" class="1001" name="const_56">
<pin_list>
<pin id="57" dir="1" index="0" bw="1" slack="2147483647"/>
</pin_list>
<bind>
<StgValue><ssdm name=""/></StgValue>
</bind>
</comp>

<comp id="58" class="1001" name="const_58">
<pin_list>
<pin id="59" dir="1" index="0" bw="1" slack="0"/>
</pin_list>
<bind>
<StgValue><ssdm name=""/></StgValue>
</bind>
</comp>

<comp id="60" class="1001" name="const_60">
<pin_list>
<pin id="61" dir="1" index="0" bw="1" slack="0"/>
</pin_list>
<bind>
<StgValue><ssdm name=""/></StgValue>
</bind>
</comp>

<comp id="62" class="1001" name="const_62">
<pin_list>
<pin id="63" dir="1" index="0" bw="1" slack="2147483647"/>
</pin_list>
<bind>
<StgValue><ssdm name="_ssdm_op_SpecPipeline"/></StgValue>
</bind>
</comp>

<comp id="64" class="1001" name="const_64">
<pin_list>
<pin id="65" dir="1" index="0" bw="1" slack="2147483647"/>
</pin_list>
<bind>
<StgValue><ssdm name=""/></StgValue>
</bind>
</comp>

<comp id="66" class="1001" name="const_66">
<pin_list>
<pin id="67" dir="1" index="0" bw="1" slack="2147483647"/>
</pin_list>
<bind>
<StgValue><ssdm name="p_str"/></StgValue>
</bind>
</comp>

<comp id="68" class="1001" name="const_68">
<pin_list>
<pin id="69" dir="1" index="0" bw="1" slack="0"/>
</pin_list>
<bind>
<StgValue><ssdm name=""/></StgValue>
</bind>
</comp>

<comp id="70" class="1001" name="const_70">
<pin_list>
<pin id="71" dir="1" index="0" bw="1" slack="0"/>
</pin_list>
<bind>
<StgValue><ssdm name=""/></StgValue>
</bind>
</comp>

<comp id="72" class="1001" name="const_72">
<pin_list>
<pin id="73" dir="1" index="0" bw="1" slack="0"/>
</pin_list>
<bind>
<StgValue><ssdm name=""/></StgValue>
</bind>
</comp>

<comp id="74" class="1001" name="const_74">
<pin_list>
<pin id="75" dir="1" index="0" bw="1" slack="0"/>
</pin_list>
<bind>
<StgValue><ssdm name=""/></StgValue>
</bind>
</comp>

<comp id="76" class="1001" name="const_76">
<pin_list>
<pin id="77" dir="1" index="0" bw="1" slack="0"/>
</pin_list>
<bind>
<StgValue><ssdm name="_ssdm_op_BitConcatenate.i4.i2.i2"/></StgValue>
</bind>
</comp>

<comp id="78" class="1001" name="const_78">
<pin_list>
<pin id="79" dir="1" index="0" bw="1" slack="0"/>
</pin_list>
<bind>
<StgValue><ssdm name="_ssdm_op_Mux.ap_auto.16i32.i5"/></StgValue>
</bind>
</comp>

<comp id="80" class="1001" name="const_80">
<pin_list>
<pin id="81" dir="1" index="0" bw="1" slack="2147483647"/>
</pin_list>
<bind>
<StgValue><ssdm name="_ssdm_op_SpecLoopName"/></StgValue>
</bind>
</comp>

<comp id="82" class="1001" name="const_82">
<pin_list>
<pin id="83" dir="1" index="0" bw="1" slack="2147483647"/>
</pin_list>
<bind>
<StgValue><ssdm name="VITIS_LOOP_168_5_VITIS_LOOP_169_6_str"/></StgValue>
</bind>
</comp>

<comp id="84" class="1001" name="const_84">
<pin_list>
<pin id="85" dir="1" index="0" bw="1" slack="2147483647"/>
</pin_list>
<bind>
<StgValue><ssdm name="_ssdm_op_SpecLoopTripCount"/></StgValue>
</bind>
</comp>

<comp id="86" class="1001" name="const_86">
<pin_list>
<pin id="87" dir="1" index="0" bw="1" slack="2147483647"/>
</pin_list>
<bind>
<StgValue><ssdm name=""/></StgValue>
</bind>
</comp>

<comp id="88" class="1001" name="const_88">
<pin_list>
<pin id="89" dir="1" index="0" bw="1" slack="2147483647"/>
</pin_list>
<bind>
<StgValue><ssdm name="empty_6"/></StgValue>
</bind>
</comp>

<comp id="90" class="1001" name="const_90">
<pin_list>
<pin id="91" dir="1" index="0" bw="1" slack="0"/>
</pin_list>
<bind>
<StgValue><ssdm name="_ssdm_op_Write.m_axi.p1i32"/></StgValue>
</bind>
</comp>

<comp id="92" class="1001" name="const_92">
<pin_list>
<pin id="93" dir="1" index="0" bw="1" slack="0"/>
</pin_list>
<bind>
<StgValue><ssdm name=""/></StgValue>
</bind>
</comp>

<comp id="94" class="1004" name="j_fu_94">
<pin_list>
<pin id="95" dir="0" index="0" bw="1" slack="0"/>
<pin id="96" dir="1" index="1" bw="3" slack="0"/>
</pin_list>
<bind>
<opcode="alloca(26) " fcode="alloca"/>
<opset="j/1 "/>
</bind>
</comp>

<comp id="98" class="1004" name="i_fu_98">
<pin_list>
<pin id="99" dir="0" index="0" bw="1" slack="0"/>
<pin id="100" dir="1" index="1" bw="3" slack="0"/>
</pin_list>
<bind>
<opcode="alloca(26) " fcode="alloca"/>
<opset="i/1 "/>
</bind>
</comp>

<comp id="102" class="1004" name="indvar_flatten23_fu_102">
<pin_list>
<pin id="103" dir="0" index="0" bw="1" slack="0"/>
<pin id="104" dir="1" index="1" bw="5" slack="0"/>
</pin_list>
<bind>
<opcode="alloca(26) " fcode="alloca"/>
<opset="indvar_flatten23/1 "/>
</bind>
</comp>

<comp id="106" class="1004" name="pe_array_pe_val_3_3_5_reload_read_read_fu_106">
<pin_list>
<pin id="107" dir="0" index="0" bw="32" slack="0"/>
<pin id="108" dir="0" index="1" bw="32" slack="0"/>
<pin id="109" dir="1" index="2" bw="32" slack="0"/>
</pin_list>
<bind>
<opcode="read(1150) " fcode="read"/>
<opset="pe_array_pe_val_3_3_5_reload_read/1 "/>
</bind>
</comp>

<comp id="112" class="1004" name="pe_array_pe_val_3_2_5_reload_read_read_fu_112">
<pin_list>
<pin id="113" dir="0" index="0" bw="32" slack="0"/>
<pin id="114" dir="0" index="1" bw="32" slack="0"/>
<pin id="115" dir="1" index="2" bw="32" slack="0"/>
</pin_list>
<bind>
<opcode="read(1150) " fcode="read"/>
<opset="pe_array_pe_val_3_2_5_reload_read/1 "/>
</bind>
</comp>

<comp id="118" class="1004" name="pe_array_pe_val_3_1_5_reload_read_read_fu_118">
<pin_list>
<pin id="119" dir="0" index="0" bw="32" slack="0"/>
<pin id="120" dir="0" index="1" bw="32" slack="0"/>
<pin id="121" dir="1" index="2" bw="32" slack="0"/>
</pin_list>
<bind>
<opcode="read(1150) " fcode="read"/>
<opset="pe_array_pe_val_3_1_5_reload_read/1 "/>
</bind>
</comp>

<comp id="124" class="1004" name="pe_array_pe_val_3_0_5_reload_read_read_fu_124">
<pin_list>
<pin id="125" dir="0" index="0" bw="32" slack="0"/>
<pin id="126" dir="0" index="1" bw="32" slack="0"/>
<pin id="127" dir="1" index="2" bw="32" slack="0"/>
</pin_list>
<bind>
<opcode="read(1150) " fcode="read"/>
<opset="pe_array_pe_val_3_0_5_reload_read/1 "/>
</bind>
</comp>

<comp id="130" class="1004" name="pe_array_pe_val_2_3_5_reload_read_read_fu_130">
<pin_list>
<pin id="131" dir="0" index="0" bw="32" slack="0"/>
<pin id="132" dir="0" index="1" bw="32" slack="0"/>
<pin id="133" dir="1" index="2" bw="32" slack="0"/>
</pin_list>
<bind>
<opcode="read(1150) " fcode="read"/>
<opset="pe_array_pe_val_2_3_5_reload_read/1 "/>
</bind>
</comp>

<comp id="136" class="1004" name="pe_array_pe_val_2_2_5_reload_read_read_fu_136">
<pin_list>
<pin id="137" dir="0" index="0" bw="32" slack="0"/>
<pin id="138" dir="0" index="1" bw="32" slack="0"/>
<pin id="139" dir="1" index="2" bw="32" slack="0"/>
</pin_list>
<bind>
<opcode="read(1150) " fcode="read"/>
<opset="pe_array_pe_val_2_2_5_reload_read/1 "/>
</bind>
</comp>

<comp id="142" class="1004" name="pe_array_pe_val_2_1_5_reload_read_read_fu_142">
<pin_list>
<pin id="143" dir="0" index="0" bw="32" slack="0"/>
<pin id="144" dir="0" index="1" bw="32" slack="0"/>
<pin id="145" dir="1" index="2" bw="32" slack="0"/>
</pin_list>
<bind>
<opcode="read(1150) " fcode="read"/>
<opset="pe_array_pe_val_2_1_5_reload_read/1 "/>
</bind>
</comp>

<comp id="148" class="1004" name="pe_array_pe_val_2_0_5_reload_read_read_fu_148">
<pin_list>
<pin id="149" dir="0" index="0" bw="32" slack="0"/>
<pin id="150" dir="0" index="1" bw="32" slack="0"/>
<pin id="151" dir="1" index="2" bw="32" slack="0"/>
</pin_list>
<bind>
<opcode="read(1150) " fcode="read"/>
<opset="pe_array_pe_val_2_0_5_reload_read/1 "/>
</bind>
</comp>

<comp id="154" class="1004" name="pe_array_pe_val_1_3_5_reload_read_read_fu_154">
<pin_list>
<pin id="155" dir="0" index="0" bw="32" slack="0"/>
<pin id="156" dir="0" index="1" bw="32" slack="0"/>
<pin id="157" dir="1" index="2" bw="32" slack="0"/>
</pin_list>
<bind>
<opcode="read(1150) " fcode="read"/>
<opset="pe_array_pe_val_1_3_5_reload_read/1 "/>
</bind>
</comp>

<comp id="160" class="1004" name="pe_array_pe_val_1_2_5_reload_read_read_fu_160">
<pin_list>
<pin id="161" dir="0" index="0" bw="32" slack="0"/>
<pin id="162" dir="0" index="1" bw="32" slack="0"/>
<pin id="163" dir="1" index="2" bw="32" slack="0"/>
</pin_list>
<bind>
<opcode="read(1150) " fcode="read"/>
<opset="pe_array_pe_val_1_2_5_reload_read/1 "/>
</bind>
</comp>

<comp id="166" class="1004" name="pe_array_pe_val_1_1_5_reload_read_read_fu_166">
<pin_list>
<pin id="167" dir="0" index="0" bw="32" slack="0"/>
<pin id="168" dir="0" index="1" bw="32" slack="0"/>
<pin id="169" dir="1" index="2" bw="32" slack="0"/>
</pin_list>
<bind>
<opcode="read(1150) " fcode="read"/>
<opset="pe_array_pe_val_1_1_5_reload_read/1 "/>
</bind>
</comp>

<comp id="172" class="1004" name="pe_array_pe_val_1_0_5_reload_read_read_fu_172">
<pin_list>
<pin id="173" dir="0" index="0" bw="32" slack="0"/>
<pin id="174" dir="0" index="1" bw="32" slack="0"/>
<pin id="175" dir="1" index="2" bw="32" slack="0"/>
</pin_list>
<bind>
<opcode="read(1150) " fcode="read"/>
<opset="pe_array_pe_val_1_0_5_reload_read/1 "/>
</bind>
</comp>

<comp id="178" class="1004" name="pe_array_pe_val_0_3_5_reload_read_read_fu_178">
<pin_list>
<pin id="179" dir="0" index="0" bw="32" slack="0"/>
<pin id="180" dir="0" index="1" bw="32" slack="0"/>
<pin id="181" dir="1" index="2" bw="32" slack="0"/>
</pin_list>
<bind>
<opcode="read(1150) " fcode="read"/>
<opset="pe_array_pe_val_0_3_5_reload_read/1 "/>
</bind>
</comp>

<comp id="184" class="1004" name="pe_array_pe_val_0_2_5_reload_read_read_fu_184">
<pin_list>
<pin id="185" dir="0" index="0" bw="32" slack="0"/>
<pin id="186" dir="0" index="1" bw="32" slack="0"/>
<pin id="187" dir="1" index="2" bw="32" slack="0"/>
</pin_list>
<bind>
<opcode="read(1150) " fcode="read"/>
<opset="pe_array_pe_val_0_2_5_reload_read/1 "/>
</bind>
</comp>

<comp id="190" class="1004" name="pe_array_pe_val_0_1_5_reload_read_read_fu_190">
<pin_list>
<pin id="191" dir="0" index="0" bw="32" slack="0"/>
<pin id="192" dir="0" index="1" bw="32" slack="0"/>
<pin id="193" dir="1" index="2" bw="32" slack="0"/>
</pin_list>
<bind>
<opcode="read(1150) " fcode="read"/>
<opset="pe_array_pe_val_0_1_5_reload_read/1 "/>
</bind>
</comp>

<comp id="196" class="1004" name="pe_array_pe_val_0_0_5_reload_read_read_fu_196">
<pin_list>
<pin id="197" dir="0" index="0" bw="32" slack="0"/>
<pin id="198" dir="0" index="1" bw="32" slack="0"/>
<pin id="199" dir="1" index="2" bw="32" slack="0"/>
</pin_list>
<bind>
<opcode="read(1150) " fcode="read"/>
<opset="pe_array_pe_val_0_0_5_reload_read/1 "/>
</bind>
</comp>

<comp id="202" class="1004" name="sext_ln168_read_read_fu_202">
<pin_list>
<pin id="203" dir="0" index="0" bw="62" slack="0"/>
<pin id="204" dir="0" index="1" bw="62" slack="0"/>
<pin id="205" dir="1" index="2" bw="62" slack="0"/>
</pin_list>
<bind>
<opcode="read(1150) " fcode="read"/>
<opset="sext_ln168_read/1 "/>
</bind>
</comp>

<comp id="208" class="1004" name="write_ln170_write_fu_208">
<pin_list>
<pin id="209" dir="0" index="0" bw="0" slack="0"/>
<pin id="210" dir="0" index="1" bw="32" slack="1"/>
<pin id="211" dir="0" index="2" bw="32" slack="1"/>
<pin id="212" dir="0" index="3" bw="1" slack="0"/>
<pin id="213" dir="1" index="4" bw="0" slack="2147483647"/>
</pin_list>
<bind>
<opcode="write(1151) " fcode="write"/>
<opset="write_ln170/2 "/>
</bind>
</comp>

<comp id="216" class="1004" name="sext_ln168_cast_fu_216">
<pin_list>
<pin id="217" dir="0" index="0" bw="62" slack="0"/>
<pin id="218" dir="1" index="1" bw="64" slack="0"/>
</pin_list>
<bind>
<opcode="sext(35) " fcode="sext"/>
<opset="sext_ln168_cast/1 "/>
</bind>
</comp>

<comp id="220" class="1004" name="store_ln0_store_fu_220">
<pin_list>
<pin id="221" dir="0" index="0" bw="1" slack="0"/>
<pin id="222" dir="0" index="1" bw="5" slack="0"/>
<pin id="223" dir="1" index="2" bw="0" slack="2147483647"/>
</pin_list>
<bind>
<opcode="store(28) " fcode="store"/>
<opset="store_ln0/1 "/>
</bind>
</comp>

<comp id="225" class="1004" name="store_ln0_store_fu_225">
<pin_list>
<pin id="226" dir="0" index="0" bw="1" slack="0"/>
<pin id="227" dir="0" index="1" bw="3" slack="0"/>
<pin id="228" dir="1" index="2" bw="0" slack="2147483647"/>
</pin_list>
<bind>
<opcode="store(28) " fcode="store"/>
<opset="store_ln0/1 "/>
</bind>
</comp>

<comp id="230" class="1004" name="store_ln0_store_fu_230">
<pin_list>
<pin id="231" dir="0" index="0" bw="1" slack="0"/>
<pin id="232" dir="0" index="1" bw="3" slack="0"/>
<pin id="233" dir="1" index="2" bw="0" slack="2147483647"/>
</pin_list>
<bind>
<opcode="store(28) " fcode="store"/>
<opset="store_ln0/1 "/>
</bind>
</comp>

<comp id="235" class="1004" name="indvar_flatten23_load_load_fu_235">
<pin_list>
<pin id="236" dir="0" index="0" bw="5" slack="0"/>
<pin id="237" dir="1" index="1" bw="5" slack="0"/>
</pin_list>
<bind>
<opcode="load(27) " fcode="load"/>
<opset="indvar_flatten23_load/1 "/>
</bind>
</comp>

<comp id="238" class="1004" name="gmem_addr_fu_238">
<pin_list>
<pin id="239" dir="0" index="0" bw="32" slack="0"/>
<pin id="240" dir="0" index="1" bw="62" slack="0"/>
<pin id="241" dir="1" index="2" bw="32" slack="1"/>
</pin_list>
<bind>
<opcode="getelementptr(29) " fcode="getelementptr"/>
<opset="gmem_addr/1 "/>
</bind>
</comp>

<comp id="244" class="1004" name="icmp_ln168_fu_244">
<pin_list>
<pin id="245" dir="0" index="0" bw="5" slack="0"/>
<pin id="246" dir="0" index="1" bw="5" slack="0"/>
<pin id="247" dir="1" index="2" bw="1" slack="2147483647"/>
</pin_list>
<bind>
<opcode="icmp(45) " fcode="icmp"/>
<opset="icmp_ln168/1 "/>
</bind>
</comp>

<comp id="250" class="1004" name="add_ln168_fu_250">
<pin_list>
<pin id="251" dir="0" index="0" bw="5" slack="0"/>
<pin id="252" dir="0" index="1" bw="1" slack="0"/>
<pin id="253" dir="1" index="2" bw="5" slack="0"/>
</pin_list>
<bind>
<opcode="add(8) " fcode="add"/>
<opset="add_ln168/1 "/>
</bind>
</comp>

<comp id="256" class="1004" name="j_load_load_fu_256">
<pin_list>
<pin id="257" dir="0" index="0" bw="3" slack="0"/>
<pin id="258" dir="1" index="1" bw="3" slack="0"/>
</pin_list>
<bind>
<opcode="load(27) " fcode="load"/>
<opset="j_load/1 "/>
</bind>
</comp>

<comp id="259" class="1004" name="i_load_load_fu_259">
<pin_list>
<pin id="260" dir="0" index="0" bw="3" slack="0"/>
<pin id="261" dir="1" index="1" bw="3" slack="0"/>
</pin_list>
<bind>
<opcode="load(27) " fcode="load"/>
<opset="i_load/1 "/>
</bind>
</comp>

<comp id="262" class="1004" name="icmp_ln169_fu_262">
<pin_list>
<pin id="263" dir="0" index="0" bw="3" slack="0"/>
<pin id="264" dir="0" index="1" bw="3" slack="0"/>
<pin id="265" dir="1" index="2" bw="1" slack="0"/>
</pin_list>
<bind>
<opcode="icmp(45) " fcode="icmp"/>
<opset="icmp_ln169/1 "/>
</bind>
</comp>

<comp id="268" class="1004" name="select_ln168_fu_268">
<pin_list>
<pin id="269" dir="0" index="0" bw="1" slack="0"/>
<pin id="270" dir="0" index="1" bw="1" slack="0"/>
<pin id="271" dir="0" index="2" bw="3" slack="0"/>
<pin id="272" dir="1" index="3" bw="3" slack="0"/>
</pin_list>
<bind>
<opcode="select(49) " fcode="select"/>
<opset="select_ln168/1 "/>
</bind>
</comp>

<comp id="276" class="1004" name="add_ln168_1_fu_276">
<pin_list>
<pin id="277" dir="0" index="0" bw="3" slack="0"/>
<pin id="278" dir="0" index="1" bw="1" slack="0"/>
<pin id="279" dir="1" index="2" bw="3" slack="0"/>
</pin_list>
<bind>
<opcode="add(8) " fcode="add"/>
<opset="add_ln168_1/1 "/>
</bind>
</comp>

<comp id="282" class="1004" name="select_ln168_1_fu_282">
<pin_list>
<pin id="283" dir="0" index="0" bw="1" slack="0"/>
<pin id="284" dir="0" index="1" bw="3" slack="0"/>
<pin id="285" dir="0" index="2" bw="3" slack="0"/>
<pin id="286" dir="1" index="3" bw="3" slack="0"/>
</pin_list>
<bind>
<opcode="select(49) " fcode="select"/>
<opset="select_ln168_1/1 "/>
</bind>
</comp>

<comp id="290" class="1004" name="trunc_ln168_fu_290">
<pin_list>
<pin id="291" dir="0" index="0" bw="3" slack="0"/>
<pin id="292" dir="1" index="1" bw="2" slack="0"/>
</pin_list>
<bind>
<opcode="trunc(33) " fcode="trunc"/>
<opset="trunc_ln168/1 "/>
</bind>
</comp>

<comp id="294" class="1004" name="trunc_ln170_fu_294">
<pin_list>
<pin id="295" dir="0" index="0" bw="3" slack="0"/>
<pin id="296" dir="1" index="1" bw="2" slack="0"/>
</pin_list>
<bind>
<opcode="trunc(33) " fcode="trunc"/>
<opset="trunc_ln170/1 "/>
</bind>
</comp>

<comp id="298" class="1004" name="tmp_1_fu_298">
<pin_list>
<pin id="299" dir="0" index="0" bw="4" slack="0"/>
<pin id="300" dir="0" index="1" bw="2" slack="0"/>
<pin id="301" dir="0" index="2" bw="2" slack="0"/>
<pin id="302" dir="1" index="3" bw="4" slack="0"/>
</pin_list>
<bind>
<opcode="bitconcatenate(1004) " fcode="bitconcatenate"/>
<opset="tmp_1/1 "/>
</bind>
</comp>

<comp id="306" class="1004" name="zext_ln170_fu_306">
<pin_list>
<pin id="307" dir="0" index="0" bw="4" slack="0"/>
<pin id="308" dir="1" index="1" bw="5" slack="0"/>
</pin_list>
<bind>
<opcode="zext(34) " fcode="zext"/>
<opset="zext_ln170/1 "/>
</bind>
</comp>

<comp id="310" class="1004" name="tmp_fu_310">
<pin_list>
<pin id="311" dir="0" index="0" bw="32" slack="0"/>
<pin id="312" dir="0" index="1" bw="32" slack="0"/>
<pin id="313" dir="0" index="2" bw="32" slack="0"/>
<pin id="314" dir="0" index="3" bw="32" slack="0"/>
<pin id="315" dir="0" index="4" bw="32" slack="0"/>
<pin id="316" dir="0" index="5" bw="32" slack="0"/>
<pin id="317" dir="0" index="6" bw="32" slack="0"/>
<pin id="318" dir="0" index="7" bw="32" slack="0"/>
<pin id="319" dir="0" index="8" bw="32" slack="0"/>
<pin id="320" dir="0" index="9" bw="32" slack="0"/>
<pin id="321" dir="0" index="10" bw="32" slack="0"/>
<pin id="322" dir="0" index="11" bw="32" slack="0"/>
<pin id="323" dir="0" index="12" bw="32" slack="0"/>
<pin id="324" dir="0" index="13" bw="32" slack="0"/>
<pin id="325" dir="0" index="14" bw="32" slack="0"/>
<pin id="326" dir="0" index="15" bw="32" slack="0"/>
<pin id="327" dir="0" index="16" bw="32" slack="0"/>
<pin id="328" dir="0" index="17" bw="4" slack="0"/>
<pin id="329" dir="1" index="18" bw="32" slack="1"/>
</pin_list>
<bind>
<opcode="mux(1196) " fcode="mux"/>
<opset="tmp/1 "/>
</bind>
</comp>

<comp id="348" class="1004" name="add_ln169_fu_348">
<pin_list>
<pin id="349" dir="0" index="0" bw="3" slack="0"/>
<pin id="350" dir="0" index="1" bw="1" slack="0"/>
<pin id="351" dir="1" index="2" bw="3" slack="0"/>
</pin_list>
<bind>
<opcode="add(8) " fcode="add"/>
<opset="add_ln169/1 "/>
</bind>
</comp>

<comp id="354" class="1004" name="store_ln168_store_fu_354">
<pin_list>
<pin id="355" dir="0" index="0" bw="5" slack="0"/>
<pin id="356" dir="0" index="1" bw="5" slack="0"/>
<pin id="357" dir="1" index="2" bw="0" slack="2147483647"/>
</pin_list>
<bind>
<opcode="store(28) " fcode="store"/>
<opset="store_ln168/1 "/>
</bind>
</comp>

<comp id="359" class="1004" name="store_ln168_store_fu_359">
<pin_list>
<pin id="360" dir="0" index="0" bw="3" slack="0"/>
<pin id="361" dir="0" index="1" bw="3" slack="0"/>
<pin id="362" dir="1" index="2" bw="0" slack="2147483647"/>
</pin_list>
<bind>
<opcode="store(28) " fcode="store"/>
<opset="store_ln168/1 "/>
</bind>
</comp>

<comp id="364" class="1004" name="store_ln169_store_fu_364">
<pin_list>
<pin id="365" dir="0" index="0" bw="3" slack="0"/>
<pin id="366" dir="0" index="1" bw="3" slack="0"/>
<pin id="367" dir="1" index="2" bw="0" slack="2147483647"/>
</pin_list>
<bind>
<opcode="store(28) " fcode="store"/>
<opset="store_ln169/1 "/>
</bind>
</comp>

<comp id="369" class="1005" name="j_reg_369">
<pin_list>
<pin id="370" dir="0" index="0" bw="3" slack="0"/>
<pin id="371" dir="1" index="1" bw="3" slack="0"/>
</pin_list>
<bind>
<opset="j "/>
</bind>
</comp>

<comp id="376" class="1005" name="i_reg_376">
<pin_list>
<pin id="377" dir="0" index="0" bw="3" slack="0"/>
<pin id="378" dir="1" index="1" bw="3" slack="0"/>
</pin_list>
<bind>
<opset="i "/>
</bind>
</comp>

<comp id="383" class="1005" name="indvar_flatten23_reg_383">
<pin_list>
<pin id="384" dir="0" index="0" bw="5" slack="0"/>
<pin id="385" dir="1" index="1" bw="5" slack="0"/>
</pin_list>
<bind>
<opset="indvar_flatten23 "/>
</bind>
</comp>

<comp id="390" class="1005" name="gmem_addr_reg_390">
<pin_list>
<pin id="391" dir="0" index="0" bw="32" slack="1"/>
<pin id="392" dir="1" index="1" bw="32" slack="1"/>
</pin_list>
<bind>
<opset="gmem_addr "/>
</bind>
</comp>

<comp id="398" class="1005" name="tmp_reg_398">
<pin_list>
<pin id="399" dir="0" index="0" bw="32" slack="1"/>
<pin id="400" dir="1" index="1" bw="32" slack="1"/>
</pin_list>
<bind>
<opset="tmp "/>
</bind>
</comp>

</comp_list>

<net_list>
<net id="97"><net_src comp="36" pin="0"/><net_sink comp="94" pin=0"/></net>

<net id="101"><net_src comp="36" pin="0"/><net_sink comp="98" pin=0"/></net>

<net id="105"><net_src comp="36" pin="0"/><net_sink comp="102" pin=0"/></net>

<net id="110"><net_src comp="38" pin="0"/><net_sink comp="106" pin=0"/></net>

<net id="111"><net_src comp="34" pin="0"/><net_sink comp="106" pin=1"/></net>

<net id="116"><net_src comp="38" pin="0"/><net_sink comp="112" pin=0"/></net>

<net id="117"><net_src comp="32" pin="0"/><net_sink comp="112" pin=1"/></net>

<net id="122"><net_src comp="38" pin="0"/><net_sink comp="118" pin=0"/></net>

<net id="123"><net_src comp="30" pin="0"/><net_sink comp="118" pin=1"/></net>

<net id="128"><net_src comp="38" pin="0"/><net_sink comp="124" pin=0"/></net>

<net id="129"><net_src comp="28" pin="0"/><net_sink comp="124" pin=1"/></net>

<net id="134"><net_src comp="38" pin="0"/><net_sink comp="130" pin=0"/></net>

<net id="135"><net_src comp="26" pin="0"/><net_sink comp="130" pin=1"/></net>

<net id="140"><net_src comp="38" pin="0"/><net_sink comp="136" pin=0"/></net>

<net id="141"><net_src comp="24" pin="0"/><net_sink comp="136" pin=1"/></net>

<net id="146"><net_src comp="38" pin="0"/><net_sink comp="142" pin=0"/></net>

<net id="147"><net_src comp="22" pin="0"/><net_sink comp="142" pin=1"/></net>

<net id="152"><net_src comp="38" pin="0"/><net_sink comp="148" pin=0"/></net>

<net id="153"><net_src comp="20" pin="0"/><net_sink comp="148" pin=1"/></net>

<net id="158"><net_src comp="38" pin="0"/><net_sink comp="154" pin=0"/></net>

<net id="159"><net_src comp="18" pin="0"/><net_sink comp="154" pin=1"/></net>

<net id="164"><net_src comp="38" pin="0"/><net_sink comp="160" pin=0"/></net>

<net id="165"><net_src comp="16" pin="0"/><net_sink comp="160" pin=1"/></net>

<net id="170"><net_src comp="38" pin="0"/><net_sink comp="166" pin=0"/></net>

<net id="171"><net_src comp="14" pin="0"/><net_sink comp="166" pin=1"/></net>

<net id="176"><net_src comp="38" pin="0"/><net_sink comp="172" pin=0"/></net>

<net id="177"><net_src comp="12" pin="0"/><net_sink comp="172" pin=1"/></net>

<net id="182"><net_src comp="38" pin="0"/><net_sink comp="178" pin=0"/></net>

<net id="183"><net_src comp="10" pin="0"/><net_sink comp="178" pin=1"/></net>

<net id="188"><net_src comp="38" pin="0"/><net_sink comp="184" pin=0"/></net>

<net id="189"><net_src comp="8" pin="0"/><net_sink comp="184" pin=1"/></net>

<net id="194"><net_src comp="38" pin="0"/><net_sink comp="190" pin=0"/></net>

<net id="195"><net_src comp="6" pin="0"/><net_sink comp="190" pin=1"/></net>

<net id="200"><net_src comp="38" pin="0"/><net_sink comp="196" pin=0"/></net>

<net id="201"><net_src comp="4" pin="0"/><net_sink comp="196" pin=1"/></net>

<net id="206"><net_src comp="40" pin="0"/><net_sink comp="202" pin=0"/></net>

<net id="207"><net_src comp="2" pin="0"/><net_sink comp="202" pin=1"/></net>

<net id="214"><net_src comp="90" pin="0"/><net_sink comp="208" pin=0"/></net>

<net id="215"><net_src comp="92" pin="0"/><net_sink comp="208" pin=3"/></net>

<net id="219"><net_src comp="202" pin="2"/><net_sink comp="216" pin=0"/></net>

<net id="224"><net_src comp="58" pin="0"/><net_sink comp="220" pin=0"/></net>

<net id="229"><net_src comp="60" pin="0"/><net_sink comp="225" pin=0"/></net>

<net id="234"><net_src comp="60" pin="0"/><net_sink comp="230" pin=0"/></net>

<net id="242"><net_src comp="0" pin="0"/><net_sink comp="238" pin=0"/></net>

<net id="243"><net_src comp="216" pin="1"/><net_sink comp="238" pin=1"/></net>

<net id="248"><net_src comp="235" pin="1"/><net_sink comp="244" pin=0"/></net>

<net id="249"><net_src comp="68" pin="0"/><net_sink comp="244" pin=1"/></net>

<net id="254"><net_src comp="235" pin="1"/><net_sink comp="250" pin=0"/></net>

<net id="255"><net_src comp="70" pin="0"/><net_sink comp="250" pin=1"/></net>

<net id="266"><net_src comp="256" pin="1"/><net_sink comp="262" pin=0"/></net>

<net id="267"><net_src comp="72" pin="0"/><net_sink comp="262" pin=1"/></net>

<net id="273"><net_src comp="262" pin="2"/><net_sink comp="268" pin=0"/></net>

<net id="274"><net_src comp="60" pin="0"/><net_sink comp="268" pin=1"/></net>

<net id="275"><net_src comp="256" pin="1"/><net_sink comp="268" pin=2"/></net>

<net id="280"><net_src comp="259" pin="1"/><net_sink comp="276" pin=0"/></net>

<net id="281"><net_src comp="74" pin="0"/><net_sink comp="276" pin=1"/></net>

<net id="287"><net_src comp="262" pin="2"/><net_sink comp="282" pin=0"/></net>

<net id="288"><net_src comp="276" pin="2"/><net_sink comp="282" pin=1"/></net>

<net id="289"><net_src comp="259" pin="1"/><net_sink comp="282" pin=2"/></net>

<net id="293"><net_src comp="282" pin="3"/><net_sink comp="290" pin=0"/></net>

<net id="297"><net_src comp="268" pin="3"/><net_sink comp="294" pin=0"/></net>

<net id="303"><net_src comp="76" pin="0"/><net_sink comp="298" pin=0"/></net>

<net id="304"><net_src comp="290" pin="1"/><net_sink comp="298" pin=1"/></net>

<net id="305"><net_src comp="294" pin="1"/><net_sink comp="298" pin=2"/></net>

<net id="309"><net_src comp="298" pin="3"/><net_sink comp="306" pin=0"/></net>

<net id="330"><net_src comp="78" pin="0"/><net_sink comp="310" pin=0"/></net>

<net id="331"><net_src comp="196" pin="2"/><net_sink comp="310" pin=1"/></net>

<net id="332"><net_src comp="190" pin="2"/><net_sink comp="310" pin=2"/></net>

<net id="333"><net_src comp="184" pin="2"/><net_sink comp="310" pin=3"/></net>

<net id="334"><net_src comp="178" pin="2"/><net_sink comp="310" pin=4"/></net>

<net id="335"><net_src comp="172" pin="2"/><net_sink comp="310" pin=5"/></net>

<net id="336"><net_src comp="166" pin="2"/><net_sink comp="310" pin=6"/></net>

<net id="337"><net_src comp="160" pin="2"/><net_sink comp="310" pin=7"/></net>

<net id="338"><net_src comp="154" pin="2"/><net_sink comp="310" pin=8"/></net>

<net id="339"><net_src comp="148" pin="2"/><net_sink comp="310" pin=9"/></net>

<net id="340"><net_src comp="142" pin="2"/><net_sink comp="310" pin=10"/></net>

<net id="341"><net_src comp="136" pin="2"/><net_sink comp="310" pin=11"/></net>

<net id="342"><net_src comp="130" pin="2"/><net_sink comp="310" pin=12"/></net>

<net id="343"><net_src comp="124" pin="2"/><net_sink comp="310" pin=13"/></net>

<net id="344"><net_src comp="118" pin="2"/><net_sink comp="310" pin=14"/></net>

<net id="345"><net_src comp="112" pin="2"/><net_sink comp="310" pin=15"/></net>

<net id="346"><net_src comp="106" pin="2"/><net_sink comp="310" pin=16"/></net>

<net id="347"><net_src comp="306" pin="1"/><net_sink comp="310" pin=17"/></net>

<net id="352"><net_src comp="268" pin="3"/><net_sink comp="348" pin=0"/></net>

<net id="353"><net_src comp="74" pin="0"/><net_sink comp="348" pin=1"/></net>

<net id="358"><net_src comp="250" pin="2"/><net_sink comp="354" pin=0"/></net>

<net id="363"><net_src comp="282" pin="3"/><net_sink comp="359" pin=0"/></net>

<net id="368"><net_src comp="348" pin="2"/><net_sink comp="364" pin=0"/></net>

<net id="372"><net_src comp="94" pin="1"/><net_sink comp="369" pin=0"/></net>

<net id="373"><net_src comp="369" pin="1"/><net_sink comp="230" pin=1"/></net>

<net id="374"><net_src comp="369" pin="1"/><net_sink comp="256" pin=0"/></net>

<net id="375"><net_src comp="369" pin="1"/><net_sink comp="364" pin=1"/></net>

<net id="379"><net_src comp="98" pin="1"/><net_sink comp="376" pin=0"/></net>

<net id="380"><net_src comp="376" pin="1"/><net_sink comp="225" pin=1"/></net>

<net id="381"><net_src comp="376" pin="1"/><net_sink comp="259" pin=0"/></net>

<net id="382"><net_src comp="376" pin="1"/><net_sink comp="359" pin=1"/></net>

<net id="386"><net_src comp="102" pin="1"/><net_sink comp="383" pin=0"/></net>

<net id="387"><net_src comp="383" pin="1"/><net_sink comp="220" pin=1"/></net>

<net id="388"><net_src comp="383" pin="1"/><net_sink comp="235" pin=0"/></net>

<net id="389"><net_src comp="383" pin="1"/><net_sink comp="354" pin=1"/></net>

<net id="393"><net_src comp="238" pin="2"/><net_sink comp="390" pin=0"/></net>

<net id="394"><net_src comp="390" pin="1"/><net_sink comp="208" pin=1"/></net>

<net id="401"><net_src comp="310" pin="18"/><net_sink comp="398" pin=0"/></net>

<net id="402"><net_src comp="398" pin="1"/><net_sink comp="208" pin=2"/></net>

</net_list>

</model> 
---------------- Datapath Model END ------------------

* FSMD analyzer results:
  - Output states:
	Port: gmem | {2 }
 - Input state : 
	Port: systolic_array_Pipeline_VITIS_LOOP_168_5_VITIS_LOOP_169_6 : sext_ln168 | {1 }
	Port: systolic_array_Pipeline_VITIS_LOOP_168_5_VITIS_LOOP_169_6 : pe_array_pe_val_0_0_5_reload | {1 }
	Port: systolic_array_Pipeline_VITIS_LOOP_168_5_VITIS_LOOP_169_6 : pe_array_pe_val_0_1_5_reload | {1 }
	Port: systolic_array_Pipeline_VITIS_LOOP_168_5_VITIS_LOOP_169_6 : pe_array_pe_val_0_2_5_reload | {1 }
	Port: systolic_array_Pipeline_VITIS_LOOP_168_5_VITIS_LOOP_169_6 : pe_array_pe_val_0_3_5_reload | {1 }
	Port: systolic_array_Pipeline_VITIS_LOOP_168_5_VITIS_LOOP_169_6 : pe_array_pe_val_1_0_5_reload | {1 }
	Port: systolic_array_Pipeline_VITIS_LOOP_168_5_VITIS_LOOP_169_6 : pe_array_pe_val_1_1_5_reload | {1 }
	Port: systolic_array_Pipeline_VITIS_LOOP_168_5_VITIS_LOOP_169_6 : pe_array_pe_val_1_2_5_reload | {1 }
	Port: systolic_array_Pipeline_VITIS_LOOP_168_5_VITIS_LOOP_169_6 : pe_array_pe_val_1_3_5_reload | {1 }
	Port: systolic_array_Pipeline_VITIS_LOOP_168_5_VITIS_LOOP_169_6 : pe_array_pe_val_2_0_5_reload | {1 }
	Port: systolic_array_Pipeline_VITIS_LOOP_168_5_VITIS_LOOP_169_6 : pe_array_pe_val_2_1_5_reload | {1 }
	Port: systolic_array_Pipeline_VITIS_LOOP_168_5_VITIS_LOOP_169_6 : pe_array_pe_val_2_2_5_reload | {1 }
	Port: systolic_array_Pipeline_VITIS_LOOP_168_5_VITIS_LOOP_169_6 : pe_array_pe_val_2_3_5_reload | {1 }
	Port: systolic_array_Pipeline_VITIS_LOOP_168_5_VITIS_LOOP_169_6 : pe_array_pe_val_3_0_5_reload | {1 }
	Port: systolic_array_Pipeline_VITIS_LOOP_168_5_VITIS_LOOP_169_6 : pe_array_pe_val_3_1_5_reload | {1 }
	Port: systolic_array_Pipeline_VITIS_LOOP_168_5_VITIS_LOOP_169_6 : pe_array_pe_val_3_2_5_reload | {1 }
	Port: systolic_array_Pipeline_VITIS_LOOP_168_5_VITIS_LOOP_169_6 : pe_array_pe_val_3_3_5_reload | {1 }
  - Chain level:
	State 1
		store_ln0 : 1
		store_ln0 : 1
		store_ln0 : 1
		indvar_flatten23_load : 1
		gmem_addr : 1
		icmp_ln168 : 2
		add_ln168 : 2
		br_ln168 : 3
		j_load : 1
		i_load : 1
		icmp_ln169 : 2
		select_ln168 : 3
		add_ln168_1 : 2
		select_ln168_1 : 3
		trunc_ln168 : 4
		trunc_ln170 : 4
		tmp_1 : 5
		zext_ln170 : 6
		tmp : 7
		add_ln169 : 4
		store_ln168 : 3
		store_ln168 : 4
		store_ln169 : 5
	State 2


============================================================
+ Verbose Summary: Datapath Resource usage 
============================================================

* Functional unit list:
|----------|-----------------------------------------------|---------|---------|
| Operation|                Functional Unit                |    FF   |   LUT   |
|----------|-----------------------------------------------|---------|---------|
|    mux   |                   tmp_fu_310                  |    0    |    65   |
|----------|-----------------------------------------------|---------|---------|
|          |                add_ln168_fu_250               |    0    |    12   |
|    add   |               add_ln168_1_fu_276              |    0    |    10   |
|          |                add_ln169_fu_348               |    0    |    10   |
|----------|-----------------------------------------------|---------|---------|
|   icmp   |               icmp_ln168_fu_244               |    0    |    9    |
|          |               icmp_ln169_fu_262               |    0    |    8    |
|----------|-----------------------------------------------|---------|---------|
|  select  |              select_ln168_fu_268              |    0    |    3    |
|          |             select_ln168_1_fu_282             |    0    |    3    |
|----------|-----------------------------------------------|---------|---------|
|          | pe_array_pe_val_3_3_5_reload_read_read_fu_106 |    0    |    0    |
|          | pe_array_pe_val_3_2_5_reload_read_read_fu_112 |    0    |    0    |
|          | pe_array_pe_val_3_1_5_reload_read_read_fu_118 |    0    |    0    |
|          | pe_array_pe_val_3_0_5_reload_read_read_fu_124 |    0    |    0    |
|          | pe_array_pe_val_2_3_5_reload_read_read_fu_130 |    0    |    0    |
|          | pe_array_pe_val_2_2_5_reload_read_read_fu_136 |    0    |    0    |
|          | pe_array_pe_val_2_1_5_reload_read_read_fu_142 |    0    |    0    |
|          | pe_array_pe_val_2_0_5_reload_read_read_fu_148 |    0    |    0    |
|   read   | pe_array_pe_val_1_3_5_reload_read_read_fu_154 |    0    |    0    |
|          | pe_array_pe_val_1_2_5_reload_read_read_fu_160 |    0    |    0    |
|          | pe_array_pe_val_1_1_5_reload_read_read_fu_166 |    0    |    0    |
|          | pe_array_pe_val_1_0_5_reload_read_read_fu_172 |    0    |    0    |
|          | pe_array_pe_val_0_3_5_reload_read_read_fu_178 |    0    |    0    |
|          | pe_array_pe_val_0_2_5_reload_read_read_fu_184 |    0    |    0    |
|          | pe_array_pe_val_0_1_5_reload_read_read_fu_190 |    0    |    0    |
|          | pe_array_pe_val_0_0_5_reload_read_read_fu_196 |    0    |    0    |
|          |          sext_ln168_read_read_fu_202          |    0    |    0    |
|----------|-----------------------------------------------|---------|---------|
|   write  |            write_ln170_write_fu_208           |    0    |    0    |
|----------|-----------------------------------------------|---------|---------|
|   sext   |             sext_ln168_cast_fu_216            |    0    |    0    |
|----------|-----------------------------------------------|---------|---------|
|   trunc  |               trunc_ln168_fu_290              |    0    |    0    |
|          |               trunc_ln170_fu_294              |    0    |    0    |
|----------|-----------------------------------------------|---------|---------|
|bitconcatenate|                  tmp_1_fu_298                 |    0    |    0    |
|----------|-----------------------------------------------|---------|---------|
|   zext   |               zext_ln170_fu_306               |    0    |    0    |
|----------|-----------------------------------------------|---------|---------|
|   Total  |                                               |    0    |   120   |
|----------|-----------------------------------------------|---------|---------|

Memories:
N/A

* Register list:
+------------------------+--------+
|                        |   FF   |
+------------------------+--------+
|    gmem_addr_reg_390   |   32   |
|        i_reg_376       |    3   |
|indvar_flatten23_reg_383|    5   |
|        j_reg_369       |    3   |
|       tmp_reg_398      |   32   |
+------------------------+--------+
|          Total         |   75   |
+------------------------+--------+

* Multiplexer (MUX) list: 
|--------|------|------|------|--------|
|  Comp  |  Pin | Size |  BW  | S x BW |
|--------|------|------|------|--------|
|  Total |      |      |      |    0   |
|--------|------|------|------|--------|



* Summary:
+-----------+--------+--------+
|           |   FF   |   LUT  |
+-----------+--------+--------+
|  Function |    0   |   120  |
|   Memory  |    -   |    -   |
|Multiplexer|    -   |    -   |
|  Register |   75   |    -   |
+-----------+--------+--------+
|   Total   |   75   |   120  |
+-----------+--------+--------+
