

================================================================
== Vitis HLS Report for 'systolic_array_Pipeline_1'
================================================================
* Date:           Wed Sep 28 10:01:30 2022

* Version:        2021.1 (Build 3247384 on Thu Jun 10 19:36:07 MDT 2021)
* Project:        sysArray_simple
* Solution:       solution1 (Vivado IP Flow Target)
* Product family: virtexuplus
* Target device:  xcu50-fsvh2104-2-e


================================================================
== Performance Estimates
================================================================
+ Timing: 
    * Summary: 
    +--------+---------+----------+------------+
    |  Clock |  Target | Estimated| Uncertainty|
    +--------+---------+----------+------------+
    |ap_clk  |  3.00 ns|  0.823 ns|     0.81 ns|
    +--------+---------+----------+------------+

+ Latency: 
    * Summary: 
    +---------+---------+-----------+-----------+-----+-----+---------+
    |  Latency (cycles) |   Latency (absolute)  |  Interval | Pipeline|
    |   min   |   max   |    min    |    max    | min | max |   Type  |
    +---------+---------+-----------+-----------+-----+-----+---------+
    |        6|        6|  18.000 ns|  18.000 ns|    6|    6|       no|
    +---------+---------+-----------+-----------+-----+-----+---------+

    + Detail: 
        * Instance: 
        N/A

        * Loop: 
        +----------+---------+---------+----------+-----------+-----------+------+----------+
        |          |  Latency (cycles) | Iteration|  Initiation Interval  | Trip |          |
        | Loop Name|   min   |   max   |  Latency |  achieved |   target  | Count| Pipelined|
        +----------+---------+---------+----------+-----------+-----------+------+----------+
        |- Loop 1  |        4|        4|         1|          1|          1|     4|       yes|
        +----------+---------+---------+----------+-----------+-----------+------+----------+

============================================================
+ Verbose Summary: Synthesis Manager
============================================================
InlineROM: 1
ExposeGlobal: 0
============================================================
+ Verbose Summary: CDFG Model
============================================================
IsTopModel: 0
ResetActiveHigh: 1
IsCombinational: 0
IsDatapathOnly: 0
HasWiredReturn: 1
HasMFsm: 2
HasVarLatency: 1
IsPipeline: 0
IsRtlPipelined: 0
IsInstanceOverlapped: 0
IsDontTouch: 0
HasImplIP: 0
IsGatedGlobalClock: 0

+ Individual pipeline summary: 
  * Pipeline-0: initiation interval (II) = 1, depth = 1


============================================================
+ Verbose Summary: Schedule
============================================================
* Number of FSM states : 1
* Pipeline : 1
  Pipeline-0 : II = 1, D = 1, States = { 1 }
* Dataflow Pipeline: 0

* FSM state transitions: 
1 --> 

* FSM state operations: 

State 1 <SV = 0> <Delay = 0.82>
ST_1 : Operation 4 [1/1] (0.00ns)   --->   "%phi_ln35 = alloca i32 1"   --->   Operation 4 'alloca' 'phi_ln35' <Predicate = true> <Delay = 0.00>
ST_1 : Operation 5 [1/1] (0.00ns)   --->   "%pe_array_pe_a_pass_0_0_0 = alloca i32 1"   --->   Operation 5 'alloca' 'pe_array_pe_a_pass_0_0_0' <Predicate = true> <Delay = 0.00>
ST_1 : Operation 6 [1/1] (0.00ns)   --->   "%pe_array_pe_a_pass_0_1_0 = alloca i32 1"   --->   Operation 6 'alloca' 'pe_array_pe_a_pass_0_1_0' <Predicate = true> <Delay = 0.00>
ST_1 : Operation 7 [1/1] (0.00ns)   --->   "%pe_array_pe_a_pass_0_2_0 = alloca i32 1"   --->   Operation 7 'alloca' 'pe_array_pe_a_pass_0_2_0' <Predicate = true> <Delay = 0.00>
ST_1 : Operation 8 [1/1] (0.00ns)   --->   "%pe_array_pe_a_pass_1_0_0 = alloca i32 1"   --->   Operation 8 'alloca' 'pe_array_pe_a_pass_1_0_0' <Predicate = true> <Delay = 0.00>
ST_1 : Operation 9 [1/1] (0.00ns)   --->   "%pe_array_pe_a_pass_1_1_0 = alloca i32 1"   --->   Operation 9 'alloca' 'pe_array_pe_a_pass_1_1_0' <Predicate = true> <Delay = 0.00>
ST_1 : Operation 10 [1/1] (0.00ns)   --->   "%pe_array_pe_a_pass_1_2_0 = alloca i32 1"   --->   Operation 10 'alloca' 'pe_array_pe_a_pass_1_2_0' <Predicate = true> <Delay = 0.00>
ST_1 : Operation 11 [1/1] (0.00ns)   --->   "%pe_array_pe_a_pass_2_0_0 = alloca i32 1"   --->   Operation 11 'alloca' 'pe_array_pe_a_pass_2_0_0' <Predicate = true> <Delay = 0.00>
ST_1 : Operation 12 [1/1] (0.00ns)   --->   "%pe_array_pe_a_pass_2_1_0 = alloca i32 1"   --->   Operation 12 'alloca' 'pe_array_pe_a_pass_2_1_0' <Predicate = true> <Delay = 0.00>
ST_1 : Operation 13 [1/1] (0.00ns)   --->   "%pe_array_pe_a_pass_2_2_0 = alloca i32 1"   --->   Operation 13 'alloca' 'pe_array_pe_a_pass_2_2_0' <Predicate = true> <Delay = 0.00>
ST_1 : Operation 14 [1/1] (0.00ns)   --->   "%pe_array_pe_a_pass_3_0_0 = alloca i32 1"   --->   Operation 14 'alloca' 'pe_array_pe_a_pass_3_0_0' <Predicate = true> <Delay = 0.00>
ST_1 : Operation 15 [1/1] (0.00ns)   --->   "%pe_array_pe_a_pass_3_1_0 = alloca i32 1"   --->   Operation 15 'alloca' 'pe_array_pe_a_pass_3_1_0' <Predicate = true> <Delay = 0.00>
ST_1 : Operation 16 [1/1] (0.00ns)   --->   "%pe_array_pe_a_pass_3_2_0 = alloca i32 1"   --->   Operation 16 'alloca' 'pe_array_pe_a_pass_3_2_0' <Predicate = true> <Delay = 0.00>
ST_1 : Operation 17 [1/1] (0.00ns)   --->   "%pe_array_pe_b_pass_0_0_0 = alloca i32 1"   --->   Operation 17 'alloca' 'pe_array_pe_b_pass_0_0_0' <Predicate = true> <Delay = 0.00>
ST_1 : Operation 18 [1/1] (0.00ns)   --->   "%pe_array_pe_b_pass_0_1_0 = alloca i32 1"   --->   Operation 18 'alloca' 'pe_array_pe_b_pass_0_1_0' <Predicate = true> <Delay = 0.00>
ST_1 : Operation 19 [1/1] (0.00ns)   --->   "%pe_array_pe_b_pass_0_2_0 = alloca i32 1"   --->   Operation 19 'alloca' 'pe_array_pe_b_pass_0_2_0' <Predicate = true> <Delay = 0.00>
ST_1 : Operation 20 [1/1] (0.00ns)   --->   "%pe_array_pe_b_pass_0_3_0 = alloca i32 1"   --->   Operation 20 'alloca' 'pe_array_pe_b_pass_0_3_0' <Predicate = true> <Delay = 0.00>
ST_1 : Operation 21 [1/1] (0.00ns)   --->   "%pe_array_pe_b_pass_1_0_0 = alloca i32 1"   --->   Operation 21 'alloca' 'pe_array_pe_b_pass_1_0_0' <Predicate = true> <Delay = 0.00>
ST_1 : Operation 22 [1/1] (0.00ns)   --->   "%pe_array_pe_b_pass_1_1_0 = alloca i32 1"   --->   Operation 22 'alloca' 'pe_array_pe_b_pass_1_1_0' <Predicate = true> <Delay = 0.00>
ST_1 : Operation 23 [1/1] (0.00ns)   --->   "%pe_array_pe_b_pass_1_2_0 = alloca i32 1"   --->   Operation 23 'alloca' 'pe_array_pe_b_pass_1_2_0' <Predicate = true> <Delay = 0.00>
ST_1 : Operation 24 [1/1] (0.00ns)   --->   "%pe_array_pe_b_pass_1_3_0 = alloca i32 1"   --->   Operation 24 'alloca' 'pe_array_pe_b_pass_1_3_0' <Predicate = true> <Delay = 0.00>
ST_1 : Operation 25 [1/1] (0.00ns)   --->   "%pe_array_pe_b_pass_2_0_0 = alloca i32 1"   --->   Operation 25 'alloca' 'pe_array_pe_b_pass_2_0_0' <Predicate = true> <Delay = 0.00>
ST_1 : Operation 26 [1/1] (0.00ns)   --->   "%pe_array_pe_b_pass_2_1_0 = alloca i32 1"   --->   Operation 26 'alloca' 'pe_array_pe_b_pass_2_1_0' <Predicate = true> <Delay = 0.00>
ST_1 : Operation 27 [1/1] (0.00ns)   --->   "%pe_array_pe_b_pass_2_2_0 = alloca i32 1"   --->   Operation 27 'alloca' 'pe_array_pe_b_pass_2_2_0' <Predicate = true> <Delay = 0.00>
ST_1 : Operation 28 [1/1] (0.00ns)   --->   "%pe_array_pe_b_pass_2_3_0 = alloca i32 1"   --->   Operation 28 'alloca' 'pe_array_pe_b_pass_2_3_0' <Predicate = true> <Delay = 0.00>
ST_1 : Operation 29 [1/1] (0.00ns)   --->   "%pe_array_pe_val_0_0_0 = alloca i32 1"   --->   Operation 29 'alloca' 'pe_array_pe_val_0_0_0' <Predicate = true> <Delay = 0.00>
ST_1 : Operation 30 [1/1] (0.00ns)   --->   "%pe_array_pe_val_0_1_0 = alloca i32 1"   --->   Operation 30 'alloca' 'pe_array_pe_val_0_1_0' <Predicate = true> <Delay = 0.00>
ST_1 : Operation 31 [1/1] (0.00ns)   --->   "%pe_array_pe_val_0_2_0 = alloca i32 1"   --->   Operation 31 'alloca' 'pe_array_pe_val_0_2_0' <Predicate = true> <Delay = 0.00>
ST_1 : Operation 32 [1/1] (0.00ns)   --->   "%pe_array_pe_val_0_3_0 = alloca i32 1"   --->   Operation 32 'alloca' 'pe_array_pe_val_0_3_0' <Predicate = true> <Delay = 0.00>
ST_1 : Operation 33 [1/1] (0.00ns)   --->   "%pe_array_pe_val_1_0_0 = alloca i32 1"   --->   Operation 33 'alloca' 'pe_array_pe_val_1_0_0' <Predicate = true> <Delay = 0.00>
ST_1 : Operation 34 [1/1] (0.00ns)   --->   "%pe_array_pe_val_1_1_0 = alloca i32 1"   --->   Operation 34 'alloca' 'pe_array_pe_val_1_1_0' <Predicate = true> <Delay = 0.00>
ST_1 : Operation 35 [1/1] (0.00ns)   --->   "%pe_array_pe_val_1_2_0 = alloca i32 1"   --->   Operation 35 'alloca' 'pe_array_pe_val_1_2_0' <Predicate = true> <Delay = 0.00>
ST_1 : Operation 36 [1/1] (0.00ns)   --->   "%pe_array_pe_val_1_3_0 = alloca i32 1"   --->   Operation 36 'alloca' 'pe_array_pe_val_1_3_0' <Predicate = true> <Delay = 0.00>
ST_1 : Operation 37 [1/1] (0.00ns)   --->   "%pe_array_pe_val_2_0_0 = alloca i32 1"   --->   Operation 37 'alloca' 'pe_array_pe_val_2_0_0' <Predicate = true> <Delay = 0.00>
ST_1 : Operation 38 [1/1] (0.00ns)   --->   "%pe_array_pe_val_2_1_0 = alloca i32 1"   --->   Operation 38 'alloca' 'pe_array_pe_val_2_1_0' <Predicate = true> <Delay = 0.00>
ST_1 : Operation 39 [1/1] (0.00ns)   --->   "%pe_array_pe_val_2_2_0 = alloca i32 1"   --->   Operation 39 'alloca' 'pe_array_pe_val_2_2_0' <Predicate = true> <Delay = 0.00>
ST_1 : Operation 40 [1/1] (0.00ns)   --->   "%pe_array_pe_val_2_3_0 = alloca i32 1"   --->   Operation 40 'alloca' 'pe_array_pe_val_2_3_0' <Predicate = true> <Delay = 0.00>
ST_1 : Operation 41 [1/1] (0.00ns)   --->   "%pe_array_pe_val_3_0_0 = alloca i32 1"   --->   Operation 41 'alloca' 'pe_array_pe_val_3_0_0' <Predicate = true> <Delay = 0.00>
ST_1 : Operation 42 [1/1] (0.00ns)   --->   "%pe_array_pe_val_3_1_0 = alloca i32 1"   --->   Operation 42 'alloca' 'pe_array_pe_val_3_1_0' <Predicate = true> <Delay = 0.00>
ST_1 : Operation 43 [1/1] (0.00ns)   --->   "%pe_array_pe_val_3_2_0 = alloca i32 1"   --->   Operation 43 'alloca' 'pe_array_pe_val_3_2_0' <Predicate = true> <Delay = 0.00>
ST_1 : Operation 44 [1/1] (0.00ns)   --->   "%pe_array_pe_val_3_3_0 = alloca i32 1"   --->   Operation 44 'alloca' 'pe_array_pe_val_3_3_0' <Predicate = true> <Delay = 0.00>
ST_1 : Operation 45 [1/1] (0.38ns)   --->   "%store_ln0 = store i2 0, i2 %phi_ln35"   --->   Operation 45 'store' 'store_ln0' <Predicate = true> <Delay = 0.38>
ST_1 : Operation 46 [1/1] (0.00ns)   --->   "%br_ln0 = br void %arrayctor.loop.i_ifconv"   --->   Operation 46 'br' 'br_ln0' <Predicate = true> <Delay = 0.00>
ST_1 : Operation 47 [1/1] (0.00ns)   --->   "%phi_ln35_load = load i2 %phi_ln35" [sysArray_simple/sysArray.cpp:35]   --->   Operation 47 'load' 'phi_ln35_load' <Predicate = true> <Delay = 0.00>
ST_1 : Operation 48 [1/1] (0.00ns)   --->   "%pe_array_pe_a_pass_0_0_0_load = load i32 %pe_array_pe_a_pass_0_0_0"   --->   Operation 48 'load' 'pe_array_pe_a_pass_0_0_0_load' <Predicate = true> <Delay = 0.00>
ST_1 : Operation 49 [1/1] (0.00ns)   --->   "%pe_array_pe_a_pass_0_1_0_load = load i32 %pe_array_pe_a_pass_0_1_0"   --->   Operation 49 'load' 'pe_array_pe_a_pass_0_1_0_load' <Predicate = true> <Delay = 0.00>
ST_1 : Operation 50 [1/1] (0.00ns)   --->   "%pe_array_pe_a_pass_0_2_0_load = load i32 %pe_array_pe_a_pass_0_2_0"   --->   Operation 50 'load' 'pe_array_pe_a_pass_0_2_0_load' <Predicate = true> <Delay = 0.00>
ST_1 : Operation 51 [1/1] (0.00ns)   --->   "%pe_array_pe_a_pass_1_0_0_load = load i32 %pe_array_pe_a_pass_1_0_0"   --->   Operation 51 'load' 'pe_array_pe_a_pass_1_0_0_load' <Predicate = true> <Delay = 0.00>
ST_1 : Operation 52 [1/1] (0.00ns)   --->   "%pe_array_pe_a_pass_1_1_0_load = load i32 %pe_array_pe_a_pass_1_1_0"   --->   Operation 52 'load' 'pe_array_pe_a_pass_1_1_0_load' <Predicate = true> <Delay = 0.00>
ST_1 : Operation 53 [1/1] (0.00ns)   --->   "%pe_array_pe_a_pass_1_2_0_load = load i32 %pe_array_pe_a_pass_1_2_0"   --->   Operation 53 'load' 'pe_array_pe_a_pass_1_2_0_load' <Predicate = true> <Delay = 0.00>
ST_1 : Operation 54 [1/1] (0.00ns)   --->   "%pe_array_pe_a_pass_2_0_0_load = load i32 %pe_array_pe_a_pass_2_0_0"   --->   Operation 54 'load' 'pe_array_pe_a_pass_2_0_0_load' <Predicate = true> <Delay = 0.00>
ST_1 : Operation 55 [1/1] (0.00ns)   --->   "%pe_array_pe_a_pass_2_1_0_load = load i32 %pe_array_pe_a_pass_2_1_0"   --->   Operation 55 'load' 'pe_array_pe_a_pass_2_1_0_load' <Predicate = true> <Delay = 0.00>
ST_1 : Operation 56 [1/1] (0.00ns)   --->   "%pe_array_pe_a_pass_2_2_0_load = load i32 %pe_array_pe_a_pass_2_2_0"   --->   Operation 56 'load' 'pe_array_pe_a_pass_2_2_0_load' <Predicate = true> <Delay = 0.00>
ST_1 : Operation 57 [1/1] (0.00ns)   --->   "%pe_array_pe_a_pass_3_0_0_load = load i32 %pe_array_pe_a_pass_3_0_0"   --->   Operation 57 'load' 'pe_array_pe_a_pass_3_0_0_load' <Predicate = true> <Delay = 0.00>
ST_1 : Operation 58 [1/1] (0.00ns)   --->   "%pe_array_pe_a_pass_3_1_0_load = load i32 %pe_array_pe_a_pass_3_1_0"   --->   Operation 58 'load' 'pe_array_pe_a_pass_3_1_0_load' <Predicate = true> <Delay = 0.00>
ST_1 : Operation 59 [1/1] (0.00ns)   --->   "%pe_array_pe_a_pass_3_2_0_load = load i32 %pe_array_pe_a_pass_3_2_0"   --->   Operation 59 'load' 'pe_array_pe_a_pass_3_2_0_load' <Predicate = true> <Delay = 0.00>
ST_1 : Operation 60 [1/1] (0.00ns)   --->   "%pe_array_pe_b_pass_0_0_0_load = load i32 %pe_array_pe_b_pass_0_0_0"   --->   Operation 60 'load' 'pe_array_pe_b_pass_0_0_0_load' <Predicate = true> <Delay = 0.00>
ST_1 : Operation 61 [1/1] (0.00ns)   --->   "%pe_array_pe_b_pass_0_1_0_load = load i32 %pe_array_pe_b_pass_0_1_0"   --->   Operation 61 'load' 'pe_array_pe_b_pass_0_1_0_load' <Predicate = true> <Delay = 0.00>
ST_1 : Operation 62 [1/1] (0.00ns)   --->   "%pe_array_pe_b_pass_0_2_0_load = load i32 %pe_array_pe_b_pass_0_2_0"   --->   Operation 62 'load' 'pe_array_pe_b_pass_0_2_0_load' <Predicate = true> <Delay = 0.00>
ST_1 : Operation 63 [1/1] (0.00ns)   --->   "%pe_array_pe_b_pass_0_3_0_load = load i32 %pe_array_pe_b_pass_0_3_0"   --->   Operation 63 'load' 'pe_array_pe_b_pass_0_3_0_load' <Predicate = true> <Delay = 0.00>
ST_1 : Operation 64 [1/1] (0.00ns)   --->   "%pe_array_pe_b_pass_1_0_0_load = load i32 %pe_array_pe_b_pass_1_0_0"   --->   Operation 64 'load' 'pe_array_pe_b_pass_1_0_0_load' <Predicate = true> <Delay = 0.00>
ST_1 : Operation 65 [1/1] (0.00ns)   --->   "%pe_array_pe_b_pass_1_1_0_load = load i32 %pe_array_pe_b_pass_1_1_0"   --->   Operation 65 'load' 'pe_array_pe_b_pass_1_1_0_load' <Predicate = true> <Delay = 0.00>
ST_1 : Operation 66 [1/1] (0.00ns)   --->   "%pe_array_pe_b_pass_1_2_0_load = load i32 %pe_array_pe_b_pass_1_2_0"   --->   Operation 66 'load' 'pe_array_pe_b_pass_1_2_0_load' <Predicate = true> <Delay = 0.00>
ST_1 : Operation 67 [1/1] (0.00ns)   --->   "%pe_array_pe_b_pass_1_3_0_load = load i32 %pe_array_pe_b_pass_1_3_0"   --->   Operation 67 'load' 'pe_array_pe_b_pass_1_3_0_load' <Predicate = true> <Delay = 0.00>
ST_1 : Operation 68 [1/1] (0.00ns)   --->   "%pe_array_pe_b_pass_2_0_0_load = load i32 %pe_array_pe_b_pass_2_0_0"   --->   Operation 68 'load' 'pe_array_pe_b_pass_2_0_0_load' <Predicate = true> <Delay = 0.00>
ST_1 : Operation 69 [1/1] (0.00ns)   --->   "%pe_array_pe_b_pass_2_1_0_load = load i32 %pe_array_pe_b_pass_2_1_0"   --->   Operation 69 'load' 'pe_array_pe_b_pass_2_1_0_load' <Predicate = true> <Delay = 0.00>
ST_1 : Operation 70 [1/1] (0.00ns)   --->   "%pe_array_pe_b_pass_2_2_0_load = load i32 %pe_array_pe_b_pass_2_2_0"   --->   Operation 70 'load' 'pe_array_pe_b_pass_2_2_0_load' <Predicate = true> <Delay = 0.00>
ST_1 : Operation 71 [1/1] (0.00ns)   --->   "%pe_array_pe_b_pass_2_3_0_load = load i32 %pe_array_pe_b_pass_2_3_0"   --->   Operation 71 'load' 'pe_array_pe_b_pass_2_3_0_load' <Predicate = true> <Delay = 0.00>
ST_1 : Operation 72 [1/1] (0.00ns)   --->   "%pe_array_pe_val_0_0_0_load = load i32 %pe_array_pe_val_0_0_0" [sysArray_simple/sysArray.cpp:14]   --->   Operation 72 'load' 'pe_array_pe_val_0_0_0_load' <Predicate = true> <Delay = 0.00>
ST_1 : Operation 73 [1/1] (0.00ns)   --->   "%pe_array_pe_val_0_1_0_load = load i32 %pe_array_pe_val_0_1_0" [sysArray_simple/sysArray.cpp:14]   --->   Operation 73 'load' 'pe_array_pe_val_0_1_0_load' <Predicate = true> <Delay = 0.00>
ST_1 : Operation 74 [1/1] (0.00ns)   --->   "%pe_array_pe_val_0_2_0_load = load i32 %pe_array_pe_val_0_2_0" [sysArray_simple/sysArray.cpp:14]   --->   Operation 74 'load' 'pe_array_pe_val_0_2_0_load' <Predicate = true> <Delay = 0.00>
ST_1 : Operation 75 [1/1] (0.00ns)   --->   "%pe_array_pe_val_0_3_0_load = load i32 %pe_array_pe_val_0_3_0" [sysArray_simple/sysArray.cpp:14]   --->   Operation 75 'load' 'pe_array_pe_val_0_3_0_load' <Predicate = true> <Delay = 0.00>
ST_1 : Operation 76 [1/1] (0.00ns)   --->   "%pe_array_pe_val_1_0_0_load = load i32 %pe_array_pe_val_1_0_0" [sysArray_simple/sysArray.cpp:14]   --->   Operation 76 'load' 'pe_array_pe_val_1_0_0_load' <Predicate = true> <Delay = 0.00>
ST_1 : Operation 77 [1/1] (0.00ns)   --->   "%pe_array_pe_val_1_1_0_load = load i32 %pe_array_pe_val_1_1_0" [sysArray_simple/sysArray.cpp:14]   --->   Operation 77 'load' 'pe_array_pe_val_1_1_0_load' <Predicate = true> <Delay = 0.00>
ST_1 : Operation 78 [1/1] (0.00ns)   --->   "%pe_array_pe_val_1_2_0_load = load i32 %pe_array_pe_val_1_2_0" [sysArray_simple/sysArray.cpp:14]   --->   Operation 78 'load' 'pe_array_pe_val_1_2_0_load' <Predicate = true> <Delay = 0.00>
ST_1 : Operation 79 [1/1] (0.00ns)   --->   "%pe_array_pe_val_1_3_0_load = load i32 %pe_array_pe_val_1_3_0" [sysArray_simple/sysArray.cpp:14]   --->   Operation 79 'load' 'pe_array_pe_val_1_3_0_load' <Predicate = true> <Delay = 0.00>
ST_1 : Operation 80 [1/1] (0.00ns)   --->   "%pe_array_pe_val_2_0_0_load = load i32 %pe_array_pe_val_2_0_0" [sysArray_simple/sysArray.cpp:14]   --->   Operation 80 'load' 'pe_array_pe_val_2_0_0_load' <Predicate = true> <Delay = 0.00>
ST_1 : Operation 81 [1/1] (0.00ns)   --->   "%pe_array_pe_val_2_1_0_load = load i32 %pe_array_pe_val_2_1_0" [sysArray_simple/sysArray.cpp:14]   --->   Operation 81 'load' 'pe_array_pe_val_2_1_0_load' <Predicate = true> <Delay = 0.00>
ST_1 : Operation 82 [1/1] (0.00ns)   --->   "%pe_array_pe_val_2_2_0_load = load i32 %pe_array_pe_val_2_2_0" [sysArray_simple/sysArray.cpp:14]   --->   Operation 82 'load' 'pe_array_pe_val_2_2_0_load' <Predicate = true> <Delay = 0.00>
ST_1 : Operation 83 [1/1] (0.00ns)   --->   "%pe_array_pe_val_2_3_0_load = load i32 %pe_array_pe_val_2_3_0" [sysArray_simple/sysArray.cpp:14]   --->   Operation 83 'load' 'pe_array_pe_val_2_3_0_load' <Predicate = true> <Delay = 0.00>
ST_1 : Operation 84 [1/1] (0.00ns)   --->   "%pe_array_pe_val_3_0_0_load = load i32 %pe_array_pe_val_3_0_0" [sysArray_simple/sysArray.cpp:14]   --->   Operation 84 'load' 'pe_array_pe_val_3_0_0_load' <Predicate = true> <Delay = 0.00>
ST_1 : Operation 85 [1/1] (0.00ns)   --->   "%pe_array_pe_val_3_1_0_load = load i32 %pe_array_pe_val_3_1_0" [sysArray_simple/sysArray.cpp:14]   --->   Operation 85 'load' 'pe_array_pe_val_3_1_0_load' <Predicate = true> <Delay = 0.00>
ST_1 : Operation 86 [1/1] (0.00ns)   --->   "%pe_array_pe_val_3_2_0_load = load i32 %pe_array_pe_val_3_2_0" [sysArray_simple/sysArray.cpp:14]   --->   Operation 86 'load' 'pe_array_pe_val_3_2_0_load' <Predicate = true> <Delay = 0.00>
ST_1 : Operation 87 [1/1] (0.00ns)   --->   "%pe_array_pe_val_3_3_0_load = load i32 %pe_array_pe_val_3_3_0" [sysArray_simple/sysArray.cpp:14]   --->   Operation 87 'load' 'pe_array_pe_val_3_3_0_load' <Predicate = true> <Delay = 0.00>
ST_1 : Operation 88 [1/1] (0.00ns)   --->   "%specpipeline_ln0 = specpipeline void @_ssdm_op_SpecPipeline, i32 4294967295, i32 0, i32 1, i32 0, void @p_str"   --->   Operation 88 'specpipeline' 'specpipeline_ln0' <Predicate = true> <Delay = 0.00>
ST_1 : Operation 89 [1/1] (0.00ns)   --->   "%empty = speclooptripcount i32 @_ssdm_op_SpecLoopTripCount, i64 4, i64 4, i64 4"   --->   Operation 89 'speclooptripcount' 'empty' <Predicate = true> <Delay = 0.00>
ST_1 : Operation 90 [1/1] (0.45ns)   --->   "%pe_array_pe_a_pass_0_0_1 = mux i32 @_ssdm_op_Mux.ap_auto.4i32.i2, i32 0, i32 %pe_array_pe_a_pass_0_0_0_load, i32 %pe_array_pe_a_pass_0_0_0_load, i32 %pe_array_pe_a_pass_0_0_0_load, i2 %phi_ln35_load" [sysArray_simple/sysArray.cpp:35]   --->   Operation 90 'mux' 'pe_array_pe_a_pass_0_0_1' <Predicate = true> <Delay = 0.45> <CoreInst = "Multiplexer">   --->   Core 76 'Multiplexer' <Latency = 0> <II = 1> <Delay = 0.45> <FuncUnit> <Opcode : 'mux'> <InPorts = 2> <OutPorts = 1>
ST_1 : Operation 91 [1/1] (0.45ns)   --->   "%pe_array_pe_a_pass_1_0_1 = mux i32 @_ssdm_op_Mux.ap_auto.4i32.i2, i32 %pe_array_pe_a_pass_1_0_0_load, i32 0, i32 %pe_array_pe_a_pass_1_0_0_load, i32 %pe_array_pe_a_pass_1_0_0_load, i2 %phi_ln35_load" [sysArray_simple/sysArray.cpp:35]   --->   Operation 91 'mux' 'pe_array_pe_a_pass_1_0_1' <Predicate = true> <Delay = 0.45> <CoreInst = "Multiplexer">   --->   Core 76 'Multiplexer' <Latency = 0> <II = 1> <Delay = 0.45> <FuncUnit> <Opcode : 'mux'> <InPorts = 2> <OutPorts = 1>
ST_1 : Operation 92 [1/1] (0.45ns)   --->   "%pe_array_pe_a_pass_2_0_1 = mux i32 @_ssdm_op_Mux.ap_auto.4i32.i2, i32 %pe_array_pe_a_pass_2_0_0_load, i32 %pe_array_pe_a_pass_2_0_0_load, i32 0, i32 %pe_array_pe_a_pass_2_0_0_load, i2 %phi_ln35_load" [sysArray_simple/sysArray.cpp:35]   --->   Operation 92 'mux' 'pe_array_pe_a_pass_2_0_1' <Predicate = true> <Delay = 0.45> <CoreInst = "Multiplexer">   --->   Core 76 'Multiplexer' <Latency = 0> <II = 1> <Delay = 0.45> <FuncUnit> <Opcode : 'mux'> <InPorts = 2> <OutPorts = 1>
ST_1 : Operation 93 [1/1] (0.45ns)   --->   "%pe_array_pe_a_pass_3_0_1 = mux i32 @_ssdm_op_Mux.ap_auto.4i32.i2, i32 %pe_array_pe_a_pass_3_0_0_load, i32 %pe_array_pe_a_pass_3_0_0_load, i32 %pe_array_pe_a_pass_3_0_0_load, i32 0, i2 %phi_ln35_load" [sysArray_simple/sysArray.cpp:35]   --->   Operation 93 'mux' 'pe_array_pe_a_pass_3_0_1' <Predicate = true> <Delay = 0.45> <CoreInst = "Multiplexer">   --->   Core 76 'Multiplexer' <Latency = 0> <II = 1> <Delay = 0.45> <FuncUnit> <Opcode : 'mux'> <InPorts = 2> <OutPorts = 1>
ST_1 : Operation 94 [1/1] (0.45ns)   --->   "%pe_array_pe_b_pass_0_0_1 = mux i32 @_ssdm_op_Mux.ap_auto.4i32.i2, i32 0, i32 %pe_array_pe_b_pass_0_0_0_load, i32 %pe_array_pe_b_pass_0_0_0_load, i32 %pe_array_pe_b_pass_0_0_0_load, i2 %phi_ln35_load" [sysArray_simple/sysArray.cpp:35]   --->   Operation 94 'mux' 'pe_array_pe_b_pass_0_0_1' <Predicate = true> <Delay = 0.45> <CoreInst = "Multiplexer">   --->   Core 76 'Multiplexer' <Latency = 0> <II = 1> <Delay = 0.45> <FuncUnit> <Opcode : 'mux'> <InPorts = 2> <OutPorts = 1>
ST_1 : Operation 95 [1/1] (0.45ns)   --->   "%pe_array_pe_b_pass_1_0_1 = mux i32 @_ssdm_op_Mux.ap_auto.4i32.i2, i32 %pe_array_pe_b_pass_1_0_0_load, i32 0, i32 %pe_array_pe_b_pass_1_0_0_load, i32 %pe_array_pe_b_pass_1_0_0_load, i2 %phi_ln35_load" [sysArray_simple/sysArray.cpp:35]   --->   Operation 95 'mux' 'pe_array_pe_b_pass_1_0_1' <Predicate = true> <Delay = 0.45> <CoreInst = "Multiplexer">   --->   Core 76 'Multiplexer' <Latency = 0> <II = 1> <Delay = 0.45> <FuncUnit> <Opcode : 'mux'> <InPorts = 2> <OutPorts = 1>
ST_1 : Operation 96 [1/1] (0.45ns)   --->   "%pe_array_pe_b_pass_2_0_1 = mux i32 @_ssdm_op_Mux.ap_auto.4i32.i2, i32 %pe_array_pe_b_pass_2_0_0_load, i32 %pe_array_pe_b_pass_2_0_0_load, i32 0, i32 %pe_array_pe_b_pass_2_0_0_load, i2 %phi_ln35_load" [sysArray_simple/sysArray.cpp:35]   --->   Operation 96 'mux' 'pe_array_pe_b_pass_2_0_1' <Predicate = true> <Delay = 0.45> <CoreInst = "Multiplexer">   --->   Core 76 'Multiplexer' <Latency = 0> <II = 1> <Delay = 0.45> <FuncUnit> <Opcode : 'mux'> <InPorts = 2> <OutPorts = 1>
ST_1 : Operation 97 [1/1] (0.45ns)   --->   "%pe_array_pe_a_pass_0_1_1 = mux i32 @_ssdm_op_Mux.ap_auto.4i32.i2, i32 0, i32 %pe_array_pe_a_pass_0_1_0_load, i32 %pe_array_pe_a_pass_0_1_0_load, i32 %pe_array_pe_a_pass_0_1_0_load, i2 %phi_ln35_load" [sysArray_simple/sysArray.cpp:35]   --->   Operation 97 'mux' 'pe_array_pe_a_pass_0_1_1' <Predicate = true> <Delay = 0.45> <CoreInst = "Multiplexer">   --->   Core 76 'Multiplexer' <Latency = 0> <II = 1> <Delay = 0.45> <FuncUnit> <Opcode : 'mux'> <InPorts = 2> <OutPorts = 1>
ST_1 : Operation 98 [1/1] (0.45ns)   --->   "%pe_array_pe_a_pass_1_1_1 = mux i32 @_ssdm_op_Mux.ap_auto.4i32.i2, i32 %pe_array_pe_a_pass_1_1_0_load, i32 0, i32 %pe_array_pe_a_pass_1_1_0_load, i32 %pe_array_pe_a_pass_1_1_0_load, i2 %phi_ln35_load" [sysArray_simple/sysArray.cpp:35]   --->   Operation 98 'mux' 'pe_array_pe_a_pass_1_1_1' <Predicate = true> <Delay = 0.45> <CoreInst = "Multiplexer">   --->   Core 76 'Multiplexer' <Latency = 0> <II = 1> <Delay = 0.45> <FuncUnit> <Opcode : 'mux'> <InPorts = 2> <OutPorts = 1>
ST_1 : Operation 99 [1/1] (0.45ns)   --->   "%pe_array_pe_a_pass_2_1_1 = mux i32 @_ssdm_op_Mux.ap_auto.4i32.i2, i32 %pe_array_pe_a_pass_2_1_0_load, i32 %pe_array_pe_a_pass_2_1_0_load, i32 0, i32 %pe_array_pe_a_pass_2_1_0_load, i2 %phi_ln35_load" [sysArray_simple/sysArray.cpp:35]   --->   Operation 99 'mux' 'pe_array_pe_a_pass_2_1_1' <Predicate = true> <Delay = 0.45> <CoreInst = "Multiplexer">   --->   Core 76 'Multiplexer' <Latency = 0> <II = 1> <Delay = 0.45> <FuncUnit> <Opcode : 'mux'> <InPorts = 2> <OutPorts = 1>
ST_1 : Operation 100 [1/1] (0.45ns)   --->   "%pe_array_pe_a_pass_3_1_1 = mux i32 @_ssdm_op_Mux.ap_auto.4i32.i2, i32 %pe_array_pe_a_pass_3_1_0_load, i32 %pe_array_pe_a_pass_3_1_0_load, i32 %pe_array_pe_a_pass_3_1_0_load, i32 0, i2 %phi_ln35_load" [sysArray_simple/sysArray.cpp:35]   --->   Operation 100 'mux' 'pe_array_pe_a_pass_3_1_1' <Predicate = true> <Delay = 0.45> <CoreInst = "Multiplexer">   --->   Core 76 'Multiplexer' <Latency = 0> <II = 1> <Delay = 0.45> <FuncUnit> <Opcode : 'mux'> <InPorts = 2> <OutPorts = 1>
ST_1 : Operation 101 [1/1] (0.45ns)   --->   "%pe_array_pe_b_pass_0_1_1 = mux i32 @_ssdm_op_Mux.ap_auto.4i32.i2, i32 0, i32 %pe_array_pe_b_pass_0_1_0_load, i32 %pe_array_pe_b_pass_0_1_0_load, i32 %pe_array_pe_b_pass_0_1_0_load, i2 %phi_ln35_load" [sysArray_simple/sysArray.cpp:35]   --->   Operation 101 'mux' 'pe_array_pe_b_pass_0_1_1' <Predicate = true> <Delay = 0.45> <CoreInst = "Multiplexer">   --->   Core 76 'Multiplexer' <Latency = 0> <II = 1> <Delay = 0.45> <FuncUnit> <Opcode : 'mux'> <InPorts = 2> <OutPorts = 1>
ST_1 : Operation 102 [1/1] (0.45ns)   --->   "%pe_array_pe_b_pass_1_1_1 = mux i32 @_ssdm_op_Mux.ap_auto.4i32.i2, i32 %pe_array_pe_b_pass_1_1_0_load, i32 0, i32 %pe_array_pe_b_pass_1_1_0_load, i32 %pe_array_pe_b_pass_1_1_0_load, i2 %phi_ln35_load" [sysArray_simple/sysArray.cpp:35]   --->   Operation 102 'mux' 'pe_array_pe_b_pass_1_1_1' <Predicate = true> <Delay = 0.45> <CoreInst = "Multiplexer">   --->   Core 76 'Multiplexer' <Latency = 0> <II = 1> <Delay = 0.45> <FuncUnit> <Opcode : 'mux'> <InPorts = 2> <OutPorts = 1>
ST_1 : Operation 103 [1/1] (0.45ns)   --->   "%pe_array_pe_b_pass_2_1_1 = mux i32 @_ssdm_op_Mux.ap_auto.4i32.i2, i32 %pe_array_pe_b_pass_2_1_0_load, i32 %pe_array_pe_b_pass_2_1_0_load, i32 0, i32 %pe_array_pe_b_pass_2_1_0_load, i2 %phi_ln35_load" [sysArray_simple/sysArray.cpp:35]   --->   Operation 103 'mux' 'pe_array_pe_b_pass_2_1_1' <Predicate = true> <Delay = 0.45> <CoreInst = "Multiplexer">   --->   Core 76 'Multiplexer' <Latency = 0> <II = 1> <Delay = 0.45> <FuncUnit> <Opcode : 'mux'> <InPorts = 2> <OutPorts = 1>
ST_1 : Operation 104 [1/1] (0.45ns)   --->   "%pe_array_pe_a_pass_0_2_1 = mux i32 @_ssdm_op_Mux.ap_auto.4i32.i2, i32 0, i32 %pe_array_pe_a_pass_0_2_0_load, i32 %pe_array_pe_a_pass_0_2_0_load, i32 %pe_array_pe_a_pass_0_2_0_load, i2 %phi_ln35_load" [sysArray_simple/sysArray.cpp:35]   --->   Operation 104 'mux' 'pe_array_pe_a_pass_0_2_1' <Predicate = true> <Delay = 0.45> <CoreInst = "Multiplexer">   --->   Core 76 'Multiplexer' <Latency = 0> <II = 1> <Delay = 0.45> <FuncUnit> <Opcode : 'mux'> <InPorts = 2> <OutPorts = 1>
ST_1 : Operation 105 [1/1] (0.45ns)   --->   "%pe_array_pe_a_pass_1_2_1 = mux i32 @_ssdm_op_Mux.ap_auto.4i32.i2, i32 %pe_array_pe_a_pass_1_2_0_load, i32 0, i32 %pe_array_pe_a_pass_1_2_0_load, i32 %pe_array_pe_a_pass_1_2_0_load, i2 %phi_ln35_load" [sysArray_simple/sysArray.cpp:35]   --->   Operation 105 'mux' 'pe_array_pe_a_pass_1_2_1' <Predicate = true> <Delay = 0.45> <CoreInst = "Multiplexer">   --->   Core 76 'Multiplexer' <Latency = 0> <II = 1> <Delay = 0.45> <FuncUnit> <Opcode : 'mux'> <InPorts = 2> <OutPorts = 1>
ST_1 : Operation 106 [1/1] (0.45ns)   --->   "%pe_array_pe_a_pass_2_2_1 = mux i32 @_ssdm_op_Mux.ap_auto.4i32.i2, i32 %pe_array_pe_a_pass_2_2_0_load, i32 %pe_array_pe_a_pass_2_2_0_load, i32 0, i32 %pe_array_pe_a_pass_2_2_0_load, i2 %phi_ln35_load" [sysArray_simple/sysArray.cpp:35]   --->   Operation 106 'mux' 'pe_array_pe_a_pass_2_2_1' <Predicate = true> <Delay = 0.45> <CoreInst = "Multiplexer">   --->   Core 76 'Multiplexer' <Latency = 0> <II = 1> <Delay = 0.45> <FuncUnit> <Opcode : 'mux'> <InPorts = 2> <OutPorts = 1>
ST_1 : Operation 107 [1/1] (0.45ns)   --->   "%pe_array_pe_a_pass_3_2_1 = mux i32 @_ssdm_op_Mux.ap_auto.4i32.i2, i32 %pe_array_pe_a_pass_3_2_0_load, i32 %pe_array_pe_a_pass_3_2_0_load, i32 %pe_array_pe_a_pass_3_2_0_load, i32 0, i2 %phi_ln35_load" [sysArray_simple/sysArray.cpp:35]   --->   Operation 107 'mux' 'pe_array_pe_a_pass_3_2_1' <Predicate = true> <Delay = 0.45> <CoreInst = "Multiplexer">   --->   Core 76 'Multiplexer' <Latency = 0> <II = 1> <Delay = 0.45> <FuncUnit> <Opcode : 'mux'> <InPorts = 2> <OutPorts = 1>
ST_1 : Operation 108 [1/1] (0.45ns)   --->   "%pe_array_pe_b_pass_0_2_1 = mux i32 @_ssdm_op_Mux.ap_auto.4i32.i2, i32 0, i32 %pe_array_pe_b_pass_0_2_0_load, i32 %pe_array_pe_b_pass_0_2_0_load, i32 %pe_array_pe_b_pass_0_2_0_load, i2 %phi_ln35_load" [sysArray_simple/sysArray.cpp:35]   --->   Operation 108 'mux' 'pe_array_pe_b_pass_0_2_1' <Predicate = true> <Delay = 0.45> <CoreInst = "Multiplexer">   --->   Core 76 'Multiplexer' <Latency = 0> <II = 1> <Delay = 0.45> <FuncUnit> <Opcode : 'mux'> <InPorts = 2> <OutPorts = 1>
ST_1 : Operation 109 [1/1] (0.45ns)   --->   "%pe_array_pe_b_pass_1_2_1 = mux i32 @_ssdm_op_Mux.ap_auto.4i32.i2, i32 %pe_array_pe_b_pass_1_2_0_load, i32 0, i32 %pe_array_pe_b_pass_1_2_0_load, i32 %pe_array_pe_b_pass_1_2_0_load, i2 %phi_ln35_load" [sysArray_simple/sysArray.cpp:35]   --->   Operation 109 'mux' 'pe_array_pe_b_pass_1_2_1' <Predicate = true> <Delay = 0.45> <CoreInst = "Multiplexer">   --->   Core 76 'Multiplexer' <Latency = 0> <II = 1> <Delay = 0.45> <FuncUnit> <Opcode : 'mux'> <InPorts = 2> <OutPorts = 1>
ST_1 : Operation 110 [1/1] (0.45ns)   --->   "%pe_array_pe_b_pass_2_2_1 = mux i32 @_ssdm_op_Mux.ap_auto.4i32.i2, i32 %pe_array_pe_b_pass_2_2_0_load, i32 %pe_array_pe_b_pass_2_2_0_load, i32 0, i32 %pe_array_pe_b_pass_2_2_0_load, i2 %phi_ln35_load" [sysArray_simple/sysArray.cpp:35]   --->   Operation 110 'mux' 'pe_array_pe_b_pass_2_2_1' <Predicate = true> <Delay = 0.45> <CoreInst = "Multiplexer">   --->   Core 76 'Multiplexer' <Latency = 0> <II = 1> <Delay = 0.45> <FuncUnit> <Opcode : 'mux'> <InPorts = 2> <OutPorts = 1>
ST_1 : Operation 111 [1/1] (0.45ns)   --->   "%pe_array_pe_b_pass_0_3_1 = mux i32 @_ssdm_op_Mux.ap_auto.4i32.i2, i32 0, i32 %pe_array_pe_b_pass_0_3_0_load, i32 %pe_array_pe_b_pass_0_3_0_load, i32 %pe_array_pe_b_pass_0_3_0_load, i2 %phi_ln35_load" [sysArray_simple/sysArray.cpp:35]   --->   Operation 111 'mux' 'pe_array_pe_b_pass_0_3_1' <Predicate = true> <Delay = 0.45> <CoreInst = "Multiplexer">   --->   Core 76 'Multiplexer' <Latency = 0> <II = 1> <Delay = 0.45> <FuncUnit> <Opcode : 'mux'> <InPorts = 2> <OutPorts = 1>
ST_1 : Operation 112 [1/1] (0.45ns)   --->   "%pe_array_pe_b_pass_1_3_1 = mux i32 @_ssdm_op_Mux.ap_auto.4i32.i2, i32 %pe_array_pe_b_pass_1_3_0_load, i32 0, i32 %pe_array_pe_b_pass_1_3_0_load, i32 %pe_array_pe_b_pass_1_3_0_load, i2 %phi_ln35_load" [sysArray_simple/sysArray.cpp:35]   --->   Operation 112 'mux' 'pe_array_pe_b_pass_1_3_1' <Predicate = true> <Delay = 0.45> <CoreInst = "Multiplexer">   --->   Core 76 'Multiplexer' <Latency = 0> <II = 1> <Delay = 0.45> <FuncUnit> <Opcode : 'mux'> <InPorts = 2> <OutPorts = 1>
ST_1 : Operation 113 [1/1] (0.45ns)   --->   "%pe_array_pe_b_pass_2_3_1 = mux i32 @_ssdm_op_Mux.ap_auto.4i32.i2, i32 %pe_array_pe_b_pass_2_3_0_load, i32 %pe_array_pe_b_pass_2_3_0_load, i32 0, i32 %pe_array_pe_b_pass_2_3_0_load, i2 %phi_ln35_load" [sysArray_simple/sysArray.cpp:35]   --->   Operation 113 'mux' 'pe_array_pe_b_pass_2_3_1' <Predicate = true> <Delay = 0.45> <CoreInst = "Multiplexer">   --->   Core 76 'Multiplexer' <Latency = 0> <II = 1> <Delay = 0.45> <FuncUnit> <Opcode : 'mux'> <InPorts = 2> <OutPorts = 1>
ST_1 : Operation 114 [1/1] (0.34ns)   --->   "%icmp_ln14 = icmp_eq  i2 %phi_ln35_load, i2 2" [sysArray_simple/sysArray.cpp:14]   --->   Operation 114 'icmp' 'icmp_ln14' <Predicate = true> <Delay = 0.34> <CoreInst = "Cmp">   --->   Core 9 'Cmp' <Latency = 0> <II = 1> <Delay = 0.34> <FuncUnit> <Opcode : 'icmp'> <InPorts = 2> <OutPorts = 1>
ST_1 : Operation 115 [1/1] (0.00ns) (grouped into LUT with out node select_ln14_2)   --->   "%select_ln14 = select i1 %icmp_ln14, i32 %pe_array_pe_val_3_3_0_load, i32 0" [sysArray_simple/sysArray.cpp:14]   --->   Operation 115 'select' 'select_ln14' <Predicate = true> <Delay = 0.00> <CoreInst = "Sel">   --->   Core 73 'Sel' <Latency = 0> <II = 1> <Delay = 0.22> <FuncUnit> <Opcode : 'select'> <InPorts = 3> <OutPorts = 1>
ST_1 : Operation 116 [1/1] (0.34ns)   --->   "%icmp_ln14_1 = icmp_eq  i2 %phi_ln35_load, i2 1" [sysArray_simple/sysArray.cpp:14]   --->   Operation 116 'icmp' 'icmp_ln14_1' <Predicate = true> <Delay = 0.34> <CoreInst = "Cmp">   --->   Core 9 'Cmp' <Latency = 0> <II = 1> <Delay = 0.34> <FuncUnit> <Opcode : 'icmp'> <InPorts = 2> <OutPorts = 1>
ST_1 : Operation 117 [1/1] (0.00ns) (grouped into LUT with out node select_ln14_2)   --->   "%select_ln14_1 = select i1 %icmp_ln14_1, i32 %pe_array_pe_val_3_3_0_load, i32 %select_ln14" [sysArray_simple/sysArray.cpp:14]   --->   Operation 117 'select' 'select_ln14_1' <Predicate = true> <Delay = 0.00> <CoreInst = "Sel">   --->   Core 73 'Sel' <Latency = 0> <II = 1> <Delay = 0.22> <FuncUnit> <Opcode : 'select'> <InPorts = 3> <OutPorts = 1>
ST_1 : Operation 118 [1/1] (0.34ns)   --->   "%icmp_ln14_2 = icmp_eq  i2 %phi_ln35_load, i2 0" [sysArray_simple/sysArray.cpp:14]   --->   Operation 118 'icmp' 'icmp_ln14_2' <Predicate = true> <Delay = 0.34> <CoreInst = "Cmp">   --->   Core 9 'Cmp' <Latency = 0> <II = 1> <Delay = 0.34> <FuncUnit> <Opcode : 'icmp'> <InPorts = 2> <OutPorts = 1>
ST_1 : Operation 119 [1/1] (0.22ns) (out node of the LUT)   --->   "%select_ln14_2 = select i1 %icmp_ln14_2, i32 %pe_array_pe_val_3_3_0_load, i32 %select_ln14_1" [sysArray_simple/sysArray.cpp:14]   --->   Operation 119 'select' 'select_ln14_2' <Predicate = true> <Delay = 0.22> <CoreInst = "Sel">   --->   Core 73 'Sel' <Latency = 0> <II = 1> <Delay = 0.22> <FuncUnit> <Opcode : 'select'> <InPorts = 3> <OutPorts = 1>
ST_1 : Operation 120 [1/1] (0.00ns) (grouped into LUT with out node select_ln14_5)   --->   "%select_ln14_3 = select i1 %icmp_ln14, i32 %pe_array_pe_val_3_2_0_load, i32 0" [sysArray_simple/sysArray.cpp:14]   --->   Operation 120 'select' 'select_ln14_3' <Predicate = true> <Delay = 0.00> <CoreInst = "Sel">   --->   Core 73 'Sel' <Latency = 0> <II = 1> <Delay = 0.22> <FuncUnit> <Opcode : 'select'> <InPorts = 3> <OutPorts = 1>
ST_1 : Operation 121 [1/1] (0.00ns) (grouped into LUT with out node select_ln14_5)   --->   "%select_ln14_4 = select i1 %icmp_ln14_1, i32 %pe_array_pe_val_3_2_0_load, i32 %select_ln14_3" [sysArray_simple/sysArray.cpp:14]   --->   Operation 121 'select' 'select_ln14_4' <Predicate = true> <Delay = 0.00> <CoreInst = "Sel">   --->   Core 73 'Sel' <Latency = 0> <II = 1> <Delay = 0.22> <FuncUnit> <Opcode : 'select'> <InPorts = 3> <OutPorts = 1>
ST_1 : Operation 122 [1/1] (0.22ns) (out node of the LUT)   --->   "%select_ln14_5 = select i1 %icmp_ln14_2, i32 %pe_array_pe_val_3_2_0_load, i32 %select_ln14_4" [sysArray_simple/sysArray.cpp:14]   --->   Operation 122 'select' 'select_ln14_5' <Predicate = true> <Delay = 0.22> <CoreInst = "Sel">   --->   Core 73 'Sel' <Latency = 0> <II = 1> <Delay = 0.22> <FuncUnit> <Opcode : 'select'> <InPorts = 3> <OutPorts = 1>
ST_1 : Operation 123 [1/1] (0.00ns) (grouped into LUT with out node select_ln14_8)   --->   "%select_ln14_6 = select i1 %icmp_ln14, i32 %pe_array_pe_val_3_1_0_load, i32 0" [sysArray_simple/sysArray.cpp:14]   --->   Operation 123 'select' 'select_ln14_6' <Predicate = true> <Delay = 0.00> <CoreInst = "Sel">   --->   Core 73 'Sel' <Latency = 0> <II = 1> <Delay = 0.22> <FuncUnit> <Opcode : 'select'> <InPorts = 3> <OutPorts = 1>
ST_1 : Operation 124 [1/1] (0.00ns) (grouped into LUT with out node select_ln14_8)   --->   "%select_ln14_7 = select i1 %icmp_ln14_1, i32 %pe_array_pe_val_3_1_0_load, i32 %select_ln14_6" [sysArray_simple/sysArray.cpp:14]   --->   Operation 124 'select' 'select_ln14_7' <Predicate = true> <Delay = 0.00> <CoreInst = "Sel">   --->   Core 73 'Sel' <Latency = 0> <II = 1> <Delay = 0.22> <FuncUnit> <Opcode : 'select'> <InPorts = 3> <OutPorts = 1>
ST_1 : Operation 125 [1/1] (0.22ns) (out node of the LUT)   --->   "%select_ln14_8 = select i1 %icmp_ln14_2, i32 %pe_array_pe_val_3_1_0_load, i32 %select_ln14_7" [sysArray_simple/sysArray.cpp:14]   --->   Operation 125 'select' 'select_ln14_8' <Predicate = true> <Delay = 0.22> <CoreInst = "Sel">   --->   Core 73 'Sel' <Latency = 0> <II = 1> <Delay = 0.22> <FuncUnit> <Opcode : 'select'> <InPorts = 3> <OutPorts = 1>
ST_1 : Operation 126 [1/1] (0.00ns) (grouped into LUT with out node select_ln14_11)   --->   "%select_ln14_9 = select i1 %icmp_ln14, i32 %pe_array_pe_val_3_0_0_load, i32 0" [sysArray_simple/sysArray.cpp:14]   --->   Operation 126 'select' 'select_ln14_9' <Predicate = true> <Delay = 0.00> <CoreInst = "Sel">   --->   Core 73 'Sel' <Latency = 0> <II = 1> <Delay = 0.22> <FuncUnit> <Opcode : 'select'> <InPorts = 3> <OutPorts = 1>
ST_1 : Operation 127 [1/1] (0.00ns) (grouped into LUT with out node select_ln14_11)   --->   "%select_ln14_10 = select i1 %icmp_ln14_1, i32 %pe_array_pe_val_3_0_0_load, i32 %select_ln14_9" [sysArray_simple/sysArray.cpp:14]   --->   Operation 127 'select' 'select_ln14_10' <Predicate = true> <Delay = 0.00> <CoreInst = "Sel">   --->   Core 73 'Sel' <Latency = 0> <II = 1> <Delay = 0.22> <FuncUnit> <Opcode : 'select'> <InPorts = 3> <OutPorts = 1>
ST_1 : Operation 128 [1/1] (0.22ns) (out node of the LUT)   --->   "%select_ln14_11 = select i1 %icmp_ln14_2, i32 %pe_array_pe_val_3_0_0_load, i32 %select_ln14_10" [sysArray_simple/sysArray.cpp:14]   --->   Operation 128 'select' 'select_ln14_11' <Predicate = true> <Delay = 0.22> <CoreInst = "Sel">   --->   Core 73 'Sel' <Latency = 0> <II = 1> <Delay = 0.22> <FuncUnit> <Opcode : 'select'> <InPorts = 3> <OutPorts = 1>
ST_1 : Operation 129 [1/1] (0.00ns) (grouped into LUT with out node select_ln14_14)   --->   "%select_ln14_12 = select i1 %icmp_ln14, i32 0, i32 %pe_array_pe_val_2_3_0_load" [sysArray_simple/sysArray.cpp:14]   --->   Operation 129 'select' 'select_ln14_12' <Predicate = true> <Delay = 0.00> <CoreInst = "Sel">   --->   Core 73 'Sel' <Latency = 0> <II = 1> <Delay = 0.22> <FuncUnit> <Opcode : 'select'> <InPorts = 3> <OutPorts = 1>
ST_1 : Operation 130 [1/1] (0.00ns) (grouped into LUT with out node select_ln14_14)   --->   "%select_ln14_13 = select i1 %icmp_ln14_1, i32 %pe_array_pe_val_2_3_0_load, i32 %select_ln14_12" [sysArray_simple/sysArray.cpp:14]   --->   Operation 130 'select' 'select_ln14_13' <Predicate = true> <Delay = 0.00> <CoreInst = "Sel">   --->   Core 73 'Sel' <Latency = 0> <II = 1> <Delay = 0.22> <FuncUnit> <Opcode : 'select'> <InPorts = 3> <OutPorts = 1>
ST_1 : Operation 131 [1/1] (0.22ns) (out node of the LUT)   --->   "%select_ln14_14 = select i1 %icmp_ln14_2, i32 %pe_array_pe_val_2_3_0_load, i32 %select_ln14_13" [sysArray_simple/sysArray.cpp:14]   --->   Operation 131 'select' 'select_ln14_14' <Predicate = true> <Delay = 0.22> <CoreInst = "Sel">   --->   Core 73 'Sel' <Latency = 0> <II = 1> <Delay = 0.22> <FuncUnit> <Opcode : 'select'> <InPorts = 3> <OutPorts = 1>
ST_1 : Operation 132 [1/1] (0.00ns) (grouped into LUT with out node select_ln14_17)   --->   "%select_ln14_15 = select i1 %icmp_ln14, i32 0, i32 %pe_array_pe_val_2_2_0_load" [sysArray_simple/sysArray.cpp:14]   --->   Operation 132 'select' 'select_ln14_15' <Predicate = true> <Delay = 0.00> <CoreInst = "Sel">   --->   Core 73 'Sel' <Latency = 0> <II = 1> <Delay = 0.22> <FuncUnit> <Opcode : 'select'> <InPorts = 3> <OutPorts = 1>
ST_1 : Operation 133 [1/1] (0.00ns) (grouped into LUT with out node select_ln14_17)   --->   "%select_ln14_16 = select i1 %icmp_ln14_1, i32 %pe_array_pe_val_2_2_0_load, i32 %select_ln14_15" [sysArray_simple/sysArray.cpp:14]   --->   Operation 133 'select' 'select_ln14_16' <Predicate = true> <Delay = 0.00> <CoreInst = "Sel">   --->   Core 73 'Sel' <Latency = 0> <II = 1> <Delay = 0.22> <FuncUnit> <Opcode : 'select'> <InPorts = 3> <OutPorts = 1>
ST_1 : Operation 134 [1/1] (0.22ns) (out node of the LUT)   --->   "%select_ln14_17 = select i1 %icmp_ln14_2, i32 %pe_array_pe_val_2_2_0_load, i32 %select_ln14_16" [sysArray_simple/sysArray.cpp:14]   --->   Operation 134 'select' 'select_ln14_17' <Predicate = true> <Delay = 0.22> <CoreInst = "Sel">   --->   Core 73 'Sel' <Latency = 0> <II = 1> <Delay = 0.22> <FuncUnit> <Opcode : 'select'> <InPorts = 3> <OutPorts = 1>
ST_1 : Operation 135 [1/1] (0.00ns) (grouped into LUT with out node select_ln14_20)   --->   "%select_ln14_18 = select i1 %icmp_ln14, i32 0, i32 %pe_array_pe_val_2_1_0_load" [sysArray_simple/sysArray.cpp:14]   --->   Operation 135 'select' 'select_ln14_18' <Predicate = true> <Delay = 0.00> <CoreInst = "Sel">   --->   Core 73 'Sel' <Latency = 0> <II = 1> <Delay = 0.22> <FuncUnit> <Opcode : 'select'> <InPorts = 3> <OutPorts = 1>
ST_1 : Operation 136 [1/1] (0.00ns) (grouped into LUT with out node select_ln14_20)   --->   "%select_ln14_19 = select i1 %icmp_ln14_1, i32 %pe_array_pe_val_2_1_0_load, i32 %select_ln14_18" [sysArray_simple/sysArray.cpp:14]   --->   Operation 136 'select' 'select_ln14_19' <Predicate = true> <Delay = 0.00> <CoreInst = "Sel">   --->   Core 73 'Sel' <Latency = 0> <II = 1> <Delay = 0.22> <FuncUnit> <Opcode : 'select'> <InPorts = 3> <OutPorts = 1>
ST_1 : Operation 137 [1/1] (0.22ns) (out node of the LUT)   --->   "%select_ln14_20 = select i1 %icmp_ln14_2, i32 %pe_array_pe_val_2_1_0_load, i32 %select_ln14_19" [sysArray_simple/sysArray.cpp:14]   --->   Operation 137 'select' 'select_ln14_20' <Predicate = true> <Delay = 0.22> <CoreInst = "Sel">   --->   Core 73 'Sel' <Latency = 0> <II = 1> <Delay = 0.22> <FuncUnit> <Opcode : 'select'> <InPorts = 3> <OutPorts = 1>
ST_1 : Operation 138 [1/1] (0.00ns) (grouped into LUT with out node select_ln14_23)   --->   "%select_ln14_21 = select i1 %icmp_ln14, i32 0, i32 %pe_array_pe_val_2_0_0_load" [sysArray_simple/sysArray.cpp:14]   --->   Operation 138 'select' 'select_ln14_21' <Predicate = true> <Delay = 0.00> <CoreInst = "Sel">   --->   Core 73 'Sel' <Latency = 0> <II = 1> <Delay = 0.22> <FuncUnit> <Opcode : 'select'> <InPorts = 3> <OutPorts = 1>
ST_1 : Operation 139 [1/1] (0.00ns) (grouped into LUT with out node select_ln14_23)   --->   "%select_ln14_22 = select i1 %icmp_ln14_1, i32 %pe_array_pe_val_2_0_0_load, i32 %select_ln14_21" [sysArray_simple/sysArray.cpp:14]   --->   Operation 139 'select' 'select_ln14_22' <Predicate = true> <Delay = 0.00> <CoreInst = "Sel">   --->   Core 73 'Sel' <Latency = 0> <II = 1> <Delay = 0.22> <FuncUnit> <Opcode : 'select'> <InPorts = 3> <OutPorts = 1>
ST_1 : Operation 140 [1/1] (0.22ns) (out node of the LUT)   --->   "%select_ln14_23 = select i1 %icmp_ln14_2, i32 %pe_array_pe_val_2_0_0_load, i32 %select_ln14_22" [sysArray_simple/sysArray.cpp:14]   --->   Operation 140 'select' 'select_ln14_23' <Predicate = true> <Delay = 0.22> <CoreInst = "Sel">   --->   Core 73 'Sel' <Latency = 0> <II = 1> <Delay = 0.22> <FuncUnit> <Opcode : 'select'> <InPorts = 3> <OutPorts = 1>
ST_1 : Operation 141 [1/1] (0.00ns) (grouped into LUT with out node select_ln14_25)   --->   "%select_ln14_24 = select i1 %icmp_ln14_1, i32 0, i32 %pe_array_pe_val_1_3_0_load" [sysArray_simple/sysArray.cpp:14]   --->   Operation 141 'select' 'select_ln14_24' <Predicate = true> <Delay = 0.00> <CoreInst = "Sel">   --->   Core 73 'Sel' <Latency = 0> <II = 1> <Delay = 0.22> <FuncUnit> <Opcode : 'select'> <InPorts = 3> <OutPorts = 1>
ST_1 : Operation 142 [1/1] (0.22ns) (out node of the LUT)   --->   "%select_ln14_25 = select i1 %icmp_ln14_2, i32 %pe_array_pe_val_1_3_0_load, i32 %select_ln14_24" [sysArray_simple/sysArray.cpp:14]   --->   Operation 142 'select' 'select_ln14_25' <Predicate = true> <Delay = 0.22> <CoreInst = "Sel">   --->   Core 73 'Sel' <Latency = 0> <II = 1> <Delay = 0.22> <FuncUnit> <Opcode : 'select'> <InPorts = 3> <OutPorts = 1>
ST_1 : Operation 143 [1/1] (0.00ns) (grouped into LUT with out node select_ln14_27)   --->   "%select_ln14_26 = select i1 %icmp_ln14_1, i32 0, i32 %pe_array_pe_val_1_2_0_load" [sysArray_simple/sysArray.cpp:14]   --->   Operation 143 'select' 'select_ln14_26' <Predicate = true> <Delay = 0.00> <CoreInst = "Sel">   --->   Core 73 'Sel' <Latency = 0> <II = 1> <Delay = 0.22> <FuncUnit> <Opcode : 'select'> <InPorts = 3> <OutPorts = 1>
ST_1 : Operation 144 [1/1] (0.22ns) (out node of the LUT)   --->   "%select_ln14_27 = select i1 %icmp_ln14_2, i32 %pe_array_pe_val_1_2_0_load, i32 %select_ln14_26" [sysArray_simple/sysArray.cpp:14]   --->   Operation 144 'select' 'select_ln14_27' <Predicate = true> <Delay = 0.22> <CoreInst = "Sel">   --->   Core 73 'Sel' <Latency = 0> <II = 1> <Delay = 0.22> <FuncUnit> <Opcode : 'select'> <InPorts = 3> <OutPorts = 1>
ST_1 : Operation 145 [1/1] (0.00ns) (grouped into LUT with out node select_ln14_29)   --->   "%select_ln14_28 = select i1 %icmp_ln14_1, i32 0, i32 %pe_array_pe_val_1_1_0_load" [sysArray_simple/sysArray.cpp:14]   --->   Operation 145 'select' 'select_ln14_28' <Predicate = true> <Delay = 0.00> <CoreInst = "Sel">   --->   Core 73 'Sel' <Latency = 0> <II = 1> <Delay = 0.22> <FuncUnit> <Opcode : 'select'> <InPorts = 3> <OutPorts = 1>
ST_1 : Operation 146 [1/1] (0.22ns) (out node of the LUT)   --->   "%select_ln14_29 = select i1 %icmp_ln14_2, i32 %pe_array_pe_val_1_1_0_load, i32 %select_ln14_28" [sysArray_simple/sysArray.cpp:14]   --->   Operation 146 'select' 'select_ln14_29' <Predicate = true> <Delay = 0.22> <CoreInst = "Sel">   --->   Core 73 'Sel' <Latency = 0> <II = 1> <Delay = 0.22> <FuncUnit> <Opcode : 'select'> <InPorts = 3> <OutPorts = 1>
ST_1 : Operation 147 [1/1] (0.00ns) (grouped into LUT with out node select_ln14_31)   --->   "%select_ln14_30 = select i1 %icmp_ln14_1, i32 0, i32 %pe_array_pe_val_1_0_0_load" [sysArray_simple/sysArray.cpp:14]   --->   Operation 147 'select' 'select_ln14_30' <Predicate = true> <Delay = 0.00> <CoreInst = "Sel">   --->   Core 73 'Sel' <Latency = 0> <II = 1> <Delay = 0.22> <FuncUnit> <Opcode : 'select'> <InPorts = 3> <OutPorts = 1>
ST_1 : Operation 148 [1/1] (0.22ns) (out node of the LUT)   --->   "%select_ln14_31 = select i1 %icmp_ln14_2, i32 %pe_array_pe_val_1_0_0_load, i32 %select_ln14_30" [sysArray_simple/sysArray.cpp:14]   --->   Operation 148 'select' 'select_ln14_31' <Predicate = true> <Delay = 0.22> <CoreInst = "Sel">   --->   Core 73 'Sel' <Latency = 0> <II = 1> <Delay = 0.22> <FuncUnit> <Opcode : 'select'> <InPorts = 3> <OutPorts = 1>
ST_1 : Operation 149 [1/1] (0.22ns)   --->   "%select_ln14_32 = select i1 %icmp_ln14_2, i32 0, i32 %pe_array_pe_val_0_3_0_load" [sysArray_simple/sysArray.cpp:14]   --->   Operation 149 'select' 'select_ln14_32' <Predicate = true> <Delay = 0.22> <CoreInst = "Sel">   --->   Core 73 'Sel' <Latency = 0> <II = 1> <Delay = 0.22> <FuncUnit> <Opcode : 'select'> <InPorts = 3> <OutPorts = 1>
ST_1 : Operation 150 [1/1] (0.22ns)   --->   "%select_ln14_33 = select i1 %icmp_ln14_2, i32 0, i32 %pe_array_pe_val_0_2_0_load" [sysArray_simple/sysArray.cpp:14]   --->   Operation 150 'select' 'select_ln14_33' <Predicate = true> <Delay = 0.22> <CoreInst = "Sel">   --->   Core 73 'Sel' <Latency = 0> <II = 1> <Delay = 0.22> <FuncUnit> <Opcode : 'select'> <InPorts = 3> <OutPorts = 1>
ST_1 : Operation 151 [1/1] (0.22ns)   --->   "%select_ln14_34 = select i1 %icmp_ln14_2, i32 0, i32 %pe_array_pe_val_0_1_0_load" [sysArray_simple/sysArray.cpp:14]   --->   Operation 151 'select' 'select_ln14_34' <Predicate = true> <Delay = 0.22> <CoreInst = "Sel">   --->   Core 73 'Sel' <Latency = 0> <II = 1> <Delay = 0.22> <FuncUnit> <Opcode : 'select'> <InPorts = 3> <OutPorts = 1>
ST_1 : Operation 152 [1/1] (0.22ns)   --->   "%select_ln14_35 = select i1 %icmp_ln14_2, i32 0, i32 %pe_array_pe_val_0_0_0_load" [sysArray_simple/sysArray.cpp:14]   --->   Operation 152 'select' 'select_ln14_35' <Predicate = true> <Delay = 0.22> <CoreInst = "Sel">   --->   Core 73 'Sel' <Latency = 0> <II = 1> <Delay = 0.22> <FuncUnit> <Opcode : 'select'> <InPorts = 3> <OutPorts = 1>
ST_1 : Operation 153 [1/1] (0.43ns)   --->   "%add_ln35 = add i2 %phi_ln35_load, i2 1" [sysArray_simple/sysArray.cpp:35]   --->   Operation 153 'add' 'add_ln35' <Predicate = true> <Delay = 0.43> <CoreInst = "Adder">   --->   Core 1 'Adder' <Latency = 0> <II = 1> <Delay = 0.43> <FuncUnit> <Opcode : 'add' 'sub'> <InPorts = 2> <OutPorts = 1>
ST_1 : Operation 154 [1/1] (0.34ns)   --->   "%icmp_ln35 = icmp_eq  i2 %phi_ln35_load, i2 3" [sysArray_simple/sysArray.cpp:35]   --->   Operation 154 'icmp' 'icmp_ln35' <Predicate = true> <Delay = 0.34> <CoreInst = "Cmp">   --->   Core 9 'Cmp' <Latency = 0> <II = 1> <Delay = 0.34> <FuncUnit> <Opcode : 'icmp'> <InPorts = 2> <OutPorts = 1>
ST_1 : Operation 155 [1/1] (0.00ns)   --->   "%br_ln35 = br i1 %icmp_ln35, void %arrayctor.loop.i_ifconv.arrayctor.loop.i_ifconv_crit_edge, void %.preheader1.preheader.preheader.exitStub" [sysArray_simple/sysArray.cpp:35]   --->   Operation 155 'br' 'br_ln35' <Predicate = true> <Delay = 0.00>
ST_1 : Operation 156 [1/1] (0.00ns)   --->   "%store_ln35 = store i32 %select_ln14_2, i32 %pe_array_pe_val_3_3_0" [sysArray_simple/sysArray.cpp:35]   --->   Operation 156 'store' 'store_ln35' <Predicate = (!icmp_ln35)> <Delay = 0.00>
ST_1 : Operation 157 [1/1] (0.00ns)   --->   "%store_ln35 = store i32 %select_ln14_5, i32 %pe_array_pe_val_3_2_0" [sysArray_simple/sysArray.cpp:35]   --->   Operation 157 'store' 'store_ln35' <Predicate = (!icmp_ln35)> <Delay = 0.00>
ST_1 : Operation 158 [1/1] (0.00ns)   --->   "%store_ln35 = store i32 %select_ln14_8, i32 %pe_array_pe_val_3_1_0" [sysArray_simple/sysArray.cpp:35]   --->   Operation 158 'store' 'store_ln35' <Predicate = (!icmp_ln35)> <Delay = 0.00>
ST_1 : Operation 159 [1/1] (0.00ns)   --->   "%store_ln35 = store i32 %select_ln14_11, i32 %pe_array_pe_val_3_0_0" [sysArray_simple/sysArray.cpp:35]   --->   Operation 159 'store' 'store_ln35' <Predicate = (!icmp_ln35)> <Delay = 0.00>
ST_1 : Operation 160 [1/1] (0.00ns)   --->   "%store_ln35 = store i32 %select_ln14_14, i32 %pe_array_pe_val_2_3_0" [sysArray_simple/sysArray.cpp:35]   --->   Operation 160 'store' 'store_ln35' <Predicate = (!icmp_ln35)> <Delay = 0.00>
ST_1 : Operation 161 [1/1] (0.00ns)   --->   "%store_ln35 = store i32 %select_ln14_17, i32 %pe_array_pe_val_2_2_0" [sysArray_simple/sysArray.cpp:35]   --->   Operation 161 'store' 'store_ln35' <Predicate = (!icmp_ln35)> <Delay = 0.00>
ST_1 : Operation 162 [1/1] (0.00ns)   --->   "%store_ln35 = store i32 %select_ln14_20, i32 %pe_array_pe_val_2_1_0" [sysArray_simple/sysArray.cpp:35]   --->   Operation 162 'store' 'store_ln35' <Predicate = (!icmp_ln35)> <Delay = 0.00>
ST_1 : Operation 163 [1/1] (0.00ns)   --->   "%store_ln35 = store i32 %select_ln14_23, i32 %pe_array_pe_val_2_0_0" [sysArray_simple/sysArray.cpp:35]   --->   Operation 163 'store' 'store_ln35' <Predicate = (!icmp_ln35)> <Delay = 0.00>
ST_1 : Operation 164 [1/1] (0.00ns)   --->   "%store_ln35 = store i32 %select_ln14_25, i32 %pe_array_pe_val_1_3_0" [sysArray_simple/sysArray.cpp:35]   --->   Operation 164 'store' 'store_ln35' <Predicate = (!icmp_ln35)> <Delay = 0.00>
ST_1 : Operation 165 [1/1] (0.00ns)   --->   "%store_ln35 = store i32 %select_ln14_27, i32 %pe_array_pe_val_1_2_0" [sysArray_simple/sysArray.cpp:35]   --->   Operation 165 'store' 'store_ln35' <Predicate = (!icmp_ln35)> <Delay = 0.00>
ST_1 : Operation 166 [1/1] (0.00ns)   --->   "%store_ln35 = store i32 %select_ln14_29, i32 %pe_array_pe_val_1_1_0" [sysArray_simple/sysArray.cpp:35]   --->   Operation 166 'store' 'store_ln35' <Predicate = (!icmp_ln35)> <Delay = 0.00>
ST_1 : Operation 167 [1/1] (0.00ns)   --->   "%store_ln35 = store i32 %select_ln14_31, i32 %pe_array_pe_val_1_0_0" [sysArray_simple/sysArray.cpp:35]   --->   Operation 167 'store' 'store_ln35' <Predicate = (!icmp_ln35)> <Delay = 0.00>
ST_1 : Operation 168 [1/1] (0.00ns)   --->   "%store_ln35 = store i32 %select_ln14_32, i32 %pe_array_pe_val_0_3_0" [sysArray_simple/sysArray.cpp:35]   --->   Operation 168 'store' 'store_ln35' <Predicate = (!icmp_ln35)> <Delay = 0.00>
ST_1 : Operation 169 [1/1] (0.00ns)   --->   "%store_ln35 = store i32 %select_ln14_33, i32 %pe_array_pe_val_0_2_0" [sysArray_simple/sysArray.cpp:35]   --->   Operation 169 'store' 'store_ln35' <Predicate = (!icmp_ln35)> <Delay = 0.00>
ST_1 : Operation 170 [1/1] (0.00ns)   --->   "%store_ln35 = store i32 %select_ln14_34, i32 %pe_array_pe_val_0_1_0" [sysArray_simple/sysArray.cpp:35]   --->   Operation 170 'store' 'store_ln35' <Predicate = (!icmp_ln35)> <Delay = 0.00>
ST_1 : Operation 171 [1/1] (0.00ns)   --->   "%store_ln35 = store i32 %select_ln14_35, i32 %pe_array_pe_val_0_0_0" [sysArray_simple/sysArray.cpp:35]   --->   Operation 171 'store' 'store_ln35' <Predicate = (!icmp_ln35)> <Delay = 0.00>
ST_1 : Operation 172 [1/1] (0.00ns)   --->   "%store_ln35 = store i32 %pe_array_pe_b_pass_2_3_1, i32 %pe_array_pe_b_pass_2_3_0" [sysArray_simple/sysArray.cpp:35]   --->   Operation 172 'store' 'store_ln35' <Predicate = (!icmp_ln35)> <Delay = 0.00>
ST_1 : Operation 173 [1/1] (0.00ns)   --->   "%store_ln35 = store i32 %pe_array_pe_b_pass_2_2_1, i32 %pe_array_pe_b_pass_2_2_0" [sysArray_simple/sysArray.cpp:35]   --->   Operation 173 'store' 'store_ln35' <Predicate = (!icmp_ln35)> <Delay = 0.00>
ST_1 : Operation 174 [1/1] (0.00ns)   --->   "%store_ln35 = store i32 %pe_array_pe_b_pass_2_1_1, i32 %pe_array_pe_b_pass_2_1_0" [sysArray_simple/sysArray.cpp:35]   --->   Operation 174 'store' 'store_ln35' <Predicate = (!icmp_ln35)> <Delay = 0.00>
ST_1 : Operation 175 [1/1] (0.00ns)   --->   "%store_ln35 = store i32 %pe_array_pe_b_pass_2_0_1, i32 %pe_array_pe_b_pass_2_0_0" [sysArray_simple/sysArray.cpp:35]   --->   Operation 175 'store' 'store_ln35' <Predicate = (!icmp_ln35)> <Delay = 0.00>
ST_1 : Operation 176 [1/1] (0.00ns)   --->   "%store_ln35 = store i32 %pe_array_pe_b_pass_1_3_1, i32 %pe_array_pe_b_pass_1_3_0" [sysArray_simple/sysArray.cpp:35]   --->   Operation 176 'store' 'store_ln35' <Predicate = (!icmp_ln35)> <Delay = 0.00>
ST_1 : Operation 177 [1/1] (0.00ns)   --->   "%store_ln35 = store i32 %pe_array_pe_b_pass_1_2_1, i32 %pe_array_pe_b_pass_1_2_0" [sysArray_simple/sysArray.cpp:35]   --->   Operation 177 'store' 'store_ln35' <Predicate = (!icmp_ln35)> <Delay = 0.00>
ST_1 : Operation 178 [1/1] (0.00ns)   --->   "%store_ln35 = store i32 %pe_array_pe_b_pass_1_1_1, i32 %pe_array_pe_b_pass_1_1_0" [sysArray_simple/sysArray.cpp:35]   --->   Operation 178 'store' 'store_ln35' <Predicate = (!icmp_ln35)> <Delay = 0.00>
ST_1 : Operation 179 [1/1] (0.00ns)   --->   "%store_ln35 = store i32 %pe_array_pe_b_pass_1_0_1, i32 %pe_array_pe_b_pass_1_0_0" [sysArray_simple/sysArray.cpp:35]   --->   Operation 179 'store' 'store_ln35' <Predicate = (!icmp_ln35)> <Delay = 0.00>
ST_1 : Operation 180 [1/1] (0.00ns)   --->   "%store_ln35 = store i32 %pe_array_pe_b_pass_0_3_1, i32 %pe_array_pe_b_pass_0_3_0" [sysArray_simple/sysArray.cpp:35]   --->   Operation 180 'store' 'store_ln35' <Predicate = (!icmp_ln35)> <Delay = 0.00>
ST_1 : Operation 181 [1/1] (0.00ns)   --->   "%store_ln35 = store i32 %pe_array_pe_b_pass_0_2_1, i32 %pe_array_pe_b_pass_0_2_0" [sysArray_simple/sysArray.cpp:35]   --->   Operation 181 'store' 'store_ln35' <Predicate = (!icmp_ln35)> <Delay = 0.00>
ST_1 : Operation 182 [1/1] (0.00ns)   --->   "%store_ln35 = store i32 %pe_array_pe_b_pass_0_1_1, i32 %pe_array_pe_b_pass_0_1_0" [sysArray_simple/sysArray.cpp:35]   --->   Operation 182 'store' 'store_ln35' <Predicate = (!icmp_ln35)> <Delay = 0.00>
ST_1 : Operation 183 [1/1] (0.00ns)   --->   "%store_ln35 = store i32 %pe_array_pe_b_pass_0_0_1, i32 %pe_array_pe_b_pass_0_0_0" [sysArray_simple/sysArray.cpp:35]   --->   Operation 183 'store' 'store_ln35' <Predicate = (!icmp_ln35)> <Delay = 0.00>
ST_1 : Operation 184 [1/1] (0.00ns)   --->   "%store_ln35 = store i32 %pe_array_pe_a_pass_3_2_1, i32 %pe_array_pe_a_pass_3_2_0" [sysArray_simple/sysArray.cpp:35]   --->   Operation 184 'store' 'store_ln35' <Predicate = (!icmp_ln35)> <Delay = 0.00>
ST_1 : Operation 185 [1/1] (0.00ns)   --->   "%store_ln35 = store i32 %pe_array_pe_a_pass_3_1_1, i32 %pe_array_pe_a_pass_3_1_0" [sysArray_simple/sysArray.cpp:35]   --->   Operation 185 'store' 'store_ln35' <Predicate = (!icmp_ln35)> <Delay = 0.00>
ST_1 : Operation 186 [1/1] (0.00ns)   --->   "%store_ln35 = store i32 %pe_array_pe_a_pass_3_0_1, i32 %pe_array_pe_a_pass_3_0_0" [sysArray_simple/sysArray.cpp:35]   --->   Operation 186 'store' 'store_ln35' <Predicate = (!icmp_ln35)> <Delay = 0.00>
ST_1 : Operation 187 [1/1] (0.00ns)   --->   "%store_ln35 = store i32 %pe_array_pe_a_pass_2_2_1, i32 %pe_array_pe_a_pass_2_2_0" [sysArray_simple/sysArray.cpp:35]   --->   Operation 187 'store' 'store_ln35' <Predicate = (!icmp_ln35)> <Delay = 0.00>
ST_1 : Operation 188 [1/1] (0.00ns)   --->   "%store_ln35 = store i32 %pe_array_pe_a_pass_2_1_1, i32 %pe_array_pe_a_pass_2_1_0" [sysArray_simple/sysArray.cpp:35]   --->   Operation 188 'store' 'store_ln35' <Predicate = (!icmp_ln35)> <Delay = 0.00>
ST_1 : Operation 189 [1/1] (0.00ns)   --->   "%store_ln35 = store i32 %pe_array_pe_a_pass_2_0_1, i32 %pe_array_pe_a_pass_2_0_0" [sysArray_simple/sysArray.cpp:35]   --->   Operation 189 'store' 'store_ln35' <Predicate = (!icmp_ln35)> <Delay = 0.00>
ST_1 : Operation 190 [1/1] (0.00ns)   --->   "%store_ln35 = store i32 %pe_array_pe_a_pass_1_2_1, i32 %pe_array_pe_a_pass_1_2_0" [sysArray_simple/sysArray.cpp:35]   --->   Operation 190 'store' 'store_ln35' <Predicate = (!icmp_ln35)> <Delay = 0.00>
ST_1 : Operation 191 [1/1] (0.00ns)   --->   "%store_ln35 = store i32 %pe_array_pe_a_pass_1_1_1, i32 %pe_array_pe_a_pass_1_1_0" [sysArray_simple/sysArray.cpp:35]   --->   Operation 191 'store' 'store_ln35' <Predicate = (!icmp_ln35)> <Delay = 0.00>
ST_1 : Operation 192 [1/1] (0.00ns)   --->   "%store_ln35 = store i32 %pe_array_pe_a_pass_1_0_1, i32 %pe_array_pe_a_pass_1_0_0" [sysArray_simple/sysArray.cpp:35]   --->   Operation 192 'store' 'store_ln35' <Predicate = (!icmp_ln35)> <Delay = 0.00>
ST_1 : Operation 193 [1/1] (0.00ns)   --->   "%store_ln35 = store i32 %pe_array_pe_a_pass_0_2_1, i32 %pe_array_pe_a_pass_0_2_0" [sysArray_simple/sysArray.cpp:35]   --->   Operation 193 'store' 'store_ln35' <Predicate = (!icmp_ln35)> <Delay = 0.00>
ST_1 : Operation 194 [1/1] (0.00ns)   --->   "%store_ln35 = store i32 %pe_array_pe_a_pass_0_1_1, i32 %pe_array_pe_a_pass_0_1_0" [sysArray_simple/sysArray.cpp:35]   --->   Operation 194 'store' 'store_ln35' <Predicate = (!icmp_ln35)> <Delay = 0.00>
ST_1 : Operation 195 [1/1] (0.00ns)   --->   "%store_ln35 = store i32 %pe_array_pe_a_pass_0_0_1, i32 %pe_array_pe_a_pass_0_0_0" [sysArray_simple/sysArray.cpp:35]   --->   Operation 195 'store' 'store_ln35' <Predicate = (!icmp_ln35)> <Delay = 0.00>
ST_1 : Operation 196 [1/1] (0.38ns)   --->   "%store_ln35 = store i2 %add_ln35, i2 %phi_ln35" [sysArray_simple/sysArray.cpp:35]   --->   Operation 196 'store' 'store_ln35' <Predicate = (!icmp_ln35)> <Delay = 0.38>
ST_1 : Operation 197 [1/1] (0.00ns)   --->   "%br_ln35 = br void %arrayctor.loop.i_ifconv" [sysArray_simple/sysArray.cpp:35]   --->   Operation 197 'br' 'br_ln35' <Predicate = (!icmp_ln35)> <Delay = 0.00>
ST_1 : Operation 198 [1/1] (0.00ns)   --->   "%write_ln35 = write void @_ssdm_op_Write.ap_auto.i32P0A, i32 %pe_array_pe_a_pass_0_0_1_out, i32 %pe_array_pe_a_pass_0_0_1" [sysArray_simple/sysArray.cpp:35]   --->   Operation 198 'write' 'write_ln35' <Predicate = (icmp_ln35)> <Delay = 0.00>
ST_1 : Operation 199 [1/1] (0.00ns)   --->   "%write_ln35 = write void @_ssdm_op_Write.ap_auto.i32P0A, i32 %pe_array_pe_a_pass_1_0_1_out, i32 %pe_array_pe_a_pass_1_0_1" [sysArray_simple/sysArray.cpp:35]   --->   Operation 199 'write' 'write_ln35' <Predicate = (icmp_ln35)> <Delay = 0.00>
ST_1 : Operation 200 [1/1] (0.00ns)   --->   "%write_ln35 = write void @_ssdm_op_Write.ap_auto.i32P0A, i32 %pe_array_pe_a_pass_2_0_1_out, i32 %pe_array_pe_a_pass_2_0_1" [sysArray_simple/sysArray.cpp:35]   --->   Operation 200 'write' 'write_ln35' <Predicate = (icmp_ln35)> <Delay = 0.00>
ST_1 : Operation 201 [1/1] (0.00ns)   --->   "%write_ln35 = write void @_ssdm_op_Write.ap_auto.i32P0A, i32 %pe_array_pe_a_pass_3_0_1_out, i32 %pe_array_pe_a_pass_3_0_1" [sysArray_simple/sysArray.cpp:35]   --->   Operation 201 'write' 'write_ln35' <Predicate = (icmp_ln35)> <Delay = 0.00>
ST_1 : Operation 202 [1/1] (0.00ns)   --->   "%write_ln35 = write void @_ssdm_op_Write.ap_auto.i32P0A, i32 %pe_array_pe_b_pass_0_0_1_out, i32 %pe_array_pe_b_pass_0_0_1" [sysArray_simple/sysArray.cpp:35]   --->   Operation 202 'write' 'write_ln35' <Predicate = (icmp_ln35)> <Delay = 0.00>
ST_1 : Operation 203 [1/1] (0.00ns)   --->   "%write_ln35 = write void @_ssdm_op_Write.ap_auto.i32P0A, i32 %pe_array_pe_b_pass_1_0_1_out, i32 %pe_array_pe_b_pass_1_0_1" [sysArray_simple/sysArray.cpp:35]   --->   Operation 203 'write' 'write_ln35' <Predicate = (icmp_ln35)> <Delay = 0.00>
ST_1 : Operation 204 [1/1] (0.00ns)   --->   "%write_ln35 = write void @_ssdm_op_Write.ap_auto.i32P0A, i32 %pe_array_pe_b_pass_2_0_1_out, i32 %pe_array_pe_b_pass_2_0_1" [sysArray_simple/sysArray.cpp:35]   --->   Operation 204 'write' 'write_ln35' <Predicate = (icmp_ln35)> <Delay = 0.00>
ST_1 : Operation 205 [1/1] (0.00ns)   --->   "%write_ln35 = write void @_ssdm_op_Write.ap_auto.i32P0A, i32 %pe_array_pe_a_pass_0_1_1_out, i32 %pe_array_pe_a_pass_0_1_1" [sysArray_simple/sysArray.cpp:35]   --->   Operation 205 'write' 'write_ln35' <Predicate = (icmp_ln35)> <Delay = 0.00>
ST_1 : Operation 206 [1/1] (0.00ns)   --->   "%write_ln35 = write void @_ssdm_op_Write.ap_auto.i32P0A, i32 %pe_array_pe_a_pass_1_1_1_out, i32 %pe_array_pe_a_pass_1_1_1" [sysArray_simple/sysArray.cpp:35]   --->   Operation 206 'write' 'write_ln35' <Predicate = (icmp_ln35)> <Delay = 0.00>
ST_1 : Operation 207 [1/1] (0.00ns)   --->   "%write_ln35 = write void @_ssdm_op_Write.ap_auto.i32P0A, i32 %pe_array_pe_a_pass_2_1_1_out, i32 %pe_array_pe_a_pass_2_1_1" [sysArray_simple/sysArray.cpp:35]   --->   Operation 207 'write' 'write_ln35' <Predicate = (icmp_ln35)> <Delay = 0.00>
ST_1 : Operation 208 [1/1] (0.00ns)   --->   "%write_ln35 = write void @_ssdm_op_Write.ap_auto.i32P0A, i32 %pe_array_pe_a_pass_3_1_1_out, i32 %pe_array_pe_a_pass_3_1_1" [sysArray_simple/sysArray.cpp:35]   --->   Operation 208 'write' 'write_ln35' <Predicate = (icmp_ln35)> <Delay = 0.00>
ST_1 : Operation 209 [1/1] (0.00ns)   --->   "%write_ln35 = write void @_ssdm_op_Write.ap_auto.i32P0A, i32 %pe_array_pe_b_pass_0_1_1_out, i32 %pe_array_pe_b_pass_0_1_1" [sysArray_simple/sysArray.cpp:35]   --->   Operation 209 'write' 'write_ln35' <Predicate = (icmp_ln35)> <Delay = 0.00>
ST_1 : Operation 210 [1/1] (0.00ns)   --->   "%write_ln35 = write void @_ssdm_op_Write.ap_auto.i32P0A, i32 %pe_array_pe_b_pass_1_1_1_out, i32 %pe_array_pe_b_pass_1_1_1" [sysArray_simple/sysArray.cpp:35]   --->   Operation 210 'write' 'write_ln35' <Predicate = (icmp_ln35)> <Delay = 0.00>
ST_1 : Operation 211 [1/1] (0.00ns)   --->   "%write_ln35 = write void @_ssdm_op_Write.ap_auto.i32P0A, i32 %pe_array_pe_b_pass_2_1_1_out, i32 %pe_array_pe_b_pass_2_1_1" [sysArray_simple/sysArray.cpp:35]   --->   Operation 211 'write' 'write_ln35' <Predicate = (icmp_ln35)> <Delay = 0.00>
ST_1 : Operation 212 [1/1] (0.00ns)   --->   "%write_ln35 = write void @_ssdm_op_Write.ap_auto.i32P0A, i32 %pe_array_pe_a_pass_0_2_1_out, i32 %pe_array_pe_a_pass_0_2_1" [sysArray_simple/sysArray.cpp:35]   --->   Operation 212 'write' 'write_ln35' <Predicate = (icmp_ln35)> <Delay = 0.00>
ST_1 : Operation 213 [1/1] (0.00ns)   --->   "%write_ln35 = write void @_ssdm_op_Write.ap_auto.i32P0A, i32 %pe_array_pe_a_pass_1_2_1_out, i32 %pe_array_pe_a_pass_1_2_1" [sysArray_simple/sysArray.cpp:35]   --->   Operation 213 'write' 'write_ln35' <Predicate = (icmp_ln35)> <Delay = 0.00>
ST_1 : Operation 214 [1/1] (0.00ns)   --->   "%write_ln35 = write void @_ssdm_op_Write.ap_auto.i32P0A, i32 %pe_array_pe_a_pass_2_2_1_out, i32 %pe_array_pe_a_pass_2_2_1" [sysArray_simple/sysArray.cpp:35]   --->   Operation 214 'write' 'write_ln35' <Predicate = (icmp_ln35)> <Delay = 0.00>
ST_1 : Operation 215 [1/1] (0.00ns)   --->   "%write_ln35 = write void @_ssdm_op_Write.ap_auto.i32P0A, i32 %pe_array_pe_a_pass_3_2_1_out, i32 %pe_array_pe_a_pass_3_2_1" [sysArray_simple/sysArray.cpp:35]   --->   Operation 215 'write' 'write_ln35' <Predicate = (icmp_ln35)> <Delay = 0.00>
ST_1 : Operation 216 [1/1] (0.00ns)   --->   "%write_ln35 = write void @_ssdm_op_Write.ap_auto.i32P0A, i32 %pe_array_pe_b_pass_0_2_1_out, i32 %pe_array_pe_b_pass_0_2_1" [sysArray_simple/sysArray.cpp:35]   --->   Operation 216 'write' 'write_ln35' <Predicate = (icmp_ln35)> <Delay = 0.00>
ST_1 : Operation 217 [1/1] (0.00ns)   --->   "%write_ln35 = write void @_ssdm_op_Write.ap_auto.i32P0A, i32 %pe_array_pe_b_pass_1_2_1_out, i32 %pe_array_pe_b_pass_1_2_1" [sysArray_simple/sysArray.cpp:35]   --->   Operation 217 'write' 'write_ln35' <Predicate = (icmp_ln35)> <Delay = 0.00>
ST_1 : Operation 218 [1/1] (0.00ns)   --->   "%write_ln35 = write void @_ssdm_op_Write.ap_auto.i32P0A, i32 %pe_array_pe_b_pass_2_2_1_out, i32 %pe_array_pe_b_pass_2_2_1" [sysArray_simple/sysArray.cpp:35]   --->   Operation 218 'write' 'write_ln35' <Predicate = (icmp_ln35)> <Delay = 0.00>
ST_1 : Operation 219 [1/1] (0.00ns)   --->   "%write_ln35 = write void @_ssdm_op_Write.ap_auto.i32P0A, i32 %pe_array_pe_b_pass_0_3_1_out, i32 %pe_array_pe_b_pass_0_3_1" [sysArray_simple/sysArray.cpp:35]   --->   Operation 219 'write' 'write_ln35' <Predicate = (icmp_ln35)> <Delay = 0.00>
ST_1 : Operation 220 [1/1] (0.00ns)   --->   "%write_ln35 = write void @_ssdm_op_Write.ap_auto.i32P0A, i32 %pe_array_pe_b_pass_1_3_1_out, i32 %pe_array_pe_b_pass_1_3_1" [sysArray_simple/sysArray.cpp:35]   --->   Operation 220 'write' 'write_ln35' <Predicate = (icmp_ln35)> <Delay = 0.00>
ST_1 : Operation 221 [1/1] (0.00ns)   --->   "%write_ln35 = write void @_ssdm_op_Write.ap_auto.i32P0A, i32 %pe_array_pe_b_pass_2_3_1_out, i32 %pe_array_pe_b_pass_2_3_1" [sysArray_simple/sysArray.cpp:35]   --->   Operation 221 'write' 'write_ln35' <Predicate = (icmp_ln35)> <Delay = 0.00>
ST_1 : Operation 222 [1/1] (0.00ns)   --->   "%write_ln14 = write void @_ssdm_op_Write.ap_auto.i32P0A, i32 %select_ln14_2_out, i32 %select_ln14_2" [sysArray_simple/sysArray.cpp:14]   --->   Operation 222 'write' 'write_ln14' <Predicate = (icmp_ln35)> <Delay = 0.00>
ST_1 : Operation 223 [1/1] (0.00ns)   --->   "%write_ln14 = write void @_ssdm_op_Write.ap_auto.i32P0A, i32 %select_ln14_5_out, i32 %select_ln14_5" [sysArray_simple/sysArray.cpp:14]   --->   Operation 223 'write' 'write_ln14' <Predicate = (icmp_ln35)> <Delay = 0.00>
ST_1 : Operation 224 [1/1] (0.00ns)   --->   "%write_ln14 = write void @_ssdm_op_Write.ap_auto.i32P0A, i32 %select_ln14_8_out, i32 %select_ln14_8" [sysArray_simple/sysArray.cpp:14]   --->   Operation 224 'write' 'write_ln14' <Predicate = (icmp_ln35)> <Delay = 0.00>
ST_1 : Operation 225 [1/1] (0.00ns)   --->   "%write_ln14 = write void @_ssdm_op_Write.ap_auto.i32P0A, i32 %select_ln14_11_out, i32 %select_ln14_11" [sysArray_simple/sysArray.cpp:14]   --->   Operation 225 'write' 'write_ln14' <Predicate = (icmp_ln35)> <Delay = 0.00>
ST_1 : Operation 226 [1/1] (0.00ns)   --->   "%write_ln14 = write void @_ssdm_op_Write.ap_auto.i32P0A, i32 %select_ln14_14_out, i32 %select_ln14_14" [sysArray_simple/sysArray.cpp:14]   --->   Operation 226 'write' 'write_ln14' <Predicate = (icmp_ln35)> <Delay = 0.00>
ST_1 : Operation 227 [1/1] (0.00ns)   --->   "%write_ln14 = write void @_ssdm_op_Write.ap_auto.i32P0A, i32 %select_ln14_17_out, i32 %select_ln14_17" [sysArray_simple/sysArray.cpp:14]   --->   Operation 227 'write' 'write_ln14' <Predicate = (icmp_ln35)> <Delay = 0.00>
ST_1 : Operation 228 [1/1] (0.00ns)   --->   "%write_ln14 = write void @_ssdm_op_Write.ap_auto.i32P0A, i32 %select_ln14_20_out, i32 %select_ln14_20" [sysArray_simple/sysArray.cpp:14]   --->   Operation 228 'write' 'write_ln14' <Predicate = (icmp_ln35)> <Delay = 0.00>
ST_1 : Operation 229 [1/1] (0.00ns)   --->   "%write_ln14 = write void @_ssdm_op_Write.ap_auto.i32P0A, i32 %select_ln14_23_out, i32 %select_ln14_23" [sysArray_simple/sysArray.cpp:14]   --->   Operation 229 'write' 'write_ln14' <Predicate = (icmp_ln35)> <Delay = 0.00>
ST_1 : Operation 230 [1/1] (0.00ns)   --->   "%write_ln14 = write void @_ssdm_op_Write.ap_auto.i32P0A, i32 %select_ln14_25_out, i32 %select_ln14_25" [sysArray_simple/sysArray.cpp:14]   --->   Operation 230 'write' 'write_ln14' <Predicate = (icmp_ln35)> <Delay = 0.00>
ST_1 : Operation 231 [1/1] (0.00ns)   --->   "%write_ln14 = write void @_ssdm_op_Write.ap_auto.i32P0A, i32 %select_ln14_27_out, i32 %select_ln14_27" [sysArray_simple/sysArray.cpp:14]   --->   Operation 231 'write' 'write_ln14' <Predicate = (icmp_ln35)> <Delay = 0.00>
ST_1 : Operation 232 [1/1] (0.00ns)   --->   "%write_ln14 = write void @_ssdm_op_Write.ap_auto.i32P0A, i32 %select_ln14_29_out, i32 %select_ln14_29" [sysArray_simple/sysArray.cpp:14]   --->   Operation 232 'write' 'write_ln14' <Predicate = (icmp_ln35)> <Delay = 0.00>
ST_1 : Operation 233 [1/1] (0.00ns)   --->   "%write_ln14 = write void @_ssdm_op_Write.ap_auto.i32P0A, i32 %select_ln14_31_out, i32 %select_ln14_31" [sysArray_simple/sysArray.cpp:14]   --->   Operation 233 'write' 'write_ln14' <Predicate = (icmp_ln35)> <Delay = 0.00>
ST_1 : Operation 234 [1/1] (0.00ns)   --->   "%write_ln14 = write void @_ssdm_op_Write.ap_auto.i32P0A, i32 %select_ln14_32_out, i32 %select_ln14_32" [sysArray_simple/sysArray.cpp:14]   --->   Operation 234 'write' 'write_ln14' <Predicate = (icmp_ln35)> <Delay = 0.00>
ST_1 : Operation 235 [1/1] (0.00ns)   --->   "%write_ln14 = write void @_ssdm_op_Write.ap_auto.i32P0A, i32 %select_ln14_33_out, i32 %select_ln14_33" [sysArray_simple/sysArray.cpp:14]   --->   Operation 235 'write' 'write_ln14' <Predicate = (icmp_ln35)> <Delay = 0.00>
ST_1 : Operation 236 [1/1] (0.00ns)   --->   "%write_ln14 = write void @_ssdm_op_Write.ap_auto.i32P0A, i32 %select_ln14_34_out, i32 %select_ln14_34" [sysArray_simple/sysArray.cpp:14]   --->   Operation 236 'write' 'write_ln14' <Predicate = (icmp_ln35)> <Delay = 0.00>
ST_1 : Operation 237 [1/1] (0.00ns)   --->   "%write_ln14 = write void @_ssdm_op_Write.ap_auto.i32P0A, i32 %select_ln14_35_out, i32 %select_ln14_35" [sysArray_simple/sysArray.cpp:14]   --->   Operation 237 'write' 'write_ln14' <Predicate = (icmp_ln35)> <Delay = 0.00>
ST_1 : Operation 238 [1/1] (0.00ns)   --->   "%ret_ln0 = ret"   --->   Operation 238 'ret' 'ret_ln0' <Predicate = (icmp_ln35)> <Delay = 0.00>


============================================================
+ Verbose Summary: Timing violations
============================================================
Target clock period: 3ns, clock uncertainty: 0.81ns.

 <State 1>: 0.823ns
The critical path consists of the following:
	'alloca' operation ('phi_ln35') [41]  (0 ns)
	'load' operation ('phi_ln35_load', sysArray_simple/sysArray.cpp:35) on local variable 'phi_ln35' [85]  (0 ns)
	'add' operation ('add_ln35', sysArray_simple/sysArray.cpp:35) [191]  (0.436 ns)
	'store' operation ('store_ln35', sysArray_simple/sysArray.cpp:35) of variable 'add_ln35', sysArray_simple/sysArray.cpp:35 on local variable 'phi_ln35' [235]  (0.387 ns)


============================================================
+ Verbose Summary: Binding
============================================================
N/A
* FSMD analyzer results:
  - Output states:
 - Input state : 
  - Chain level:
	State 1


============================================================
+ Verbose Summary: Datapath Resource usage 
============================================================
N/A
