

================================================================
== Vitis HLS Report for 'Loop_1_proc1_Pipeline_1'
================================================================
* Date:           Wed Sep 28 12:36:10 2022

* Version:        2021.1 (Build 3247384 on Thu Jun 10 19:36:07 MDT 2021)
* Project:        sysArray_complex
* Solution:       solution1 (Vivado IP Flow Target)
* Product family: virtexuplus
* Target device:  xcu50-fsvh2104-2-e


================================================================
== Performance Estimates
================================================================
+ Timing: 
    * Summary: 
    +--------+---------+----------+------------+
    |  Clock |  Target | Estimated| Uncertainty|
    +--------+---------+----------+------------+
    |ap_clk  |  3.00 ns|  0.730 ns|     0.81 ns|
    +--------+---------+----------+------------+

+ Latency: 
    * Summary: 
    +---------+---------+-----------+-----------+-----+-----+---------+
    |  Latency (cycles) |   Latency (absolute)  |  Interval | Pipeline|
    |   min   |   max   |    min    |    max    | min | max |   Type  |
    +---------+---------+-----------+-----------+-----+-----+---------+
    |       11|       11|  33.000 ns|  33.000 ns|   11|   11|       no|
    +---------+---------+-----------+-----------+-----+-----+---------+

    + Detail: 
        * Instance: 
        N/A

        * Loop: 
        +----------+---------+---------+----------+-----------+-----------+------+----------+
        |          |  Latency (cycles) | Iteration|  Initiation Interval  | Trip |          |
        | Loop Name|   min   |   max   |  Latency |  achieved |   target  | Count| Pipelined|
        +----------+---------+---------+----------+-----------+-----------+------+----------+
        |- Loop 1  |        9|        9|         2|          2|          1|     4|       yes|
        +----------+---------+---------+----------+-----------+-----------+------+----------+



================================================================
== Utilization Estimates
================================================================
* Summary: 
+---------------------+---------+------+---------+--------+-----+
|         Name        | BRAM_18K|  DSP |    FF   |   LUT  | URAM|
+---------------------+---------+------+---------+--------+-----+
|DSP                  |        -|     -|        -|       -|    -|
|Expression           |        -|     -|        0|      17|    -|
|FIFO                 |        -|     -|        -|       -|    -|
|Instance             |        -|     -|        -|       -|    -|
|Memory               |        -|     -|        -|       -|    -|
|Multiplexer          |        -|     -|        -|     349|    -|
|Register             |        -|     -|        9|       -|    -|
+---------------------+---------+------+---------+--------+-----+
|Total                |        0|     0|        9|     366|    0|
+---------------------+---------+------+---------+--------+-----+
|Available SLR        |     1344|  2976|   871680|  435840|  320|
+---------------------+---------+------+---------+--------+-----+
|Utilization SLR (%)  |        0|     0|       ~0|      ~0|    0|
+---------------------+---------+------+---------+--------+-----+
|Available            |     2688|  5952|  1743360|  871680|  640|
+---------------------+---------+------+---------+--------+-----+
|Utilization (%)      |        0|     0|       ~0|      ~0|    0|
+---------------------+---------+------+---------+--------+-----+

+ Detail: 
    * Instance: 
    N/A

    * DSP: 
    N/A

    * Memory: 
    N/A

    * FIFO: 
    N/A

    * Expression: 
    +---------------------+----------+----+---+----+------------+------------+
    |    Variable Name    | Operation| DSP| FF| LUT| Bitwidth P0| Bitwidth P1|
    +---------------------+----------+----+---+----+------------+------------+
    |add_ln35_fu_559_p2   |         +|   0|  0|   9|           2|           1|
    |icmp_ln35_fu_565_p2  |      icmp|   0|  0|   8|           2|           2|
    +---------------------+----------+----+---+----+------------+------------+
    |Total                |          |   0|  0|  17|           4|           3|
    +---------------------+----------+----+---+----+------------+------------+

    * Multiplexer: 
    +--------------------------------+----+-----------+-----+-----------+
    |              Name              | LUT| Input Size| Bits| Total Bits|
    +--------------------------------+----+-----------+-----+-----------+
    |ap_NS_fsm                       |  14|          3|    1|          3|
    |ap_done_int                     |   9|          2|    1|          2|
    |ap_sig_allocacmp_phi_ln35_load  |   9|          2|    2|          4|
    |pe_array_pe_a_pass_0_address0   |  14|          3|    2|          6|
    |pe_array_pe_a_pass_0_address1   |  14|          3|    2|          6|
    |pe_array_pe_a_pass_1_address0   |  14|          3|    2|          6|
    |pe_array_pe_a_pass_1_address1   |  14|          3|    2|          6|
    |pe_array_pe_a_pass_2_address0   |  14|          3|    2|          6|
    |pe_array_pe_a_pass_2_address1   |  14|          3|    2|          6|
    |pe_array_pe_a_pass_3_address0   |  14|          3|    2|          6|
    |pe_array_pe_a_pass_3_address1   |  14|          3|    2|          6|
    |pe_array_pe_b_pass_0_address0   |  14|          3|    2|          6|
    |pe_array_pe_b_pass_0_address1   |  14|          3|    2|          6|
    |pe_array_pe_b_pass_1_address0   |  14|          3|    2|          6|
    |pe_array_pe_b_pass_1_address1   |  14|          3|    2|          6|
    |pe_array_pe_b_pass_2_address0   |  14|          3|    2|          6|
    |pe_array_pe_b_pass_2_address1   |  14|          3|    2|          6|
    |pe_array_pe_val_0_address0      |  14|          3|    2|          6|
    |pe_array_pe_val_0_address1      |  14|          3|    2|          6|
    |pe_array_pe_val_1_address0      |  14|          3|    2|          6|
    |pe_array_pe_val_1_address1      |  14|          3|    2|          6|
    |pe_array_pe_val_2_address0      |  14|          3|    2|          6|
    |pe_array_pe_val_2_address1      |  14|          3|    2|          6|
    |pe_array_pe_val_3_address0      |  14|          3|    2|          6|
    |pe_array_pe_val_3_address1      |  14|          3|    2|          6|
    |phi_ln35_fu_52                  |   9|          2|    2|          4|
    +--------------------------------+----+-----------+-----+-----------+
    |Total                           | 349|         75|   50|        145|
    +--------------------------------+----+-----------+-----+-----------+

    * Register: 
    +-----------------------+---+----+-----+-----------+
    |          Name         | FF| LUT| Bits| Const Bits|
    +-----------------------+---+----+-----+-----------+
    |add_ln35_reg_696       |  2|   0|    2|          0|
    |ap_CS_fsm              |  2|   0|    2|          0|
    |ap_done_reg            |  1|   0|    1|          0|
    |phi_ln35_fu_52         |  2|   0|    2|          0|
    |phi_ln35_load_reg_581  |  2|   0|    2|          0|
    +-----------------------+---+----+-----+-----------+
    |Total                  |  9|   0|    9|          0|
    +-----------------------+---+----+-----+-----------+



================================================================
== Interface
================================================================
* Summary: 
+-------------------------------+-----+-----+------------+-------------------------+--------------+
|           RTL Ports           | Dir | Bits|  Protocol  |      Source Object      |    C Type    |
+-------------------------------+-----+-----+------------+-------------------------+--------------+
|ap_clk                         |   in|    1|  ap_ctrl_hs|  Loop_1_proc1_Pipeline_1|  return value|
|ap_rst                         |   in|    1|  ap_ctrl_hs|  Loop_1_proc1_Pipeline_1|  return value|
|ap_start                       |   in|    1|  ap_ctrl_hs|  Loop_1_proc1_Pipeline_1|  return value|
|ap_done                        |  out|    1|  ap_ctrl_hs|  Loop_1_proc1_Pipeline_1|  return value|
|ap_idle                        |  out|    1|  ap_ctrl_hs|  Loop_1_proc1_Pipeline_1|  return value|
|ap_ready                       |  out|    1|  ap_ctrl_hs|  Loop_1_proc1_Pipeline_1|  return value|
|pe_array_pe_val_3_address0     |  out|    2|   ap_memory|        pe_array_pe_val_3|         array|
|pe_array_pe_val_3_ce0          |  out|    1|   ap_memory|        pe_array_pe_val_3|         array|
|pe_array_pe_val_3_we0          |  out|    1|   ap_memory|        pe_array_pe_val_3|         array|
|pe_array_pe_val_3_d0           |  out|   32|   ap_memory|        pe_array_pe_val_3|         array|
|pe_array_pe_val_3_address1     |  out|    2|   ap_memory|        pe_array_pe_val_3|         array|
|pe_array_pe_val_3_ce1          |  out|    1|   ap_memory|        pe_array_pe_val_3|         array|
|pe_array_pe_val_3_we1          |  out|    1|   ap_memory|        pe_array_pe_val_3|         array|
|pe_array_pe_val_3_d1           |  out|   32|   ap_memory|        pe_array_pe_val_3|         array|
|pe_array_pe_val_2_address0     |  out|    2|   ap_memory|        pe_array_pe_val_2|         array|
|pe_array_pe_val_2_ce0          |  out|    1|   ap_memory|        pe_array_pe_val_2|         array|
|pe_array_pe_val_2_we0          |  out|    1|   ap_memory|        pe_array_pe_val_2|         array|
|pe_array_pe_val_2_d0           |  out|   32|   ap_memory|        pe_array_pe_val_2|         array|
|pe_array_pe_val_2_address1     |  out|    2|   ap_memory|        pe_array_pe_val_2|         array|
|pe_array_pe_val_2_ce1          |  out|    1|   ap_memory|        pe_array_pe_val_2|         array|
|pe_array_pe_val_2_we1          |  out|    1|   ap_memory|        pe_array_pe_val_2|         array|
|pe_array_pe_val_2_d1           |  out|   32|   ap_memory|        pe_array_pe_val_2|         array|
|pe_array_pe_val_1_address0     |  out|    2|   ap_memory|        pe_array_pe_val_1|         array|
|pe_array_pe_val_1_ce0          |  out|    1|   ap_memory|        pe_array_pe_val_1|         array|
|pe_array_pe_val_1_we0          |  out|    1|   ap_memory|        pe_array_pe_val_1|         array|
|pe_array_pe_val_1_d0           |  out|   32|   ap_memory|        pe_array_pe_val_1|         array|
|pe_array_pe_val_1_address1     |  out|    2|   ap_memory|        pe_array_pe_val_1|         array|
|pe_array_pe_val_1_ce1          |  out|    1|   ap_memory|        pe_array_pe_val_1|         array|
|pe_array_pe_val_1_we1          |  out|    1|   ap_memory|        pe_array_pe_val_1|         array|
|pe_array_pe_val_1_d1           |  out|   32|   ap_memory|        pe_array_pe_val_1|         array|
|pe_array_pe_b_pass_0_address0  |  out|    2|   ap_memory|     pe_array_pe_b_pass_0|         array|
|pe_array_pe_b_pass_0_ce0       |  out|    1|   ap_memory|     pe_array_pe_b_pass_0|         array|
|pe_array_pe_b_pass_0_we0       |  out|    1|   ap_memory|     pe_array_pe_b_pass_0|         array|
|pe_array_pe_b_pass_0_d0        |  out|   32|   ap_memory|     pe_array_pe_b_pass_0|         array|
|pe_array_pe_b_pass_0_address1  |  out|    2|   ap_memory|     pe_array_pe_b_pass_0|         array|
|pe_array_pe_b_pass_0_ce1       |  out|    1|   ap_memory|     pe_array_pe_b_pass_0|         array|
|pe_array_pe_b_pass_0_we1       |  out|    1|   ap_memory|     pe_array_pe_b_pass_0|         array|
|pe_array_pe_b_pass_0_d1        |  out|   32|   ap_memory|     pe_array_pe_b_pass_0|         array|
|pe_array_pe_b_pass_1_address0  |  out|    2|   ap_memory|     pe_array_pe_b_pass_1|         array|
|pe_array_pe_b_pass_1_ce0       |  out|    1|   ap_memory|     pe_array_pe_b_pass_1|         array|
|pe_array_pe_b_pass_1_we0       |  out|    1|   ap_memory|     pe_array_pe_b_pass_1|         array|
|pe_array_pe_b_pass_1_d0        |  out|   32|   ap_memory|     pe_array_pe_b_pass_1|         array|
|pe_array_pe_b_pass_1_address1  |  out|    2|   ap_memory|     pe_array_pe_b_pass_1|         array|
|pe_array_pe_b_pass_1_ce1       |  out|    1|   ap_memory|     pe_array_pe_b_pass_1|         array|
|pe_array_pe_b_pass_1_we1       |  out|    1|   ap_memory|     pe_array_pe_b_pass_1|         array|
|pe_array_pe_b_pass_1_d1        |  out|   32|   ap_memory|     pe_array_pe_b_pass_1|         array|
|pe_array_pe_b_pass_2_address0  |  out|    2|   ap_memory|     pe_array_pe_b_pass_2|         array|
|pe_array_pe_b_pass_2_ce0       |  out|    1|   ap_memory|     pe_array_pe_b_pass_2|         array|
|pe_array_pe_b_pass_2_we0       |  out|    1|   ap_memory|     pe_array_pe_b_pass_2|         array|
|pe_array_pe_b_pass_2_d0        |  out|   32|   ap_memory|     pe_array_pe_b_pass_2|         array|
|pe_array_pe_b_pass_2_address1  |  out|    2|   ap_memory|     pe_array_pe_b_pass_2|         array|
|pe_array_pe_b_pass_2_ce1       |  out|    1|   ap_memory|     pe_array_pe_b_pass_2|         array|
|pe_array_pe_b_pass_2_we1       |  out|    1|   ap_memory|     pe_array_pe_b_pass_2|         array|
|pe_array_pe_b_pass_2_d1        |  out|   32|   ap_memory|     pe_array_pe_b_pass_2|         array|
|pe_array_pe_a_pass_3_address0  |  out|    2|   ap_memory|     pe_array_pe_a_pass_3|         array|
|pe_array_pe_a_pass_3_ce0       |  out|    1|   ap_memory|     pe_array_pe_a_pass_3|         array|
|pe_array_pe_a_pass_3_we0       |  out|    1|   ap_memory|     pe_array_pe_a_pass_3|         array|
|pe_array_pe_a_pass_3_d0        |  out|   32|   ap_memory|     pe_array_pe_a_pass_3|         array|
|pe_array_pe_a_pass_3_address1  |  out|    2|   ap_memory|     pe_array_pe_a_pass_3|         array|
|pe_array_pe_a_pass_3_ce1       |  out|    1|   ap_memory|     pe_array_pe_a_pass_3|         array|
|pe_array_pe_a_pass_3_we1       |  out|    1|   ap_memory|     pe_array_pe_a_pass_3|         array|
|pe_array_pe_a_pass_3_d1        |  out|   32|   ap_memory|     pe_array_pe_a_pass_3|         array|
|pe_array_pe_a_pass_2_address0  |  out|    2|   ap_memory|     pe_array_pe_a_pass_2|         array|
|pe_array_pe_a_pass_2_ce0       |  out|    1|   ap_memory|     pe_array_pe_a_pass_2|         array|
|pe_array_pe_a_pass_2_we0       |  out|    1|   ap_memory|     pe_array_pe_a_pass_2|         array|
|pe_array_pe_a_pass_2_d0        |  out|   32|   ap_memory|     pe_array_pe_a_pass_2|         array|
|pe_array_pe_a_pass_2_address1  |  out|    2|   ap_memory|     pe_array_pe_a_pass_2|         array|
|pe_array_pe_a_pass_2_ce1       |  out|    1|   ap_memory|     pe_array_pe_a_pass_2|         array|
|pe_array_pe_a_pass_2_we1       |  out|    1|   ap_memory|     pe_array_pe_a_pass_2|         array|
|pe_array_pe_a_pass_2_d1        |  out|   32|   ap_memory|     pe_array_pe_a_pass_2|         array|
|pe_array_pe_a_pass_1_address0  |  out|    2|   ap_memory|     pe_array_pe_a_pass_1|         array|
|pe_array_pe_a_pass_1_ce0       |  out|    1|   ap_memory|     pe_array_pe_a_pass_1|         array|
|pe_array_pe_a_pass_1_we0       |  out|    1|   ap_memory|     pe_array_pe_a_pass_1|         array|
|pe_array_pe_a_pass_1_d0        |  out|   32|   ap_memory|     pe_array_pe_a_pass_1|         array|
|pe_array_pe_a_pass_1_address1  |  out|    2|   ap_memory|     pe_array_pe_a_pass_1|         array|
|pe_array_pe_a_pass_1_ce1       |  out|    1|   ap_memory|     pe_array_pe_a_pass_1|         array|
|pe_array_pe_a_pass_1_we1       |  out|    1|   ap_memory|     pe_array_pe_a_pass_1|         array|
|pe_array_pe_a_pass_1_d1        |  out|   32|   ap_memory|     pe_array_pe_a_pass_1|         array|
|pe_array_pe_a_pass_0_address0  |  out|    2|   ap_memory|     pe_array_pe_a_pass_0|         array|
|pe_array_pe_a_pass_0_ce0       |  out|    1|   ap_memory|     pe_array_pe_a_pass_0|         array|
|pe_array_pe_a_pass_0_we0       |  out|    1|   ap_memory|     pe_array_pe_a_pass_0|         array|
|pe_array_pe_a_pass_0_d0        |  out|   32|   ap_memory|     pe_array_pe_a_pass_0|         array|
|pe_array_pe_a_pass_0_address1  |  out|    2|   ap_memory|     pe_array_pe_a_pass_0|         array|
|pe_array_pe_a_pass_0_ce1       |  out|    1|   ap_memory|     pe_array_pe_a_pass_0|         array|
|pe_array_pe_a_pass_0_we1       |  out|    1|   ap_memory|     pe_array_pe_a_pass_0|         array|
|pe_array_pe_a_pass_0_d1        |  out|   32|   ap_memory|     pe_array_pe_a_pass_0|         array|
|pe_array_pe_val_0_address0     |  out|    2|   ap_memory|        pe_array_pe_val_0|         array|
|pe_array_pe_val_0_ce0          |  out|    1|   ap_memory|        pe_array_pe_val_0|         array|
|pe_array_pe_val_0_we0          |  out|    1|   ap_memory|        pe_array_pe_val_0|         array|
|pe_array_pe_val_0_d0           |  out|   32|   ap_memory|        pe_array_pe_val_0|         array|
|pe_array_pe_val_0_address1     |  out|    2|   ap_memory|        pe_array_pe_val_0|         array|
|pe_array_pe_val_0_ce1          |  out|    1|   ap_memory|        pe_array_pe_val_0|         array|
|pe_array_pe_val_0_we1          |  out|    1|   ap_memory|        pe_array_pe_val_0|         array|
|pe_array_pe_val_0_d1           |  out|   32|   ap_memory|        pe_array_pe_val_0|         array|
+-------------------------------+-----+-----+------------+-------------------------+--------------+

